[2023-07-09T16:00:36.499+0000] {processor.py:157} INFO - Started process (PID=60) to work on /home/airflow/.local/lib/python3.7/site-packages/airflow/example_dags/example_nested_branch_dag.py
[2023-07-09T16:00:36.500+0000] {processor.py:826} INFO - Processing file /home/airflow/.local/lib/python3.7/site-packages/airflow/example_dags/example_nested_branch_dag.py for tasks to queue
[2023-07-09T16:00:36.502+0000] {logging_mixin.py:149} INFO - [2023-07-09T16:00:36.502+0000] {dagbag.py:541} INFO - Filling up the DagBag from /home/airflow/.local/lib/python3.7/site-packages/airflow/example_dags/example_nested_branch_dag.py
[2023-07-09T16:00:36.527+0000] {processor.py:836} INFO - DAG(s) dict_keys(['example_nested_branch_dag']) retrieved from /home/airflow/.local/lib/python3.7/site-packages/airflow/example_dags/example_nested_branch_dag.py
[2023-07-09T16:00:36.585+0000] {logging_mixin.py:149} INFO - [2023-07-09T16:00:36.584+0000] {dag.py:2726} INFO - Sync 1 DAGs
[2023-07-09T16:00:36.698+0000] {logging_mixin.py:149} INFO - [2023-07-09T16:00:36.697+0000] {dag.py:3490} INFO - Setting next_dagrun for example_nested_branch_dag to 2023-07-08T00:00:00+00:00, run_after=2023-07-09T00:00:00+00:00
[2023-07-09T16:00:36.724+0000] {processor.py:179} INFO - Processing /home/airflow/.local/lib/python3.7/site-packages/airflow/example_dags/example_nested_branch_dag.py took 0.231 seconds
[2023-07-09T16:01:06.784+0000] {processor.py:157} INFO - Started process (PID=121) to work on /home/airflow/.local/lib/python3.7/site-packages/airflow/example_dags/example_nested_branch_dag.py
[2023-07-09T16:01:06.786+0000] {processor.py:826} INFO - Processing file /home/airflow/.local/lib/python3.7/site-packages/airflow/example_dags/example_nested_branch_dag.py for tasks to queue
[2023-07-09T16:01:06.787+0000] {logging_mixin.py:149} INFO - [2023-07-09T16:01:06.787+0000] {dagbag.py:541} INFO - Filling up the DagBag from /home/airflow/.local/lib/python3.7/site-packages/airflow/example_dags/example_nested_branch_dag.py
[2023-07-09T16:01:06.797+0000] {processor.py:836} INFO - DAG(s) dict_keys(['example_nested_branch_dag']) retrieved from /home/airflow/.local/lib/python3.7/site-packages/airflow/example_dags/example_nested_branch_dag.py
[2023-07-09T16:01:06.819+0000] {logging_mixin.py:149} INFO - [2023-07-09T16:01:06.819+0000] {dag.py:2726} INFO - Sync 1 DAGs
[2023-07-09T16:01:06.837+0000] {logging_mixin.py:149} INFO - [2023-07-09T16:01:06.837+0000] {dag.py:3490} INFO - Setting next_dagrun for example_nested_branch_dag to 2023-07-08T00:00:00+00:00, run_after=2023-07-09T00:00:00+00:00
[2023-07-09T16:01:06.847+0000] {processor.py:179} INFO - Processing /home/airflow/.local/lib/python3.7/site-packages/airflow/example_dags/example_nested_branch_dag.py took 0.067 seconds
[2023-07-09T16:01:37.938+0000] {processor.py:157} INFO - Started process (PID=182) to work on /home/airflow/.local/lib/python3.7/site-packages/airflow/example_dags/example_nested_branch_dag.py
[2023-07-09T16:01:37.939+0000] {processor.py:826} INFO - Processing file /home/airflow/.local/lib/python3.7/site-packages/airflow/example_dags/example_nested_branch_dag.py for tasks to queue
[2023-07-09T16:01:37.940+0000] {logging_mixin.py:149} INFO - [2023-07-09T16:01:37.940+0000] {dagbag.py:541} INFO - Filling up the DagBag from /home/airflow/.local/lib/python3.7/site-packages/airflow/example_dags/example_nested_branch_dag.py
[2023-07-09T16:01:37.947+0000] {processor.py:836} INFO - DAG(s) dict_keys(['example_nested_branch_dag']) retrieved from /home/airflow/.local/lib/python3.7/site-packages/airflow/example_dags/example_nested_branch_dag.py
[2023-07-09T16:01:37.967+0000] {logging_mixin.py:149} INFO - [2023-07-09T16:01:37.966+0000] {dag.py:2726} INFO - Sync 1 DAGs
[2023-07-09T16:01:37.984+0000] {logging_mixin.py:149} INFO - [2023-07-09T16:01:37.984+0000] {dag.py:3490} INFO - Setting next_dagrun for example_nested_branch_dag to 2023-07-08T00:00:00+00:00, run_after=2023-07-09T00:00:00+00:00
[2023-07-09T16:01:37.995+0000] {processor.py:179} INFO - Processing /home/airflow/.local/lib/python3.7/site-packages/airflow/example_dags/example_nested_branch_dag.py took 0.060 seconds
[2023-07-09T16:02:09.123+0000] {processor.py:157} INFO - Started process (PID=243) to work on /home/airflow/.local/lib/python3.7/site-packages/airflow/example_dags/example_nested_branch_dag.py
[2023-07-09T16:02:09.124+0000] {processor.py:826} INFO - Processing file /home/airflow/.local/lib/python3.7/site-packages/airflow/example_dags/example_nested_branch_dag.py for tasks to queue
[2023-07-09T16:02:09.125+0000] {logging_mixin.py:149} INFO - [2023-07-09T16:02:09.125+0000] {dagbag.py:541} INFO - Filling up the DagBag from /home/airflow/.local/lib/python3.7/site-packages/airflow/example_dags/example_nested_branch_dag.py
[2023-07-09T16:02:09.132+0000] {processor.py:836} INFO - DAG(s) dict_keys(['example_nested_branch_dag']) retrieved from /home/airflow/.local/lib/python3.7/site-packages/airflow/example_dags/example_nested_branch_dag.py
[2023-07-09T16:02:09.153+0000] {logging_mixin.py:149} INFO - [2023-07-09T16:02:09.153+0000] {dag.py:2726} INFO - Sync 1 DAGs
[2023-07-09T16:02:09.170+0000] {logging_mixin.py:149} INFO - [2023-07-09T16:02:09.170+0000] {dag.py:3490} INFO - Setting next_dagrun for example_nested_branch_dag to 2023-07-08T00:00:00+00:00, run_after=2023-07-09T00:00:00+00:00
[2023-07-09T16:02:09.181+0000] {processor.py:179} INFO - Processing /home/airflow/.local/lib/python3.7/site-packages/airflow/example_dags/example_nested_branch_dag.py took 0.061 seconds
[2023-07-09T16:02:39.659+0000] {processor.py:157} INFO - Started process (PID=304) to work on /home/airflow/.local/lib/python3.7/site-packages/airflow/example_dags/example_nested_branch_dag.py
[2023-07-09T16:02:39.660+0000] {processor.py:826} INFO - Processing file /home/airflow/.local/lib/python3.7/site-packages/airflow/example_dags/example_nested_branch_dag.py for tasks to queue
[2023-07-09T16:02:39.661+0000] {logging_mixin.py:149} INFO - [2023-07-09T16:02:39.661+0000] {dagbag.py:541} INFO - Filling up the DagBag from /home/airflow/.local/lib/python3.7/site-packages/airflow/example_dags/example_nested_branch_dag.py
[2023-07-09T16:02:39.668+0000] {processor.py:836} INFO - DAG(s) dict_keys(['example_nested_branch_dag']) retrieved from /home/airflow/.local/lib/python3.7/site-packages/airflow/example_dags/example_nested_branch_dag.py
[2023-07-09T16:02:39.687+0000] {logging_mixin.py:149} INFO - [2023-07-09T16:02:39.687+0000] {dag.py:2726} INFO - Sync 1 DAGs
[2023-07-09T16:02:39.703+0000] {logging_mixin.py:149} INFO - [2023-07-09T16:02:39.703+0000] {dag.py:3490} INFO - Setting next_dagrun for example_nested_branch_dag to 2023-07-08T00:00:00+00:00, run_after=2023-07-09T00:00:00+00:00
[2023-07-09T16:02:39.714+0000] {processor.py:179} INFO - Processing /home/airflow/.local/lib/python3.7/site-packages/airflow/example_dags/example_nested_branch_dag.py took 0.057 seconds
[2023-07-09T16:03:10.166+0000] {processor.py:157} INFO - Started process (PID=365) to work on /home/airflow/.local/lib/python3.7/site-packages/airflow/example_dags/example_nested_branch_dag.py
[2023-07-09T16:03:10.168+0000] {processor.py:826} INFO - Processing file /home/airflow/.local/lib/python3.7/site-packages/airflow/example_dags/example_nested_branch_dag.py for tasks to queue
[2023-07-09T16:03:10.168+0000] {logging_mixin.py:149} INFO - [2023-07-09T16:03:10.168+0000] {dagbag.py:541} INFO - Filling up the DagBag from /home/airflow/.local/lib/python3.7/site-packages/airflow/example_dags/example_nested_branch_dag.py
[2023-07-09T16:03:10.175+0000] {processor.py:836} INFO - DAG(s) dict_keys(['example_nested_branch_dag']) retrieved from /home/airflow/.local/lib/python3.7/site-packages/airflow/example_dags/example_nested_branch_dag.py
[2023-07-09T16:03:10.199+0000] {logging_mixin.py:149} INFO - [2023-07-09T16:03:10.198+0000] {dag.py:2726} INFO - Sync 1 DAGs
[2023-07-09T16:03:10.217+0000] {logging_mixin.py:149} INFO - [2023-07-09T16:03:10.216+0000] {dag.py:3490} INFO - Setting next_dagrun for example_nested_branch_dag to 2023-07-08T00:00:00+00:00, run_after=2023-07-09T00:00:00+00:00
[2023-07-09T16:03:10.228+0000] {processor.py:179} INFO - Processing /home/airflow/.local/lib/python3.7/site-packages/airflow/example_dags/example_nested_branch_dag.py took 0.065 seconds
[2023-07-09T16:03:40.693+0000] {processor.py:157} INFO - Started process (PID=426) to work on /home/airflow/.local/lib/python3.7/site-packages/airflow/example_dags/example_nested_branch_dag.py
[2023-07-09T16:03:40.694+0000] {processor.py:826} INFO - Processing file /home/airflow/.local/lib/python3.7/site-packages/airflow/example_dags/example_nested_branch_dag.py for tasks to queue
[2023-07-09T16:03:40.695+0000] {logging_mixin.py:149} INFO - [2023-07-09T16:03:40.695+0000] {dagbag.py:541} INFO - Filling up the DagBag from /home/airflow/.local/lib/python3.7/site-packages/airflow/example_dags/example_nested_branch_dag.py
[2023-07-09T16:03:40.702+0000] {processor.py:836} INFO - DAG(s) dict_keys(['example_nested_branch_dag']) retrieved from /home/airflow/.local/lib/python3.7/site-packages/airflow/example_dags/example_nested_branch_dag.py
[2023-07-09T16:03:40.725+0000] {logging_mixin.py:149} INFO - [2023-07-09T16:03:40.724+0000] {dag.py:2726} INFO - Sync 1 DAGs
[2023-07-09T16:03:40.745+0000] {logging_mixin.py:149} INFO - [2023-07-09T16:03:40.745+0000] {dag.py:3490} INFO - Setting next_dagrun for example_nested_branch_dag to 2023-07-08T00:00:00+00:00, run_after=2023-07-09T00:00:00+00:00
[2023-07-09T16:03:40.759+0000] {processor.py:179} INFO - Processing /home/airflow/.local/lib/python3.7/site-packages/airflow/example_dags/example_nested_branch_dag.py took 0.069 seconds
[2023-07-09T16:04:11.494+0000] {processor.py:157} INFO - Started process (PID=487) to work on /home/airflow/.local/lib/python3.7/site-packages/airflow/example_dags/example_nested_branch_dag.py
[2023-07-09T16:04:11.495+0000] {processor.py:826} INFO - Processing file /home/airflow/.local/lib/python3.7/site-packages/airflow/example_dags/example_nested_branch_dag.py for tasks to queue
[2023-07-09T16:04:11.496+0000] {logging_mixin.py:149} INFO - [2023-07-09T16:04:11.496+0000] {dagbag.py:541} INFO - Filling up the DagBag from /home/airflow/.local/lib/python3.7/site-packages/airflow/example_dags/example_nested_branch_dag.py
[2023-07-09T16:04:11.504+0000] {processor.py:836} INFO - DAG(s) dict_keys(['example_nested_branch_dag']) retrieved from /home/airflow/.local/lib/python3.7/site-packages/airflow/example_dags/example_nested_branch_dag.py
[2023-07-09T16:04:11.526+0000] {logging_mixin.py:149} INFO - [2023-07-09T16:04:11.525+0000] {dag.py:2726} INFO - Sync 1 DAGs
[2023-07-09T16:04:11.542+0000] {logging_mixin.py:149} INFO - [2023-07-09T16:04:11.542+0000] {dag.py:3490} INFO - Setting next_dagrun for example_nested_branch_dag to 2023-07-08T00:00:00+00:00, run_after=2023-07-09T00:00:00+00:00
[2023-07-09T16:04:11.553+0000] {processor.py:179} INFO - Processing /home/airflow/.local/lib/python3.7/site-packages/airflow/example_dags/example_nested_branch_dag.py took 0.062 seconds
[2023-07-09T16:04:42.158+0000] {processor.py:157} INFO - Started process (PID=548) to work on /home/airflow/.local/lib/python3.7/site-packages/airflow/example_dags/example_nested_branch_dag.py
[2023-07-09T16:04:42.159+0000] {processor.py:826} INFO - Processing file /home/airflow/.local/lib/python3.7/site-packages/airflow/example_dags/example_nested_branch_dag.py for tasks to queue
[2023-07-09T16:04:42.160+0000] {logging_mixin.py:149} INFO - [2023-07-09T16:04:42.160+0000] {dagbag.py:541} INFO - Filling up the DagBag from /home/airflow/.local/lib/python3.7/site-packages/airflow/example_dags/example_nested_branch_dag.py
[2023-07-09T16:04:42.167+0000] {processor.py:836} INFO - DAG(s) dict_keys(['example_nested_branch_dag']) retrieved from /home/airflow/.local/lib/python3.7/site-packages/airflow/example_dags/example_nested_branch_dag.py
[2023-07-09T16:04:42.188+0000] {logging_mixin.py:149} INFO - [2023-07-09T16:04:42.188+0000] {dag.py:2726} INFO - Sync 1 DAGs
[2023-07-09T16:04:42.205+0000] {logging_mixin.py:149} INFO - [2023-07-09T16:04:42.205+0000] {dag.py:3490} INFO - Setting next_dagrun for example_nested_branch_dag to 2023-07-08T00:00:00+00:00, run_after=2023-07-09T00:00:00+00:00
[2023-07-09T16:04:42.217+0000] {processor.py:179} INFO - Processing /home/airflow/.local/lib/python3.7/site-packages/airflow/example_dags/example_nested_branch_dag.py took 0.061 seconds
[2023-07-09T16:05:12.594+0000] {processor.py:157} INFO - Started process (PID=609) to work on /home/airflow/.local/lib/python3.7/site-packages/airflow/example_dags/example_nested_branch_dag.py
[2023-07-09T16:05:12.595+0000] {processor.py:826} INFO - Processing file /home/airflow/.local/lib/python3.7/site-packages/airflow/example_dags/example_nested_branch_dag.py for tasks to queue
[2023-07-09T16:05:12.596+0000] {logging_mixin.py:149} INFO - [2023-07-09T16:05:12.596+0000] {dagbag.py:541} INFO - Filling up the DagBag from /home/airflow/.local/lib/python3.7/site-packages/airflow/example_dags/example_nested_branch_dag.py
[2023-07-09T16:05:12.603+0000] {processor.py:836} INFO - DAG(s) dict_keys(['example_nested_branch_dag']) retrieved from /home/airflow/.local/lib/python3.7/site-packages/airflow/example_dags/example_nested_branch_dag.py
[2023-07-09T16:05:12.625+0000] {logging_mixin.py:149} INFO - [2023-07-09T16:05:12.625+0000] {dag.py:2726} INFO - Sync 1 DAGs
[2023-07-09T16:05:12.642+0000] {logging_mixin.py:149} INFO - [2023-07-09T16:05:12.642+0000] {dag.py:3490} INFO - Setting next_dagrun for example_nested_branch_dag to 2023-07-08T00:00:00+00:00, run_after=2023-07-09T00:00:00+00:00
[2023-07-09T16:05:12.653+0000] {processor.py:179} INFO - Processing /home/airflow/.local/lib/python3.7/site-packages/airflow/example_dags/example_nested_branch_dag.py took 0.062 seconds
[2023-07-09T16:05:43.155+0000] {processor.py:157} INFO - Started process (PID=670) to work on /home/airflow/.local/lib/python3.7/site-packages/airflow/example_dags/example_nested_branch_dag.py
[2023-07-09T16:05:43.157+0000] {processor.py:826} INFO - Processing file /home/airflow/.local/lib/python3.7/site-packages/airflow/example_dags/example_nested_branch_dag.py for tasks to queue
[2023-07-09T16:05:43.158+0000] {logging_mixin.py:149} INFO - [2023-07-09T16:05:43.157+0000] {dagbag.py:541} INFO - Filling up the DagBag from /home/airflow/.local/lib/python3.7/site-packages/airflow/example_dags/example_nested_branch_dag.py
[2023-07-09T16:05:43.165+0000] {processor.py:836} INFO - DAG(s) dict_keys(['example_nested_branch_dag']) retrieved from /home/airflow/.local/lib/python3.7/site-packages/airflow/example_dags/example_nested_branch_dag.py
[2023-07-09T16:05:43.185+0000] {logging_mixin.py:149} INFO - [2023-07-09T16:05:43.185+0000] {dag.py:2726} INFO - Sync 1 DAGs
[2023-07-09T16:05:43.203+0000] {logging_mixin.py:149} INFO - [2023-07-09T16:05:43.203+0000] {dag.py:3490} INFO - Setting next_dagrun for example_nested_branch_dag to 2023-07-08T00:00:00+00:00, run_after=2023-07-09T00:00:00+00:00
[2023-07-09T16:05:43.214+0000] {processor.py:179} INFO - Processing /home/airflow/.local/lib/python3.7/site-packages/airflow/example_dags/example_nested_branch_dag.py took 0.061 seconds
[2023-07-09T16:06:13.757+0000] {processor.py:157} INFO - Started process (PID=731) to work on /home/airflow/.local/lib/python3.7/site-packages/airflow/example_dags/example_nested_branch_dag.py
[2023-07-09T16:06:13.758+0000] {processor.py:826} INFO - Processing file /home/airflow/.local/lib/python3.7/site-packages/airflow/example_dags/example_nested_branch_dag.py for tasks to queue
[2023-07-09T16:06:13.759+0000] {logging_mixin.py:149} INFO - [2023-07-09T16:06:13.758+0000] {dagbag.py:541} INFO - Filling up the DagBag from /home/airflow/.local/lib/python3.7/site-packages/airflow/example_dags/example_nested_branch_dag.py
[2023-07-09T16:06:13.766+0000] {processor.py:836} INFO - DAG(s) dict_keys(['example_nested_branch_dag']) retrieved from /home/airflow/.local/lib/python3.7/site-packages/airflow/example_dags/example_nested_branch_dag.py
[2023-07-09T16:06:13.787+0000] {logging_mixin.py:149} INFO - [2023-07-09T16:06:13.786+0000] {dag.py:2726} INFO - Sync 1 DAGs
[2023-07-09T16:06:13.803+0000] {logging_mixin.py:149} INFO - [2023-07-09T16:06:13.803+0000] {dag.py:3490} INFO - Setting next_dagrun for example_nested_branch_dag to 2023-07-08T00:00:00+00:00, run_after=2023-07-09T00:00:00+00:00
[2023-07-09T16:06:13.816+0000] {processor.py:179} INFO - Processing /home/airflow/.local/lib/python3.7/site-packages/airflow/example_dags/example_nested_branch_dag.py took 0.062 seconds
[2023-07-09T16:06:44.036+0000] {processor.py:157} INFO - Started process (PID=792) to work on /home/airflow/.local/lib/python3.7/site-packages/airflow/example_dags/example_nested_branch_dag.py
[2023-07-09T16:06:44.038+0000] {processor.py:826} INFO - Processing file /home/airflow/.local/lib/python3.7/site-packages/airflow/example_dags/example_nested_branch_dag.py for tasks to queue
[2023-07-09T16:06:44.039+0000] {logging_mixin.py:149} INFO - [2023-07-09T16:06:44.039+0000] {dagbag.py:541} INFO - Filling up the DagBag from /home/airflow/.local/lib/python3.7/site-packages/airflow/example_dags/example_nested_branch_dag.py
[2023-07-09T16:06:44.049+0000] {processor.py:836} INFO - DAG(s) dict_keys(['example_nested_branch_dag']) retrieved from /home/airflow/.local/lib/python3.7/site-packages/airflow/example_dags/example_nested_branch_dag.py
[2023-07-09T16:06:44.072+0000] {logging_mixin.py:149} INFO - [2023-07-09T16:06:44.072+0000] {dag.py:2726} INFO - Sync 1 DAGs
[2023-07-09T16:06:44.090+0000] {logging_mixin.py:149} INFO - [2023-07-09T16:06:44.090+0000] {dag.py:3490} INFO - Setting next_dagrun for example_nested_branch_dag to 2023-07-08T00:00:00+00:00, run_after=2023-07-09T00:00:00+00:00
[2023-07-09T16:06:44.102+0000] {processor.py:179} INFO - Processing /home/airflow/.local/lib/python3.7/site-packages/airflow/example_dags/example_nested_branch_dag.py took 0.069 seconds
[2023-07-09T16:07:14.424+0000] {processor.py:157} INFO - Started process (PID=853) to work on /home/airflow/.local/lib/python3.7/site-packages/airflow/example_dags/example_nested_branch_dag.py
[2023-07-09T16:07:14.426+0000] {processor.py:826} INFO - Processing file /home/airflow/.local/lib/python3.7/site-packages/airflow/example_dags/example_nested_branch_dag.py for tasks to queue
[2023-07-09T16:07:14.426+0000] {logging_mixin.py:149} INFO - [2023-07-09T16:07:14.426+0000] {dagbag.py:541} INFO - Filling up the DagBag from /home/airflow/.local/lib/python3.7/site-packages/airflow/example_dags/example_nested_branch_dag.py
[2023-07-09T16:07:14.433+0000] {processor.py:836} INFO - DAG(s) dict_keys(['example_nested_branch_dag']) retrieved from /home/airflow/.local/lib/python3.7/site-packages/airflow/example_dags/example_nested_branch_dag.py
[2023-07-09T16:07:14.455+0000] {logging_mixin.py:149} INFO - [2023-07-09T16:07:14.455+0000] {dag.py:2726} INFO - Sync 1 DAGs
[2023-07-09T16:07:14.472+0000] {logging_mixin.py:149} INFO - [2023-07-09T16:07:14.472+0000] {dag.py:3490} INFO - Setting next_dagrun for example_nested_branch_dag to 2023-07-08T00:00:00+00:00, run_after=2023-07-09T00:00:00+00:00
[2023-07-09T16:07:14.483+0000] {processor.py:179} INFO - Processing /home/airflow/.local/lib/python3.7/site-packages/airflow/example_dags/example_nested_branch_dag.py took 0.062 seconds
[2023-07-09T16:07:44.915+0000] {processor.py:157} INFO - Started process (PID=914) to work on /home/airflow/.local/lib/python3.7/site-packages/airflow/example_dags/example_nested_branch_dag.py
[2023-07-09T16:07:44.917+0000] {processor.py:826} INFO - Processing file /home/airflow/.local/lib/python3.7/site-packages/airflow/example_dags/example_nested_branch_dag.py for tasks to queue
[2023-07-09T16:07:44.917+0000] {logging_mixin.py:149} INFO - [2023-07-09T16:07:44.917+0000] {dagbag.py:541} INFO - Filling up the DagBag from /home/airflow/.local/lib/python3.7/site-packages/airflow/example_dags/example_nested_branch_dag.py
[2023-07-09T16:07:44.925+0000] {processor.py:836} INFO - DAG(s) dict_keys(['example_nested_branch_dag']) retrieved from /home/airflow/.local/lib/python3.7/site-packages/airflow/example_dags/example_nested_branch_dag.py
[2023-07-09T16:07:44.946+0000] {logging_mixin.py:149} INFO - [2023-07-09T16:07:44.946+0000] {dag.py:2726} INFO - Sync 1 DAGs
[2023-07-09T16:07:44.964+0000] {logging_mixin.py:149} INFO - [2023-07-09T16:07:44.964+0000] {dag.py:3490} INFO - Setting next_dagrun for example_nested_branch_dag to 2023-07-08T00:00:00+00:00, run_after=2023-07-09T00:00:00+00:00
[2023-07-09T16:07:44.976+0000] {processor.py:179} INFO - Processing /home/airflow/.local/lib/python3.7/site-packages/airflow/example_dags/example_nested_branch_dag.py took 0.063 seconds
[2023-07-09T16:08:15.220+0000] {processor.py:157} INFO - Started process (PID=975) to work on /home/airflow/.local/lib/python3.7/site-packages/airflow/example_dags/example_nested_branch_dag.py
[2023-07-09T16:08:15.224+0000] {processor.py:826} INFO - Processing file /home/airflow/.local/lib/python3.7/site-packages/airflow/example_dags/example_nested_branch_dag.py for tasks to queue
[2023-07-09T16:08:15.225+0000] {logging_mixin.py:149} INFO - [2023-07-09T16:08:15.225+0000] {dagbag.py:541} INFO - Filling up the DagBag from /home/airflow/.local/lib/python3.7/site-packages/airflow/example_dags/example_nested_branch_dag.py
[2023-07-09T16:08:15.234+0000] {processor.py:836} INFO - DAG(s) dict_keys(['example_nested_branch_dag']) retrieved from /home/airflow/.local/lib/python3.7/site-packages/airflow/example_dags/example_nested_branch_dag.py
[2023-07-09T16:08:15.257+0000] {logging_mixin.py:149} INFO - [2023-07-09T16:08:15.257+0000] {dag.py:2726} INFO - Sync 1 DAGs
[2023-07-09T16:08:15.276+0000] {logging_mixin.py:149} INFO - [2023-07-09T16:08:15.276+0000] {dag.py:3490} INFO - Setting next_dagrun for example_nested_branch_dag to 2023-07-08T00:00:00+00:00, run_after=2023-07-09T00:00:00+00:00
[2023-07-09T16:08:15.288+0000] {processor.py:179} INFO - Processing /home/airflow/.local/lib/python3.7/site-packages/airflow/example_dags/example_nested_branch_dag.py took 0.072 seconds
[2023-07-09T16:08:46.105+0000] {processor.py:157} INFO - Started process (PID=1036) to work on /home/airflow/.local/lib/python3.7/site-packages/airflow/example_dags/example_nested_branch_dag.py
[2023-07-09T16:08:46.107+0000] {processor.py:826} INFO - Processing file /home/airflow/.local/lib/python3.7/site-packages/airflow/example_dags/example_nested_branch_dag.py for tasks to queue
[2023-07-09T16:08:46.108+0000] {logging_mixin.py:149} INFO - [2023-07-09T16:08:46.107+0000] {dagbag.py:541} INFO - Filling up the DagBag from /home/airflow/.local/lib/python3.7/site-packages/airflow/example_dags/example_nested_branch_dag.py
[2023-07-09T16:08:46.116+0000] {processor.py:836} INFO - DAG(s) dict_keys(['example_nested_branch_dag']) retrieved from /home/airflow/.local/lib/python3.7/site-packages/airflow/example_dags/example_nested_branch_dag.py
[2023-07-09T16:08:46.138+0000] {logging_mixin.py:149} INFO - [2023-07-09T16:08:46.138+0000] {dag.py:2726} INFO - Sync 1 DAGs
[2023-07-09T16:08:46.157+0000] {logging_mixin.py:149} INFO - [2023-07-09T16:08:46.157+0000] {dag.py:3490} INFO - Setting next_dagrun for example_nested_branch_dag to 2023-07-08T00:00:00+00:00, run_after=2023-07-09T00:00:00+00:00
[2023-07-09T16:08:46.170+0000] {processor.py:179} INFO - Processing /home/airflow/.local/lib/python3.7/site-packages/airflow/example_dags/example_nested_branch_dag.py took 0.068 seconds
[2023-07-09T16:09:16.576+0000] {processor.py:157} INFO - Started process (PID=1097) to work on /home/airflow/.local/lib/python3.7/site-packages/airflow/example_dags/example_nested_branch_dag.py
[2023-07-09T16:09:16.577+0000] {processor.py:826} INFO - Processing file /home/airflow/.local/lib/python3.7/site-packages/airflow/example_dags/example_nested_branch_dag.py for tasks to queue
[2023-07-09T16:09:16.578+0000] {logging_mixin.py:149} INFO - [2023-07-09T16:09:16.578+0000] {dagbag.py:541} INFO - Filling up the DagBag from /home/airflow/.local/lib/python3.7/site-packages/airflow/example_dags/example_nested_branch_dag.py
[2023-07-09T16:09:16.585+0000] {processor.py:836} INFO - DAG(s) dict_keys(['example_nested_branch_dag']) retrieved from /home/airflow/.local/lib/python3.7/site-packages/airflow/example_dags/example_nested_branch_dag.py
[2023-07-09T16:09:16.606+0000] {logging_mixin.py:149} INFO - [2023-07-09T16:09:16.605+0000] {dag.py:2726} INFO - Sync 1 DAGs
[2023-07-09T16:09:16.623+0000] {logging_mixin.py:149} INFO - [2023-07-09T16:09:16.623+0000] {dag.py:3490} INFO - Setting next_dagrun for example_nested_branch_dag to 2023-07-08T00:00:00+00:00, run_after=2023-07-09T00:00:00+00:00
[2023-07-09T16:09:16.636+0000] {processor.py:179} INFO - Processing /home/airflow/.local/lib/python3.7/site-packages/airflow/example_dags/example_nested_branch_dag.py took 0.063 seconds
[2023-07-09T16:09:46.788+0000] {processor.py:157} INFO - Started process (PID=1157) to work on /home/airflow/.local/lib/python3.7/site-packages/airflow/example_dags/example_nested_branch_dag.py
[2023-07-09T16:09:46.789+0000] {processor.py:826} INFO - Processing file /home/airflow/.local/lib/python3.7/site-packages/airflow/example_dags/example_nested_branch_dag.py for tasks to queue
[2023-07-09T16:09:46.790+0000] {logging_mixin.py:149} INFO - [2023-07-09T16:09:46.790+0000] {dagbag.py:541} INFO - Filling up the DagBag from /home/airflow/.local/lib/python3.7/site-packages/airflow/example_dags/example_nested_branch_dag.py
[2023-07-09T16:09:46.797+0000] {processor.py:836} INFO - DAG(s) dict_keys(['example_nested_branch_dag']) retrieved from /home/airflow/.local/lib/python3.7/site-packages/airflow/example_dags/example_nested_branch_dag.py
[2023-07-09T16:09:46.817+0000] {logging_mixin.py:149} INFO - [2023-07-09T16:09:46.817+0000] {dag.py:2726} INFO - Sync 1 DAGs
[2023-07-09T16:09:46.834+0000] {logging_mixin.py:149} INFO - [2023-07-09T16:09:46.834+0000] {dag.py:3490} INFO - Setting next_dagrun for example_nested_branch_dag to 2023-07-08T00:00:00+00:00, run_after=2023-07-09T00:00:00+00:00
[2023-07-09T16:09:46.846+0000] {processor.py:179} INFO - Processing /home/airflow/.local/lib/python3.7/site-packages/airflow/example_dags/example_nested_branch_dag.py took 0.061 seconds
[2023-07-09T16:10:17.153+0000] {processor.py:157} INFO - Started process (PID=1218) to work on /home/airflow/.local/lib/python3.7/site-packages/airflow/example_dags/example_nested_branch_dag.py
[2023-07-09T16:10:17.154+0000] {processor.py:826} INFO - Processing file /home/airflow/.local/lib/python3.7/site-packages/airflow/example_dags/example_nested_branch_dag.py for tasks to queue
[2023-07-09T16:10:17.156+0000] {logging_mixin.py:149} INFO - [2023-07-09T16:10:17.155+0000] {dagbag.py:541} INFO - Filling up the DagBag from /home/airflow/.local/lib/python3.7/site-packages/airflow/example_dags/example_nested_branch_dag.py
[2023-07-09T16:10:17.164+0000] {processor.py:836} INFO - DAG(s) dict_keys(['example_nested_branch_dag']) retrieved from /home/airflow/.local/lib/python3.7/site-packages/airflow/example_dags/example_nested_branch_dag.py
[2023-07-09T16:10:17.189+0000] {logging_mixin.py:149} INFO - [2023-07-09T16:10:17.189+0000] {dag.py:2726} INFO - Sync 1 DAGs
[2023-07-09T16:10:17.209+0000] {logging_mixin.py:149} INFO - [2023-07-09T16:10:17.209+0000] {dag.py:3490} INFO - Setting next_dagrun for example_nested_branch_dag to 2023-07-08T00:00:00+00:00, run_after=2023-07-09T00:00:00+00:00
[2023-07-09T16:10:17.223+0000] {processor.py:179} INFO - Processing /home/airflow/.local/lib/python3.7/site-packages/airflow/example_dags/example_nested_branch_dag.py took 0.073 seconds
[2023-07-09T16:10:47.475+0000] {processor.py:157} INFO - Started process (PID=1279) to work on /home/airflow/.local/lib/python3.7/site-packages/airflow/example_dags/example_nested_branch_dag.py
[2023-07-09T16:10:47.477+0000] {processor.py:826} INFO - Processing file /home/airflow/.local/lib/python3.7/site-packages/airflow/example_dags/example_nested_branch_dag.py for tasks to queue
[2023-07-09T16:10:47.477+0000] {logging_mixin.py:149} INFO - [2023-07-09T16:10:47.477+0000] {dagbag.py:541} INFO - Filling up the DagBag from /home/airflow/.local/lib/python3.7/site-packages/airflow/example_dags/example_nested_branch_dag.py
[2023-07-09T16:10:47.484+0000] {processor.py:836} INFO - DAG(s) dict_keys(['example_nested_branch_dag']) retrieved from /home/airflow/.local/lib/python3.7/site-packages/airflow/example_dags/example_nested_branch_dag.py
[2023-07-09T16:10:47.504+0000] {logging_mixin.py:149} INFO - [2023-07-09T16:10:47.504+0000] {dag.py:2726} INFO - Sync 1 DAGs
[2023-07-09T16:10:47.522+0000] {logging_mixin.py:149} INFO - [2023-07-09T16:10:47.522+0000] {dag.py:3490} INFO - Setting next_dagrun for example_nested_branch_dag to 2023-07-08T00:00:00+00:00, run_after=2023-07-09T00:00:00+00:00
[2023-07-09T16:10:47.533+0000] {processor.py:179} INFO - Processing /home/airflow/.local/lib/python3.7/site-packages/airflow/example_dags/example_nested_branch_dag.py took 0.061 seconds
[2023-07-09T16:11:17.795+0000] {processor.py:157} INFO - Started process (PID=1341) to work on /home/airflow/.local/lib/python3.7/site-packages/airflow/example_dags/example_nested_branch_dag.py
[2023-07-09T16:11:17.796+0000] {processor.py:826} INFO - Processing file /home/airflow/.local/lib/python3.7/site-packages/airflow/example_dags/example_nested_branch_dag.py for tasks to queue
[2023-07-09T16:11:17.797+0000] {logging_mixin.py:149} INFO - [2023-07-09T16:11:17.797+0000] {dagbag.py:541} INFO - Filling up the DagBag from /home/airflow/.local/lib/python3.7/site-packages/airflow/example_dags/example_nested_branch_dag.py
[2023-07-09T16:11:17.804+0000] {processor.py:836} INFO - DAG(s) dict_keys(['example_nested_branch_dag']) retrieved from /home/airflow/.local/lib/python3.7/site-packages/airflow/example_dags/example_nested_branch_dag.py
[2023-07-09T16:11:17.824+0000] {logging_mixin.py:149} INFO - [2023-07-09T16:11:17.823+0000] {dag.py:2726} INFO - Sync 1 DAGs
[2023-07-09T16:11:17.840+0000] {logging_mixin.py:149} INFO - [2023-07-09T16:11:17.840+0000] {dag.py:3490} INFO - Setting next_dagrun for example_nested_branch_dag to 2023-07-08T00:00:00+00:00, run_after=2023-07-09T00:00:00+00:00
[2023-07-09T16:11:17.851+0000] {processor.py:179} INFO - Processing /home/airflow/.local/lib/python3.7/site-packages/airflow/example_dags/example_nested_branch_dag.py took 0.059 seconds
[2023-07-09T16:11:48.257+0000] {processor.py:157} INFO - Started process (PID=1402) to work on /home/airflow/.local/lib/python3.7/site-packages/airflow/example_dags/example_nested_branch_dag.py
[2023-07-09T16:11:48.258+0000] {processor.py:826} INFO - Processing file /home/airflow/.local/lib/python3.7/site-packages/airflow/example_dags/example_nested_branch_dag.py for tasks to queue
[2023-07-09T16:11:48.259+0000] {logging_mixin.py:149} INFO - [2023-07-09T16:11:48.259+0000] {dagbag.py:541} INFO - Filling up the DagBag from /home/airflow/.local/lib/python3.7/site-packages/airflow/example_dags/example_nested_branch_dag.py
[2023-07-09T16:11:48.266+0000] {processor.py:836} INFO - DAG(s) dict_keys(['example_nested_branch_dag']) retrieved from /home/airflow/.local/lib/python3.7/site-packages/airflow/example_dags/example_nested_branch_dag.py
[2023-07-09T16:11:48.287+0000] {logging_mixin.py:149} INFO - [2023-07-09T16:11:48.287+0000] {dag.py:2726} INFO - Sync 1 DAGs
[2023-07-09T16:11:48.305+0000] {logging_mixin.py:149} INFO - [2023-07-09T16:11:48.305+0000] {dag.py:3490} INFO - Setting next_dagrun for example_nested_branch_dag to 2023-07-08T00:00:00+00:00, run_after=2023-07-09T00:00:00+00:00
[2023-07-09T16:11:48.316+0000] {processor.py:179} INFO - Processing /home/airflow/.local/lib/python3.7/site-packages/airflow/example_dags/example_nested_branch_dag.py took 0.063 seconds
[2023-07-09T16:12:18.683+0000] {processor.py:157} INFO - Started process (PID=1463) to work on /home/airflow/.local/lib/python3.7/site-packages/airflow/example_dags/example_nested_branch_dag.py
[2023-07-09T16:12:18.685+0000] {processor.py:826} INFO - Processing file /home/airflow/.local/lib/python3.7/site-packages/airflow/example_dags/example_nested_branch_dag.py for tasks to queue
[2023-07-09T16:12:18.685+0000] {logging_mixin.py:149} INFO - [2023-07-09T16:12:18.685+0000] {dagbag.py:541} INFO - Filling up the DagBag from /home/airflow/.local/lib/python3.7/site-packages/airflow/example_dags/example_nested_branch_dag.py
[2023-07-09T16:12:18.693+0000] {processor.py:836} INFO - DAG(s) dict_keys(['example_nested_branch_dag']) retrieved from /home/airflow/.local/lib/python3.7/site-packages/airflow/example_dags/example_nested_branch_dag.py
[2023-07-09T16:12:18.715+0000] {logging_mixin.py:149} INFO - [2023-07-09T16:12:18.715+0000] {dag.py:2726} INFO - Sync 1 DAGs
[2023-07-09T16:12:18.734+0000] {logging_mixin.py:149} INFO - [2023-07-09T16:12:18.734+0000] {dag.py:3490} INFO - Setting next_dagrun for example_nested_branch_dag to 2023-07-08T00:00:00+00:00, run_after=2023-07-09T00:00:00+00:00
[2023-07-09T16:12:18.745+0000] {processor.py:179} INFO - Processing /home/airflow/.local/lib/python3.7/site-packages/airflow/example_dags/example_nested_branch_dag.py took 0.064 seconds
[2023-07-09T16:12:48.933+0000] {processor.py:157} INFO - Started process (PID=1524) to work on /home/airflow/.local/lib/python3.7/site-packages/airflow/example_dags/example_nested_branch_dag.py
[2023-07-09T16:12:48.935+0000] {processor.py:826} INFO - Processing file /home/airflow/.local/lib/python3.7/site-packages/airflow/example_dags/example_nested_branch_dag.py for tasks to queue
[2023-07-09T16:12:48.936+0000] {logging_mixin.py:149} INFO - [2023-07-09T16:12:48.936+0000] {dagbag.py:541} INFO - Filling up the DagBag from /home/airflow/.local/lib/python3.7/site-packages/airflow/example_dags/example_nested_branch_dag.py
[2023-07-09T16:12:48.945+0000] {processor.py:836} INFO - DAG(s) dict_keys(['example_nested_branch_dag']) retrieved from /home/airflow/.local/lib/python3.7/site-packages/airflow/example_dags/example_nested_branch_dag.py
[2023-07-09T16:12:48.966+0000] {logging_mixin.py:149} INFO - [2023-07-09T16:12:48.966+0000] {dag.py:2726} INFO - Sync 1 DAGs
[2023-07-09T16:12:48.984+0000] {logging_mixin.py:149} INFO - [2023-07-09T16:12:48.984+0000] {dag.py:3490} INFO - Setting next_dagrun for example_nested_branch_dag to 2023-07-08T00:00:00+00:00, run_after=2023-07-09T00:00:00+00:00
[2023-07-09T16:12:48.995+0000] {processor.py:179} INFO - Processing /home/airflow/.local/lib/python3.7/site-packages/airflow/example_dags/example_nested_branch_dag.py took 0.064 seconds
[2023-07-09T16:13:19.273+0000] {processor.py:157} INFO - Started process (PID=1585) to work on /home/airflow/.local/lib/python3.7/site-packages/airflow/example_dags/example_nested_branch_dag.py
[2023-07-09T16:13:19.274+0000] {processor.py:826} INFO - Processing file /home/airflow/.local/lib/python3.7/site-packages/airflow/example_dags/example_nested_branch_dag.py for tasks to queue
[2023-07-09T16:13:19.275+0000] {logging_mixin.py:149} INFO - [2023-07-09T16:13:19.275+0000] {dagbag.py:541} INFO - Filling up the DagBag from /home/airflow/.local/lib/python3.7/site-packages/airflow/example_dags/example_nested_branch_dag.py
[2023-07-09T16:13:19.282+0000] {processor.py:836} INFO - DAG(s) dict_keys(['example_nested_branch_dag']) retrieved from /home/airflow/.local/lib/python3.7/site-packages/airflow/example_dags/example_nested_branch_dag.py
[2023-07-09T16:13:19.315+0000] {logging_mixin.py:149} INFO - [2023-07-09T16:13:19.315+0000] {dag.py:2726} INFO - Sync 1 DAGs
[2023-07-09T16:13:19.363+0000] {logging_mixin.py:149} INFO - [2023-07-09T16:13:19.362+0000] {dag.py:3490} INFO - Setting next_dagrun for example_nested_branch_dag to 2023-07-08T00:00:00+00:00, run_after=2023-07-09T00:00:00+00:00
[2023-07-09T16:13:19.378+0000] {processor.py:179} INFO - Processing /home/airflow/.local/lib/python3.7/site-packages/airflow/example_dags/example_nested_branch_dag.py took 0.108 seconds
[2023-07-09T16:13:49.442+0000] {processor.py:157} INFO - Started process (PID=1646) to work on /home/airflow/.local/lib/python3.7/site-packages/airflow/example_dags/example_nested_branch_dag.py
[2023-07-09T16:13:49.443+0000] {processor.py:826} INFO - Processing file /home/airflow/.local/lib/python3.7/site-packages/airflow/example_dags/example_nested_branch_dag.py for tasks to queue
[2023-07-09T16:13:49.444+0000] {logging_mixin.py:149} INFO - [2023-07-09T16:13:49.444+0000] {dagbag.py:541} INFO - Filling up the DagBag from /home/airflow/.local/lib/python3.7/site-packages/airflow/example_dags/example_nested_branch_dag.py
[2023-07-09T16:13:49.453+0000] {processor.py:836} INFO - DAG(s) dict_keys(['example_nested_branch_dag']) retrieved from /home/airflow/.local/lib/python3.7/site-packages/airflow/example_dags/example_nested_branch_dag.py
[2023-07-09T16:13:49.475+0000] {logging_mixin.py:149} INFO - [2023-07-09T16:13:49.474+0000] {dag.py:2726} INFO - Sync 1 DAGs
[2023-07-09T16:13:49.493+0000] {logging_mixin.py:149} INFO - [2023-07-09T16:13:49.493+0000] {dag.py:3490} INFO - Setting next_dagrun for example_nested_branch_dag to 2023-07-08T00:00:00+00:00, run_after=2023-07-09T00:00:00+00:00
[2023-07-09T16:13:49.508+0000] {processor.py:179} INFO - Processing /home/airflow/.local/lib/python3.7/site-packages/airflow/example_dags/example_nested_branch_dag.py took 0.071 seconds
[2023-07-09T16:14:20.040+0000] {processor.py:157} INFO - Started process (PID=1707) to work on /home/airflow/.local/lib/python3.7/site-packages/airflow/example_dags/example_nested_branch_dag.py
[2023-07-09T16:14:20.041+0000] {processor.py:826} INFO - Processing file /home/airflow/.local/lib/python3.7/site-packages/airflow/example_dags/example_nested_branch_dag.py for tasks to queue
[2023-07-09T16:14:20.042+0000] {logging_mixin.py:149} INFO - [2023-07-09T16:14:20.042+0000] {dagbag.py:541} INFO - Filling up the DagBag from /home/airflow/.local/lib/python3.7/site-packages/airflow/example_dags/example_nested_branch_dag.py
[2023-07-09T16:14:20.049+0000] {processor.py:836} INFO - DAG(s) dict_keys(['example_nested_branch_dag']) retrieved from /home/airflow/.local/lib/python3.7/site-packages/airflow/example_dags/example_nested_branch_dag.py
[2023-07-09T16:14:20.072+0000] {logging_mixin.py:149} INFO - [2023-07-09T16:14:20.072+0000] {dag.py:2726} INFO - Sync 1 DAGs
[2023-07-09T16:14:20.090+0000] {logging_mixin.py:149} INFO - [2023-07-09T16:14:20.089+0000] {dag.py:3490} INFO - Setting next_dagrun for example_nested_branch_dag to 2023-07-08T00:00:00+00:00, run_after=2023-07-09T00:00:00+00:00
[2023-07-09T16:14:20.101+0000] {processor.py:179} INFO - Processing /home/airflow/.local/lib/python3.7/site-packages/airflow/example_dags/example_nested_branch_dag.py took 0.064 seconds
[2023-07-09T16:14:50.598+0000] {processor.py:157} INFO - Started process (PID=1768) to work on /home/airflow/.local/lib/python3.7/site-packages/airflow/example_dags/example_nested_branch_dag.py
[2023-07-09T16:14:50.600+0000] {processor.py:826} INFO - Processing file /home/airflow/.local/lib/python3.7/site-packages/airflow/example_dags/example_nested_branch_dag.py for tasks to queue
[2023-07-09T16:14:50.601+0000] {logging_mixin.py:149} INFO - [2023-07-09T16:14:50.601+0000] {dagbag.py:541} INFO - Filling up the DagBag from /home/airflow/.local/lib/python3.7/site-packages/airflow/example_dags/example_nested_branch_dag.py
[2023-07-09T16:14:50.608+0000] {processor.py:836} INFO - DAG(s) dict_keys(['example_nested_branch_dag']) retrieved from /home/airflow/.local/lib/python3.7/site-packages/airflow/example_dags/example_nested_branch_dag.py
[2023-07-09T16:14:50.631+0000] {logging_mixin.py:149} INFO - [2023-07-09T16:14:50.631+0000] {dag.py:2726} INFO - Sync 1 DAGs
[2023-07-09T16:14:50.654+0000] {logging_mixin.py:149} INFO - [2023-07-09T16:14:50.654+0000] {dag.py:3490} INFO - Setting next_dagrun for example_nested_branch_dag to 2023-07-08T00:00:00+00:00, run_after=2023-07-09T00:00:00+00:00
[2023-07-09T16:14:50.674+0000] {processor.py:179} INFO - Processing /home/airflow/.local/lib/python3.7/site-packages/airflow/example_dags/example_nested_branch_dag.py took 0.079 seconds
[2023-07-09T16:15:21.173+0000] {processor.py:157} INFO - Started process (PID=1829) to work on /home/airflow/.local/lib/python3.7/site-packages/airflow/example_dags/example_nested_branch_dag.py
[2023-07-09T16:15:21.174+0000] {processor.py:826} INFO - Processing file /home/airflow/.local/lib/python3.7/site-packages/airflow/example_dags/example_nested_branch_dag.py for tasks to queue
[2023-07-09T16:15:21.175+0000] {logging_mixin.py:149} INFO - [2023-07-09T16:15:21.175+0000] {dagbag.py:541} INFO - Filling up the DagBag from /home/airflow/.local/lib/python3.7/site-packages/airflow/example_dags/example_nested_branch_dag.py
[2023-07-09T16:15:21.182+0000] {processor.py:836} INFO - DAG(s) dict_keys(['example_nested_branch_dag']) retrieved from /home/airflow/.local/lib/python3.7/site-packages/airflow/example_dags/example_nested_branch_dag.py
[2023-07-09T16:15:21.222+0000] {logging_mixin.py:149} INFO - [2023-07-09T16:15:21.222+0000] {dag.py:2726} INFO - Sync 1 DAGs
[2023-07-09T16:15:21.254+0000] {logging_mixin.py:149} INFO - [2023-07-09T16:15:21.254+0000] {dag.py:3490} INFO - Setting next_dagrun for example_nested_branch_dag to 2023-07-08T00:00:00+00:00, run_after=2023-07-09T00:00:00+00:00
[2023-07-09T16:15:21.272+0000] {processor.py:179} INFO - Processing /home/airflow/.local/lib/python3.7/site-packages/airflow/example_dags/example_nested_branch_dag.py took 0.101 seconds
[2023-07-09T16:15:51.765+0000] {processor.py:157} INFO - Started process (PID=1890) to work on /home/airflow/.local/lib/python3.7/site-packages/airflow/example_dags/example_nested_branch_dag.py
[2023-07-09T16:15:51.766+0000] {processor.py:826} INFO - Processing file /home/airflow/.local/lib/python3.7/site-packages/airflow/example_dags/example_nested_branch_dag.py for tasks to queue
[2023-07-09T16:15:51.767+0000] {logging_mixin.py:149} INFO - [2023-07-09T16:15:51.767+0000] {dagbag.py:541} INFO - Filling up the DagBag from /home/airflow/.local/lib/python3.7/site-packages/airflow/example_dags/example_nested_branch_dag.py
[2023-07-09T16:15:51.774+0000] {processor.py:836} INFO - DAG(s) dict_keys(['example_nested_branch_dag']) retrieved from /home/airflow/.local/lib/python3.7/site-packages/airflow/example_dags/example_nested_branch_dag.py
[2023-07-09T16:15:51.797+0000] {logging_mixin.py:149} INFO - [2023-07-09T16:15:51.796+0000] {dag.py:2726} INFO - Sync 1 DAGs
[2023-07-09T16:15:51.816+0000] {logging_mixin.py:149} INFO - [2023-07-09T16:15:51.816+0000] {dag.py:3490} INFO - Setting next_dagrun for example_nested_branch_dag to 2023-07-08T00:00:00+00:00, run_after=2023-07-09T00:00:00+00:00
[2023-07-09T16:15:51.835+0000] {processor.py:179} INFO - Processing /home/airflow/.local/lib/python3.7/site-packages/airflow/example_dags/example_nested_branch_dag.py took 0.073 seconds
[2023-07-09T16:16:21.877+0000] {processor.py:157} INFO - Started process (PID=1950) to work on /home/airflow/.local/lib/python3.7/site-packages/airflow/example_dags/example_nested_branch_dag.py
[2023-07-09T16:16:21.878+0000] {processor.py:826} INFO - Processing file /home/airflow/.local/lib/python3.7/site-packages/airflow/example_dags/example_nested_branch_dag.py for tasks to queue
[2023-07-09T16:16:21.879+0000] {logging_mixin.py:149} INFO - [2023-07-09T16:16:21.879+0000] {dagbag.py:541} INFO - Filling up the DagBag from /home/airflow/.local/lib/python3.7/site-packages/airflow/example_dags/example_nested_branch_dag.py
[2023-07-09T16:16:21.886+0000] {processor.py:836} INFO - DAG(s) dict_keys(['example_nested_branch_dag']) retrieved from /home/airflow/.local/lib/python3.7/site-packages/airflow/example_dags/example_nested_branch_dag.py
[2023-07-09T16:16:21.906+0000] {logging_mixin.py:149} INFO - [2023-07-09T16:16:21.906+0000] {dag.py:2726} INFO - Sync 1 DAGs
[2023-07-09T16:16:21.921+0000] {logging_mixin.py:149} INFO - [2023-07-09T16:16:21.921+0000] {dag.py:3490} INFO - Setting next_dagrun for example_nested_branch_dag to 2023-07-08T00:00:00+00:00, run_after=2023-07-09T00:00:00+00:00
[2023-07-09T16:16:21.932+0000] {processor.py:179} INFO - Processing /home/airflow/.local/lib/python3.7/site-packages/airflow/example_dags/example_nested_branch_dag.py took 0.058 seconds
[2023-07-09T16:16:52.160+0000] {processor.py:157} INFO - Started process (PID=2012) to work on /home/airflow/.local/lib/python3.7/site-packages/airflow/example_dags/example_nested_branch_dag.py
[2023-07-09T16:16:52.161+0000] {processor.py:826} INFO - Processing file /home/airflow/.local/lib/python3.7/site-packages/airflow/example_dags/example_nested_branch_dag.py for tasks to queue
[2023-07-09T16:16:52.162+0000] {logging_mixin.py:149} INFO - [2023-07-09T16:16:52.162+0000] {dagbag.py:541} INFO - Filling up the DagBag from /home/airflow/.local/lib/python3.7/site-packages/airflow/example_dags/example_nested_branch_dag.py
[2023-07-09T16:16:52.169+0000] {processor.py:836} INFO - DAG(s) dict_keys(['example_nested_branch_dag']) retrieved from /home/airflow/.local/lib/python3.7/site-packages/airflow/example_dags/example_nested_branch_dag.py
[2023-07-09T16:16:52.190+0000] {logging_mixin.py:149} INFO - [2023-07-09T16:16:52.190+0000] {dag.py:2726} INFO - Sync 1 DAGs
[2023-07-09T16:16:52.205+0000] {logging_mixin.py:149} INFO - [2023-07-09T16:16:52.205+0000] {dag.py:3490} INFO - Setting next_dagrun for example_nested_branch_dag to 2023-07-08T00:00:00+00:00, run_after=2023-07-09T00:00:00+00:00
[2023-07-09T16:16:52.215+0000] {processor.py:179} INFO - Processing /home/airflow/.local/lib/python3.7/site-packages/airflow/example_dags/example_nested_branch_dag.py took 0.058 seconds
[2023-07-09T16:17:23.253+0000] {processor.py:157} INFO - Started process (PID=2073) to work on /home/airflow/.local/lib/python3.7/site-packages/airflow/example_dags/example_nested_branch_dag.py
[2023-07-09T16:17:23.254+0000] {processor.py:826} INFO - Processing file /home/airflow/.local/lib/python3.7/site-packages/airflow/example_dags/example_nested_branch_dag.py for tasks to queue
[2023-07-09T16:17:23.255+0000] {logging_mixin.py:149} INFO - [2023-07-09T16:17:23.255+0000] {dagbag.py:541} INFO - Filling up the DagBag from /home/airflow/.local/lib/python3.7/site-packages/airflow/example_dags/example_nested_branch_dag.py
[2023-07-09T16:17:23.262+0000] {processor.py:836} INFO - DAG(s) dict_keys(['example_nested_branch_dag']) retrieved from /home/airflow/.local/lib/python3.7/site-packages/airflow/example_dags/example_nested_branch_dag.py
[2023-07-09T16:17:23.283+0000] {logging_mixin.py:149} INFO - [2023-07-09T16:17:23.283+0000] {dag.py:2726} INFO - Sync 1 DAGs
[2023-07-09T16:17:23.299+0000] {logging_mixin.py:149} INFO - [2023-07-09T16:17:23.299+0000] {dag.py:3490} INFO - Setting next_dagrun for example_nested_branch_dag to 2023-07-08T00:00:00+00:00, run_after=2023-07-09T00:00:00+00:00
[2023-07-09T16:17:23.309+0000] {processor.py:179} INFO - Processing /home/airflow/.local/lib/python3.7/site-packages/airflow/example_dags/example_nested_branch_dag.py took 0.059 seconds
[2023-07-09T16:17:53.972+0000] {processor.py:157} INFO - Started process (PID=2134) to work on /home/airflow/.local/lib/python3.7/site-packages/airflow/example_dags/example_nested_branch_dag.py
[2023-07-09T16:17:54.000+0000] {processor.py:826} INFO - Processing file /home/airflow/.local/lib/python3.7/site-packages/airflow/example_dags/example_nested_branch_dag.py for tasks to queue
[2023-07-09T16:17:54.002+0000] {logging_mixin.py:149} INFO - [2023-07-09T16:17:54.002+0000] {dagbag.py:541} INFO - Filling up the DagBag from /home/airflow/.local/lib/python3.7/site-packages/airflow/example_dags/example_nested_branch_dag.py
[2023-07-09T16:17:54.016+0000] {processor.py:836} INFO - DAG(s) dict_keys(['example_nested_branch_dag']) retrieved from /home/airflow/.local/lib/python3.7/site-packages/airflow/example_dags/example_nested_branch_dag.py
[2023-07-09T16:17:54.039+0000] {logging_mixin.py:149} INFO - [2023-07-09T16:17:54.039+0000] {dag.py:2726} INFO - Sync 1 DAGs
[2023-07-09T16:17:54.058+0000] {logging_mixin.py:149} INFO - [2023-07-09T16:17:54.058+0000] {dag.py:3490} INFO - Setting next_dagrun for example_nested_branch_dag to 2023-07-08T00:00:00+00:00, run_after=2023-07-09T00:00:00+00:00
[2023-07-09T16:17:54.069+0000] {processor.py:179} INFO - Processing /home/airflow/.local/lib/python3.7/site-packages/airflow/example_dags/example_nested_branch_dag.py took 0.100 seconds
