[2023-07-09T16:00:35.816+0000] {processor.py:157} INFO - Started process (PID=53) to work on /home/airflow/.local/lib/python3.7/site-packages/airflow/example_dags/example_bash_operator.py
[2023-07-09T16:00:35.820+0000] {processor.py:826} INFO - Processing file /home/airflow/.local/lib/python3.7/site-packages/airflow/example_dags/example_bash_operator.py for tasks to queue
[2023-07-09T16:00:35.824+0000] {logging_mixin.py:149} INFO - [2023-07-09T16:00:35.824+0000] {dagbag.py:541} INFO - Filling up the DagBag from /home/airflow/.local/lib/python3.7/site-packages/airflow/example_dags/example_bash_operator.py
[2023-07-09T16:00:35.854+0000] {processor.py:836} INFO - DAG(s) dict_keys(['example_bash_operator']) retrieved from /home/airflow/.local/lib/python3.7/site-packages/airflow/example_dags/example_bash_operator.py
[2023-07-09T16:00:35.875+0000] {logging_mixin.py:149} INFO - [2023-07-09T16:00:35.875+0000] {dag.py:2726} INFO - Sync 1 DAGs
[2023-07-09T16:00:35.913+0000] {logging_mixin.py:149} INFO - [2023-07-09T16:00:35.913+0000] {dag.py:3490} INFO - Setting next_dagrun for example_bash_operator to 2023-07-08T00:00:00+00:00, run_after=2023-07-09T00:00:00+00:00
[2023-07-09T16:00:35.931+0000] {processor.py:179} INFO - Processing /home/airflow/.local/lib/python3.7/site-packages/airflow/example_dags/example_bash_operator.py took 0.123 seconds
[2023-07-09T16:01:06.465+0000] {processor.py:157} INFO - Started process (PID=114) to work on /home/airflow/.local/lib/python3.7/site-packages/airflow/example_dags/example_bash_operator.py
[2023-07-09T16:01:06.467+0000] {processor.py:826} INFO - Processing file /home/airflow/.local/lib/python3.7/site-packages/airflow/example_dags/example_bash_operator.py for tasks to queue
[2023-07-09T16:01:06.467+0000] {logging_mixin.py:149} INFO - [2023-07-09T16:01:06.467+0000] {dagbag.py:541} INFO - Filling up the DagBag from /home/airflow/.local/lib/python3.7/site-packages/airflow/example_dags/example_bash_operator.py
[2023-07-09T16:01:06.479+0000] {processor.py:836} INFO - DAG(s) dict_keys(['example_bash_operator']) retrieved from /home/airflow/.local/lib/python3.7/site-packages/airflow/example_dags/example_bash_operator.py
[2023-07-09T16:01:06.504+0000] {logging_mixin.py:149} INFO - [2023-07-09T16:01:06.504+0000] {dag.py:2726} INFO - Sync 1 DAGs
[2023-07-09T16:01:06.523+0000] {logging_mixin.py:149} INFO - [2023-07-09T16:01:06.522+0000] {dag.py:3490} INFO - Setting next_dagrun for example_bash_operator to 2023-07-08T00:00:00+00:00, run_after=2023-07-09T00:00:00+00:00
[2023-07-09T16:01:06.534+0000] {processor.py:179} INFO - Processing /home/airflow/.local/lib/python3.7/site-packages/airflow/example_dags/example_bash_operator.py took 0.071 seconds
[2023-07-09T16:01:37.643+0000] {processor.py:157} INFO - Started process (PID=175) to work on /home/airflow/.local/lib/python3.7/site-packages/airflow/example_dags/example_bash_operator.py
[2023-07-09T16:01:37.644+0000] {processor.py:826} INFO - Processing file /home/airflow/.local/lib/python3.7/site-packages/airflow/example_dags/example_bash_operator.py for tasks to queue
[2023-07-09T16:01:37.645+0000] {logging_mixin.py:149} INFO - [2023-07-09T16:01:37.645+0000] {dagbag.py:541} INFO - Filling up the DagBag from /home/airflow/.local/lib/python3.7/site-packages/airflow/example_dags/example_bash_operator.py
[2023-07-09T16:01:37.654+0000] {processor.py:836} INFO - DAG(s) dict_keys(['example_bash_operator']) retrieved from /home/airflow/.local/lib/python3.7/site-packages/airflow/example_dags/example_bash_operator.py
[2023-07-09T16:01:37.678+0000] {logging_mixin.py:149} INFO - [2023-07-09T16:01:37.678+0000] {dag.py:2726} INFO - Sync 1 DAGs
[2023-07-09T16:01:37.695+0000] {logging_mixin.py:149} INFO - [2023-07-09T16:01:37.695+0000] {dag.py:3490} INFO - Setting next_dagrun for example_bash_operator to 2023-07-08T00:00:00+00:00, run_after=2023-07-09T00:00:00+00:00
[2023-07-09T16:01:37.706+0000] {processor.py:179} INFO - Processing /home/airflow/.local/lib/python3.7/site-packages/airflow/example_dags/example_bash_operator.py took 0.065 seconds
[2023-07-09T16:02:08.787+0000] {processor.py:157} INFO - Started process (PID=236) to work on /home/airflow/.local/lib/python3.7/site-packages/airflow/example_dags/example_bash_operator.py
[2023-07-09T16:02:08.789+0000] {processor.py:826} INFO - Processing file /home/airflow/.local/lib/python3.7/site-packages/airflow/example_dags/example_bash_operator.py for tasks to queue
[2023-07-09T16:02:08.790+0000] {logging_mixin.py:149} INFO - [2023-07-09T16:02:08.789+0000] {dagbag.py:541} INFO - Filling up the DagBag from /home/airflow/.local/lib/python3.7/site-packages/airflow/example_dags/example_bash_operator.py
[2023-07-09T16:02:08.799+0000] {processor.py:836} INFO - DAG(s) dict_keys(['example_bash_operator']) retrieved from /home/airflow/.local/lib/python3.7/site-packages/airflow/example_dags/example_bash_operator.py
[2023-07-09T16:02:08.823+0000] {logging_mixin.py:149} INFO - [2023-07-09T16:02:08.823+0000] {dag.py:2726} INFO - Sync 1 DAGs
[2023-07-09T16:02:08.838+0000] {logging_mixin.py:149} INFO - [2023-07-09T16:02:08.838+0000] {dag.py:3490} INFO - Setting next_dagrun for example_bash_operator to 2023-07-08T00:00:00+00:00, run_after=2023-07-09T00:00:00+00:00
[2023-07-09T16:02:08.849+0000] {processor.py:179} INFO - Processing /home/airflow/.local/lib/python3.7/site-packages/airflow/example_dags/example_bash_operator.py took 0.065 seconds
[2023-07-09T16:02:39.305+0000] {processor.py:157} INFO - Started process (PID=297) to work on /home/airflow/.local/lib/python3.7/site-packages/airflow/example_dags/example_bash_operator.py
[2023-07-09T16:02:39.307+0000] {processor.py:826} INFO - Processing file /home/airflow/.local/lib/python3.7/site-packages/airflow/example_dags/example_bash_operator.py for tasks to queue
[2023-07-09T16:02:39.307+0000] {logging_mixin.py:149} INFO - [2023-07-09T16:02:39.307+0000] {dagbag.py:541} INFO - Filling up the DagBag from /home/airflow/.local/lib/python3.7/site-packages/airflow/example_dags/example_bash_operator.py
[2023-07-09T16:02:39.317+0000] {processor.py:836} INFO - DAG(s) dict_keys(['example_bash_operator']) retrieved from /home/airflow/.local/lib/python3.7/site-packages/airflow/example_dags/example_bash_operator.py
[2023-07-09T16:02:39.341+0000] {logging_mixin.py:149} INFO - [2023-07-09T16:02:39.341+0000] {dag.py:2726} INFO - Sync 1 DAGs
[2023-07-09T16:02:39.358+0000] {logging_mixin.py:149} INFO - [2023-07-09T16:02:39.358+0000] {dag.py:3490} INFO - Setting next_dagrun for example_bash_operator to 2023-07-08T00:00:00+00:00, run_after=2023-07-09T00:00:00+00:00
[2023-07-09T16:02:39.368+0000] {processor.py:179} INFO - Processing /home/airflow/.local/lib/python3.7/site-packages/airflow/example_dags/example_bash_operator.py took 0.065 seconds
[2023-07-09T16:03:09.881+0000] {processor.py:157} INFO - Started process (PID=358) to work on /home/airflow/.local/lib/python3.7/site-packages/airflow/example_dags/example_bash_operator.py
[2023-07-09T16:03:09.882+0000] {processor.py:826} INFO - Processing file /home/airflow/.local/lib/python3.7/site-packages/airflow/example_dags/example_bash_operator.py for tasks to queue
[2023-07-09T16:03:09.883+0000] {logging_mixin.py:149} INFO - [2023-07-09T16:03:09.883+0000] {dagbag.py:541} INFO - Filling up the DagBag from /home/airflow/.local/lib/python3.7/site-packages/airflow/example_dags/example_bash_operator.py
[2023-07-09T16:03:09.894+0000] {processor.py:836} INFO - DAG(s) dict_keys(['example_bash_operator']) retrieved from /home/airflow/.local/lib/python3.7/site-packages/airflow/example_dags/example_bash_operator.py
[2023-07-09T16:03:09.918+0000] {logging_mixin.py:149} INFO - [2023-07-09T16:03:09.918+0000] {dag.py:2726} INFO - Sync 1 DAGs
[2023-07-09T16:03:09.934+0000] {logging_mixin.py:149} INFO - [2023-07-09T16:03:09.934+0000] {dag.py:3490} INFO - Setting next_dagrun for example_bash_operator to 2023-07-08T00:00:00+00:00, run_after=2023-07-09T00:00:00+00:00
[2023-07-09T16:03:09.945+0000] {processor.py:179} INFO - Processing /home/airflow/.local/lib/python3.7/site-packages/airflow/example_dags/example_bash_operator.py took 0.066 seconds
[2023-07-09T16:03:40.403+0000] {processor.py:157} INFO - Started process (PID=419) to work on /home/airflow/.local/lib/python3.7/site-packages/airflow/example_dags/example_bash_operator.py
[2023-07-09T16:03:40.405+0000] {processor.py:826} INFO - Processing file /home/airflow/.local/lib/python3.7/site-packages/airflow/example_dags/example_bash_operator.py for tasks to queue
[2023-07-09T16:03:40.406+0000] {logging_mixin.py:149} INFO - [2023-07-09T16:03:40.405+0000] {dagbag.py:541} INFO - Filling up the DagBag from /home/airflow/.local/lib/python3.7/site-packages/airflow/example_dags/example_bash_operator.py
[2023-07-09T16:03:40.415+0000] {processor.py:836} INFO - DAG(s) dict_keys(['example_bash_operator']) retrieved from /home/airflow/.local/lib/python3.7/site-packages/airflow/example_dags/example_bash_operator.py
[2023-07-09T16:03:40.440+0000] {logging_mixin.py:149} INFO - [2023-07-09T16:03:40.440+0000] {dag.py:2726} INFO - Sync 1 DAGs
[2023-07-09T16:03:40.456+0000] {logging_mixin.py:149} INFO - [2023-07-09T16:03:40.456+0000] {dag.py:3490} INFO - Setting next_dagrun for example_bash_operator to 2023-07-08T00:00:00+00:00, run_after=2023-07-09T00:00:00+00:00
[2023-07-09T16:03:40.466+0000] {processor.py:179} INFO - Processing /home/airflow/.local/lib/python3.7/site-packages/airflow/example_dags/example_bash_operator.py took 0.066 seconds
[2023-07-09T16:04:11.169+0000] {processor.py:157} INFO - Started process (PID=480) to work on /home/airflow/.local/lib/python3.7/site-packages/airflow/example_dags/example_bash_operator.py
[2023-07-09T16:04:11.171+0000] {processor.py:826} INFO - Processing file /home/airflow/.local/lib/python3.7/site-packages/airflow/example_dags/example_bash_operator.py for tasks to queue
[2023-07-09T16:04:11.173+0000] {logging_mixin.py:149} INFO - [2023-07-09T16:04:11.173+0000] {dagbag.py:541} INFO - Filling up the DagBag from /home/airflow/.local/lib/python3.7/site-packages/airflow/example_dags/example_bash_operator.py
[2023-07-09T16:04:11.185+0000] {processor.py:836} INFO - DAG(s) dict_keys(['example_bash_operator']) retrieved from /home/airflow/.local/lib/python3.7/site-packages/airflow/example_dags/example_bash_operator.py
[2023-07-09T16:04:11.219+0000] {logging_mixin.py:149} INFO - [2023-07-09T16:04:11.219+0000] {dag.py:2726} INFO - Sync 1 DAGs
[2023-07-09T16:04:11.239+0000] {logging_mixin.py:149} INFO - [2023-07-09T16:04:11.239+0000] {dag.py:3490} INFO - Setting next_dagrun for example_bash_operator to 2023-07-08T00:00:00+00:00, run_after=2023-07-09T00:00:00+00:00
[2023-07-09T16:04:11.258+0000] {processor.py:179} INFO - Processing /home/airflow/.local/lib/python3.7/site-packages/airflow/example_dags/example_bash_operator.py took 0.092 seconds
[2023-07-09T16:04:41.864+0000] {processor.py:157} INFO - Started process (PID=541) to work on /home/airflow/.local/lib/python3.7/site-packages/airflow/example_dags/example_bash_operator.py
[2023-07-09T16:04:41.866+0000] {processor.py:826} INFO - Processing file /home/airflow/.local/lib/python3.7/site-packages/airflow/example_dags/example_bash_operator.py for tasks to queue
[2023-07-09T16:04:41.867+0000] {logging_mixin.py:149} INFO - [2023-07-09T16:04:41.866+0000] {dagbag.py:541} INFO - Filling up the DagBag from /home/airflow/.local/lib/python3.7/site-packages/airflow/example_dags/example_bash_operator.py
[2023-07-09T16:04:41.880+0000] {processor.py:836} INFO - DAG(s) dict_keys(['example_bash_operator']) retrieved from /home/airflow/.local/lib/python3.7/site-packages/airflow/example_dags/example_bash_operator.py
[2023-07-09T16:04:41.906+0000] {logging_mixin.py:149} INFO - [2023-07-09T16:04:41.906+0000] {dag.py:2726} INFO - Sync 1 DAGs
[2023-07-09T16:04:41.922+0000] {logging_mixin.py:149} INFO - [2023-07-09T16:04:41.922+0000] {dag.py:3490} INFO - Setting next_dagrun for example_bash_operator to 2023-07-08T00:00:00+00:00, run_after=2023-07-09T00:00:00+00:00
[2023-07-09T16:04:41.933+0000] {processor.py:179} INFO - Processing /home/airflow/.local/lib/python3.7/site-packages/airflow/example_dags/example_bash_operator.py took 0.072 seconds
[2023-07-09T16:05:12.299+0000] {processor.py:157} INFO - Started process (PID=602) to work on /home/airflow/.local/lib/python3.7/site-packages/airflow/example_dags/example_bash_operator.py
[2023-07-09T16:05:12.301+0000] {processor.py:826} INFO - Processing file /home/airflow/.local/lib/python3.7/site-packages/airflow/example_dags/example_bash_operator.py for tasks to queue
[2023-07-09T16:05:12.301+0000] {logging_mixin.py:149} INFO - [2023-07-09T16:05:12.301+0000] {dagbag.py:541} INFO - Filling up the DagBag from /home/airflow/.local/lib/python3.7/site-packages/airflow/example_dags/example_bash_operator.py
[2023-07-09T16:05:12.312+0000] {processor.py:836} INFO - DAG(s) dict_keys(['example_bash_operator']) retrieved from /home/airflow/.local/lib/python3.7/site-packages/airflow/example_dags/example_bash_operator.py
[2023-07-09T16:05:12.337+0000] {logging_mixin.py:149} INFO - [2023-07-09T16:05:12.336+0000] {dag.py:2726} INFO - Sync 1 DAGs
[2023-07-09T16:05:12.352+0000] {logging_mixin.py:149} INFO - [2023-07-09T16:05:12.352+0000] {dag.py:3490} INFO - Setting next_dagrun for example_bash_operator to 2023-07-08T00:00:00+00:00, run_after=2023-07-09T00:00:00+00:00
[2023-07-09T16:05:12.363+0000] {processor.py:179} INFO - Processing /home/airflow/.local/lib/python3.7/site-packages/airflow/example_dags/example_bash_operator.py took 0.067 seconds
[2023-07-09T16:05:42.870+0000] {processor.py:157} INFO - Started process (PID=663) to work on /home/airflow/.local/lib/python3.7/site-packages/airflow/example_dags/example_bash_operator.py
[2023-07-09T16:05:42.871+0000] {processor.py:826} INFO - Processing file /home/airflow/.local/lib/python3.7/site-packages/airflow/example_dags/example_bash_operator.py for tasks to queue
[2023-07-09T16:05:42.872+0000] {logging_mixin.py:149} INFO - [2023-07-09T16:05:42.872+0000] {dagbag.py:541} INFO - Filling up the DagBag from /home/airflow/.local/lib/python3.7/site-packages/airflow/example_dags/example_bash_operator.py
[2023-07-09T16:05:42.882+0000] {processor.py:836} INFO - DAG(s) dict_keys(['example_bash_operator']) retrieved from /home/airflow/.local/lib/python3.7/site-packages/airflow/example_dags/example_bash_operator.py
[2023-07-09T16:05:42.906+0000] {logging_mixin.py:149} INFO - [2023-07-09T16:05:42.906+0000] {dag.py:2726} INFO - Sync 1 DAGs
[2023-07-09T16:05:42.923+0000] {logging_mixin.py:149} INFO - [2023-07-09T16:05:42.922+0000] {dag.py:3490} INFO - Setting next_dagrun for example_bash_operator to 2023-07-08T00:00:00+00:00, run_after=2023-07-09T00:00:00+00:00
[2023-07-09T16:05:42.933+0000] {processor.py:179} INFO - Processing /home/airflow/.local/lib/python3.7/site-packages/airflow/example_dags/example_bash_operator.py took 0.066 seconds
[2023-07-09T16:06:13.433+0000] {processor.py:157} INFO - Started process (PID=724) to work on /home/airflow/.local/lib/python3.7/site-packages/airflow/example_dags/example_bash_operator.py
[2023-07-09T16:06:13.435+0000] {processor.py:826} INFO - Processing file /home/airflow/.local/lib/python3.7/site-packages/airflow/example_dags/example_bash_operator.py for tasks to queue
[2023-07-09T16:06:13.436+0000] {logging_mixin.py:149} INFO - [2023-07-09T16:06:13.436+0000] {dagbag.py:541} INFO - Filling up the DagBag from /home/airflow/.local/lib/python3.7/site-packages/airflow/example_dags/example_bash_operator.py
[2023-07-09T16:06:13.446+0000] {processor.py:836} INFO - DAG(s) dict_keys(['example_bash_operator']) retrieved from /home/airflow/.local/lib/python3.7/site-packages/airflow/example_dags/example_bash_operator.py
[2023-07-09T16:06:13.470+0000] {logging_mixin.py:149} INFO - [2023-07-09T16:06:13.470+0000] {dag.py:2726} INFO - Sync 1 DAGs
[2023-07-09T16:06:13.486+0000] {logging_mixin.py:149} INFO - [2023-07-09T16:06:13.486+0000] {dag.py:3490} INFO - Setting next_dagrun for example_bash_operator to 2023-07-08T00:00:00+00:00, run_after=2023-07-09T00:00:00+00:00
[2023-07-09T16:06:13.497+0000] {processor.py:179} INFO - Processing /home/airflow/.local/lib/python3.7/site-packages/airflow/example_dags/example_bash_operator.py took 0.067 seconds
[2023-07-09T16:06:43.672+0000] {processor.py:157} INFO - Started process (PID=785) to work on /home/airflow/.local/lib/python3.7/site-packages/airflow/example_dags/example_bash_operator.py
[2023-07-09T16:06:43.674+0000] {processor.py:826} INFO - Processing file /home/airflow/.local/lib/python3.7/site-packages/airflow/example_dags/example_bash_operator.py for tasks to queue
[2023-07-09T16:06:43.675+0000] {logging_mixin.py:149} INFO - [2023-07-09T16:06:43.675+0000] {dagbag.py:541} INFO - Filling up the DagBag from /home/airflow/.local/lib/python3.7/site-packages/airflow/example_dags/example_bash_operator.py
[2023-07-09T16:06:43.686+0000] {processor.py:836} INFO - DAG(s) dict_keys(['example_bash_operator']) retrieved from /home/airflow/.local/lib/python3.7/site-packages/airflow/example_dags/example_bash_operator.py
[2023-07-09T16:06:43.714+0000] {logging_mixin.py:149} INFO - [2023-07-09T16:06:43.714+0000] {dag.py:2726} INFO - Sync 1 DAGs
[2023-07-09T16:06:43.734+0000] {logging_mixin.py:149} INFO - [2023-07-09T16:06:43.734+0000] {dag.py:3490} INFO - Setting next_dagrun for example_bash_operator to 2023-07-08T00:00:00+00:00, run_after=2023-07-09T00:00:00+00:00
[2023-07-09T16:06:43.749+0000] {processor.py:179} INFO - Processing /home/airflow/.local/lib/python3.7/site-packages/airflow/example_dags/example_bash_operator.py took 0.079 seconds
[2023-07-09T16:07:14.131+0000] {processor.py:157} INFO - Started process (PID=846) to work on /home/airflow/.local/lib/python3.7/site-packages/airflow/example_dags/example_bash_operator.py
[2023-07-09T16:07:14.133+0000] {processor.py:826} INFO - Processing file /home/airflow/.local/lib/python3.7/site-packages/airflow/example_dags/example_bash_operator.py for tasks to queue
[2023-07-09T16:07:14.134+0000] {logging_mixin.py:149} INFO - [2023-07-09T16:07:14.134+0000] {dagbag.py:541} INFO - Filling up the DagBag from /home/airflow/.local/lib/python3.7/site-packages/airflow/example_dags/example_bash_operator.py
[2023-07-09T16:07:14.144+0000] {processor.py:836} INFO - DAG(s) dict_keys(['example_bash_operator']) retrieved from /home/airflow/.local/lib/python3.7/site-packages/airflow/example_dags/example_bash_operator.py
[2023-07-09T16:07:14.168+0000] {logging_mixin.py:149} INFO - [2023-07-09T16:07:14.168+0000] {dag.py:2726} INFO - Sync 1 DAGs
[2023-07-09T16:07:14.184+0000] {logging_mixin.py:149} INFO - [2023-07-09T16:07:14.184+0000] {dag.py:3490} INFO - Setting next_dagrun for example_bash_operator to 2023-07-08T00:00:00+00:00, run_after=2023-07-09T00:00:00+00:00
[2023-07-09T16:07:14.195+0000] {processor.py:179} INFO - Processing /home/airflow/.local/lib/python3.7/site-packages/airflow/example_dags/example_bash_operator.py took 0.066 seconds
[2023-07-09T16:07:44.631+0000] {processor.py:157} INFO - Started process (PID=907) to work on /home/airflow/.local/lib/python3.7/site-packages/airflow/example_dags/example_bash_operator.py
[2023-07-09T16:07:44.632+0000] {processor.py:826} INFO - Processing file /home/airflow/.local/lib/python3.7/site-packages/airflow/example_dags/example_bash_operator.py for tasks to queue
[2023-07-09T16:07:44.633+0000] {logging_mixin.py:149} INFO - [2023-07-09T16:07:44.633+0000] {dagbag.py:541} INFO - Filling up the DagBag from /home/airflow/.local/lib/python3.7/site-packages/airflow/example_dags/example_bash_operator.py
[2023-07-09T16:07:44.643+0000] {processor.py:836} INFO - DAG(s) dict_keys(['example_bash_operator']) retrieved from /home/airflow/.local/lib/python3.7/site-packages/airflow/example_dags/example_bash_operator.py
[2023-07-09T16:07:44.667+0000] {logging_mixin.py:149} INFO - [2023-07-09T16:07:44.667+0000] {dag.py:2726} INFO - Sync 1 DAGs
[2023-07-09T16:07:44.683+0000] {logging_mixin.py:149} INFO - [2023-07-09T16:07:44.683+0000] {dag.py:3490} INFO - Setting next_dagrun for example_bash_operator to 2023-07-08T00:00:00+00:00, run_after=2023-07-09T00:00:00+00:00
[2023-07-09T16:07:44.694+0000] {processor.py:179} INFO - Processing /home/airflow/.local/lib/python3.7/site-packages/airflow/example_dags/example_bash_operator.py took 0.065 seconds
[2023-07-09T16:08:14.924+0000] {processor.py:157} INFO - Started process (PID=968) to work on /home/airflow/.local/lib/python3.7/site-packages/airflow/example_dags/example_bash_operator.py
[2023-07-09T16:08:14.925+0000] {processor.py:826} INFO - Processing file /home/airflow/.local/lib/python3.7/site-packages/airflow/example_dags/example_bash_operator.py for tasks to queue
[2023-07-09T16:08:14.926+0000] {logging_mixin.py:149} INFO - [2023-07-09T16:08:14.926+0000] {dagbag.py:541} INFO - Filling up the DagBag from /home/airflow/.local/lib/python3.7/site-packages/airflow/example_dags/example_bash_operator.py
[2023-07-09T16:08:14.936+0000] {processor.py:836} INFO - DAG(s) dict_keys(['example_bash_operator']) retrieved from /home/airflow/.local/lib/python3.7/site-packages/airflow/example_dags/example_bash_operator.py
[2023-07-09T16:08:14.962+0000] {logging_mixin.py:149} INFO - [2023-07-09T16:08:14.962+0000] {dag.py:2726} INFO - Sync 1 DAGs
[2023-07-09T16:08:14.978+0000] {logging_mixin.py:149} INFO - [2023-07-09T16:08:14.978+0000] {dag.py:3490} INFO - Setting next_dagrun for example_bash_operator to 2023-07-08T00:00:00+00:00, run_after=2023-07-09T00:00:00+00:00
[2023-07-09T16:08:14.990+0000] {processor.py:179} INFO - Processing /home/airflow/.local/lib/python3.7/site-packages/airflow/example_dags/example_bash_operator.py took 0.069 seconds
[2023-07-09T16:08:45.812+0000] {processor.py:157} INFO - Started process (PID=1029) to work on /home/airflow/.local/lib/python3.7/site-packages/airflow/example_dags/example_bash_operator.py
[2023-07-09T16:08:45.813+0000] {processor.py:826} INFO - Processing file /home/airflow/.local/lib/python3.7/site-packages/airflow/example_dags/example_bash_operator.py for tasks to queue
[2023-07-09T16:08:45.814+0000] {logging_mixin.py:149} INFO - [2023-07-09T16:08:45.814+0000] {dagbag.py:541} INFO - Filling up the DagBag from /home/airflow/.local/lib/python3.7/site-packages/airflow/example_dags/example_bash_operator.py
[2023-07-09T16:08:45.824+0000] {processor.py:836} INFO - DAG(s) dict_keys(['example_bash_operator']) retrieved from /home/airflow/.local/lib/python3.7/site-packages/airflow/example_dags/example_bash_operator.py
[2023-07-09T16:08:45.848+0000] {logging_mixin.py:149} INFO - [2023-07-09T16:08:45.848+0000] {dag.py:2726} INFO - Sync 1 DAGs
[2023-07-09T16:08:45.864+0000] {logging_mixin.py:149} INFO - [2023-07-09T16:08:45.864+0000] {dag.py:3490} INFO - Setting next_dagrun for example_bash_operator to 2023-07-08T00:00:00+00:00, run_after=2023-07-09T00:00:00+00:00
[2023-07-09T16:08:45.875+0000] {processor.py:179} INFO - Processing /home/airflow/.local/lib/python3.7/site-packages/airflow/example_dags/example_bash_operator.py took 0.066 seconds
[2023-07-09T16:09:16.044+0000] {processor.py:157} INFO - Started process (PID=1090) to work on /home/airflow/.local/lib/python3.7/site-packages/airflow/example_dags/example_bash_operator.py
[2023-07-09T16:09:16.045+0000] {processor.py:826} INFO - Processing file /home/airflow/.local/lib/python3.7/site-packages/airflow/example_dags/example_bash_operator.py for tasks to queue
[2023-07-09T16:09:16.046+0000] {logging_mixin.py:149} INFO - [2023-07-09T16:09:16.046+0000] {dagbag.py:541} INFO - Filling up the DagBag from /home/airflow/.local/lib/python3.7/site-packages/airflow/example_dags/example_bash_operator.py
[2023-07-09T16:09:16.056+0000] {processor.py:836} INFO - DAG(s) dict_keys(['example_bash_operator']) retrieved from /home/airflow/.local/lib/python3.7/site-packages/airflow/example_dags/example_bash_operator.py
[2023-07-09T16:09:16.094+0000] {logging_mixin.py:149} INFO - [2023-07-09T16:09:16.093+0000] {dag.py:2726} INFO - Sync 1 DAGs
[2023-07-09T16:09:16.138+0000] {logging_mixin.py:149} INFO - [2023-07-09T16:09:16.138+0000] {dag.py:3490} INFO - Setting next_dagrun for example_bash_operator to 2023-07-08T00:00:00+00:00, run_after=2023-07-09T00:00:00+00:00
[2023-07-09T16:09:16.156+0000] {processor.py:179} INFO - Processing /home/airflow/.local/lib/python3.7/site-packages/airflow/example_dags/example_bash_operator.py took 0.115 seconds
[2023-07-09T16:09:46.402+0000] {processor.py:157} INFO - Started process (PID=1150) to work on /home/airflow/.local/lib/python3.7/site-packages/airflow/example_dags/example_bash_operator.py
[2023-07-09T16:09:46.404+0000] {processor.py:826} INFO - Processing file /home/airflow/.local/lib/python3.7/site-packages/airflow/example_dags/example_bash_operator.py for tasks to queue
[2023-07-09T16:09:46.405+0000] {logging_mixin.py:149} INFO - [2023-07-09T16:09:46.405+0000] {dagbag.py:541} INFO - Filling up the DagBag from /home/airflow/.local/lib/python3.7/site-packages/airflow/example_dags/example_bash_operator.py
[2023-07-09T16:09:46.415+0000] {processor.py:836} INFO - DAG(s) dict_keys(['example_bash_operator']) retrieved from /home/airflow/.local/lib/python3.7/site-packages/airflow/example_dags/example_bash_operator.py
[2023-07-09T16:09:46.441+0000] {logging_mixin.py:149} INFO - [2023-07-09T16:09:46.441+0000] {dag.py:2726} INFO - Sync 1 DAGs
[2023-07-09T16:09:46.458+0000] {logging_mixin.py:149} INFO - [2023-07-09T16:09:46.458+0000] {dag.py:3490} INFO - Setting next_dagrun for example_bash_operator to 2023-07-08T00:00:00+00:00, run_after=2023-07-09T00:00:00+00:00
[2023-07-09T16:09:46.471+0000] {processor.py:179} INFO - Processing /home/airflow/.local/lib/python3.7/site-packages/airflow/example_dags/example_bash_operator.py took 0.071 seconds
[2023-07-09T16:10:16.570+0000] {processor.py:157} INFO - Started process (PID=1210) to work on /home/airflow/.local/lib/python3.7/site-packages/airflow/example_dags/example_bash_operator.py
[2023-07-09T16:10:16.571+0000] {processor.py:826} INFO - Processing file /home/airflow/.local/lib/python3.7/site-packages/airflow/example_dags/example_bash_operator.py for tasks to queue
[2023-07-09T16:10:16.572+0000] {logging_mixin.py:149} INFO - [2023-07-09T16:10:16.572+0000] {dagbag.py:541} INFO - Filling up the DagBag from /home/airflow/.local/lib/python3.7/site-packages/airflow/example_dags/example_bash_operator.py
[2023-07-09T16:10:16.583+0000] {processor.py:836} INFO - DAG(s) dict_keys(['example_bash_operator']) retrieved from /home/airflow/.local/lib/python3.7/site-packages/airflow/example_dags/example_bash_operator.py
[2023-07-09T16:10:16.608+0000] {logging_mixin.py:149} INFO - [2023-07-09T16:10:16.608+0000] {dag.py:2726} INFO - Sync 1 DAGs
[2023-07-09T16:10:16.625+0000] {logging_mixin.py:149} INFO - [2023-07-09T16:10:16.625+0000] {dag.py:3490} INFO - Setting next_dagrun for example_bash_operator to 2023-07-08T00:00:00+00:00, run_after=2023-07-09T00:00:00+00:00
[2023-07-09T16:10:16.636+0000] {processor.py:179} INFO - Processing /home/airflow/.local/lib/python3.7/site-packages/airflow/example_dags/example_bash_operator.py took 0.070 seconds
[2023-07-09T16:10:47.004+0000] {processor.py:157} INFO - Started process (PID=1271) to work on /home/airflow/.local/lib/python3.7/site-packages/airflow/example_dags/example_bash_operator.py
[2023-07-09T16:10:47.005+0000] {processor.py:826} INFO - Processing file /home/airflow/.local/lib/python3.7/site-packages/airflow/example_dags/example_bash_operator.py for tasks to queue
[2023-07-09T16:10:47.006+0000] {logging_mixin.py:149} INFO - [2023-07-09T16:10:47.006+0000] {dagbag.py:541} INFO - Filling up the DagBag from /home/airflow/.local/lib/python3.7/site-packages/airflow/example_dags/example_bash_operator.py
[2023-07-09T16:10:47.015+0000] {processor.py:836} INFO - DAG(s) dict_keys(['example_bash_operator']) retrieved from /home/airflow/.local/lib/python3.7/site-packages/airflow/example_dags/example_bash_operator.py
[2023-07-09T16:10:47.039+0000] {logging_mixin.py:149} INFO - [2023-07-09T16:10:47.039+0000] {dag.py:2726} INFO - Sync 1 DAGs
[2023-07-09T16:10:47.054+0000] {logging_mixin.py:149} INFO - [2023-07-09T16:10:47.054+0000] {dag.py:3490} INFO - Setting next_dagrun for example_bash_operator to 2023-07-08T00:00:00+00:00, run_after=2023-07-09T00:00:00+00:00
[2023-07-09T16:10:47.065+0000] {processor.py:179} INFO - Processing /home/airflow/.local/lib/python3.7/site-packages/airflow/example_dags/example_bash_operator.py took 0.063 seconds
[2023-07-09T16:11:17.258+0000] {processor.py:157} INFO - Started process (PID=1333) to work on /home/airflow/.local/lib/python3.7/site-packages/airflow/example_dags/example_bash_operator.py
[2023-07-09T16:11:17.259+0000] {processor.py:826} INFO - Processing file /home/airflow/.local/lib/python3.7/site-packages/airflow/example_dags/example_bash_operator.py for tasks to queue
[2023-07-09T16:11:17.260+0000] {logging_mixin.py:149} INFO - [2023-07-09T16:11:17.260+0000] {dagbag.py:541} INFO - Filling up the DagBag from /home/airflow/.local/lib/python3.7/site-packages/airflow/example_dags/example_bash_operator.py
[2023-07-09T16:11:17.269+0000] {processor.py:836} INFO - DAG(s) dict_keys(['example_bash_operator']) retrieved from /home/airflow/.local/lib/python3.7/site-packages/airflow/example_dags/example_bash_operator.py
[2023-07-09T16:11:17.293+0000] {logging_mixin.py:149} INFO - [2023-07-09T16:11:17.293+0000] {dag.py:2726} INFO - Sync 1 DAGs
[2023-07-09T16:11:17.308+0000] {logging_mixin.py:149} INFO - [2023-07-09T16:11:17.308+0000] {dag.py:3490} INFO - Setting next_dagrun for example_bash_operator to 2023-07-08T00:00:00+00:00, run_after=2023-07-09T00:00:00+00:00
[2023-07-09T16:11:17.319+0000] {processor.py:179} INFO - Processing /home/airflow/.local/lib/python3.7/site-packages/airflow/example_dags/example_bash_operator.py took 0.064 seconds
[2023-07-09T16:11:47.763+0000] {processor.py:157} INFO - Started process (PID=1394) to work on /home/airflow/.local/lib/python3.7/site-packages/airflow/example_dags/example_bash_operator.py
[2023-07-09T16:11:47.765+0000] {processor.py:826} INFO - Processing file /home/airflow/.local/lib/python3.7/site-packages/airflow/example_dags/example_bash_operator.py for tasks to queue
[2023-07-09T16:11:47.765+0000] {logging_mixin.py:149} INFO - [2023-07-09T16:11:47.765+0000] {dagbag.py:541} INFO - Filling up the DagBag from /home/airflow/.local/lib/python3.7/site-packages/airflow/example_dags/example_bash_operator.py
[2023-07-09T16:11:47.775+0000] {processor.py:836} INFO - DAG(s) dict_keys(['example_bash_operator']) retrieved from /home/airflow/.local/lib/python3.7/site-packages/airflow/example_dags/example_bash_operator.py
[2023-07-09T16:11:47.800+0000] {logging_mixin.py:149} INFO - [2023-07-09T16:11:47.800+0000] {dag.py:2726} INFO - Sync 1 DAGs
[2023-07-09T16:11:47.817+0000] {logging_mixin.py:149} INFO - [2023-07-09T16:11:47.817+0000] {dag.py:3490} INFO - Setting next_dagrun for example_bash_operator to 2023-07-08T00:00:00+00:00, run_after=2023-07-09T00:00:00+00:00
[2023-07-09T16:11:47.828+0000] {processor.py:179} INFO - Processing /home/airflow/.local/lib/python3.7/site-packages/airflow/example_dags/example_bash_operator.py took 0.067 seconds
[2023-07-09T16:12:18.155+0000] {processor.py:157} INFO - Started process (PID=1455) to work on /home/airflow/.local/lib/python3.7/site-packages/airflow/example_dags/example_bash_operator.py
[2023-07-09T16:12:18.156+0000] {processor.py:826} INFO - Processing file /home/airflow/.local/lib/python3.7/site-packages/airflow/example_dags/example_bash_operator.py for tasks to queue
[2023-07-09T16:12:18.157+0000] {logging_mixin.py:149} INFO - [2023-07-09T16:12:18.157+0000] {dagbag.py:541} INFO - Filling up the DagBag from /home/airflow/.local/lib/python3.7/site-packages/airflow/example_dags/example_bash_operator.py
[2023-07-09T16:12:18.167+0000] {processor.py:836} INFO - DAG(s) dict_keys(['example_bash_operator']) retrieved from /home/airflow/.local/lib/python3.7/site-packages/airflow/example_dags/example_bash_operator.py
[2023-07-09T16:12:18.190+0000] {logging_mixin.py:149} INFO - [2023-07-09T16:12:18.190+0000] {dag.py:2726} INFO - Sync 1 DAGs
[2023-07-09T16:12:18.206+0000] {logging_mixin.py:149} INFO - [2023-07-09T16:12:18.206+0000] {dag.py:3490} INFO - Setting next_dagrun for example_bash_operator to 2023-07-08T00:00:00+00:00, run_after=2023-07-09T00:00:00+00:00
[2023-07-09T16:12:18.216+0000] {processor.py:179} INFO - Processing /home/airflow/.local/lib/python3.7/site-packages/airflow/example_dags/example_bash_operator.py took 0.063 seconds
[2023-07-09T16:12:48.401+0000] {processor.py:157} INFO - Started process (PID=1516) to work on /home/airflow/.local/lib/python3.7/site-packages/airflow/example_dags/example_bash_operator.py
[2023-07-09T16:12:48.402+0000] {processor.py:826} INFO - Processing file /home/airflow/.local/lib/python3.7/site-packages/airflow/example_dags/example_bash_operator.py for tasks to queue
[2023-07-09T16:12:48.403+0000] {logging_mixin.py:149} INFO - [2023-07-09T16:12:48.403+0000] {dagbag.py:541} INFO - Filling up the DagBag from /home/airflow/.local/lib/python3.7/site-packages/airflow/example_dags/example_bash_operator.py
[2023-07-09T16:12:48.413+0000] {processor.py:836} INFO - DAG(s) dict_keys(['example_bash_operator']) retrieved from /home/airflow/.local/lib/python3.7/site-packages/airflow/example_dags/example_bash_operator.py
[2023-07-09T16:12:48.436+0000] {logging_mixin.py:149} INFO - [2023-07-09T16:12:48.436+0000] {dag.py:2726} INFO - Sync 1 DAGs
[2023-07-09T16:12:48.452+0000] {logging_mixin.py:149} INFO - [2023-07-09T16:12:48.452+0000] {dag.py:3490} INFO - Setting next_dagrun for example_bash_operator to 2023-07-08T00:00:00+00:00, run_after=2023-07-09T00:00:00+00:00
[2023-07-09T16:12:48.462+0000] {processor.py:179} INFO - Processing /home/airflow/.local/lib/python3.7/site-packages/airflow/example_dags/example_bash_operator.py took 0.064 seconds
[2023-07-09T16:13:18.663+0000] {processor.py:157} INFO - Started process (PID=1577) to work on /home/airflow/.local/lib/python3.7/site-packages/airflow/example_dags/example_bash_operator.py
[2023-07-09T16:13:18.665+0000] {processor.py:826} INFO - Processing file /home/airflow/.local/lib/python3.7/site-packages/airflow/example_dags/example_bash_operator.py for tasks to queue
[2023-07-09T16:13:18.666+0000] {logging_mixin.py:149} INFO - [2023-07-09T16:13:18.666+0000] {dagbag.py:541} INFO - Filling up the DagBag from /home/airflow/.local/lib/python3.7/site-packages/airflow/example_dags/example_bash_operator.py
[2023-07-09T16:13:18.677+0000] {processor.py:836} INFO - DAG(s) dict_keys(['example_bash_operator']) retrieved from /home/airflow/.local/lib/python3.7/site-packages/airflow/example_dags/example_bash_operator.py
[2023-07-09T16:13:18.717+0000] {logging_mixin.py:149} INFO - [2023-07-09T16:13:18.717+0000] {dag.py:2726} INFO - Sync 1 DAGs
[2023-07-09T16:13:18.734+0000] {logging_mixin.py:149} INFO - [2023-07-09T16:13:18.734+0000] {dag.py:3490} INFO - Setting next_dagrun for example_bash_operator to 2023-07-08T00:00:00+00:00, run_after=2023-07-09T00:00:00+00:00
[2023-07-09T16:13:18.746+0000] {processor.py:179} INFO - Processing /home/airflow/.local/lib/python3.7/site-packages/airflow/example_dags/example_bash_operator.py took 0.086 seconds
[2023-07-09T16:13:49.087+0000] {processor.py:157} INFO - Started process (PID=1638) to work on /home/airflow/.local/lib/python3.7/site-packages/airflow/example_dags/example_bash_operator.py
[2023-07-09T16:13:49.088+0000] {processor.py:826} INFO - Processing file /home/airflow/.local/lib/python3.7/site-packages/airflow/example_dags/example_bash_operator.py for tasks to queue
[2023-07-09T16:13:49.089+0000] {logging_mixin.py:149} INFO - [2023-07-09T16:13:49.089+0000] {dagbag.py:541} INFO - Filling up the DagBag from /home/airflow/.local/lib/python3.7/site-packages/airflow/example_dags/example_bash_operator.py
[2023-07-09T16:13:49.098+0000] {processor.py:836} INFO - DAG(s) dict_keys(['example_bash_operator']) retrieved from /home/airflow/.local/lib/python3.7/site-packages/airflow/example_dags/example_bash_operator.py
[2023-07-09T16:13:49.123+0000] {logging_mixin.py:149} INFO - [2023-07-09T16:13:49.123+0000] {dag.py:2726} INFO - Sync 1 DAGs
[2023-07-09T16:13:49.139+0000] {logging_mixin.py:149} INFO - [2023-07-09T16:13:49.139+0000] {dag.py:3490} INFO - Setting next_dagrun for example_bash_operator to 2023-07-08T00:00:00+00:00, run_after=2023-07-09T00:00:00+00:00
[2023-07-09T16:13:49.151+0000] {processor.py:179} INFO - Processing /home/airflow/.local/lib/python3.7/site-packages/airflow/example_dags/example_bash_operator.py took 0.067 seconds
[2023-07-09T16:14:19.577+0000] {processor.py:157} INFO - Started process (PID=1699) to work on /home/airflow/.local/lib/python3.7/site-packages/airflow/example_dags/example_bash_operator.py
[2023-07-09T16:14:19.579+0000] {processor.py:826} INFO - Processing file /home/airflow/.local/lib/python3.7/site-packages/airflow/example_dags/example_bash_operator.py for tasks to queue
[2023-07-09T16:14:19.580+0000] {logging_mixin.py:149} INFO - [2023-07-09T16:14:19.580+0000] {dagbag.py:541} INFO - Filling up the DagBag from /home/airflow/.local/lib/python3.7/site-packages/airflow/example_dags/example_bash_operator.py
[2023-07-09T16:14:19.590+0000] {processor.py:836} INFO - DAG(s) dict_keys(['example_bash_operator']) retrieved from /home/airflow/.local/lib/python3.7/site-packages/airflow/example_dags/example_bash_operator.py
[2023-07-09T16:14:19.616+0000] {logging_mixin.py:149} INFO - [2023-07-09T16:14:19.616+0000] {dag.py:2726} INFO - Sync 1 DAGs
[2023-07-09T16:14:19.631+0000] {logging_mixin.py:149} INFO - [2023-07-09T16:14:19.631+0000] {dag.py:3490} INFO - Setting next_dagrun for example_bash_operator to 2023-07-08T00:00:00+00:00, run_after=2023-07-09T00:00:00+00:00
[2023-07-09T16:14:19.643+0000] {processor.py:179} INFO - Processing /home/airflow/.local/lib/python3.7/site-packages/airflow/example_dags/example_bash_operator.py took 0.068 seconds
[2023-07-09T16:14:50.190+0000] {processor.py:157} INFO - Started process (PID=1760) to work on /home/airflow/.local/lib/python3.7/site-packages/airflow/example_dags/example_bash_operator.py
[2023-07-09T16:14:50.192+0000] {processor.py:826} INFO - Processing file /home/airflow/.local/lib/python3.7/site-packages/airflow/example_dags/example_bash_operator.py for tasks to queue
[2023-07-09T16:14:50.192+0000] {logging_mixin.py:149} INFO - [2023-07-09T16:14:50.192+0000] {dagbag.py:541} INFO - Filling up the DagBag from /home/airflow/.local/lib/python3.7/site-packages/airflow/example_dags/example_bash_operator.py
[2023-07-09T16:14:50.201+0000] {processor.py:836} INFO - DAG(s) dict_keys(['example_bash_operator']) retrieved from /home/airflow/.local/lib/python3.7/site-packages/airflow/example_dags/example_bash_operator.py
[2023-07-09T16:14:50.225+0000] {logging_mixin.py:149} INFO - [2023-07-09T16:14:50.225+0000] {dag.py:2726} INFO - Sync 1 DAGs
[2023-07-09T16:14:50.240+0000] {logging_mixin.py:149} INFO - [2023-07-09T16:14:50.240+0000] {dag.py:3490} INFO - Setting next_dagrun for example_bash_operator to 2023-07-08T00:00:00+00:00, run_after=2023-07-09T00:00:00+00:00
[2023-07-09T16:14:50.251+0000] {processor.py:179} INFO - Processing /home/airflow/.local/lib/python3.7/site-packages/airflow/example_dags/example_bash_operator.py took 0.063 seconds
[2023-07-09T16:15:20.769+0000] {processor.py:157} INFO - Started process (PID=1821) to work on /home/airflow/.local/lib/python3.7/site-packages/airflow/example_dags/example_bash_operator.py
[2023-07-09T16:15:20.770+0000] {processor.py:826} INFO - Processing file /home/airflow/.local/lib/python3.7/site-packages/airflow/example_dags/example_bash_operator.py for tasks to queue
[2023-07-09T16:15:20.771+0000] {logging_mixin.py:149} INFO - [2023-07-09T16:15:20.771+0000] {dagbag.py:541} INFO - Filling up the DagBag from /home/airflow/.local/lib/python3.7/site-packages/airflow/example_dags/example_bash_operator.py
[2023-07-09T16:15:20.780+0000] {processor.py:836} INFO - DAG(s) dict_keys(['example_bash_operator']) retrieved from /home/airflow/.local/lib/python3.7/site-packages/airflow/example_dags/example_bash_operator.py
[2023-07-09T16:15:20.804+0000] {logging_mixin.py:149} INFO - [2023-07-09T16:15:20.804+0000] {dag.py:2726} INFO - Sync 1 DAGs
[2023-07-09T16:15:20.820+0000] {logging_mixin.py:149} INFO - [2023-07-09T16:15:20.820+0000] {dag.py:3490} INFO - Setting next_dagrun for example_bash_operator to 2023-07-08T00:00:00+00:00, run_after=2023-07-09T00:00:00+00:00
[2023-07-09T16:15:20.830+0000] {processor.py:179} INFO - Processing /home/airflow/.local/lib/python3.7/site-packages/airflow/example_dags/example_bash_operator.py took 0.064 seconds
[2023-07-09T16:15:51.405+0000] {processor.py:157} INFO - Started process (PID=1882) to work on /home/airflow/.local/lib/python3.7/site-packages/airflow/example_dags/example_bash_operator.py
[2023-07-09T16:15:51.406+0000] {processor.py:826} INFO - Processing file /home/airflow/.local/lib/python3.7/site-packages/airflow/example_dags/example_bash_operator.py for tasks to queue
[2023-07-09T16:15:51.407+0000] {logging_mixin.py:149} INFO - [2023-07-09T16:15:51.407+0000] {dagbag.py:541} INFO - Filling up the DagBag from /home/airflow/.local/lib/python3.7/site-packages/airflow/example_dags/example_bash_operator.py
[2023-07-09T16:15:51.417+0000] {processor.py:836} INFO - DAG(s) dict_keys(['example_bash_operator']) retrieved from /home/airflow/.local/lib/python3.7/site-packages/airflow/example_dags/example_bash_operator.py
[2023-07-09T16:15:51.440+0000] {logging_mixin.py:149} INFO - [2023-07-09T16:15:51.440+0000] {dag.py:2726} INFO - Sync 1 DAGs
[2023-07-09T16:15:51.456+0000] {logging_mixin.py:149} INFO - [2023-07-09T16:15:51.456+0000] {dag.py:3490} INFO - Setting next_dagrun for example_bash_operator to 2023-07-08T00:00:00+00:00, run_after=2023-07-09T00:00:00+00:00
[2023-07-09T16:15:51.466+0000] {processor.py:179} INFO - Processing /home/airflow/.local/lib/python3.7/site-packages/airflow/example_dags/example_bash_operator.py took 0.064 seconds
[2023-07-09T16:16:21.560+0000] {processor.py:157} INFO - Started process (PID=1943) to work on /home/airflow/.local/lib/python3.7/site-packages/airflow/example_dags/example_bash_operator.py
[2023-07-09T16:16:21.561+0000] {processor.py:826} INFO - Processing file /home/airflow/.local/lib/python3.7/site-packages/airflow/example_dags/example_bash_operator.py for tasks to queue
[2023-07-09T16:16:21.562+0000] {logging_mixin.py:149} INFO - [2023-07-09T16:16:21.561+0000] {dagbag.py:541} INFO - Filling up the DagBag from /home/airflow/.local/lib/python3.7/site-packages/airflow/example_dags/example_bash_operator.py
[2023-07-09T16:16:21.571+0000] {processor.py:836} INFO - DAG(s) dict_keys(['example_bash_operator']) retrieved from /home/airflow/.local/lib/python3.7/site-packages/airflow/example_dags/example_bash_operator.py
[2023-07-09T16:16:21.594+0000] {logging_mixin.py:149} INFO - [2023-07-09T16:16:21.594+0000] {dag.py:2726} INFO - Sync 1 DAGs
[2023-07-09T16:16:21.610+0000] {logging_mixin.py:149} INFO - [2023-07-09T16:16:21.609+0000] {dag.py:3490} INFO - Setting next_dagrun for example_bash_operator to 2023-07-08T00:00:00+00:00, run_after=2023-07-09T00:00:00+00:00
[2023-07-09T16:16:21.621+0000] {processor.py:179} INFO - Processing /home/airflow/.local/lib/python3.7/site-packages/airflow/example_dags/example_bash_operator.py took 0.064 seconds
[2023-07-09T16:16:51.837+0000] {processor.py:157} INFO - Started process (PID=2005) to work on /home/airflow/.local/lib/python3.7/site-packages/airflow/example_dags/example_bash_operator.py
[2023-07-09T16:16:51.838+0000] {processor.py:826} INFO - Processing file /home/airflow/.local/lib/python3.7/site-packages/airflow/example_dags/example_bash_operator.py for tasks to queue
[2023-07-09T16:16:51.839+0000] {logging_mixin.py:149} INFO - [2023-07-09T16:16:51.839+0000] {dagbag.py:541} INFO - Filling up the DagBag from /home/airflow/.local/lib/python3.7/site-packages/airflow/example_dags/example_bash_operator.py
[2023-07-09T16:16:51.849+0000] {processor.py:836} INFO - DAG(s) dict_keys(['example_bash_operator']) retrieved from /home/airflow/.local/lib/python3.7/site-packages/airflow/example_dags/example_bash_operator.py
[2023-07-09T16:16:51.872+0000] {logging_mixin.py:149} INFO - [2023-07-09T16:16:51.872+0000] {dag.py:2726} INFO - Sync 1 DAGs
[2023-07-09T16:16:51.887+0000] {logging_mixin.py:149} INFO - [2023-07-09T16:16:51.887+0000] {dag.py:3490} INFO - Setting next_dagrun for example_bash_operator to 2023-07-08T00:00:00+00:00, run_after=2023-07-09T00:00:00+00:00
[2023-07-09T16:16:51.898+0000] {processor.py:179} INFO - Processing /home/airflow/.local/lib/python3.7/site-packages/airflow/example_dags/example_bash_operator.py took 0.063 seconds
[2023-07-09T16:17:22.963+0000] {processor.py:157} INFO - Started process (PID=2066) to work on /home/airflow/.local/lib/python3.7/site-packages/airflow/example_dags/example_bash_operator.py
[2023-07-09T16:17:22.964+0000] {processor.py:826} INFO - Processing file /home/airflow/.local/lib/python3.7/site-packages/airflow/example_dags/example_bash_operator.py for tasks to queue
[2023-07-09T16:17:22.965+0000] {logging_mixin.py:149} INFO - [2023-07-09T16:17:22.965+0000] {dagbag.py:541} INFO - Filling up the DagBag from /home/airflow/.local/lib/python3.7/site-packages/airflow/example_dags/example_bash_operator.py
[2023-07-09T16:17:22.976+0000] {processor.py:836} INFO - DAG(s) dict_keys(['example_bash_operator']) retrieved from /home/airflow/.local/lib/python3.7/site-packages/airflow/example_dags/example_bash_operator.py
[2023-07-09T16:17:23.001+0000] {logging_mixin.py:149} INFO - [2023-07-09T16:17:23.001+0000] {dag.py:2726} INFO - Sync 1 DAGs
[2023-07-09T16:17:23.018+0000] {logging_mixin.py:149} INFO - [2023-07-09T16:17:23.018+0000] {dag.py:3490} INFO - Setting next_dagrun for example_bash_operator to 2023-07-08T00:00:00+00:00, run_after=2023-07-09T00:00:00+00:00
[2023-07-09T16:17:23.029+0000] {processor.py:179} INFO - Processing /home/airflow/.local/lib/python3.7/site-packages/airflow/example_dags/example_bash_operator.py took 0.068 seconds
[2023-07-09T16:17:53.662+0000] {processor.py:157} INFO - Started process (PID=2127) to work on /home/airflow/.local/lib/python3.7/site-packages/airflow/example_dags/example_bash_operator.py
[2023-07-09T16:17:53.663+0000] {processor.py:826} INFO - Processing file /home/airflow/.local/lib/python3.7/site-packages/airflow/example_dags/example_bash_operator.py for tasks to queue
[2023-07-09T16:17:53.664+0000] {logging_mixin.py:149} INFO - [2023-07-09T16:17:53.664+0000] {dagbag.py:541} INFO - Filling up the DagBag from /home/airflow/.local/lib/python3.7/site-packages/airflow/example_dags/example_bash_operator.py
[2023-07-09T16:17:53.674+0000] {processor.py:836} INFO - DAG(s) dict_keys(['example_bash_operator']) retrieved from /home/airflow/.local/lib/python3.7/site-packages/airflow/example_dags/example_bash_operator.py
[2023-07-09T16:17:53.698+0000] {logging_mixin.py:149} INFO - [2023-07-09T16:17:53.698+0000] {dag.py:2726} INFO - Sync 1 DAGs
[2023-07-09T16:17:53.723+0000] {logging_mixin.py:149} INFO - [2023-07-09T16:17:53.723+0000] {dag.py:3490} INFO - Setting next_dagrun for example_bash_operator to 2023-07-08T00:00:00+00:00, run_after=2023-07-09T00:00:00+00:00
[2023-07-09T16:17:53.737+0000] {processor.py:179} INFO - Processing /home/airflow/.local/lib/python3.7/site-packages/airflow/example_dags/example_bash_operator.py took 0.077 seconds
[2023-07-09T16:18:23.964+0000] {processor.py:157} INFO - Started process (PID=2188) to work on /home/airflow/.local/lib/python3.7/site-packages/airflow/example_dags/example_bash_operator.py
[2023-07-09T16:18:23.965+0000] {processor.py:826} INFO - Processing file /home/airflow/.local/lib/python3.7/site-packages/airflow/example_dags/example_bash_operator.py for tasks to queue
[2023-07-09T16:18:23.966+0000] {logging_mixin.py:149} INFO - [2023-07-09T16:18:23.966+0000] {dagbag.py:541} INFO - Filling up the DagBag from /home/airflow/.local/lib/python3.7/site-packages/airflow/example_dags/example_bash_operator.py
[2023-07-09T16:18:23.975+0000] {processor.py:836} INFO - DAG(s) dict_keys(['example_bash_operator']) retrieved from /home/airflow/.local/lib/python3.7/site-packages/airflow/example_dags/example_bash_operator.py
[2023-07-09T16:18:23.998+0000] {logging_mixin.py:149} INFO - [2023-07-09T16:18:23.998+0000] {dag.py:2726} INFO - Sync 1 DAGs
[2023-07-09T16:18:24.014+0000] {logging_mixin.py:149} INFO - [2023-07-09T16:18:24.014+0000] {dag.py:3490} INFO - Setting next_dagrun for example_bash_operator to 2023-07-08T00:00:00+00:00, run_after=2023-07-09T00:00:00+00:00
[2023-07-09T16:18:24.025+0000] {processor.py:179} INFO - Processing /home/airflow/.local/lib/python3.7/site-packages/airflow/example_dags/example_bash_operator.py took 0.063 seconds
[2023-07-09T16:18:54.655+0000] {processor.py:157} INFO - Started process (PID=2249) to work on /home/airflow/.local/lib/python3.7/site-packages/airflow/example_dags/example_bash_operator.py
[2023-07-09T16:18:54.656+0000] {processor.py:826} INFO - Processing file /home/airflow/.local/lib/python3.7/site-packages/airflow/example_dags/example_bash_operator.py for tasks to queue
[2023-07-09T16:18:54.657+0000] {logging_mixin.py:149} INFO - [2023-07-09T16:18:54.657+0000] {dagbag.py:541} INFO - Filling up the DagBag from /home/airflow/.local/lib/python3.7/site-packages/airflow/example_dags/example_bash_operator.py
[2023-07-09T16:18:54.669+0000] {processor.py:836} INFO - DAG(s) dict_keys(['example_bash_operator']) retrieved from /home/airflow/.local/lib/python3.7/site-packages/airflow/example_dags/example_bash_operator.py
[2023-07-09T16:18:54.694+0000] {logging_mixin.py:149} INFO - [2023-07-09T16:18:54.694+0000] {dag.py:2726} INFO - Sync 1 DAGs
[2023-07-09T16:18:54.710+0000] {logging_mixin.py:149} INFO - [2023-07-09T16:18:54.710+0000] {dag.py:3490} INFO - Setting next_dagrun for example_bash_operator to 2023-07-08T00:00:00+00:00, run_after=2023-07-09T00:00:00+00:00
[2023-07-09T16:18:54.721+0000] {processor.py:179} INFO - Processing /home/airflow/.local/lib/python3.7/site-packages/airflow/example_dags/example_bash_operator.py took 0.068 seconds
[2023-07-09T16:19:25.371+0000] {processor.py:157} INFO - Started process (PID=2310) to work on /home/airflow/.local/lib/python3.7/site-packages/airflow/example_dags/example_bash_operator.py
[2023-07-09T16:19:25.372+0000] {processor.py:826} INFO - Processing file /home/airflow/.local/lib/python3.7/site-packages/airflow/example_dags/example_bash_operator.py for tasks to queue
[2023-07-09T16:19:25.373+0000] {logging_mixin.py:149} INFO - [2023-07-09T16:19:25.372+0000] {dagbag.py:541} INFO - Filling up the DagBag from /home/airflow/.local/lib/python3.7/site-packages/airflow/example_dags/example_bash_operator.py
[2023-07-09T16:19:25.383+0000] {processor.py:836} INFO - DAG(s) dict_keys(['example_bash_operator']) retrieved from /home/airflow/.local/lib/python3.7/site-packages/airflow/example_dags/example_bash_operator.py
[2023-07-09T16:19:25.408+0000] {logging_mixin.py:149} INFO - [2023-07-09T16:19:25.408+0000] {dag.py:2726} INFO - Sync 1 DAGs
[2023-07-09T16:19:25.426+0000] {logging_mixin.py:149} INFO - [2023-07-09T16:19:25.426+0000] {dag.py:3490} INFO - Setting next_dagrun for example_bash_operator to 2023-07-08T00:00:00+00:00, run_after=2023-07-09T00:00:00+00:00
[2023-07-09T16:19:25.438+0000] {processor.py:179} INFO - Processing /home/airflow/.local/lib/python3.7/site-packages/airflow/example_dags/example_bash_operator.py took 0.070 seconds
[2023-07-09T16:19:55.993+0000] {processor.py:157} INFO - Started process (PID=2372) to work on /home/airflow/.local/lib/python3.7/site-packages/airflow/example_dags/example_bash_operator.py
[2023-07-09T16:19:55.994+0000] {processor.py:826} INFO - Processing file /home/airflow/.local/lib/python3.7/site-packages/airflow/example_dags/example_bash_operator.py for tasks to queue
[2023-07-09T16:19:55.995+0000] {logging_mixin.py:149} INFO - [2023-07-09T16:19:55.995+0000] {dagbag.py:541} INFO - Filling up the DagBag from /home/airflow/.local/lib/python3.7/site-packages/airflow/example_dags/example_bash_operator.py
[2023-07-09T16:19:56.005+0000] {processor.py:836} INFO - DAG(s) dict_keys(['example_bash_operator']) retrieved from /home/airflow/.local/lib/python3.7/site-packages/airflow/example_dags/example_bash_operator.py
[2023-07-09T16:19:56.030+0000] {logging_mixin.py:149} INFO - [2023-07-09T16:19:56.030+0000] {dag.py:2726} INFO - Sync 1 DAGs
[2023-07-09T16:19:56.047+0000] {logging_mixin.py:149} INFO - [2023-07-09T16:19:56.047+0000] {dag.py:3490} INFO - Setting next_dagrun for example_bash_operator to 2023-07-08T00:00:00+00:00, run_after=2023-07-09T00:00:00+00:00
[2023-07-09T16:19:56.062+0000] {processor.py:179} INFO - Processing /home/airflow/.local/lib/python3.7/site-packages/airflow/example_dags/example_bash_operator.py took 0.071 seconds
[2023-07-09T16:20:26.337+0000] {processor.py:157} INFO - Started process (PID=2433) to work on /home/airflow/.local/lib/python3.7/site-packages/airflow/example_dags/example_bash_operator.py
[2023-07-09T16:20:26.338+0000] {processor.py:826} INFO - Processing file /home/airflow/.local/lib/python3.7/site-packages/airflow/example_dags/example_bash_operator.py for tasks to queue
[2023-07-09T16:20:26.339+0000] {logging_mixin.py:149} INFO - [2023-07-09T16:20:26.339+0000] {dagbag.py:541} INFO - Filling up the DagBag from /home/airflow/.local/lib/python3.7/site-packages/airflow/example_dags/example_bash_operator.py
[2023-07-09T16:20:26.349+0000] {processor.py:836} INFO - DAG(s) dict_keys(['example_bash_operator']) retrieved from /home/airflow/.local/lib/python3.7/site-packages/airflow/example_dags/example_bash_operator.py
[2023-07-09T16:20:26.373+0000] {logging_mixin.py:149} INFO - [2023-07-09T16:20:26.372+0000] {dag.py:2726} INFO - Sync 1 DAGs
[2023-07-09T16:20:26.388+0000] {logging_mixin.py:149} INFO - [2023-07-09T16:20:26.388+0000] {dag.py:3490} INFO - Setting next_dagrun for example_bash_operator to 2023-07-08T00:00:00+00:00, run_after=2023-07-09T00:00:00+00:00
[2023-07-09T16:20:26.401+0000] {processor.py:179} INFO - Processing /home/airflow/.local/lib/python3.7/site-packages/airflow/example_dags/example_bash_operator.py took 0.067 seconds
[2023-07-09T16:20:56.616+0000] {processor.py:157} INFO - Started process (PID=2494) to work on /home/airflow/.local/lib/python3.7/site-packages/airflow/example_dags/example_bash_operator.py
[2023-07-09T16:20:56.617+0000] {processor.py:826} INFO - Processing file /home/airflow/.local/lib/python3.7/site-packages/airflow/example_dags/example_bash_operator.py for tasks to queue
[2023-07-09T16:20:56.618+0000] {logging_mixin.py:149} INFO - [2023-07-09T16:20:56.618+0000] {dagbag.py:541} INFO - Filling up the DagBag from /home/airflow/.local/lib/python3.7/site-packages/airflow/example_dags/example_bash_operator.py
[2023-07-09T16:20:56.630+0000] {processor.py:836} INFO - DAG(s) dict_keys(['example_bash_operator']) retrieved from /home/airflow/.local/lib/python3.7/site-packages/airflow/example_dags/example_bash_operator.py
[2023-07-09T16:20:56.659+0000] {logging_mixin.py:149} INFO - [2023-07-09T16:20:56.659+0000] {dag.py:2726} INFO - Sync 1 DAGs
[2023-07-09T16:20:56.677+0000] {logging_mixin.py:149} INFO - [2023-07-09T16:20:56.677+0000] {dag.py:3490} INFO - Setting next_dagrun for example_bash_operator to 2023-07-08T00:00:00+00:00, run_after=2023-07-09T00:00:00+00:00
[2023-07-09T16:20:56.690+0000] {processor.py:179} INFO - Processing /home/airflow/.local/lib/python3.7/site-packages/airflow/example_dags/example_bash_operator.py took 0.077 seconds
[2023-07-09T16:21:26.887+0000] {processor.py:157} INFO - Started process (PID=2555) to work on /home/airflow/.local/lib/python3.7/site-packages/airflow/example_dags/example_bash_operator.py
[2023-07-09T16:21:26.889+0000] {processor.py:826} INFO - Processing file /home/airflow/.local/lib/python3.7/site-packages/airflow/example_dags/example_bash_operator.py for tasks to queue
[2023-07-09T16:21:26.890+0000] {logging_mixin.py:149} INFO - [2023-07-09T16:21:26.890+0000] {dagbag.py:541} INFO - Filling up the DagBag from /home/airflow/.local/lib/python3.7/site-packages/airflow/example_dags/example_bash_operator.py
[2023-07-09T16:21:26.904+0000] {processor.py:836} INFO - DAG(s) dict_keys(['example_bash_operator']) retrieved from /home/airflow/.local/lib/python3.7/site-packages/airflow/example_dags/example_bash_operator.py
[2023-07-09T16:21:26.933+0000] {logging_mixin.py:149} INFO - [2023-07-09T16:21:26.933+0000] {dag.py:2726} INFO - Sync 1 DAGs
[2023-07-09T16:21:26.952+0000] {logging_mixin.py:149} INFO - [2023-07-09T16:21:26.952+0000] {dag.py:3490} INFO - Setting next_dagrun for example_bash_operator to 2023-07-08T00:00:00+00:00, run_after=2023-07-09T00:00:00+00:00
[2023-07-09T16:21:26.966+0000] {processor.py:179} INFO - Processing /home/airflow/.local/lib/python3.7/site-packages/airflow/example_dags/example_bash_operator.py took 0.083 seconds
