[2023-07-09T16:00:37.946+0000] {processor.py:157} INFO - Started process (PID=67) to work on /home/airflow/.local/lib/python3.7/site-packages/airflow/example_dags/example_branch_python_dop_operator_3.py
[2023-07-09T16:00:37.953+0000] {processor.py:826} INFO - Processing file /home/airflow/.local/lib/python3.7/site-packages/airflow/example_dags/example_branch_python_dop_operator_3.py for tasks to queue
[2023-07-09T16:00:37.957+0000] {logging_mixin.py:149} INFO - [2023-07-09T16:00:37.957+0000] {dagbag.py:541} INFO - Filling up the DagBag from /home/airflow/.local/lib/python3.7/site-packages/airflow/example_dags/example_branch_python_dop_operator_3.py
[2023-07-09T16:00:37.985+0000] {processor.py:836} INFO - DAG(s) dict_keys(['example_branch_dop_operator_v3']) retrieved from /home/airflow/.local/lib/python3.7/site-packages/airflow/example_dags/example_branch_python_dop_operator_3.py
[2023-07-09T16:00:38.029+0000] {logging_mixin.py:149} INFO - [2023-07-09T16:00:38.029+0000] {dag.py:2726} INFO - Sync 1 DAGs
[2023-07-09T16:00:38.101+0000] {logging_mixin.py:149} INFO - [2023-07-09T16:00:38.101+0000] {dag.py:3490} INFO - Setting next_dagrun for example_branch_dop_operator_v3 to 2023-07-09T15:59:00+00:00, run_after=2023-07-09T16:00:00+00:00
[2023-07-09T16:00:38.145+0000] {processor.py:179} INFO - Processing /home/airflow/.local/lib/python3.7/site-packages/airflow/example_dags/example_branch_python_dop_operator_3.py took 0.216 seconds
[2023-07-09T16:01:09.205+0000] {processor.py:157} INFO - Started process (PID=128) to work on /home/airflow/.local/lib/python3.7/site-packages/airflow/example_dags/example_branch_python_dop_operator_3.py
[2023-07-09T16:01:09.207+0000] {processor.py:826} INFO - Processing file /home/airflow/.local/lib/python3.7/site-packages/airflow/example_dags/example_branch_python_dop_operator_3.py for tasks to queue
[2023-07-09T16:01:09.208+0000] {logging_mixin.py:149} INFO - [2023-07-09T16:01:09.208+0000] {dagbag.py:541} INFO - Filling up the DagBag from /home/airflow/.local/lib/python3.7/site-packages/airflow/example_dags/example_branch_python_dop_operator_3.py
[2023-07-09T16:01:09.221+0000] {processor.py:836} INFO - DAG(s) dict_keys(['example_branch_dop_operator_v3']) retrieved from /home/airflow/.local/lib/python3.7/site-packages/airflow/example_dags/example_branch_python_dop_operator_3.py
[2023-07-09T16:01:09.249+0000] {logging_mixin.py:149} INFO - [2023-07-09T16:01:09.249+0000] {dag.py:2726} INFO - Sync 1 DAGs
[2023-07-09T16:01:09.273+0000] {logging_mixin.py:149} INFO - [2023-07-09T16:01:09.273+0000] {dag.py:3490} INFO - Setting next_dagrun for example_branch_dop_operator_v3 to 2023-07-09T16:00:00+00:00, run_after=2023-07-09T16:01:00+00:00
[2023-07-09T16:01:09.286+0000] {processor.py:179} INFO - Processing /home/airflow/.local/lib/python3.7/site-packages/airflow/example_dags/example_branch_python_dop_operator_3.py took 0.090 seconds
[2023-07-09T16:01:39.397+0000] {processor.py:157} INFO - Started process (PID=189) to work on /home/airflow/.local/lib/python3.7/site-packages/airflow/example_dags/example_branch_python_dop_operator_3.py
[2023-07-09T16:01:39.400+0000] {processor.py:826} INFO - Processing file /home/airflow/.local/lib/python3.7/site-packages/airflow/example_dags/example_branch_python_dop_operator_3.py for tasks to queue
[2023-07-09T16:01:39.402+0000] {logging_mixin.py:149} INFO - [2023-07-09T16:01:39.401+0000] {dagbag.py:541} INFO - Filling up the DagBag from /home/airflow/.local/lib/python3.7/site-packages/airflow/example_dags/example_branch_python_dop_operator_3.py
[2023-07-09T16:01:39.415+0000] {processor.py:836} INFO - DAG(s) dict_keys(['example_branch_dop_operator_v3']) retrieved from /home/airflow/.local/lib/python3.7/site-packages/airflow/example_dags/example_branch_python_dop_operator_3.py
[2023-07-09T16:01:39.443+0000] {logging_mixin.py:149} INFO - [2023-07-09T16:01:39.443+0000] {dag.py:2726} INFO - Sync 1 DAGs
[2023-07-09T16:01:39.464+0000] {logging_mixin.py:149} INFO - [2023-07-09T16:01:39.464+0000] {dag.py:3490} INFO - Setting next_dagrun for example_branch_dop_operator_v3 to 2023-07-09T16:00:00+00:00, run_after=2023-07-09T16:01:00+00:00
[2023-07-09T16:01:39.477+0000] {processor.py:179} INFO - Processing /home/airflow/.local/lib/python3.7/site-packages/airflow/example_dags/example_branch_python_dop_operator_3.py took 0.088 seconds
[2023-07-09T16:02:10.458+0000] {processor.py:157} INFO - Started process (PID=250) to work on /home/airflow/.local/lib/python3.7/site-packages/airflow/example_dags/example_branch_python_dop_operator_3.py
[2023-07-09T16:02:10.460+0000] {processor.py:826} INFO - Processing file /home/airflow/.local/lib/python3.7/site-packages/airflow/example_dags/example_branch_python_dop_operator_3.py for tasks to queue
[2023-07-09T16:02:10.461+0000] {logging_mixin.py:149} INFO - [2023-07-09T16:02:10.461+0000] {dagbag.py:541} INFO - Filling up the DagBag from /home/airflow/.local/lib/python3.7/site-packages/airflow/example_dags/example_branch_python_dop_operator_3.py
[2023-07-09T16:02:10.473+0000] {processor.py:836} INFO - DAG(s) dict_keys(['example_branch_dop_operator_v3']) retrieved from /home/airflow/.local/lib/python3.7/site-packages/airflow/example_dags/example_branch_python_dop_operator_3.py
[2023-07-09T16:02:10.498+0000] {logging_mixin.py:149} INFO - [2023-07-09T16:02:10.498+0000] {dag.py:2726} INFO - Sync 1 DAGs
[2023-07-09T16:02:10.520+0000] {logging_mixin.py:149} INFO - [2023-07-09T16:02:10.520+0000] {dag.py:3490} INFO - Setting next_dagrun for example_branch_dop_operator_v3 to 2023-07-09T16:01:00+00:00, run_after=2023-07-09T16:02:00+00:00
[2023-07-09T16:02:10.531+0000] {processor.py:179} INFO - Processing /home/airflow/.local/lib/python3.7/site-packages/airflow/example_dags/example_branch_python_dop_operator_3.py took 0.077 seconds
[2023-07-09T16:02:40.935+0000] {processor.py:157} INFO - Started process (PID=311) to work on /home/airflow/.local/lib/python3.7/site-packages/airflow/example_dags/example_branch_python_dop_operator_3.py
[2023-07-09T16:02:40.937+0000] {processor.py:826} INFO - Processing file /home/airflow/.local/lib/python3.7/site-packages/airflow/example_dags/example_branch_python_dop_operator_3.py for tasks to queue
[2023-07-09T16:02:40.939+0000] {logging_mixin.py:149} INFO - [2023-07-09T16:02:40.939+0000] {dagbag.py:541} INFO - Filling up the DagBag from /home/airflow/.local/lib/python3.7/site-packages/airflow/example_dags/example_branch_python_dop_operator_3.py
[2023-07-09T16:02:40.949+0000] {processor.py:836} INFO - DAG(s) dict_keys(['example_branch_dop_operator_v3']) retrieved from /home/airflow/.local/lib/python3.7/site-packages/airflow/example_dags/example_branch_python_dop_operator_3.py
[2023-07-09T16:02:40.974+0000] {logging_mixin.py:149} INFO - [2023-07-09T16:02:40.974+0000] {dag.py:2726} INFO - Sync 1 DAGs
[2023-07-09T16:02:40.993+0000] {logging_mixin.py:149} INFO - [2023-07-09T16:02:40.993+0000] {dag.py:3490} INFO - Setting next_dagrun for example_branch_dop_operator_v3 to 2023-07-09T16:01:00+00:00, run_after=2023-07-09T16:02:00+00:00
[2023-07-09T16:02:41.005+0000] {processor.py:179} INFO - Processing /home/airflow/.local/lib/python3.7/site-packages/airflow/example_dags/example_branch_python_dop_operator_3.py took 0.077 seconds
[2023-07-09T16:03:11.525+0000] {processor.py:157} INFO - Started process (PID=372) to work on /home/airflow/.local/lib/python3.7/site-packages/airflow/example_dags/example_branch_python_dop_operator_3.py
[2023-07-09T16:03:11.529+0000] {processor.py:826} INFO - Processing file /home/airflow/.local/lib/python3.7/site-packages/airflow/example_dags/example_branch_python_dop_operator_3.py for tasks to queue
[2023-07-09T16:03:11.531+0000] {logging_mixin.py:149} INFO - [2023-07-09T16:03:11.531+0000] {dagbag.py:541} INFO - Filling up the DagBag from /home/airflow/.local/lib/python3.7/site-packages/airflow/example_dags/example_branch_python_dop_operator_3.py
[2023-07-09T16:03:11.541+0000] {processor.py:836} INFO - DAG(s) dict_keys(['example_branch_dop_operator_v3']) retrieved from /home/airflow/.local/lib/python3.7/site-packages/airflow/example_dags/example_branch_python_dop_operator_3.py
[2023-07-09T16:03:11.567+0000] {logging_mixin.py:149} INFO - [2023-07-09T16:03:11.566+0000] {dag.py:2726} INFO - Sync 1 DAGs
[2023-07-09T16:03:11.585+0000] {logging_mixin.py:149} INFO - [2023-07-09T16:03:11.585+0000] {dag.py:3490} INFO - Setting next_dagrun for example_branch_dop_operator_v3 to 2023-07-09T16:02:00+00:00, run_after=2023-07-09T16:03:00+00:00
[2023-07-09T16:03:11.597+0000] {processor.py:179} INFO - Processing /home/airflow/.local/lib/python3.7/site-packages/airflow/example_dags/example_branch_python_dop_operator_3.py took 0.077 seconds
[2023-07-09T16:03:42.082+0000] {processor.py:157} INFO - Started process (PID=433) to work on /home/airflow/.local/lib/python3.7/site-packages/airflow/example_dags/example_branch_python_dop_operator_3.py
[2023-07-09T16:03:42.086+0000] {processor.py:826} INFO - Processing file /home/airflow/.local/lib/python3.7/site-packages/airflow/example_dags/example_branch_python_dop_operator_3.py for tasks to queue
[2023-07-09T16:03:42.087+0000] {logging_mixin.py:149} INFO - [2023-07-09T16:03:42.087+0000] {dagbag.py:541} INFO - Filling up the DagBag from /home/airflow/.local/lib/python3.7/site-packages/airflow/example_dags/example_branch_python_dop_operator_3.py
[2023-07-09T16:03:42.098+0000] {processor.py:836} INFO - DAG(s) dict_keys(['example_branch_dop_operator_v3']) retrieved from /home/airflow/.local/lib/python3.7/site-packages/airflow/example_dags/example_branch_python_dop_operator_3.py
[2023-07-09T16:03:42.124+0000] {logging_mixin.py:149} INFO - [2023-07-09T16:03:42.123+0000] {dag.py:2726} INFO - Sync 1 DAGs
[2023-07-09T16:03:42.142+0000] {logging_mixin.py:149} INFO - [2023-07-09T16:03:42.142+0000] {dag.py:3490} INFO - Setting next_dagrun for example_branch_dop_operator_v3 to 2023-07-09T16:02:00+00:00, run_after=2023-07-09T16:03:00+00:00
[2023-07-09T16:03:42.154+0000] {processor.py:179} INFO - Processing /home/airflow/.local/lib/python3.7/site-packages/airflow/example_dags/example_branch_python_dop_operator_3.py took 0.081 seconds
[2023-07-09T16:04:12.875+0000] {processor.py:157} INFO - Started process (PID=494) to work on /home/airflow/.local/lib/python3.7/site-packages/airflow/example_dags/example_branch_python_dop_operator_3.py
[2023-07-09T16:04:12.878+0000] {processor.py:826} INFO - Processing file /home/airflow/.local/lib/python3.7/site-packages/airflow/example_dags/example_branch_python_dop_operator_3.py for tasks to queue
[2023-07-09T16:04:12.879+0000] {logging_mixin.py:149} INFO - [2023-07-09T16:04:12.879+0000] {dagbag.py:541} INFO - Filling up the DagBag from /home/airflow/.local/lib/python3.7/site-packages/airflow/example_dags/example_branch_python_dop_operator_3.py
[2023-07-09T16:04:12.889+0000] {processor.py:836} INFO - DAG(s) dict_keys(['example_branch_dop_operator_v3']) retrieved from /home/airflow/.local/lib/python3.7/site-packages/airflow/example_dags/example_branch_python_dop_operator_3.py
[2023-07-09T16:04:12.914+0000] {logging_mixin.py:149} INFO - [2023-07-09T16:04:12.914+0000] {dag.py:2726} INFO - Sync 1 DAGs
[2023-07-09T16:04:12.932+0000] {logging_mixin.py:149} INFO - [2023-07-09T16:04:12.932+0000] {dag.py:3490} INFO - Setting next_dagrun for example_branch_dop_operator_v3 to 2023-07-09T16:03:00+00:00, run_after=2023-07-09T16:04:00+00:00
[2023-07-09T16:04:12.944+0000] {processor.py:179} INFO - Processing /home/airflow/.local/lib/python3.7/site-packages/airflow/example_dags/example_branch_python_dop_operator_3.py took 0.075 seconds
[2023-07-09T16:04:43.521+0000] {processor.py:157} INFO - Started process (PID=555) to work on /home/airflow/.local/lib/python3.7/site-packages/airflow/example_dags/example_branch_python_dop_operator_3.py
[2023-07-09T16:04:43.524+0000] {processor.py:826} INFO - Processing file /home/airflow/.local/lib/python3.7/site-packages/airflow/example_dags/example_branch_python_dop_operator_3.py for tasks to queue
[2023-07-09T16:04:43.526+0000] {logging_mixin.py:149} INFO - [2023-07-09T16:04:43.525+0000] {dagbag.py:541} INFO - Filling up the DagBag from /home/airflow/.local/lib/python3.7/site-packages/airflow/example_dags/example_branch_python_dop_operator_3.py
[2023-07-09T16:04:43.537+0000] {processor.py:836} INFO - DAG(s) dict_keys(['example_branch_dop_operator_v3']) retrieved from /home/airflow/.local/lib/python3.7/site-packages/airflow/example_dags/example_branch_python_dop_operator_3.py
[2023-07-09T16:04:43.565+0000] {logging_mixin.py:149} INFO - [2023-07-09T16:04:43.565+0000] {dag.py:2726} INFO - Sync 1 DAGs
[2023-07-09T16:04:43.584+0000] {logging_mixin.py:149} INFO - [2023-07-09T16:04:43.584+0000] {dag.py:3490} INFO - Setting next_dagrun for example_branch_dop_operator_v3 to 2023-07-09T16:03:00+00:00, run_after=2023-07-09T16:04:00+00:00
[2023-07-09T16:04:43.599+0000] {processor.py:179} INFO - Processing /home/airflow/.local/lib/python3.7/site-packages/airflow/example_dags/example_branch_python_dop_operator_3.py took 0.086 seconds
[2023-07-09T16:05:13.982+0000] {processor.py:157} INFO - Started process (PID=616) to work on /home/airflow/.local/lib/python3.7/site-packages/airflow/example_dags/example_branch_python_dop_operator_3.py
[2023-07-09T16:05:13.985+0000] {processor.py:826} INFO - Processing file /home/airflow/.local/lib/python3.7/site-packages/airflow/example_dags/example_branch_python_dop_operator_3.py for tasks to queue
[2023-07-09T16:05:13.986+0000] {logging_mixin.py:149} INFO - [2023-07-09T16:05:13.986+0000] {dagbag.py:541} INFO - Filling up the DagBag from /home/airflow/.local/lib/python3.7/site-packages/airflow/example_dags/example_branch_python_dop_operator_3.py
[2023-07-09T16:05:13.997+0000] {processor.py:836} INFO - DAG(s) dict_keys(['example_branch_dop_operator_v3']) retrieved from /home/airflow/.local/lib/python3.7/site-packages/airflow/example_dags/example_branch_python_dop_operator_3.py
[2023-07-09T16:05:14.022+0000] {logging_mixin.py:149} INFO - [2023-07-09T16:05:14.022+0000] {dag.py:2726} INFO - Sync 1 DAGs
[2023-07-09T16:05:14.042+0000] {logging_mixin.py:149} INFO - [2023-07-09T16:05:14.041+0000] {dag.py:3490} INFO - Setting next_dagrun for example_branch_dop_operator_v3 to 2023-07-09T16:04:00+00:00, run_after=2023-07-09T16:05:00+00:00
[2023-07-09T16:05:14.053+0000] {processor.py:179} INFO - Processing /home/airflow/.local/lib/python3.7/site-packages/airflow/example_dags/example_branch_python_dop_operator_3.py took 0.079 seconds
[2023-07-09T16:05:44.513+0000] {processor.py:157} INFO - Started process (PID=677) to work on /home/airflow/.local/lib/python3.7/site-packages/airflow/example_dags/example_branch_python_dop_operator_3.py
[2023-07-09T16:05:44.516+0000] {processor.py:826} INFO - Processing file /home/airflow/.local/lib/python3.7/site-packages/airflow/example_dags/example_branch_python_dop_operator_3.py for tasks to queue
[2023-07-09T16:05:44.517+0000] {logging_mixin.py:149} INFO - [2023-07-09T16:05:44.517+0000] {dagbag.py:541} INFO - Filling up the DagBag from /home/airflow/.local/lib/python3.7/site-packages/airflow/example_dags/example_branch_python_dop_operator_3.py
[2023-07-09T16:05:44.527+0000] {processor.py:836} INFO - DAG(s) dict_keys(['example_branch_dop_operator_v3']) retrieved from /home/airflow/.local/lib/python3.7/site-packages/airflow/example_dags/example_branch_python_dop_operator_3.py
[2023-07-09T16:05:44.552+0000] {logging_mixin.py:149} INFO - [2023-07-09T16:05:44.552+0000] {dag.py:2726} INFO - Sync 1 DAGs
[2023-07-09T16:05:44.570+0000] {logging_mixin.py:149} INFO - [2023-07-09T16:05:44.570+0000] {dag.py:3490} INFO - Setting next_dagrun for example_branch_dop_operator_v3 to 2023-07-09T16:04:00+00:00, run_after=2023-07-09T16:05:00+00:00
[2023-07-09T16:05:44.581+0000] {processor.py:179} INFO - Processing /home/airflow/.local/lib/python3.7/site-packages/airflow/example_dags/example_branch_python_dop_operator_3.py took 0.074 seconds
[2023-07-09T16:06:15.126+0000] {processor.py:157} INFO - Started process (PID=738) to work on /home/airflow/.local/lib/python3.7/site-packages/airflow/example_dags/example_branch_python_dop_operator_3.py
[2023-07-09T16:06:15.127+0000] {processor.py:826} INFO - Processing file /home/airflow/.local/lib/python3.7/site-packages/airflow/example_dags/example_branch_python_dop_operator_3.py for tasks to queue
[2023-07-09T16:06:15.128+0000] {logging_mixin.py:149} INFO - [2023-07-09T16:06:15.128+0000] {dagbag.py:541} INFO - Filling up the DagBag from /home/airflow/.local/lib/python3.7/site-packages/airflow/example_dags/example_branch_python_dop_operator_3.py
[2023-07-09T16:06:15.138+0000] {processor.py:836} INFO - DAG(s) dict_keys(['example_branch_dop_operator_v3']) retrieved from /home/airflow/.local/lib/python3.7/site-packages/airflow/example_dags/example_branch_python_dop_operator_3.py
[2023-07-09T16:06:15.166+0000] {logging_mixin.py:149} INFO - [2023-07-09T16:06:15.166+0000] {dag.py:2726} INFO - Sync 1 DAGs
[2023-07-09T16:06:15.190+0000] {logging_mixin.py:149} INFO - [2023-07-09T16:06:15.190+0000] {dag.py:3490} INFO - Setting next_dagrun for example_branch_dop_operator_v3 to 2023-07-09T16:05:00+00:00, run_after=2023-07-09T16:06:00+00:00
[2023-07-09T16:06:15.205+0000] {processor.py:179} INFO - Processing /home/airflow/.local/lib/python3.7/site-packages/airflow/example_dags/example_branch_python_dop_operator_3.py took 0.084 seconds
[2023-07-09T16:06:45.469+0000] {processor.py:157} INFO - Started process (PID=799) to work on /home/airflow/.local/lib/python3.7/site-packages/airflow/example_dags/example_branch_python_dop_operator_3.py
[2023-07-09T16:06:45.472+0000] {processor.py:826} INFO - Processing file /home/airflow/.local/lib/python3.7/site-packages/airflow/example_dags/example_branch_python_dop_operator_3.py for tasks to queue
[2023-07-09T16:06:45.473+0000] {logging_mixin.py:149} INFO - [2023-07-09T16:06:45.473+0000] {dagbag.py:541} INFO - Filling up the DagBag from /home/airflow/.local/lib/python3.7/site-packages/airflow/example_dags/example_branch_python_dop_operator_3.py
[2023-07-09T16:06:45.486+0000] {processor.py:836} INFO - DAG(s) dict_keys(['example_branch_dop_operator_v3']) retrieved from /home/airflow/.local/lib/python3.7/site-packages/airflow/example_dags/example_branch_python_dop_operator_3.py
[2023-07-09T16:06:45.515+0000] {logging_mixin.py:149} INFO - [2023-07-09T16:06:45.515+0000] {dag.py:2726} INFO - Sync 1 DAGs
[2023-07-09T16:06:45.536+0000] {logging_mixin.py:149} INFO - [2023-07-09T16:06:45.536+0000] {dag.py:3490} INFO - Setting next_dagrun for example_branch_dop_operator_v3 to 2023-07-09T16:05:00+00:00, run_after=2023-07-09T16:06:00+00:00
[2023-07-09T16:06:45.547+0000] {processor.py:179} INFO - Processing /home/airflow/.local/lib/python3.7/site-packages/airflow/example_dags/example_branch_python_dop_operator_3.py took 0.085 seconds
[2023-07-09T16:07:15.774+0000] {processor.py:157} INFO - Started process (PID=860) to work on /home/airflow/.local/lib/python3.7/site-packages/airflow/example_dags/example_branch_python_dop_operator_3.py
[2023-07-09T16:07:15.775+0000] {processor.py:826} INFO - Processing file /home/airflow/.local/lib/python3.7/site-packages/airflow/example_dags/example_branch_python_dop_operator_3.py for tasks to queue
[2023-07-09T16:07:15.776+0000] {logging_mixin.py:149} INFO - [2023-07-09T16:07:15.776+0000] {dagbag.py:541} INFO - Filling up the DagBag from /home/airflow/.local/lib/python3.7/site-packages/airflow/example_dags/example_branch_python_dop_operator_3.py
[2023-07-09T16:07:15.790+0000] {processor.py:836} INFO - DAG(s) dict_keys(['example_branch_dop_operator_v3']) retrieved from /home/airflow/.local/lib/python3.7/site-packages/airflow/example_dags/example_branch_python_dop_operator_3.py
[2023-07-09T16:07:15.857+0000] {logging_mixin.py:149} INFO - [2023-07-09T16:07:15.857+0000] {dag.py:2726} INFO - Sync 1 DAGs
[2023-07-09T16:07:15.905+0000] {logging_mixin.py:149} INFO - [2023-07-09T16:07:15.905+0000] {dag.py:3490} INFO - Setting next_dagrun for example_branch_dop_operator_v3 to 2023-07-09T16:06:00+00:00, run_after=2023-07-09T16:07:00+00:00
[2023-07-09T16:07:15.923+0000] {processor.py:179} INFO - Processing /home/airflow/.local/lib/python3.7/site-packages/airflow/example_dags/example_branch_python_dop_operator_3.py took 0.153 seconds
[2023-07-09T16:07:46.228+0000] {processor.py:157} INFO - Started process (PID=921) to work on /home/airflow/.local/lib/python3.7/site-packages/airflow/example_dags/example_branch_python_dop_operator_3.py
[2023-07-09T16:07:46.231+0000] {processor.py:826} INFO - Processing file /home/airflow/.local/lib/python3.7/site-packages/airflow/example_dags/example_branch_python_dop_operator_3.py for tasks to queue
[2023-07-09T16:07:46.232+0000] {logging_mixin.py:149} INFO - [2023-07-09T16:07:46.232+0000] {dagbag.py:541} INFO - Filling up the DagBag from /home/airflow/.local/lib/python3.7/site-packages/airflow/example_dags/example_branch_python_dop_operator_3.py
[2023-07-09T16:07:46.244+0000] {processor.py:836} INFO - DAG(s) dict_keys(['example_branch_dop_operator_v3']) retrieved from /home/airflow/.local/lib/python3.7/site-packages/airflow/example_dags/example_branch_python_dop_operator_3.py
[2023-07-09T16:07:46.277+0000] {logging_mixin.py:149} INFO - [2023-07-09T16:07:46.277+0000] {dag.py:2726} INFO - Sync 1 DAGs
[2023-07-09T16:07:46.299+0000] {logging_mixin.py:149} INFO - [2023-07-09T16:07:46.299+0000] {dag.py:3490} INFO - Setting next_dagrun for example_branch_dop_operator_v3 to 2023-07-09T16:06:00+00:00, run_after=2023-07-09T16:07:00+00:00
[2023-07-09T16:07:46.311+0000] {processor.py:179} INFO - Processing /home/airflow/.local/lib/python3.7/site-packages/airflow/example_dags/example_branch_python_dop_operator_3.py took 0.089 seconds
[2023-07-09T16:08:16.607+0000] {processor.py:157} INFO - Started process (PID=982) to work on /home/airflow/.local/lib/python3.7/site-packages/airflow/example_dags/example_branch_python_dop_operator_3.py
[2023-07-09T16:08:16.609+0000] {processor.py:826} INFO - Processing file /home/airflow/.local/lib/python3.7/site-packages/airflow/example_dags/example_branch_python_dop_operator_3.py for tasks to queue
[2023-07-09T16:08:16.611+0000] {logging_mixin.py:149} INFO - [2023-07-09T16:08:16.611+0000] {dagbag.py:541} INFO - Filling up the DagBag from /home/airflow/.local/lib/python3.7/site-packages/airflow/example_dags/example_branch_python_dop_operator_3.py
[2023-07-09T16:08:16.622+0000] {processor.py:836} INFO - DAG(s) dict_keys(['example_branch_dop_operator_v3']) retrieved from /home/airflow/.local/lib/python3.7/site-packages/airflow/example_dags/example_branch_python_dop_operator_3.py
[2023-07-09T16:08:16.647+0000] {logging_mixin.py:149} INFO - [2023-07-09T16:08:16.647+0000] {dag.py:2726} INFO - Sync 1 DAGs
[2023-07-09T16:08:16.669+0000] {logging_mixin.py:149} INFO - [2023-07-09T16:08:16.669+0000] {dag.py:3490} INFO - Setting next_dagrun for example_branch_dop_operator_v3 to 2023-07-09T16:07:00+00:00, run_after=2023-07-09T16:08:00+00:00
[2023-07-09T16:08:16.681+0000] {processor.py:179} INFO - Processing /home/airflow/.local/lib/python3.7/site-packages/airflow/example_dags/example_branch_python_dop_operator_3.py took 0.081 seconds
[2023-07-09T16:08:47.497+0000] {processor.py:157} INFO - Started process (PID=1043) to work on /home/airflow/.local/lib/python3.7/site-packages/airflow/example_dags/example_branch_python_dop_operator_3.py
[2023-07-09T16:08:47.500+0000] {processor.py:826} INFO - Processing file /home/airflow/.local/lib/python3.7/site-packages/airflow/example_dags/example_branch_python_dop_operator_3.py for tasks to queue
[2023-07-09T16:08:47.502+0000] {logging_mixin.py:149} INFO - [2023-07-09T16:08:47.501+0000] {dagbag.py:541} INFO - Filling up the DagBag from /home/airflow/.local/lib/python3.7/site-packages/airflow/example_dags/example_branch_python_dop_operator_3.py
[2023-07-09T16:08:47.513+0000] {processor.py:836} INFO - DAG(s) dict_keys(['example_branch_dop_operator_v3']) retrieved from /home/airflow/.local/lib/python3.7/site-packages/airflow/example_dags/example_branch_python_dop_operator_3.py
[2023-07-09T16:08:47.541+0000] {logging_mixin.py:149} INFO - [2023-07-09T16:08:47.541+0000] {dag.py:2726} INFO - Sync 1 DAGs
[2023-07-09T16:08:47.567+0000] {logging_mixin.py:149} INFO - [2023-07-09T16:08:47.566+0000] {dag.py:3490} INFO - Setting next_dagrun for example_branch_dop_operator_v3 to 2023-07-09T16:07:00+00:00, run_after=2023-07-09T16:08:00+00:00
[2023-07-09T16:08:47.584+0000] {processor.py:179} INFO - Processing /home/airflow/.local/lib/python3.7/site-packages/airflow/example_dags/example_branch_python_dop_operator_3.py took 0.093 seconds
[2023-07-09T16:09:17.834+0000] {processor.py:157} INFO - Started process (PID=1104) to work on /home/airflow/.local/lib/python3.7/site-packages/airflow/example_dags/example_branch_python_dop_operator_3.py
[2023-07-09T16:09:17.835+0000] {processor.py:826} INFO - Processing file /home/airflow/.local/lib/python3.7/site-packages/airflow/example_dags/example_branch_python_dop_operator_3.py for tasks to queue
[2023-07-09T16:09:17.836+0000] {logging_mixin.py:149} INFO - [2023-07-09T16:09:17.836+0000] {dagbag.py:541} INFO - Filling up the DagBag from /home/airflow/.local/lib/python3.7/site-packages/airflow/example_dags/example_branch_python_dop_operator_3.py
[2023-07-09T16:09:17.843+0000] {processor.py:836} INFO - DAG(s) dict_keys(['example_branch_dop_operator_v3']) retrieved from /home/airflow/.local/lib/python3.7/site-packages/airflow/example_dags/example_branch_python_dop_operator_3.py
[2023-07-09T16:09:17.863+0000] {logging_mixin.py:149} INFO - [2023-07-09T16:09:17.863+0000] {dag.py:2726} INFO - Sync 1 DAGs
[2023-07-09T16:09:17.882+0000] {logging_mixin.py:149} INFO - [2023-07-09T16:09:17.882+0000] {dag.py:3490} INFO - Setting next_dagrun for example_branch_dop_operator_v3 to 2023-07-09T16:08:00+00:00, run_after=2023-07-09T16:09:00+00:00
[2023-07-09T16:09:17.894+0000] {processor.py:179} INFO - Processing /home/airflow/.local/lib/python3.7/site-packages/airflow/example_dags/example_branch_python_dop_operator_3.py took 0.063 seconds
[2023-07-09T16:09:48.136+0000] {processor.py:157} INFO - Started process (PID=1164) to work on /home/airflow/.local/lib/python3.7/site-packages/airflow/example_dags/example_branch_python_dop_operator_3.py
[2023-07-09T16:09:48.138+0000] {processor.py:826} INFO - Processing file /home/airflow/.local/lib/python3.7/site-packages/airflow/example_dags/example_branch_python_dop_operator_3.py for tasks to queue
[2023-07-09T16:09:48.139+0000] {logging_mixin.py:149} INFO - [2023-07-09T16:09:48.139+0000] {dagbag.py:541} INFO - Filling up the DagBag from /home/airflow/.local/lib/python3.7/site-packages/airflow/example_dags/example_branch_python_dop_operator_3.py
[2023-07-09T16:09:48.150+0000] {processor.py:836} INFO - DAG(s) dict_keys(['example_branch_dop_operator_v3']) retrieved from /home/airflow/.local/lib/python3.7/site-packages/airflow/example_dags/example_branch_python_dop_operator_3.py
[2023-07-09T16:09:48.171+0000] {logging_mixin.py:149} INFO - [2023-07-09T16:09:48.171+0000] {dag.py:2726} INFO - Sync 1 DAGs
[2023-07-09T16:09:48.189+0000] {logging_mixin.py:149} INFO - [2023-07-09T16:09:48.189+0000] {dag.py:3490} INFO - Setting next_dagrun for example_branch_dop_operator_v3 to 2023-07-09T16:08:00+00:00, run_after=2023-07-09T16:09:00+00:00
[2023-07-09T16:09:48.200+0000] {processor.py:179} INFO - Processing /home/airflow/.local/lib/python3.7/site-packages/airflow/example_dags/example_branch_python_dop_operator_3.py took 0.070 seconds
[2023-07-09T16:10:18.545+0000] {processor.py:157} INFO - Started process (PID=1225) to work on /home/airflow/.local/lib/python3.7/site-packages/airflow/example_dags/example_branch_python_dop_operator_3.py
[2023-07-09T16:10:18.547+0000] {processor.py:826} INFO - Processing file /home/airflow/.local/lib/python3.7/site-packages/airflow/example_dags/example_branch_python_dop_operator_3.py for tasks to queue
[2023-07-09T16:10:18.552+0000] {logging_mixin.py:149} INFO - [2023-07-09T16:10:18.552+0000] {dagbag.py:541} INFO - Filling up the DagBag from /home/airflow/.local/lib/python3.7/site-packages/airflow/example_dags/example_branch_python_dop_operator_3.py
[2023-07-09T16:10:18.561+0000] {processor.py:836} INFO - DAG(s) dict_keys(['example_branch_dop_operator_v3']) retrieved from /home/airflow/.local/lib/python3.7/site-packages/airflow/example_dags/example_branch_python_dop_operator_3.py
[2023-07-09T16:10:18.587+0000] {logging_mixin.py:149} INFO - [2023-07-09T16:10:18.587+0000] {dag.py:2726} INFO - Sync 1 DAGs
[2023-07-09T16:10:18.606+0000] {logging_mixin.py:149} INFO - [2023-07-09T16:10:18.605+0000] {dag.py:3490} INFO - Setting next_dagrun for example_branch_dop_operator_v3 to 2023-07-09T16:09:00+00:00, run_after=2023-07-09T16:10:00+00:00
[2023-07-09T16:10:18.618+0000] {processor.py:179} INFO - Processing /home/airflow/.local/lib/python3.7/site-packages/airflow/example_dags/example_branch_python_dop_operator_3.py took 0.079 seconds
[2023-07-09T16:10:48.878+0000] {processor.py:157} INFO - Started process (PID=1286) to work on /home/airflow/.local/lib/python3.7/site-packages/airflow/example_dags/example_branch_python_dop_operator_3.py
[2023-07-09T16:10:48.880+0000] {processor.py:826} INFO - Processing file /home/airflow/.local/lib/python3.7/site-packages/airflow/example_dags/example_branch_python_dop_operator_3.py for tasks to queue
[2023-07-09T16:10:48.882+0000] {logging_mixin.py:149} INFO - [2023-07-09T16:10:48.882+0000] {dagbag.py:541} INFO - Filling up the DagBag from /home/airflow/.local/lib/python3.7/site-packages/airflow/example_dags/example_branch_python_dop_operator_3.py
[2023-07-09T16:10:48.894+0000] {processor.py:836} INFO - DAG(s) dict_keys(['example_branch_dop_operator_v3']) retrieved from /home/airflow/.local/lib/python3.7/site-packages/airflow/example_dags/example_branch_python_dop_operator_3.py
[2023-07-09T16:10:48.923+0000] {logging_mixin.py:149} INFO - [2023-07-09T16:10:48.922+0000] {dag.py:2726} INFO - Sync 1 DAGs
[2023-07-09T16:10:48.943+0000] {logging_mixin.py:149} INFO - [2023-07-09T16:10:48.943+0000] {dag.py:3490} INFO - Setting next_dagrun for example_branch_dop_operator_v3 to 2023-07-09T16:09:00+00:00, run_after=2023-07-09T16:10:00+00:00
[2023-07-09T16:10:48.962+0000] {processor.py:179} INFO - Processing /home/airflow/.local/lib/python3.7/site-packages/airflow/example_dags/example_branch_python_dop_operator_3.py took 0.091 seconds
[2023-07-09T16:11:19.122+0000] {processor.py:157} INFO - Started process (PID=1348) to work on /home/airflow/.local/lib/python3.7/site-packages/airflow/example_dags/example_branch_python_dop_operator_3.py
[2023-07-09T16:11:19.125+0000] {processor.py:826} INFO - Processing file /home/airflow/.local/lib/python3.7/site-packages/airflow/example_dags/example_branch_python_dop_operator_3.py for tasks to queue
[2023-07-09T16:11:19.126+0000] {logging_mixin.py:149} INFO - [2023-07-09T16:11:19.126+0000] {dagbag.py:541} INFO - Filling up the DagBag from /home/airflow/.local/lib/python3.7/site-packages/airflow/example_dags/example_branch_python_dop_operator_3.py
[2023-07-09T16:11:19.133+0000] {processor.py:836} INFO - DAG(s) dict_keys(['example_branch_dop_operator_v3']) retrieved from /home/airflow/.local/lib/python3.7/site-packages/airflow/example_dags/example_branch_python_dop_operator_3.py
[2023-07-09T16:11:19.156+0000] {logging_mixin.py:149} INFO - [2023-07-09T16:11:19.156+0000] {dag.py:2726} INFO - Sync 1 DAGs
[2023-07-09T16:11:19.180+0000] {logging_mixin.py:149} INFO - [2023-07-09T16:11:19.180+0000] {dag.py:3490} INFO - Setting next_dagrun for example_branch_dop_operator_v3 to 2023-07-09T16:10:00+00:00, run_after=2023-07-09T16:11:00+00:00
[2023-07-09T16:11:19.201+0000] {processor.py:179} INFO - Processing /home/airflow/.local/lib/python3.7/site-packages/airflow/example_dags/example_branch_python_dop_operator_3.py took 0.082 seconds
[2023-07-09T16:11:49.641+0000] {processor.py:157} INFO - Started process (PID=1409) to work on /home/airflow/.local/lib/python3.7/site-packages/airflow/example_dags/example_branch_python_dop_operator_3.py
[2023-07-09T16:11:49.642+0000] {processor.py:826} INFO - Processing file /home/airflow/.local/lib/python3.7/site-packages/airflow/example_dags/example_branch_python_dop_operator_3.py for tasks to queue
[2023-07-09T16:11:49.643+0000] {logging_mixin.py:149} INFO - [2023-07-09T16:11:49.643+0000] {dagbag.py:541} INFO - Filling up the DagBag from /home/airflow/.local/lib/python3.7/site-packages/airflow/example_dags/example_branch_python_dop_operator_3.py
[2023-07-09T16:11:49.655+0000] {processor.py:836} INFO - DAG(s) dict_keys(['example_branch_dop_operator_v3']) retrieved from /home/airflow/.local/lib/python3.7/site-packages/airflow/example_dags/example_branch_python_dop_operator_3.py
[2023-07-09T16:11:49.692+0000] {logging_mixin.py:149} INFO - [2023-07-09T16:11:49.692+0000] {dag.py:2726} INFO - Sync 1 DAGs
[2023-07-09T16:11:49.715+0000] {logging_mixin.py:149} INFO - [2023-07-09T16:11:49.715+0000] {dag.py:3490} INFO - Setting next_dagrun for example_branch_dop_operator_v3 to 2023-07-09T16:10:00+00:00, run_after=2023-07-09T16:11:00+00:00
[2023-07-09T16:11:49.728+0000] {processor.py:179} INFO - Processing /home/airflow/.local/lib/python3.7/site-packages/airflow/example_dags/example_branch_python_dop_operator_3.py took 0.091 seconds
[2023-07-09T16:12:20.059+0000] {processor.py:157} INFO - Started process (PID=1470) to work on /home/airflow/.local/lib/python3.7/site-packages/airflow/example_dags/example_branch_python_dop_operator_3.py
[2023-07-09T16:12:20.061+0000] {processor.py:826} INFO - Processing file /home/airflow/.local/lib/python3.7/site-packages/airflow/example_dags/example_branch_python_dop_operator_3.py for tasks to queue
[2023-07-09T16:12:20.063+0000] {logging_mixin.py:149} INFO - [2023-07-09T16:12:20.063+0000] {dagbag.py:541} INFO - Filling up the DagBag from /home/airflow/.local/lib/python3.7/site-packages/airflow/example_dags/example_branch_python_dop_operator_3.py
[2023-07-09T16:12:20.073+0000] {processor.py:836} INFO - DAG(s) dict_keys(['example_branch_dop_operator_v3']) retrieved from /home/airflow/.local/lib/python3.7/site-packages/airflow/example_dags/example_branch_python_dop_operator_3.py
[2023-07-09T16:12:20.098+0000] {logging_mixin.py:149} INFO - [2023-07-09T16:12:20.098+0000] {dag.py:2726} INFO - Sync 1 DAGs
[2023-07-09T16:12:20.117+0000] {logging_mixin.py:149} INFO - [2023-07-09T16:12:20.117+0000] {dag.py:3490} INFO - Setting next_dagrun for example_branch_dop_operator_v3 to 2023-07-09T16:11:00+00:00, run_after=2023-07-09T16:12:00+00:00
[2023-07-09T16:12:20.129+0000] {processor.py:179} INFO - Processing /home/airflow/.local/lib/python3.7/site-packages/airflow/example_dags/example_branch_python_dop_operator_3.py took 0.076 seconds
[2023-07-09T16:12:50.295+0000] {processor.py:157} INFO - Started process (PID=1531) to work on /home/airflow/.local/lib/python3.7/site-packages/airflow/example_dags/example_branch_python_dop_operator_3.py
[2023-07-09T16:12:50.297+0000] {processor.py:826} INFO - Processing file /home/airflow/.local/lib/python3.7/site-packages/airflow/example_dags/example_branch_python_dop_operator_3.py for tasks to queue
[2023-07-09T16:12:50.299+0000] {logging_mixin.py:149} INFO - [2023-07-09T16:12:50.298+0000] {dagbag.py:541} INFO - Filling up the DagBag from /home/airflow/.local/lib/python3.7/site-packages/airflow/example_dags/example_branch_python_dop_operator_3.py
[2023-07-09T16:12:50.316+0000] {processor.py:836} INFO - DAG(s) dict_keys(['example_branch_dop_operator_v3']) retrieved from /home/airflow/.local/lib/python3.7/site-packages/airflow/example_dags/example_branch_python_dop_operator_3.py
[2023-07-09T16:12:50.342+0000] {logging_mixin.py:149} INFO - [2023-07-09T16:12:50.342+0000] {dag.py:2726} INFO - Sync 1 DAGs
[2023-07-09T16:12:50.361+0000] {logging_mixin.py:149} INFO - [2023-07-09T16:12:50.361+0000] {dag.py:3490} INFO - Setting next_dagrun for example_branch_dop_operator_v3 to 2023-07-09T16:11:00+00:00, run_after=2023-07-09T16:12:00+00:00
[2023-07-09T16:12:50.372+0000] {processor.py:179} INFO - Processing /home/airflow/.local/lib/python3.7/site-packages/airflow/example_dags/example_branch_python_dop_operator_3.py took 0.084 seconds
[2023-07-09T16:13:20.755+0000] {processor.py:157} INFO - Started process (PID=1592) to work on /home/airflow/.local/lib/python3.7/site-packages/airflow/example_dags/example_branch_python_dop_operator_3.py
[2023-07-09T16:13:20.757+0000] {processor.py:826} INFO - Processing file /home/airflow/.local/lib/python3.7/site-packages/airflow/example_dags/example_branch_python_dop_operator_3.py for tasks to queue
[2023-07-09T16:13:20.758+0000] {logging_mixin.py:149} INFO - [2023-07-09T16:13:20.758+0000] {dagbag.py:541} INFO - Filling up the DagBag from /home/airflow/.local/lib/python3.7/site-packages/airflow/example_dags/example_branch_python_dop_operator_3.py
[2023-07-09T16:13:20.767+0000] {processor.py:836} INFO - DAG(s) dict_keys(['example_branch_dop_operator_v3']) retrieved from /home/airflow/.local/lib/python3.7/site-packages/airflow/example_dags/example_branch_python_dop_operator_3.py
[2023-07-09T16:13:20.792+0000] {logging_mixin.py:149} INFO - [2023-07-09T16:13:20.792+0000] {dag.py:2726} INFO - Sync 1 DAGs
[2023-07-09T16:13:20.811+0000] {logging_mixin.py:149} INFO - [2023-07-09T16:13:20.811+0000] {dag.py:3490} INFO - Setting next_dagrun for example_branch_dop_operator_v3 to 2023-07-09T16:12:00+00:00, run_after=2023-07-09T16:13:00+00:00
[2023-07-09T16:13:20.822+0000] {processor.py:179} INFO - Processing /home/airflow/.local/lib/python3.7/site-packages/airflow/example_dags/example_branch_python_dop_operator_3.py took 0.071 seconds
[2023-07-09T16:13:50.897+0000] {processor.py:157} INFO - Started process (PID=1653) to work on /home/airflow/.local/lib/python3.7/site-packages/airflow/example_dags/example_branch_python_dop_operator_3.py
[2023-07-09T16:13:50.899+0000] {processor.py:826} INFO - Processing file /home/airflow/.local/lib/python3.7/site-packages/airflow/example_dags/example_branch_python_dop_operator_3.py for tasks to queue
[2023-07-09T16:13:50.900+0000] {logging_mixin.py:149} INFO - [2023-07-09T16:13:50.900+0000] {dagbag.py:541} INFO - Filling up the DagBag from /home/airflow/.local/lib/python3.7/site-packages/airflow/example_dags/example_branch_python_dop_operator_3.py
[2023-07-09T16:13:50.908+0000] {processor.py:836} INFO - DAG(s) dict_keys(['example_branch_dop_operator_v3']) retrieved from /home/airflow/.local/lib/python3.7/site-packages/airflow/example_dags/example_branch_python_dop_operator_3.py
[2023-07-09T16:13:50.930+0000] {logging_mixin.py:149} INFO - [2023-07-09T16:13:50.930+0000] {dag.py:2726} INFO - Sync 1 DAGs
[2023-07-09T16:13:50.948+0000] {logging_mixin.py:149} INFO - [2023-07-09T16:13:50.948+0000] {dag.py:3490} INFO - Setting next_dagrun for example_branch_dop_operator_v3 to 2023-07-09T16:12:00+00:00, run_after=2023-07-09T16:13:00+00:00
[2023-07-09T16:13:50.960+0000] {processor.py:179} INFO - Processing /home/airflow/.local/lib/python3.7/site-packages/airflow/example_dags/example_branch_python_dop_operator_3.py took 0.067 seconds
[2023-07-09T16:14:21.399+0000] {processor.py:157} INFO - Started process (PID=1714) to work on /home/airflow/.local/lib/python3.7/site-packages/airflow/example_dags/example_branch_python_dop_operator_3.py
[2023-07-09T16:14:21.401+0000] {processor.py:826} INFO - Processing file /home/airflow/.local/lib/python3.7/site-packages/airflow/example_dags/example_branch_python_dop_operator_3.py for tasks to queue
[2023-07-09T16:14:21.403+0000] {logging_mixin.py:149} INFO - [2023-07-09T16:14:21.402+0000] {dagbag.py:541} INFO - Filling up the DagBag from /home/airflow/.local/lib/python3.7/site-packages/airflow/example_dags/example_branch_python_dop_operator_3.py
[2023-07-09T16:14:21.412+0000] {processor.py:836} INFO - DAG(s) dict_keys(['example_branch_dop_operator_v3']) retrieved from /home/airflow/.local/lib/python3.7/site-packages/airflow/example_dags/example_branch_python_dop_operator_3.py
[2023-07-09T16:14:21.437+0000] {logging_mixin.py:149} INFO - [2023-07-09T16:14:21.437+0000] {dag.py:2726} INFO - Sync 1 DAGs
[2023-07-09T16:14:21.456+0000] {logging_mixin.py:149} INFO - [2023-07-09T16:14:21.456+0000] {dag.py:3490} INFO - Setting next_dagrun for example_branch_dop_operator_v3 to 2023-07-09T16:13:00+00:00, run_after=2023-07-09T16:14:00+00:00
[2023-07-09T16:14:21.468+0000] {processor.py:179} INFO - Processing /home/airflow/.local/lib/python3.7/site-packages/airflow/example_dags/example_branch_python_dop_operator_3.py took 0.075 seconds
[2023-07-09T16:14:52.033+0000] {processor.py:157} INFO - Started process (PID=1775) to work on /home/airflow/.local/lib/python3.7/site-packages/airflow/example_dags/example_branch_python_dop_operator_3.py
[2023-07-09T16:14:52.036+0000] {processor.py:826} INFO - Processing file /home/airflow/.local/lib/python3.7/site-packages/airflow/example_dags/example_branch_python_dop_operator_3.py for tasks to queue
[2023-07-09T16:14:52.038+0000] {logging_mixin.py:149} INFO - [2023-07-09T16:14:52.038+0000] {dagbag.py:541} INFO - Filling up the DagBag from /home/airflow/.local/lib/python3.7/site-packages/airflow/example_dags/example_branch_python_dop_operator_3.py
[2023-07-09T16:14:52.048+0000] {processor.py:836} INFO - DAG(s) dict_keys(['example_branch_dop_operator_v3']) retrieved from /home/airflow/.local/lib/python3.7/site-packages/airflow/example_dags/example_branch_python_dop_operator_3.py
[2023-07-09T16:14:52.073+0000] {logging_mixin.py:149} INFO - [2023-07-09T16:14:52.072+0000] {dag.py:2726} INFO - Sync 1 DAGs
[2023-07-09T16:14:52.091+0000] {logging_mixin.py:149} INFO - [2023-07-09T16:14:52.091+0000] {dag.py:3490} INFO - Setting next_dagrun for example_branch_dop_operator_v3 to 2023-07-09T16:13:00+00:00, run_after=2023-07-09T16:14:00+00:00
[2023-07-09T16:14:52.102+0000] {processor.py:179} INFO - Processing /home/airflow/.local/lib/python3.7/site-packages/airflow/example_dags/example_branch_python_dop_operator_3.py took 0.076 seconds
[2023-07-09T16:15:22.622+0000] {processor.py:157} INFO - Started process (PID=1836) to work on /home/airflow/.local/lib/python3.7/site-packages/airflow/example_dags/example_branch_python_dop_operator_3.py
[2023-07-09T16:15:22.625+0000] {processor.py:826} INFO - Processing file /home/airflow/.local/lib/python3.7/site-packages/airflow/example_dags/example_branch_python_dop_operator_3.py for tasks to queue
[2023-07-09T16:15:22.626+0000] {logging_mixin.py:149} INFO - [2023-07-09T16:15:22.626+0000] {dagbag.py:541} INFO - Filling up the DagBag from /home/airflow/.local/lib/python3.7/site-packages/airflow/example_dags/example_branch_python_dop_operator_3.py
[2023-07-09T16:15:22.636+0000] {processor.py:836} INFO - DAG(s) dict_keys(['example_branch_dop_operator_v3']) retrieved from /home/airflow/.local/lib/python3.7/site-packages/airflow/example_dags/example_branch_python_dop_operator_3.py
[2023-07-09T16:15:22.662+0000] {logging_mixin.py:149} INFO - [2023-07-09T16:15:22.662+0000] {dag.py:2726} INFO - Sync 1 DAGs
[2023-07-09T16:15:22.680+0000] {logging_mixin.py:149} INFO - [2023-07-09T16:15:22.680+0000] {dag.py:3490} INFO - Setting next_dagrun for example_branch_dop_operator_v3 to 2023-07-09T16:14:00+00:00, run_after=2023-07-09T16:15:00+00:00
[2023-07-09T16:15:22.691+0000] {processor.py:179} INFO - Processing /home/airflow/.local/lib/python3.7/site-packages/airflow/example_dags/example_branch_python_dop_operator_3.py took 0.075 seconds
[2023-07-09T16:15:53.407+0000] {processor.py:157} INFO - Started process (PID=1897) to work on /home/airflow/.local/lib/python3.7/site-packages/airflow/example_dags/example_branch_python_dop_operator_3.py
[2023-07-09T16:15:53.410+0000] {processor.py:826} INFO - Processing file /home/airflow/.local/lib/python3.7/site-packages/airflow/example_dags/example_branch_python_dop_operator_3.py for tasks to queue
[2023-07-09T16:15:53.412+0000] {logging_mixin.py:149} INFO - [2023-07-09T16:15:53.411+0000] {dagbag.py:541} INFO - Filling up the DagBag from /home/airflow/.local/lib/python3.7/site-packages/airflow/example_dags/example_branch_python_dop_operator_3.py
[2023-07-09T16:15:53.424+0000] {processor.py:836} INFO - DAG(s) dict_keys(['example_branch_dop_operator_v3']) retrieved from /home/airflow/.local/lib/python3.7/site-packages/airflow/example_dags/example_branch_python_dop_operator_3.py
[2023-07-09T16:15:53.451+0000] {logging_mixin.py:149} INFO - [2023-07-09T16:15:53.451+0000] {dag.py:2726} INFO - Sync 1 DAGs
[2023-07-09T16:15:53.471+0000] {logging_mixin.py:149} INFO - [2023-07-09T16:15:53.470+0000] {dag.py:3490} INFO - Setting next_dagrun for example_branch_dop_operator_v3 to 2023-07-09T16:14:00+00:00, run_after=2023-07-09T16:15:00+00:00
[2023-07-09T16:15:53.482+0000] {processor.py:179} INFO - Processing /home/airflow/.local/lib/python3.7/site-packages/airflow/example_dags/example_branch_python_dop_operator_3.py took 0.083 seconds
[2023-07-09T16:16:24.391+0000] {processor.py:157} INFO - Started process (PID=1958) to work on /home/airflow/.local/lib/python3.7/site-packages/airflow/example_dags/example_branch_python_dop_operator_3.py
[2023-07-09T16:16:24.394+0000] {processor.py:826} INFO - Processing file /home/airflow/.local/lib/python3.7/site-packages/airflow/example_dags/example_branch_python_dop_operator_3.py for tasks to queue
[2023-07-09T16:16:24.396+0000] {logging_mixin.py:149} INFO - [2023-07-09T16:16:24.395+0000] {dagbag.py:541} INFO - Filling up the DagBag from /home/airflow/.local/lib/python3.7/site-packages/airflow/example_dags/example_branch_python_dop_operator_3.py
[2023-07-09T16:16:24.408+0000] {processor.py:836} INFO - DAG(s) dict_keys(['example_branch_dop_operator_v3']) retrieved from /home/airflow/.local/lib/python3.7/site-packages/airflow/example_dags/example_branch_python_dop_operator_3.py
[2023-07-09T16:16:24.434+0000] {logging_mixin.py:149} INFO - [2023-07-09T16:16:24.434+0000] {dag.py:2726} INFO - Sync 1 DAGs
[2023-07-09T16:16:24.453+0000] {logging_mixin.py:149} INFO - [2023-07-09T16:16:24.453+0000] {dag.py:3490} INFO - Setting next_dagrun for example_branch_dop_operator_v3 to 2023-07-09T16:15:00+00:00, run_after=2023-07-09T16:16:00+00:00
[2023-07-09T16:16:24.466+0000] {processor.py:179} INFO - Processing /home/airflow/.local/lib/python3.7/site-packages/airflow/example_dags/example_branch_python_dop_operator_3.py took 0.080 seconds
[2023-07-09T16:16:54.861+0000] {processor.py:157} INFO - Started process (PID=2020) to work on /home/airflow/.local/lib/python3.7/site-packages/airflow/example_dags/example_branch_python_dop_operator_3.py
[2023-07-09T16:16:54.863+0000] {processor.py:826} INFO - Processing file /home/airflow/.local/lib/python3.7/site-packages/airflow/example_dags/example_branch_python_dop_operator_3.py for tasks to queue
[2023-07-09T16:16:54.865+0000] {logging_mixin.py:149} INFO - [2023-07-09T16:16:54.865+0000] {dagbag.py:541} INFO - Filling up the DagBag from /home/airflow/.local/lib/python3.7/site-packages/airflow/example_dags/example_branch_python_dop_operator_3.py
[2023-07-09T16:16:54.875+0000] {processor.py:836} INFO - DAG(s) dict_keys(['example_branch_dop_operator_v3']) retrieved from /home/airflow/.local/lib/python3.7/site-packages/airflow/example_dags/example_branch_python_dop_operator_3.py
[2023-07-09T16:16:54.900+0000] {logging_mixin.py:149} INFO - [2023-07-09T16:16:54.900+0000] {dag.py:2726} INFO - Sync 1 DAGs
[2023-07-09T16:16:54.919+0000] {logging_mixin.py:149} INFO - [2023-07-09T16:16:54.919+0000] {dag.py:3490} INFO - Setting next_dagrun for example_branch_dop_operator_v3 to 2023-07-09T16:15:00+00:00, run_after=2023-07-09T16:16:00+00:00
[2023-07-09T16:16:54.930+0000] {processor.py:179} INFO - Processing /home/airflow/.local/lib/python3.7/site-packages/airflow/example_dags/example_branch_python_dop_operator_3.py took 0.075 seconds
[2023-07-09T16:17:25.092+0000] {processor.py:157} INFO - Started process (PID=2081) to work on /home/airflow/.local/lib/python3.7/site-packages/airflow/example_dags/example_branch_python_dop_operator_3.py
[2023-07-09T16:17:25.093+0000] {processor.py:826} INFO - Processing file /home/airflow/.local/lib/python3.7/site-packages/airflow/example_dags/example_branch_python_dop_operator_3.py for tasks to queue
[2023-07-09T16:17:25.094+0000] {logging_mixin.py:149} INFO - [2023-07-09T16:17:25.094+0000] {dagbag.py:541} INFO - Filling up the DagBag from /home/airflow/.local/lib/python3.7/site-packages/airflow/example_dags/example_branch_python_dop_operator_3.py
[2023-07-09T16:17:25.102+0000] {processor.py:836} INFO - DAG(s) dict_keys(['example_branch_dop_operator_v3']) retrieved from /home/airflow/.local/lib/python3.7/site-packages/airflow/example_dags/example_branch_python_dop_operator_3.py
[2023-07-09T16:17:25.127+0000] {logging_mixin.py:149} INFO - [2023-07-09T16:17:25.127+0000] {dag.py:2726} INFO - Sync 1 DAGs
[2023-07-09T16:17:25.147+0000] {logging_mixin.py:149} INFO - [2023-07-09T16:17:25.147+0000] {dag.py:3490} INFO - Setting next_dagrun for example_branch_dop_operator_v3 to 2023-07-09T16:16:00+00:00, run_after=2023-07-09T16:17:00+00:00
[2023-07-09T16:17:25.158+0000] {processor.py:179} INFO - Processing /home/airflow/.local/lib/python3.7/site-packages/airflow/example_dags/example_branch_python_dop_operator_3.py took 0.069 seconds
[2023-07-09T16:17:55.570+0000] {processor.py:157} INFO - Started process (PID=2142) to work on /home/airflow/.local/lib/python3.7/site-packages/airflow/example_dags/example_branch_python_dop_operator_3.py
[2023-07-09T16:17:55.571+0000] {processor.py:826} INFO - Processing file /home/airflow/.local/lib/python3.7/site-packages/airflow/example_dags/example_branch_python_dop_operator_3.py for tasks to queue
[2023-07-09T16:17:55.573+0000] {logging_mixin.py:149} INFO - [2023-07-09T16:17:55.572+0000] {dagbag.py:541} INFO - Filling up the DagBag from /home/airflow/.local/lib/python3.7/site-packages/airflow/example_dags/example_branch_python_dop_operator_3.py
[2023-07-09T16:17:55.583+0000] {processor.py:836} INFO - DAG(s) dict_keys(['example_branch_dop_operator_v3']) retrieved from /home/airflow/.local/lib/python3.7/site-packages/airflow/example_dags/example_branch_python_dop_operator_3.py
[2023-07-09T16:17:55.616+0000] {logging_mixin.py:149} INFO - [2023-07-09T16:17:55.616+0000] {dag.py:2726} INFO - Sync 1 DAGs
[2023-07-09T16:17:55.649+0000] {logging_mixin.py:149} INFO - [2023-07-09T16:17:55.649+0000] {dag.py:3490} INFO - Setting next_dagrun for example_branch_dop_operator_v3 to 2023-07-09T16:16:00+00:00, run_after=2023-07-09T16:17:00+00:00
[2023-07-09T16:17:55.666+0000] {processor.py:179} INFO - Processing /home/airflow/.local/lib/python3.7/site-packages/airflow/example_dags/example_branch_python_dop_operator_3.py took 0.099 seconds
