[2023-07-09T16:00:35.266+0000] {processor.py:157} INFO - Started process (PID=48) to work on /home/airflow/.local/lib/python3.7/site-packages/airflow/example_dags/example_latest_only_with_trigger.py
[2023-07-09T16:00:35.268+0000] {processor.py:826} INFO - Processing file /home/airflow/.local/lib/python3.7/site-packages/airflow/example_dags/example_latest_only_with_trigger.py for tasks to queue
[2023-07-09T16:00:35.269+0000] {logging_mixin.py:149} INFO - [2023-07-09T16:00:35.269+0000] {dagbag.py:541} INFO - Filling up the DagBag from /home/airflow/.local/lib/python3.7/site-packages/airflow/example_dags/example_latest_only_with_trigger.py
[2023-07-09T16:00:35.281+0000] {processor.py:836} INFO - DAG(s) dict_keys(['latest_only_with_trigger']) retrieved from /home/airflow/.local/lib/python3.7/site-packages/airflow/example_dags/example_latest_only_with_trigger.py
[2023-07-09T16:00:35.308+0000] {logging_mixin.py:149} INFO - [2023-07-09T16:00:35.308+0000] {dag.py:2726} INFO - Sync 1 DAGs
[2023-07-09T16:00:35.343+0000] {logging_mixin.py:149} INFO - [2023-07-09T16:00:35.343+0000] {dag.py:3490} INFO - Setting next_dagrun for latest_only_with_trigger to 2023-07-09T12:00:35.343209+00:00, run_after=2023-07-09T16:00:35.343209+00:00
[2023-07-09T16:00:35.374+0000] {processor.py:179} INFO - Processing /home/airflow/.local/lib/python3.7/site-packages/airflow/example_dags/example_latest_only_with_trigger.py took 0.113 seconds
[2023-07-09T16:01:06.157+0000] {processor.py:157} INFO - Started process (PID=109) to work on /home/airflow/.local/lib/python3.7/site-packages/airflow/example_dags/example_latest_only_with_trigger.py
[2023-07-09T16:01:06.158+0000] {processor.py:826} INFO - Processing file /home/airflow/.local/lib/python3.7/site-packages/airflow/example_dags/example_latest_only_with_trigger.py for tasks to queue
[2023-07-09T16:01:06.159+0000] {logging_mixin.py:149} INFO - [2023-07-09T16:01:06.159+0000] {dagbag.py:541} INFO - Filling up the DagBag from /home/airflow/.local/lib/python3.7/site-packages/airflow/example_dags/example_latest_only_with_trigger.py
[2023-07-09T16:01:06.165+0000] {processor.py:836} INFO - DAG(s) dict_keys(['latest_only_with_trigger']) retrieved from /home/airflow/.local/lib/python3.7/site-packages/airflow/example_dags/example_latest_only_with_trigger.py
[2023-07-09T16:01:06.185+0000] {logging_mixin.py:149} INFO - [2023-07-09T16:01:06.185+0000] {dag.py:2726} INFO - Sync 1 DAGs
[2023-07-09T16:01:06.203+0000] {logging_mixin.py:149} INFO - [2023-07-09T16:01:06.203+0000] {dag.py:3490} INFO - Setting next_dagrun for latest_only_with_trigger to 2023-07-09T12:01:06.203613+00:00, run_after=2023-07-09T16:01:06.203613+00:00
[2023-07-09T16:01:06.216+0000] {processor.py:179} INFO - Processing /home/airflow/.local/lib/python3.7/site-packages/airflow/example_dags/example_latest_only_with_trigger.py took 0.062 seconds
[2023-07-09T16:01:36.242+0000] {processor.py:157} INFO - Started process (PID=169) to work on /home/airflow/.local/lib/python3.7/site-packages/airflow/example_dags/example_latest_only_with_trigger.py
[2023-07-09T16:01:36.244+0000] {processor.py:826} INFO - Processing file /home/airflow/.local/lib/python3.7/site-packages/airflow/example_dags/example_latest_only_with_trigger.py for tasks to queue
[2023-07-09T16:01:36.244+0000] {logging_mixin.py:149} INFO - [2023-07-09T16:01:36.244+0000] {dagbag.py:541} INFO - Filling up the DagBag from /home/airflow/.local/lib/python3.7/site-packages/airflow/example_dags/example_latest_only_with_trigger.py
[2023-07-09T16:01:36.249+0000] {processor.py:836} INFO - DAG(s) dict_keys(['latest_only_with_trigger']) retrieved from /home/airflow/.local/lib/python3.7/site-packages/airflow/example_dags/example_latest_only_with_trigger.py
[2023-07-09T16:01:36.269+0000] {logging_mixin.py:149} INFO - [2023-07-09T16:01:36.269+0000] {dag.py:2726} INFO - Sync 1 DAGs
[2023-07-09T16:01:36.285+0000] {logging_mixin.py:149} INFO - [2023-07-09T16:01:36.285+0000] {dag.py:3490} INFO - Setting next_dagrun for latest_only_with_trigger to 2023-07-09T12:01:36.285481+00:00, run_after=2023-07-09T16:01:36.285481+00:00
[2023-07-09T16:01:36.296+0000] {processor.py:179} INFO - Processing /home/airflow/.local/lib/python3.7/site-packages/airflow/example_dags/example_latest_only_with_trigger.py took 0.057 seconds
[2023-07-09T16:02:06.350+0000] {processor.py:157} INFO - Started process (PID=230) to work on /home/airflow/.local/lib/python3.7/site-packages/airflow/example_dags/example_latest_only_with_trigger.py
[2023-07-09T16:02:06.351+0000] {processor.py:826} INFO - Processing file /home/airflow/.local/lib/python3.7/site-packages/airflow/example_dags/example_latest_only_with_trigger.py for tasks to queue
[2023-07-09T16:02:06.352+0000] {logging_mixin.py:149} INFO - [2023-07-09T16:02:06.352+0000] {dagbag.py:541} INFO - Filling up the DagBag from /home/airflow/.local/lib/python3.7/site-packages/airflow/example_dags/example_latest_only_with_trigger.py
[2023-07-09T16:02:06.357+0000] {processor.py:836} INFO - DAG(s) dict_keys(['latest_only_with_trigger']) retrieved from /home/airflow/.local/lib/python3.7/site-packages/airflow/example_dags/example_latest_only_with_trigger.py
[2023-07-09T16:02:06.376+0000] {logging_mixin.py:149} INFO - [2023-07-09T16:02:06.376+0000] {dag.py:2726} INFO - Sync 1 DAGs
[2023-07-09T16:02:06.392+0000] {logging_mixin.py:149} INFO - [2023-07-09T16:02:06.392+0000] {dag.py:3490} INFO - Setting next_dagrun for latest_only_with_trigger to 2023-07-09T12:02:06.392612+00:00, run_after=2023-07-09T16:02:06.392612+00:00
[2023-07-09T16:02:06.403+0000] {processor.py:179} INFO - Processing /home/airflow/.local/lib/python3.7/site-packages/airflow/example_dags/example_latest_only_with_trigger.py took 0.056 seconds
[2023-07-09T16:02:36.908+0000] {processor.py:157} INFO - Started process (PID=291) to work on /home/airflow/.local/lib/python3.7/site-packages/airflow/example_dags/example_latest_only_with_trigger.py
[2023-07-09T16:02:36.909+0000] {processor.py:826} INFO - Processing file /home/airflow/.local/lib/python3.7/site-packages/airflow/example_dags/example_latest_only_with_trigger.py for tasks to queue
[2023-07-09T16:02:36.910+0000] {logging_mixin.py:149} INFO - [2023-07-09T16:02:36.910+0000] {dagbag.py:541} INFO - Filling up the DagBag from /home/airflow/.local/lib/python3.7/site-packages/airflow/example_dags/example_latest_only_with_trigger.py
[2023-07-09T16:02:36.917+0000] {processor.py:836} INFO - DAG(s) dict_keys(['latest_only_with_trigger']) retrieved from /home/airflow/.local/lib/python3.7/site-packages/airflow/example_dags/example_latest_only_with_trigger.py
[2023-07-09T16:02:36.940+0000] {logging_mixin.py:149} INFO - [2023-07-09T16:02:36.940+0000] {dag.py:2726} INFO - Sync 1 DAGs
[2023-07-09T16:02:36.958+0000] {logging_mixin.py:149} INFO - [2023-07-09T16:02:36.958+0000] {dag.py:3490} INFO - Setting next_dagrun for latest_only_with_trigger to 2023-07-09T12:02:36.958054+00:00, run_after=2023-07-09T16:02:36.958054+00:00
[2023-07-09T16:02:36.970+0000] {processor.py:179} INFO - Processing /home/airflow/.local/lib/python3.7/site-packages/airflow/example_dags/example_latest_only_with_trigger.py took 0.067 seconds
[2023-07-09T16:03:07.484+0000] {processor.py:157} INFO - Started process (PID=352) to work on /home/airflow/.local/lib/python3.7/site-packages/airflow/example_dags/example_latest_only_with_trigger.py
[2023-07-09T16:03:07.485+0000] {processor.py:826} INFO - Processing file /home/airflow/.local/lib/python3.7/site-packages/airflow/example_dags/example_latest_only_with_trigger.py for tasks to queue
[2023-07-09T16:03:07.486+0000] {logging_mixin.py:149} INFO - [2023-07-09T16:03:07.486+0000] {dagbag.py:541} INFO - Filling up the DagBag from /home/airflow/.local/lib/python3.7/site-packages/airflow/example_dags/example_latest_only_with_trigger.py
[2023-07-09T16:03:07.494+0000] {processor.py:836} INFO - DAG(s) dict_keys(['latest_only_with_trigger']) retrieved from /home/airflow/.local/lib/python3.7/site-packages/airflow/example_dags/example_latest_only_with_trigger.py
[2023-07-09T16:03:07.517+0000] {logging_mixin.py:149} INFO - [2023-07-09T16:03:07.517+0000] {dag.py:2726} INFO - Sync 1 DAGs
[2023-07-09T16:03:07.533+0000] {logging_mixin.py:149} INFO - [2023-07-09T16:03:07.533+0000] {dag.py:3490} INFO - Setting next_dagrun for latest_only_with_trigger to 2023-07-09T12:03:07.533063+00:00, run_after=2023-07-09T16:03:07.533063+00:00
[2023-07-09T16:03:07.544+0000] {processor.py:179} INFO - Processing /home/airflow/.local/lib/python3.7/site-packages/airflow/example_dags/example_latest_only_with_trigger.py took 0.065 seconds
[2023-07-09T16:03:38.002+0000] {processor.py:157} INFO - Started process (PID=413) to work on /home/airflow/.local/lib/python3.7/site-packages/airflow/example_dags/example_latest_only_with_trigger.py
[2023-07-09T16:03:38.004+0000] {processor.py:826} INFO - Processing file /home/airflow/.local/lib/python3.7/site-packages/airflow/example_dags/example_latest_only_with_trigger.py for tasks to queue
[2023-07-09T16:03:38.005+0000] {logging_mixin.py:149} INFO - [2023-07-09T16:03:38.005+0000] {dagbag.py:541} INFO - Filling up the DagBag from /home/airflow/.local/lib/python3.7/site-packages/airflow/example_dags/example_latest_only_with_trigger.py
[2023-07-09T16:03:38.013+0000] {processor.py:836} INFO - DAG(s) dict_keys(['latest_only_with_trigger']) retrieved from /home/airflow/.local/lib/python3.7/site-packages/airflow/example_dags/example_latest_only_with_trigger.py
[2023-07-09T16:03:38.036+0000] {logging_mixin.py:149} INFO - [2023-07-09T16:03:38.036+0000] {dag.py:2726} INFO - Sync 1 DAGs
[2023-07-09T16:03:38.052+0000] {logging_mixin.py:149} INFO - [2023-07-09T16:03:38.052+0000] {dag.py:3490} INFO - Setting next_dagrun for latest_only_with_trigger to 2023-07-09T12:03:38.051852+00:00, run_after=2023-07-09T16:03:38.051852+00:00
[2023-07-09T16:03:38.063+0000] {processor.py:179} INFO - Processing /home/airflow/.local/lib/python3.7/site-packages/airflow/example_dags/example_latest_only_with_trigger.py took 0.067 seconds
[2023-07-09T16:04:08.747+0000] {processor.py:157} INFO - Started process (PID=474) to work on /home/airflow/.local/lib/python3.7/site-packages/airflow/example_dags/example_latest_only_with_trigger.py
[2023-07-09T16:04:08.748+0000] {processor.py:826} INFO - Processing file /home/airflow/.local/lib/python3.7/site-packages/airflow/example_dags/example_latest_only_with_trigger.py for tasks to queue
[2023-07-09T16:04:08.749+0000] {logging_mixin.py:149} INFO - [2023-07-09T16:04:08.749+0000] {dagbag.py:541} INFO - Filling up the DagBag from /home/airflow/.local/lib/python3.7/site-packages/airflow/example_dags/example_latest_only_with_trigger.py
[2023-07-09T16:04:08.754+0000] {processor.py:836} INFO - DAG(s) dict_keys(['latest_only_with_trigger']) retrieved from /home/airflow/.local/lib/python3.7/site-packages/airflow/example_dags/example_latest_only_with_trigger.py
[2023-07-09T16:04:08.775+0000] {logging_mixin.py:149} INFO - [2023-07-09T16:04:08.775+0000] {dag.py:2726} INFO - Sync 1 DAGs
[2023-07-09T16:04:08.791+0000] {logging_mixin.py:149} INFO - [2023-07-09T16:04:08.791+0000] {dag.py:3490} INFO - Setting next_dagrun for latest_only_with_trigger to 2023-07-09T12:04:08.791427+00:00, run_after=2023-07-09T16:04:08.791427+00:00
[2023-07-09T16:04:08.802+0000] {processor.py:179} INFO - Processing /home/airflow/.local/lib/python3.7/site-packages/airflow/example_dags/example_latest_only_with_trigger.py took 0.058 seconds
[2023-07-09T16:04:39.529+0000] {processor.py:157} INFO - Started process (PID=535) to work on /home/airflow/.local/lib/python3.7/site-packages/airflow/example_dags/example_latest_only_with_trigger.py
[2023-07-09T16:04:39.531+0000] {processor.py:826} INFO - Processing file /home/airflow/.local/lib/python3.7/site-packages/airflow/example_dags/example_latest_only_with_trigger.py for tasks to queue
[2023-07-09T16:04:39.532+0000] {logging_mixin.py:149} INFO - [2023-07-09T16:04:39.532+0000] {dagbag.py:541} INFO - Filling up the DagBag from /home/airflow/.local/lib/python3.7/site-packages/airflow/example_dags/example_latest_only_with_trigger.py
[2023-07-09T16:04:39.540+0000] {processor.py:836} INFO - DAG(s) dict_keys(['latest_only_with_trigger']) retrieved from /home/airflow/.local/lib/python3.7/site-packages/airflow/example_dags/example_latest_only_with_trigger.py
[2023-07-09T16:04:39.564+0000] {logging_mixin.py:149} INFO - [2023-07-09T16:04:39.564+0000] {dag.py:2726} INFO - Sync 1 DAGs
[2023-07-09T16:04:39.580+0000] {logging_mixin.py:149} INFO - [2023-07-09T16:04:39.580+0000] {dag.py:3490} INFO - Setting next_dagrun for latest_only_with_trigger to 2023-07-09T12:04:39.579842+00:00, run_after=2023-07-09T16:04:39.579842+00:00
[2023-07-09T16:04:39.591+0000] {processor.py:179} INFO - Processing /home/airflow/.local/lib/python3.7/site-packages/airflow/example_dags/example_latest_only_with_trigger.py took 0.067 seconds
[2023-07-09T16:05:09.920+0000] {processor.py:157} INFO - Started process (PID=596) to work on /home/airflow/.local/lib/python3.7/site-packages/airflow/example_dags/example_latest_only_with_trigger.py
[2023-07-09T16:05:09.923+0000] {processor.py:826} INFO - Processing file /home/airflow/.local/lib/python3.7/site-packages/airflow/example_dags/example_latest_only_with_trigger.py for tasks to queue
[2023-07-09T16:05:09.925+0000] {logging_mixin.py:149} INFO - [2023-07-09T16:05:09.924+0000] {dagbag.py:541} INFO - Filling up the DagBag from /home/airflow/.local/lib/python3.7/site-packages/airflow/example_dags/example_latest_only_with_trigger.py
[2023-07-09T16:05:09.942+0000] {processor.py:836} INFO - DAG(s) dict_keys(['latest_only_with_trigger']) retrieved from /home/airflow/.local/lib/python3.7/site-packages/airflow/example_dags/example_latest_only_with_trigger.py
[2023-07-09T16:05:09.998+0000] {logging_mixin.py:149} INFO - [2023-07-09T16:05:09.998+0000] {dag.py:2726} INFO - Sync 1 DAGs
[2023-07-09T16:05:10.024+0000] {logging_mixin.py:149} INFO - [2023-07-09T16:05:10.024+0000] {dag.py:3490} INFO - Setting next_dagrun for latest_only_with_trigger to 2023-07-09T12:05:10.023883+00:00, run_after=2023-07-09T16:05:10.023883+00:00
[2023-07-09T16:05:10.041+0000] {processor.py:179} INFO - Processing /home/airflow/.local/lib/python3.7/site-packages/airflow/example_dags/example_latest_only_with_trigger.py took 0.131 seconds
[2023-07-09T16:05:40.475+0000] {processor.py:157} INFO - Started process (PID=657) to work on /home/airflow/.local/lib/python3.7/site-packages/airflow/example_dags/example_latest_only_with_trigger.py
[2023-07-09T16:05:40.476+0000] {processor.py:826} INFO - Processing file /home/airflow/.local/lib/python3.7/site-packages/airflow/example_dags/example_latest_only_with_trigger.py for tasks to queue
[2023-07-09T16:05:40.477+0000] {logging_mixin.py:149} INFO - [2023-07-09T16:05:40.477+0000] {dagbag.py:541} INFO - Filling up the DagBag from /home/airflow/.local/lib/python3.7/site-packages/airflow/example_dags/example_latest_only_with_trigger.py
[2023-07-09T16:05:40.482+0000] {processor.py:836} INFO - DAG(s) dict_keys(['latest_only_with_trigger']) retrieved from /home/airflow/.local/lib/python3.7/site-packages/airflow/example_dags/example_latest_only_with_trigger.py
[2023-07-09T16:05:40.501+0000] {logging_mixin.py:149} INFO - [2023-07-09T16:05:40.501+0000] {dag.py:2726} INFO - Sync 1 DAGs
[2023-07-09T16:05:40.517+0000] {logging_mixin.py:149} INFO - [2023-07-09T16:05:40.516+0000] {dag.py:3490} INFO - Setting next_dagrun for latest_only_with_trigger to 2023-07-09T12:05:40.516721+00:00, run_after=2023-07-09T16:05:40.516721+00:00
[2023-07-09T16:05:40.528+0000] {processor.py:179} INFO - Processing /home/airflow/.local/lib/python3.7/site-packages/airflow/example_dags/example_latest_only_with_trigger.py took 0.056 seconds
[2023-07-09T16:06:11.032+0000] {processor.py:157} INFO - Started process (PID=718) to work on /home/airflow/.local/lib/python3.7/site-packages/airflow/example_dags/example_latest_only_with_trigger.py
[2023-07-09T16:06:11.034+0000] {processor.py:826} INFO - Processing file /home/airflow/.local/lib/python3.7/site-packages/airflow/example_dags/example_latest_only_with_trigger.py for tasks to queue
[2023-07-09T16:06:11.035+0000] {logging_mixin.py:149} INFO - [2023-07-09T16:06:11.035+0000] {dagbag.py:541} INFO - Filling up the DagBag from /home/airflow/.local/lib/python3.7/site-packages/airflow/example_dags/example_latest_only_with_trigger.py
[2023-07-09T16:06:11.044+0000] {processor.py:836} INFO - DAG(s) dict_keys(['latest_only_with_trigger']) retrieved from /home/airflow/.local/lib/python3.7/site-packages/airflow/example_dags/example_latest_only_with_trigger.py
[2023-07-09T16:06:11.067+0000] {logging_mixin.py:149} INFO - [2023-07-09T16:06:11.067+0000] {dag.py:2726} INFO - Sync 1 DAGs
[2023-07-09T16:06:11.083+0000] {logging_mixin.py:149} INFO - [2023-07-09T16:06:11.083+0000] {dag.py:3490} INFO - Setting next_dagrun for latest_only_with_trigger to 2023-07-09T12:06:11.082846+00:00, run_after=2023-07-09T16:06:11.082846+00:00
[2023-07-09T16:06:11.093+0000] {processor.py:179} INFO - Processing /home/airflow/.local/lib/python3.7/site-packages/airflow/example_dags/example_latest_only_with_trigger.py took 0.065 seconds
[2023-07-09T16:06:41.362+0000] {processor.py:157} INFO - Started process (PID=779) to work on /home/airflow/.local/lib/python3.7/site-packages/airflow/example_dags/example_latest_only_with_trigger.py
[2023-07-09T16:06:41.364+0000] {processor.py:826} INFO - Processing file /home/airflow/.local/lib/python3.7/site-packages/airflow/example_dags/example_latest_only_with_trigger.py for tasks to queue
[2023-07-09T16:06:41.365+0000] {logging_mixin.py:149} INFO - [2023-07-09T16:06:41.365+0000] {dagbag.py:541} INFO - Filling up the DagBag from /home/airflow/.local/lib/python3.7/site-packages/airflow/example_dags/example_latest_only_with_trigger.py
[2023-07-09T16:06:41.373+0000] {processor.py:836} INFO - DAG(s) dict_keys(['latest_only_with_trigger']) retrieved from /home/airflow/.local/lib/python3.7/site-packages/airflow/example_dags/example_latest_only_with_trigger.py
[2023-07-09T16:06:41.395+0000] {logging_mixin.py:149} INFO - [2023-07-09T16:06:41.395+0000] {dag.py:2726} INFO - Sync 1 DAGs
[2023-07-09T16:06:41.410+0000] {logging_mixin.py:149} INFO - [2023-07-09T16:06:41.410+0000] {dag.py:3490} INFO - Setting next_dagrun for latest_only_with_trigger to 2023-07-09T12:06:41.410091+00:00, run_after=2023-07-09T16:06:41.410091+00:00
[2023-07-09T16:06:41.420+0000] {processor.py:179} INFO - Processing /home/airflow/.local/lib/python3.7/site-packages/airflow/example_dags/example_latest_only_with_trigger.py took 0.063 seconds
[2023-07-09T16:07:11.684+0000] {processor.py:157} INFO - Started process (PID=840) to work on /home/airflow/.local/lib/python3.7/site-packages/airflow/example_dags/example_latest_only_with_trigger.py
[2023-07-09T16:07:11.685+0000] {processor.py:826} INFO - Processing file /home/airflow/.local/lib/python3.7/site-packages/airflow/example_dags/example_latest_only_with_trigger.py for tasks to queue
[2023-07-09T16:07:11.686+0000] {logging_mixin.py:149} INFO - [2023-07-09T16:07:11.686+0000] {dagbag.py:541} INFO - Filling up the DagBag from /home/airflow/.local/lib/python3.7/site-packages/airflow/example_dags/example_latest_only_with_trigger.py
[2023-07-09T16:07:11.692+0000] {processor.py:836} INFO - DAG(s) dict_keys(['latest_only_with_trigger']) retrieved from /home/airflow/.local/lib/python3.7/site-packages/airflow/example_dags/example_latest_only_with_trigger.py
[2023-07-09T16:07:11.714+0000] {logging_mixin.py:149} INFO - [2023-07-09T16:07:11.713+0000] {dag.py:2726} INFO - Sync 1 DAGs
[2023-07-09T16:07:11.731+0000] {logging_mixin.py:149} INFO - [2023-07-09T16:07:11.731+0000] {dag.py:3490} INFO - Setting next_dagrun for latest_only_with_trigger to 2023-07-09T12:07:11.730921+00:00, run_after=2023-07-09T16:07:11.730921+00:00
[2023-07-09T16:07:11.744+0000] {processor.py:179} INFO - Processing /home/airflow/.local/lib/python3.7/site-packages/airflow/example_dags/example_latest_only_with_trigger.py took 0.064 seconds
[2023-07-09T16:07:42.231+0000] {processor.py:157} INFO - Started process (PID=901) to work on /home/airflow/.local/lib/python3.7/site-packages/airflow/example_dags/example_latest_only_with_trigger.py
[2023-07-09T16:07:42.232+0000] {processor.py:826} INFO - Processing file /home/airflow/.local/lib/python3.7/site-packages/airflow/example_dags/example_latest_only_with_trigger.py for tasks to queue
[2023-07-09T16:07:42.233+0000] {logging_mixin.py:149} INFO - [2023-07-09T16:07:42.233+0000] {dagbag.py:541} INFO - Filling up the DagBag from /home/airflow/.local/lib/python3.7/site-packages/airflow/example_dags/example_latest_only_with_trigger.py
[2023-07-09T16:07:42.239+0000] {processor.py:836} INFO - DAG(s) dict_keys(['latest_only_with_trigger']) retrieved from /home/airflow/.local/lib/python3.7/site-packages/airflow/example_dags/example_latest_only_with_trigger.py
[2023-07-09T16:07:42.256+0000] {logging_mixin.py:149} INFO - [2023-07-09T16:07:42.256+0000] {dag.py:2726} INFO - Sync 1 DAGs
[2023-07-09T16:07:42.272+0000] {logging_mixin.py:149} INFO - [2023-07-09T16:07:42.272+0000] {dag.py:3490} INFO - Setting next_dagrun for latest_only_with_trigger to 2023-07-09T12:07:42.272035+00:00, run_after=2023-07-09T16:07:42.272035+00:00
[2023-07-09T16:07:42.283+0000] {processor.py:179} INFO - Processing /home/airflow/.local/lib/python3.7/site-packages/airflow/example_dags/example_latest_only_with_trigger.py took 0.056 seconds
[2023-07-09T16:08:12.515+0000] {processor.py:157} INFO - Started process (PID=962) to work on /home/airflow/.local/lib/python3.7/site-packages/airflow/example_dags/example_latest_only_with_trigger.py
[2023-07-09T16:08:12.517+0000] {processor.py:826} INFO - Processing file /home/airflow/.local/lib/python3.7/site-packages/airflow/example_dags/example_latest_only_with_trigger.py for tasks to queue
[2023-07-09T16:08:12.518+0000] {logging_mixin.py:149} INFO - [2023-07-09T16:08:12.518+0000] {dagbag.py:541} INFO - Filling up the DagBag from /home/airflow/.local/lib/python3.7/site-packages/airflow/example_dags/example_latest_only_with_trigger.py
[2023-07-09T16:08:12.523+0000] {processor.py:836} INFO - DAG(s) dict_keys(['latest_only_with_trigger']) retrieved from /home/airflow/.local/lib/python3.7/site-packages/airflow/example_dags/example_latest_only_with_trigger.py
[2023-07-09T16:08:12.551+0000] {logging_mixin.py:149} INFO - [2023-07-09T16:08:12.551+0000] {dag.py:2726} INFO - Sync 1 DAGs
[2023-07-09T16:08:12.571+0000] {logging_mixin.py:149} INFO - [2023-07-09T16:08:12.570+0000] {dag.py:3490} INFO - Setting next_dagrun for latest_only_with_trigger to 2023-07-09T12:08:12.570689+00:00, run_after=2023-07-09T16:08:12.570689+00:00
[2023-07-09T16:08:12.584+0000] {processor.py:179} INFO - Processing /home/airflow/.local/lib/python3.7/site-packages/airflow/example_dags/example_latest_only_with_trigger.py took 0.072 seconds
[2023-07-09T16:08:43.330+0000] {processor.py:157} INFO - Started process (PID=1023) to work on /home/airflow/.local/lib/python3.7/site-packages/airflow/example_dags/example_latest_only_with_trigger.py
[2023-07-09T16:08:43.331+0000] {processor.py:826} INFO - Processing file /home/airflow/.local/lib/python3.7/site-packages/airflow/example_dags/example_latest_only_with_trigger.py for tasks to queue
[2023-07-09T16:08:43.333+0000] {logging_mixin.py:149} INFO - [2023-07-09T16:08:43.332+0000] {dagbag.py:541} INFO - Filling up the DagBag from /home/airflow/.local/lib/python3.7/site-packages/airflow/example_dags/example_latest_only_with_trigger.py
[2023-07-09T16:08:43.340+0000] {processor.py:836} INFO - DAG(s) dict_keys(['latest_only_with_trigger']) retrieved from /home/airflow/.local/lib/python3.7/site-packages/airflow/example_dags/example_latest_only_with_trigger.py
[2023-07-09T16:08:43.362+0000] {logging_mixin.py:149} INFO - [2023-07-09T16:08:43.362+0000] {dag.py:2726} INFO - Sync 1 DAGs
[2023-07-09T16:08:43.383+0000] {logging_mixin.py:149} INFO - [2023-07-09T16:08:43.383+0000] {dag.py:3490} INFO - Setting next_dagrun for latest_only_with_trigger to 2023-07-09T12:08:43.383527+00:00, run_after=2023-07-09T16:08:43.383527+00:00
[2023-07-09T16:08:43.400+0000] {processor.py:179} INFO - Processing /home/airflow/.local/lib/python3.7/site-packages/airflow/example_dags/example_latest_only_with_trigger.py took 0.074 seconds
[2023-07-09T16:09:13.736+0000] {processor.py:157} INFO - Started process (PID=1084) to work on /home/airflow/.local/lib/python3.7/site-packages/airflow/example_dags/example_latest_only_with_trigger.py
[2023-07-09T16:09:13.738+0000] {processor.py:826} INFO - Processing file /home/airflow/.local/lib/python3.7/site-packages/airflow/example_dags/example_latest_only_with_trigger.py for tasks to queue
[2023-07-09T16:09:13.739+0000] {logging_mixin.py:149} INFO - [2023-07-09T16:09:13.739+0000] {dagbag.py:541} INFO - Filling up the DagBag from /home/airflow/.local/lib/python3.7/site-packages/airflow/example_dags/example_latest_only_with_trigger.py
[2023-07-09T16:09:13.746+0000] {processor.py:836} INFO - DAG(s) dict_keys(['latest_only_with_trigger']) retrieved from /home/airflow/.local/lib/python3.7/site-packages/airflow/example_dags/example_latest_only_with_trigger.py
[2023-07-09T16:09:13.767+0000] {logging_mixin.py:149} INFO - [2023-07-09T16:09:13.767+0000] {dag.py:2726} INFO - Sync 1 DAGs
[2023-07-09T16:09:13.783+0000] {logging_mixin.py:149} INFO - [2023-07-09T16:09:13.783+0000] {dag.py:3490} INFO - Setting next_dagrun for latest_only_with_trigger to 2023-07-09T12:09:13.782845+00:00, run_after=2023-07-09T16:09:13.782845+00:00
[2023-07-09T16:09:13.795+0000] {processor.py:179} INFO - Processing /home/airflow/.local/lib/python3.7/site-packages/airflow/example_dags/example_latest_only_with_trigger.py took 0.064 seconds
[2023-07-09T16:09:44.089+0000] {processor.py:157} INFO - Started process (PID=1144) to work on /home/airflow/.local/lib/python3.7/site-packages/airflow/example_dags/example_latest_only_with_trigger.py
[2023-07-09T16:09:44.091+0000] {processor.py:826} INFO - Processing file /home/airflow/.local/lib/python3.7/site-packages/airflow/example_dags/example_latest_only_with_trigger.py for tasks to queue
[2023-07-09T16:09:44.092+0000] {logging_mixin.py:149} INFO - [2023-07-09T16:09:44.092+0000] {dagbag.py:541} INFO - Filling up the DagBag from /home/airflow/.local/lib/python3.7/site-packages/airflow/example_dags/example_latest_only_with_trigger.py
[2023-07-09T16:09:44.099+0000] {processor.py:836} INFO - DAG(s) dict_keys(['latest_only_with_trigger']) retrieved from /home/airflow/.local/lib/python3.7/site-packages/airflow/example_dags/example_latest_only_with_trigger.py
[2023-07-09T16:09:44.121+0000] {logging_mixin.py:149} INFO - [2023-07-09T16:09:44.121+0000] {dag.py:2726} INFO - Sync 1 DAGs
[2023-07-09T16:09:44.137+0000] {logging_mixin.py:149} INFO - [2023-07-09T16:09:44.137+0000] {dag.py:3490} INFO - Setting next_dagrun for latest_only_with_trigger to 2023-07-09T12:09:44.136860+00:00, run_after=2023-07-09T16:09:44.136860+00:00
[2023-07-09T16:09:44.148+0000] {processor.py:179} INFO - Processing /home/airflow/.local/lib/python3.7/site-packages/airflow/example_dags/example_latest_only_with_trigger.py took 0.063 seconds
[2023-07-09T16:10:14.325+0000] {processor.py:157} INFO - Started process (PID=1205) to work on /home/airflow/.local/lib/python3.7/site-packages/airflow/example_dags/example_latest_only_with_trigger.py
[2023-07-09T16:10:14.327+0000] {processor.py:826} INFO - Processing file /home/airflow/.local/lib/python3.7/site-packages/airflow/example_dags/example_latest_only_with_trigger.py for tasks to queue
[2023-07-09T16:10:14.328+0000] {logging_mixin.py:149} INFO - [2023-07-09T16:10:14.328+0000] {dagbag.py:541} INFO - Filling up the DagBag from /home/airflow/.local/lib/python3.7/site-packages/airflow/example_dags/example_latest_only_with_trigger.py
[2023-07-09T16:10:14.335+0000] {processor.py:836} INFO - DAG(s) dict_keys(['latest_only_with_trigger']) retrieved from /home/airflow/.local/lib/python3.7/site-packages/airflow/example_dags/example_latest_only_with_trigger.py
[2023-07-09T16:10:14.358+0000] {logging_mixin.py:149} INFO - [2023-07-09T16:10:14.358+0000] {dag.py:2726} INFO - Sync 1 DAGs
[2023-07-09T16:10:14.374+0000] {logging_mixin.py:149} INFO - [2023-07-09T16:10:14.374+0000] {dag.py:3490} INFO - Setting next_dagrun for latest_only_with_trigger to 2023-07-09T12:10:14.374136+00:00, run_after=2023-07-09T16:10:14.374136+00:00
[2023-07-09T16:10:14.385+0000] {processor.py:179} INFO - Processing /home/airflow/.local/lib/python3.7/site-packages/airflow/example_dags/example_latest_only_with_trigger.py took 0.064 seconds
[2023-07-09T16:10:44.744+0000] {processor.py:157} INFO - Started process (PID=1266) to work on /home/airflow/.local/lib/python3.7/site-packages/airflow/example_dags/example_latest_only_with_trigger.py
[2023-07-09T16:10:44.746+0000] {processor.py:826} INFO - Processing file /home/airflow/.local/lib/python3.7/site-packages/airflow/example_dags/example_latest_only_with_trigger.py for tasks to queue
[2023-07-09T16:10:44.748+0000] {logging_mixin.py:149} INFO - [2023-07-09T16:10:44.747+0000] {dagbag.py:541} INFO - Filling up the DagBag from /home/airflow/.local/lib/python3.7/site-packages/airflow/example_dags/example_latest_only_with_trigger.py
[2023-07-09T16:10:44.755+0000] {processor.py:836} INFO - DAG(s) dict_keys(['latest_only_with_trigger']) retrieved from /home/airflow/.local/lib/python3.7/site-packages/airflow/example_dags/example_latest_only_with_trigger.py
[2023-07-09T16:10:44.782+0000] {logging_mixin.py:149} INFO - [2023-07-09T16:10:44.782+0000] {dag.py:2726} INFO - Sync 1 DAGs
[2023-07-09T16:10:44.798+0000] {logging_mixin.py:149} INFO - [2023-07-09T16:10:44.798+0000] {dag.py:3490} INFO - Setting next_dagrun for latest_only_with_trigger to 2023-07-09T12:10:44.797772+00:00, run_after=2023-07-09T16:10:44.797772+00:00
[2023-07-09T16:10:44.811+0000] {processor.py:179} INFO - Processing /home/airflow/.local/lib/python3.7/site-packages/airflow/example_dags/example_latest_only_with_trigger.py took 0.073 seconds
[2023-07-09T16:11:15.017+0000] {processor.py:157} INFO - Started process (PID=1328) to work on /home/airflow/.local/lib/python3.7/site-packages/airflow/example_dags/example_latest_only_with_trigger.py
[2023-07-09T16:11:15.019+0000] {processor.py:826} INFO - Processing file /home/airflow/.local/lib/python3.7/site-packages/airflow/example_dags/example_latest_only_with_trigger.py for tasks to queue
[2023-07-09T16:11:15.021+0000] {logging_mixin.py:149} INFO - [2023-07-09T16:11:15.021+0000] {dagbag.py:541} INFO - Filling up the DagBag from /home/airflow/.local/lib/python3.7/site-packages/airflow/example_dags/example_latest_only_with_trigger.py
[2023-07-09T16:11:15.028+0000] {processor.py:836} INFO - DAG(s) dict_keys(['latest_only_with_trigger']) retrieved from /home/airflow/.local/lib/python3.7/site-packages/airflow/example_dags/example_latest_only_with_trigger.py
[2023-07-09T16:11:15.058+0000] {logging_mixin.py:149} INFO - [2023-07-09T16:11:15.058+0000] {dag.py:2726} INFO - Sync 1 DAGs
[2023-07-09T16:11:15.075+0000] {logging_mixin.py:149} INFO - [2023-07-09T16:11:15.075+0000] {dag.py:3490} INFO - Setting next_dagrun for latest_only_with_trigger to 2023-07-09T12:11:15.075580+00:00, run_after=2023-07-09T16:11:15.075580+00:00
[2023-07-09T16:11:15.090+0000] {processor.py:179} INFO - Processing /home/airflow/.local/lib/python3.7/site-packages/airflow/example_dags/example_latest_only_with_trigger.py took 0.077 seconds
[2023-07-09T16:11:45.489+0000] {processor.py:157} INFO - Started process (PID=1389) to work on /home/airflow/.local/lib/python3.7/site-packages/airflow/example_dags/example_latest_only_with_trigger.py
[2023-07-09T16:11:45.491+0000] {processor.py:826} INFO - Processing file /home/airflow/.local/lib/python3.7/site-packages/airflow/example_dags/example_latest_only_with_trigger.py for tasks to queue
[2023-07-09T16:11:45.491+0000] {logging_mixin.py:149} INFO - [2023-07-09T16:11:45.491+0000] {dagbag.py:541} INFO - Filling up the DagBag from /home/airflow/.local/lib/python3.7/site-packages/airflow/example_dags/example_latest_only_with_trigger.py
[2023-07-09T16:11:45.498+0000] {processor.py:836} INFO - DAG(s) dict_keys(['latest_only_with_trigger']) retrieved from /home/airflow/.local/lib/python3.7/site-packages/airflow/example_dags/example_latest_only_with_trigger.py
[2023-07-09T16:11:45.518+0000] {logging_mixin.py:149} INFO - [2023-07-09T16:11:45.517+0000] {dag.py:2726} INFO - Sync 1 DAGs
[2023-07-09T16:11:45.535+0000] {logging_mixin.py:149} INFO - [2023-07-09T16:11:45.535+0000] {dag.py:3490} INFO - Setting next_dagrun for latest_only_with_trigger to 2023-07-09T12:11:45.535605+00:00, run_after=2023-07-09T16:11:45.535605+00:00
[2023-07-09T16:11:45.549+0000] {processor.py:179} INFO - Processing /home/airflow/.local/lib/python3.7/site-packages/airflow/example_dags/example_latest_only_with_trigger.py took 0.063 seconds
[2023-07-09T16:12:15.905+0000] {processor.py:157} INFO - Started process (PID=1450) to work on /home/airflow/.local/lib/python3.7/site-packages/airflow/example_dags/example_latest_only_with_trigger.py
[2023-07-09T16:12:15.908+0000] {processor.py:826} INFO - Processing file /home/airflow/.local/lib/python3.7/site-packages/airflow/example_dags/example_latest_only_with_trigger.py for tasks to queue
[2023-07-09T16:12:15.910+0000] {logging_mixin.py:149} INFO - [2023-07-09T16:12:15.910+0000] {dagbag.py:541} INFO - Filling up the DagBag from /home/airflow/.local/lib/python3.7/site-packages/airflow/example_dags/example_latest_only_with_trigger.py
[2023-07-09T16:12:15.927+0000] {processor.py:836} INFO - DAG(s) dict_keys(['latest_only_with_trigger']) retrieved from /home/airflow/.local/lib/python3.7/site-packages/airflow/example_dags/example_latest_only_with_trigger.py
[2023-07-09T16:12:15.950+0000] {logging_mixin.py:149} INFO - [2023-07-09T16:12:15.950+0000] {dag.py:2726} INFO - Sync 1 DAGs
[2023-07-09T16:12:15.966+0000] {logging_mixin.py:149} INFO - [2023-07-09T16:12:15.966+0000] {dag.py:3490} INFO - Setting next_dagrun for latest_only_with_trigger to 2023-07-09T12:12:15.966219+00:00, run_after=2023-07-09T16:12:15.966219+00:00
[2023-07-09T16:12:15.978+0000] {processor.py:179} INFO - Processing /home/airflow/.local/lib/python3.7/site-packages/airflow/example_dags/example_latest_only_with_trigger.py took 0.082 seconds
[2023-07-09T16:12:46.155+0000] {processor.py:157} INFO - Started process (PID=1511) to work on /home/airflow/.local/lib/python3.7/site-packages/airflow/example_dags/example_latest_only_with_trigger.py
[2023-07-09T16:12:46.157+0000] {processor.py:826} INFO - Processing file /home/airflow/.local/lib/python3.7/site-packages/airflow/example_dags/example_latest_only_with_trigger.py for tasks to queue
[2023-07-09T16:12:46.159+0000] {logging_mixin.py:149} INFO - [2023-07-09T16:12:46.158+0000] {dagbag.py:541} INFO - Filling up the DagBag from /home/airflow/.local/lib/python3.7/site-packages/airflow/example_dags/example_latest_only_with_trigger.py
[2023-07-09T16:12:46.165+0000] {processor.py:836} INFO - DAG(s) dict_keys(['latest_only_with_trigger']) retrieved from /home/airflow/.local/lib/python3.7/site-packages/airflow/example_dags/example_latest_only_with_trigger.py
[2023-07-09T16:12:46.188+0000] {logging_mixin.py:149} INFO - [2023-07-09T16:12:46.187+0000] {dag.py:2726} INFO - Sync 1 DAGs
[2023-07-09T16:12:46.203+0000] {logging_mixin.py:149} INFO - [2023-07-09T16:12:46.203+0000] {dag.py:3490} INFO - Setting next_dagrun for latest_only_with_trigger to 2023-07-09T12:12:46.203288+00:00, run_after=2023-07-09T16:12:46.203288+00:00
[2023-07-09T16:12:46.214+0000] {processor.py:179} INFO - Processing /home/airflow/.local/lib/python3.7/site-packages/airflow/example_dags/example_latest_only_with_trigger.py took 0.063 seconds
[2023-07-09T16:13:16.381+0000] {processor.py:157} INFO - Started process (PID=1572) to work on /home/airflow/.local/lib/python3.7/site-packages/airflow/example_dags/example_latest_only_with_trigger.py
[2023-07-09T16:13:16.383+0000] {processor.py:826} INFO - Processing file /home/airflow/.local/lib/python3.7/site-packages/airflow/example_dags/example_latest_only_with_trigger.py for tasks to queue
[2023-07-09T16:13:16.384+0000] {logging_mixin.py:149} INFO - [2023-07-09T16:13:16.383+0000] {dagbag.py:541} INFO - Filling up the DagBag from /home/airflow/.local/lib/python3.7/site-packages/airflow/example_dags/example_latest_only_with_trigger.py
[2023-07-09T16:13:16.389+0000] {processor.py:836} INFO - DAG(s) dict_keys(['latest_only_with_trigger']) retrieved from /home/airflow/.local/lib/python3.7/site-packages/airflow/example_dags/example_latest_only_with_trigger.py
[2023-07-09T16:13:16.410+0000] {logging_mixin.py:149} INFO - [2023-07-09T16:13:16.410+0000] {dag.py:2726} INFO - Sync 1 DAGs
[2023-07-09T16:13:16.428+0000] {logging_mixin.py:149} INFO - [2023-07-09T16:13:16.428+0000] {dag.py:3490} INFO - Setting next_dagrun for latest_only_with_trigger to 2023-07-09T12:13:16.427820+00:00, run_after=2023-07-09T16:13:16.427820+00:00
[2023-07-09T16:13:16.440+0000] {processor.py:179} INFO - Processing /home/airflow/.local/lib/python3.7/site-packages/airflow/example_dags/example_latest_only_with_trigger.py took 0.062 seconds
[2023-07-09T16:13:46.826+0000] {processor.py:157} INFO - Started process (PID=1633) to work on /home/airflow/.local/lib/python3.7/site-packages/airflow/example_dags/example_latest_only_with_trigger.py
[2023-07-09T16:13:46.828+0000] {processor.py:826} INFO - Processing file /home/airflow/.local/lib/python3.7/site-packages/airflow/example_dags/example_latest_only_with_trigger.py for tasks to queue
[2023-07-09T16:13:46.829+0000] {logging_mixin.py:149} INFO - [2023-07-09T16:13:46.829+0000] {dagbag.py:541} INFO - Filling up the DagBag from /home/airflow/.local/lib/python3.7/site-packages/airflow/example_dags/example_latest_only_with_trigger.py
[2023-07-09T16:13:46.837+0000] {processor.py:836} INFO - DAG(s) dict_keys(['latest_only_with_trigger']) retrieved from /home/airflow/.local/lib/python3.7/site-packages/airflow/example_dags/example_latest_only_with_trigger.py
[2023-07-09T16:13:46.858+0000] {logging_mixin.py:149} INFO - [2023-07-09T16:13:46.858+0000] {dag.py:2726} INFO - Sync 1 DAGs
[2023-07-09T16:13:46.874+0000] {logging_mixin.py:149} INFO - [2023-07-09T16:13:46.874+0000] {dag.py:3490} INFO - Setting next_dagrun for latest_only_with_trigger to 2023-07-09T12:13:46.874013+00:00, run_after=2023-07-09T16:13:46.874013+00:00
[2023-07-09T16:13:46.886+0000] {processor.py:179} INFO - Processing /home/airflow/.local/lib/python3.7/site-packages/airflow/example_dags/example_latest_only_with_trigger.py took 0.065 seconds
[2023-07-09T16:14:17.323+0000] {processor.py:157} INFO - Started process (PID=1694) to work on /home/airflow/.local/lib/python3.7/site-packages/airflow/example_dags/example_latest_only_with_trigger.py
[2023-07-09T16:14:17.325+0000] {processor.py:826} INFO - Processing file /home/airflow/.local/lib/python3.7/site-packages/airflow/example_dags/example_latest_only_with_trigger.py for tasks to queue
[2023-07-09T16:14:17.326+0000] {logging_mixin.py:149} INFO - [2023-07-09T16:14:17.326+0000] {dagbag.py:541} INFO - Filling up the DagBag from /home/airflow/.local/lib/python3.7/site-packages/airflow/example_dags/example_latest_only_with_trigger.py
[2023-07-09T16:14:17.333+0000] {processor.py:836} INFO - DAG(s) dict_keys(['latest_only_with_trigger']) retrieved from /home/airflow/.local/lib/python3.7/site-packages/airflow/example_dags/example_latest_only_with_trigger.py
[2023-07-09T16:14:17.354+0000] {logging_mixin.py:149} INFO - [2023-07-09T16:14:17.354+0000] {dag.py:2726} INFO - Sync 1 DAGs
[2023-07-09T16:14:17.369+0000] {logging_mixin.py:149} INFO - [2023-07-09T16:14:17.369+0000] {dag.py:3490} INFO - Setting next_dagrun for latest_only_with_trigger to 2023-07-09T12:14:17.369097+00:00, run_after=2023-07-09T16:14:17.369097+00:00
[2023-07-09T16:14:17.380+0000] {processor.py:179} INFO - Processing /home/airflow/.local/lib/python3.7/site-packages/airflow/example_dags/example_latest_only_with_trigger.py took 0.060 seconds
[2023-07-09T16:14:47.926+0000] {processor.py:157} INFO - Started process (PID=1755) to work on /home/airflow/.local/lib/python3.7/site-packages/airflow/example_dags/example_latest_only_with_trigger.py
[2023-07-09T16:14:47.928+0000] {processor.py:826} INFO - Processing file /home/airflow/.local/lib/python3.7/site-packages/airflow/example_dags/example_latest_only_with_trigger.py for tasks to queue
[2023-07-09T16:14:47.929+0000] {logging_mixin.py:149} INFO - [2023-07-09T16:14:47.929+0000] {dagbag.py:541} INFO - Filling up the DagBag from /home/airflow/.local/lib/python3.7/site-packages/airflow/example_dags/example_latest_only_with_trigger.py
[2023-07-09T16:14:47.936+0000] {processor.py:836} INFO - DAG(s) dict_keys(['latest_only_with_trigger']) retrieved from /home/airflow/.local/lib/python3.7/site-packages/airflow/example_dags/example_latest_only_with_trigger.py
[2023-07-09T16:14:47.960+0000] {logging_mixin.py:149} INFO - [2023-07-09T16:14:47.960+0000] {dag.py:2726} INFO - Sync 1 DAGs
[2023-07-09T16:14:47.976+0000] {logging_mixin.py:149} INFO - [2023-07-09T16:14:47.976+0000] {dag.py:3490} INFO - Setting next_dagrun for latest_only_with_trigger to 2023-07-09T12:14:47.975935+00:00, run_after=2023-07-09T16:14:47.975935+00:00
[2023-07-09T16:14:47.987+0000] {processor.py:179} INFO - Processing /home/airflow/.local/lib/python3.7/site-packages/airflow/example_dags/example_latest_only_with_trigger.py took 0.065 seconds
[2023-07-09T16:15:18.501+0000] {processor.py:157} INFO - Started process (PID=1816) to work on /home/airflow/.local/lib/python3.7/site-packages/airflow/example_dags/example_latest_only_with_trigger.py
[2023-07-09T16:15:18.503+0000] {processor.py:826} INFO - Processing file /home/airflow/.local/lib/python3.7/site-packages/airflow/example_dags/example_latest_only_with_trigger.py for tasks to queue
[2023-07-09T16:15:18.504+0000] {logging_mixin.py:149} INFO - [2023-07-09T16:15:18.504+0000] {dagbag.py:541} INFO - Filling up the DagBag from /home/airflow/.local/lib/python3.7/site-packages/airflow/example_dags/example_latest_only_with_trigger.py
[2023-07-09T16:15:18.511+0000] {processor.py:836} INFO - DAG(s) dict_keys(['latest_only_with_trigger']) retrieved from /home/airflow/.local/lib/python3.7/site-packages/airflow/example_dags/example_latest_only_with_trigger.py
[2023-07-09T16:15:18.534+0000] {logging_mixin.py:149} INFO - [2023-07-09T16:15:18.534+0000] {dag.py:2726} INFO - Sync 1 DAGs
[2023-07-09T16:15:18.551+0000] {logging_mixin.py:149} INFO - [2023-07-09T16:15:18.551+0000] {dag.py:3490} INFO - Setting next_dagrun for latest_only_with_trigger to 2023-07-09T12:15:18.551333+00:00, run_after=2023-07-09T16:15:18.551333+00:00
[2023-07-09T16:15:18.563+0000] {processor.py:179} INFO - Processing /home/airflow/.local/lib/python3.7/site-packages/airflow/example_dags/example_latest_only_with_trigger.py took 0.066 seconds
[2023-07-09T16:15:49.091+0000] {processor.py:157} INFO - Started process (PID=1877) to work on /home/airflow/.local/lib/python3.7/site-packages/airflow/example_dags/example_latest_only_with_trigger.py
[2023-07-09T16:15:49.094+0000] {processor.py:826} INFO - Processing file /home/airflow/.local/lib/python3.7/site-packages/airflow/example_dags/example_latest_only_with_trigger.py for tasks to queue
[2023-07-09T16:15:49.096+0000] {logging_mixin.py:149} INFO - [2023-07-09T16:15:49.095+0000] {dagbag.py:541} INFO - Filling up the DagBag from /home/airflow/.local/lib/python3.7/site-packages/airflow/example_dags/example_latest_only_with_trigger.py
[2023-07-09T16:15:49.104+0000] {processor.py:836} INFO - DAG(s) dict_keys(['latest_only_with_trigger']) retrieved from /home/airflow/.local/lib/python3.7/site-packages/airflow/example_dags/example_latest_only_with_trigger.py
[2023-07-09T16:15:49.134+0000] {logging_mixin.py:149} INFO - [2023-07-09T16:15:49.133+0000] {dag.py:2726} INFO - Sync 1 DAGs
[2023-07-09T16:15:49.156+0000] {logging_mixin.py:149} INFO - [2023-07-09T16:15:49.156+0000] {dag.py:3490} INFO - Setting next_dagrun for latest_only_with_trigger to 2023-07-09T12:15:49.155827+00:00, run_after=2023-07-09T16:15:49.155827+00:00
[2023-07-09T16:15:49.172+0000] {processor.py:179} INFO - Processing /home/airflow/.local/lib/python3.7/site-packages/airflow/example_dags/example_latest_only_with_trigger.py took 0.086 seconds
[2023-07-09T16:16:19.286+0000] {processor.py:157} INFO - Started process (PID=1938) to work on /home/airflow/.local/lib/python3.7/site-packages/airflow/example_dags/example_latest_only_with_trigger.py
[2023-07-09T16:16:19.288+0000] {processor.py:826} INFO - Processing file /home/airflow/.local/lib/python3.7/site-packages/airflow/example_dags/example_latest_only_with_trigger.py for tasks to queue
[2023-07-09T16:16:19.289+0000] {logging_mixin.py:149} INFO - [2023-07-09T16:16:19.289+0000] {dagbag.py:541} INFO - Filling up the DagBag from /home/airflow/.local/lib/python3.7/site-packages/airflow/example_dags/example_latest_only_with_trigger.py
[2023-07-09T16:16:19.295+0000] {processor.py:836} INFO - DAG(s) dict_keys(['latest_only_with_trigger']) retrieved from /home/airflow/.local/lib/python3.7/site-packages/airflow/example_dags/example_latest_only_with_trigger.py
[2023-07-09T16:16:19.316+0000] {logging_mixin.py:149} INFO - [2023-07-09T16:16:19.316+0000] {dag.py:2726} INFO - Sync 1 DAGs
[2023-07-09T16:16:19.332+0000] {logging_mixin.py:149} INFO - [2023-07-09T16:16:19.332+0000] {dag.py:3490} INFO - Setting next_dagrun for latest_only_with_trigger to 2023-07-09T12:16:19.332139+00:00, run_after=2023-07-09T16:16:19.332139+00:00
[2023-07-09T16:16:19.343+0000] {processor.py:179} INFO - Processing /home/airflow/.local/lib/python3.7/site-packages/airflow/example_dags/example_latest_only_with_trigger.py took 0.061 seconds
[2023-07-09T16:16:49.587+0000] {processor.py:157} INFO - Started process (PID=2000) to work on /home/airflow/.local/lib/python3.7/site-packages/airflow/example_dags/example_latest_only_with_trigger.py
[2023-07-09T16:16:49.589+0000] {processor.py:826} INFO - Processing file /home/airflow/.local/lib/python3.7/site-packages/airflow/example_dags/example_latest_only_with_trigger.py for tasks to queue
[2023-07-09T16:16:49.591+0000] {logging_mixin.py:149} INFO - [2023-07-09T16:16:49.590+0000] {dagbag.py:541} INFO - Filling up the DagBag from /home/airflow/.local/lib/python3.7/site-packages/airflow/example_dags/example_latest_only_with_trigger.py
[2023-07-09T16:16:49.598+0000] {processor.py:836} INFO - DAG(s) dict_keys(['latest_only_with_trigger']) retrieved from /home/airflow/.local/lib/python3.7/site-packages/airflow/example_dags/example_latest_only_with_trigger.py
[2023-07-09T16:16:49.620+0000] {logging_mixin.py:149} INFO - [2023-07-09T16:16:49.620+0000] {dag.py:2726} INFO - Sync 1 DAGs
[2023-07-09T16:16:49.636+0000] {logging_mixin.py:149} INFO - [2023-07-09T16:16:49.636+0000] {dag.py:3490} INFO - Setting next_dagrun for latest_only_with_trigger to 2023-07-09T12:16:49.636086+00:00, run_after=2023-07-09T16:16:49.636086+00:00
[2023-07-09T16:16:49.647+0000] {processor.py:179} INFO - Processing /home/airflow/.local/lib/python3.7/site-packages/airflow/example_dags/example_latest_only_with_trigger.py took 0.065 seconds
[2023-07-09T16:17:20.653+0000] {processor.py:157} INFO - Started process (PID=2061) to work on /home/airflow/.local/lib/python3.7/site-packages/airflow/example_dags/example_latest_only_with_trigger.py
[2023-07-09T16:17:20.656+0000] {processor.py:826} INFO - Processing file /home/airflow/.local/lib/python3.7/site-packages/airflow/example_dags/example_latest_only_with_trigger.py for tasks to queue
[2023-07-09T16:17:20.657+0000] {logging_mixin.py:149} INFO - [2023-07-09T16:17:20.657+0000] {dagbag.py:541} INFO - Filling up the DagBag from /home/airflow/.local/lib/python3.7/site-packages/airflow/example_dags/example_latest_only_with_trigger.py
[2023-07-09T16:17:20.665+0000] {processor.py:836} INFO - DAG(s) dict_keys(['latest_only_with_trigger']) retrieved from /home/airflow/.local/lib/python3.7/site-packages/airflow/example_dags/example_latest_only_with_trigger.py
[2023-07-09T16:17:20.689+0000] {logging_mixin.py:149} INFO - [2023-07-09T16:17:20.689+0000] {dag.py:2726} INFO - Sync 1 DAGs
[2023-07-09T16:17:20.705+0000] {logging_mixin.py:149} INFO - [2023-07-09T16:17:20.705+0000] {dag.py:3490} INFO - Setting next_dagrun for latest_only_with_trigger to 2023-07-09T12:17:20.705550+00:00, run_after=2023-07-09T16:17:20.705550+00:00
[2023-07-09T16:17:20.719+0000] {processor.py:179} INFO - Processing /home/airflow/.local/lib/python3.7/site-packages/airflow/example_dags/example_latest_only_with_trigger.py took 0.074 seconds
[2023-07-09T16:17:51.379+0000] {processor.py:157} INFO - Started process (PID=2122) to work on /home/airflow/.local/lib/python3.7/site-packages/airflow/example_dags/example_latest_only_with_trigger.py
[2023-07-09T16:17:51.380+0000] {processor.py:826} INFO - Processing file /home/airflow/.local/lib/python3.7/site-packages/airflow/example_dags/example_latest_only_with_trigger.py for tasks to queue
[2023-07-09T16:17:51.381+0000] {logging_mixin.py:149} INFO - [2023-07-09T16:17:51.381+0000] {dagbag.py:541} INFO - Filling up the DagBag from /home/airflow/.local/lib/python3.7/site-packages/airflow/example_dags/example_latest_only_with_trigger.py
[2023-07-09T16:17:51.389+0000] {processor.py:836} INFO - DAG(s) dict_keys(['latest_only_with_trigger']) retrieved from /home/airflow/.local/lib/python3.7/site-packages/airflow/example_dags/example_latest_only_with_trigger.py
[2023-07-09T16:17:51.412+0000] {logging_mixin.py:149} INFO - [2023-07-09T16:17:51.412+0000] {dag.py:2726} INFO - Sync 1 DAGs
[2023-07-09T16:17:51.430+0000] {logging_mixin.py:149} INFO - [2023-07-09T16:17:51.430+0000] {dag.py:3490} INFO - Setting next_dagrun for latest_only_with_trigger to 2023-07-09T12:17:51.429827+00:00, run_after=2023-07-09T16:17:51.429827+00:00
[2023-07-09T16:17:51.444+0000] {processor.py:179} INFO - Processing /home/airflow/.local/lib/python3.7/site-packages/airflow/example_dags/example_latest_only_with_trigger.py took 0.070 seconds
