[2023-07-09T16:00:38.063+0000] {processor.py:157} INFO - Started process (PID=68) to work on /home/airflow/.local/lib/python3.7/site-packages/airflow/example_dags/example_short_circuit_decorator.py
[2023-07-09T16:00:38.068+0000] {processor.py:826} INFO - Processing file /home/airflow/.local/lib/python3.7/site-packages/airflow/example_dags/example_short_circuit_decorator.py for tasks to queue
[2023-07-09T16:00:38.074+0000] {logging_mixin.py:149} INFO - [2023-07-09T16:00:38.073+0000] {dagbag.py:541} INFO - Filling up the DagBag from /home/airflow/.local/lib/python3.7/site-packages/airflow/example_dags/example_short_circuit_decorator.py
[2023-07-09T16:00:38.112+0000] {processor.py:836} INFO - DAG(s) dict_keys(['example_short_circuit_decorator']) retrieved from /home/airflow/.local/lib/python3.7/site-packages/airflow/example_dags/example_short_circuit_decorator.py
[2023-07-09T16:00:38.161+0000] {logging_mixin.py:149} INFO - [2023-07-09T16:00:38.161+0000] {dag.py:2726} INFO - Sync 1 DAGs
[2023-07-09T16:00:38.262+0000] {logging_mixin.py:149} INFO - [2023-07-09T16:00:38.262+0000] {dag.py:3490} INFO - Setting next_dagrun for example_short_circuit_decorator to 2023-07-08T16:00:38.261320+00:00, run_after=2023-07-09T16:00:38.261320+00:00
[2023-07-09T16:00:38.329+0000] {processor.py:179} INFO - Processing /home/airflow/.local/lib/python3.7/site-packages/airflow/example_dags/example_short_circuit_decorator.py took 0.277 seconds
[2023-07-09T16:01:09.208+0000] {processor.py:157} INFO - Started process (PID=129) to work on /home/airflow/.local/lib/python3.7/site-packages/airflow/example_dags/example_short_circuit_decorator.py
[2023-07-09T16:01:09.210+0000] {processor.py:826} INFO - Processing file /home/airflow/.local/lib/python3.7/site-packages/airflow/example_dags/example_short_circuit_decorator.py for tasks to queue
[2023-07-09T16:01:09.211+0000] {logging_mixin.py:149} INFO - [2023-07-09T16:01:09.211+0000] {dagbag.py:541} INFO - Filling up the DagBag from /home/airflow/.local/lib/python3.7/site-packages/airflow/example_dags/example_short_circuit_decorator.py
[2023-07-09T16:01:09.224+0000] {processor.py:836} INFO - DAG(s) dict_keys(['example_short_circuit_decorator']) retrieved from /home/airflow/.local/lib/python3.7/site-packages/airflow/example_dags/example_short_circuit_decorator.py
[2023-07-09T16:01:09.249+0000] {logging_mixin.py:149} INFO - [2023-07-09T16:01:09.249+0000] {dag.py:2726} INFO - Sync 1 DAGs
[2023-07-09T16:01:09.270+0000] {logging_mixin.py:149} INFO - [2023-07-09T16:01:09.270+0000] {dag.py:3490} INFO - Setting next_dagrun for example_short_circuit_decorator to 2023-07-08T16:01:09.270181+00:00, run_after=2023-07-09T16:01:09.270181+00:00
[2023-07-09T16:01:09.286+0000] {processor.py:179} INFO - Processing /home/airflow/.local/lib/python3.7/site-packages/airflow/example_dags/example_short_circuit_decorator.py took 0.083 seconds
[2023-07-09T16:01:39.406+0000] {processor.py:157} INFO - Started process (PID=190) to work on /home/airflow/.local/lib/python3.7/site-packages/airflow/example_dags/example_short_circuit_decorator.py
[2023-07-09T16:01:39.408+0000] {processor.py:826} INFO - Processing file /home/airflow/.local/lib/python3.7/site-packages/airflow/example_dags/example_short_circuit_decorator.py for tasks to queue
[2023-07-09T16:01:39.409+0000] {logging_mixin.py:149} INFO - [2023-07-09T16:01:39.409+0000] {dagbag.py:541} INFO - Filling up the DagBag from /home/airflow/.local/lib/python3.7/site-packages/airflow/example_dags/example_short_circuit_decorator.py
[2023-07-09T16:01:39.423+0000] {processor.py:836} INFO - DAG(s) dict_keys(['example_short_circuit_decorator']) retrieved from /home/airflow/.local/lib/python3.7/site-packages/airflow/example_dags/example_short_circuit_decorator.py
[2023-07-09T16:01:39.447+0000] {logging_mixin.py:149} INFO - [2023-07-09T16:01:39.446+0000] {dag.py:2726} INFO - Sync 1 DAGs
[2023-07-09T16:01:39.463+0000] {logging_mixin.py:149} INFO - [2023-07-09T16:01:39.463+0000] {dag.py:3490} INFO - Setting next_dagrun for example_short_circuit_decorator to 2023-07-08T16:01:39.463031+00:00, run_after=2023-07-09T16:01:39.463031+00:00
[2023-07-09T16:01:39.477+0000] {processor.py:179} INFO - Processing /home/airflow/.local/lib/python3.7/site-packages/airflow/example_dags/example_short_circuit_decorator.py took 0.078 seconds
[2023-07-09T16:02:10.463+0000] {processor.py:157} INFO - Started process (PID=251) to work on /home/airflow/.local/lib/python3.7/site-packages/airflow/example_dags/example_short_circuit_decorator.py
[2023-07-09T16:02:10.464+0000] {processor.py:826} INFO - Processing file /home/airflow/.local/lib/python3.7/site-packages/airflow/example_dags/example_short_circuit_decorator.py for tasks to queue
[2023-07-09T16:02:10.466+0000] {logging_mixin.py:149} INFO - [2023-07-09T16:02:10.466+0000] {dagbag.py:541} INFO - Filling up the DagBag from /home/airflow/.local/lib/python3.7/site-packages/airflow/example_dags/example_short_circuit_decorator.py
[2023-07-09T16:02:10.479+0000] {processor.py:836} INFO - DAG(s) dict_keys(['example_short_circuit_decorator']) retrieved from /home/airflow/.local/lib/python3.7/site-packages/airflow/example_dags/example_short_circuit_decorator.py
[2023-07-09T16:02:10.501+0000] {logging_mixin.py:149} INFO - [2023-07-09T16:02:10.501+0000] {dag.py:2726} INFO - Sync 1 DAGs
[2023-07-09T16:02:10.518+0000] {logging_mixin.py:149} INFO - [2023-07-09T16:02:10.518+0000] {dag.py:3490} INFO - Setting next_dagrun for example_short_circuit_decorator to 2023-07-08T16:02:10.517820+00:00, run_after=2023-07-09T16:02:10.517820+00:00
[2023-07-09T16:02:10.531+0000] {processor.py:179} INFO - Processing /home/airflow/.local/lib/python3.7/site-packages/airflow/example_dags/example_short_circuit_decorator.py took 0.071 seconds
[2023-07-09T16:02:40.941+0000] {processor.py:157} INFO - Started process (PID=312) to work on /home/airflow/.local/lib/python3.7/site-packages/airflow/example_dags/example_short_circuit_decorator.py
[2023-07-09T16:02:40.943+0000] {processor.py:826} INFO - Processing file /home/airflow/.local/lib/python3.7/site-packages/airflow/example_dags/example_short_circuit_decorator.py for tasks to queue
[2023-07-09T16:02:40.944+0000] {logging_mixin.py:149} INFO - [2023-07-09T16:02:40.944+0000] {dagbag.py:541} INFO - Filling up the DagBag from /home/airflow/.local/lib/python3.7/site-packages/airflow/example_dags/example_short_circuit_decorator.py
[2023-07-09T16:02:40.954+0000] {processor.py:836} INFO - DAG(s) dict_keys(['example_short_circuit_decorator']) retrieved from /home/airflow/.local/lib/python3.7/site-packages/airflow/example_dags/example_short_circuit_decorator.py
[2023-07-09T16:02:40.978+0000] {logging_mixin.py:149} INFO - [2023-07-09T16:02:40.978+0000] {dag.py:2726} INFO - Sync 1 DAGs
[2023-07-09T16:02:40.993+0000] {logging_mixin.py:149} INFO - [2023-07-09T16:02:40.993+0000] {dag.py:3490} INFO - Setting next_dagrun for example_short_circuit_decorator to 2023-07-08T16:02:40.993615+00:00, run_after=2023-07-09T16:02:40.993615+00:00
[2023-07-09T16:02:41.005+0000] {processor.py:179} INFO - Processing /home/airflow/.local/lib/python3.7/site-packages/airflow/example_dags/example_short_circuit_decorator.py took 0.070 seconds
[2023-07-09T16:03:11.534+0000] {processor.py:157} INFO - Started process (PID=373) to work on /home/airflow/.local/lib/python3.7/site-packages/airflow/example_dags/example_short_circuit_decorator.py
[2023-07-09T16:03:11.536+0000] {processor.py:826} INFO - Processing file /home/airflow/.local/lib/python3.7/site-packages/airflow/example_dags/example_short_circuit_decorator.py for tasks to queue
[2023-07-09T16:03:11.537+0000] {logging_mixin.py:149} INFO - [2023-07-09T16:03:11.537+0000] {dagbag.py:541} INFO - Filling up the DagBag from /home/airflow/.local/lib/python3.7/site-packages/airflow/example_dags/example_short_circuit_decorator.py
[2023-07-09T16:03:11.547+0000] {processor.py:836} INFO - DAG(s) dict_keys(['example_short_circuit_decorator']) retrieved from /home/airflow/.local/lib/python3.7/site-packages/airflow/example_dags/example_short_circuit_decorator.py
[2023-07-09T16:03:11.570+0000] {logging_mixin.py:149} INFO - [2023-07-09T16:03:11.570+0000] {dag.py:2726} INFO - Sync 1 DAGs
[2023-07-09T16:03:11.585+0000] {logging_mixin.py:149} INFO - [2023-07-09T16:03:11.585+0000] {dag.py:3490} INFO - Setting next_dagrun for example_short_circuit_decorator to 2023-07-08T16:03:11.584899+00:00, run_after=2023-07-09T16:03:11.584899+00:00
[2023-07-09T16:03:11.596+0000] {processor.py:179} INFO - Processing /home/airflow/.local/lib/python3.7/site-packages/airflow/example_dags/example_short_circuit_decorator.py took 0.067 seconds
[2023-07-09T16:03:42.093+0000] {processor.py:157} INFO - Started process (PID=434) to work on /home/airflow/.local/lib/python3.7/site-packages/airflow/example_dags/example_short_circuit_decorator.py
[2023-07-09T16:03:42.094+0000] {processor.py:826} INFO - Processing file /home/airflow/.local/lib/python3.7/site-packages/airflow/example_dags/example_short_circuit_decorator.py for tasks to queue
[2023-07-09T16:03:42.095+0000] {logging_mixin.py:149} INFO - [2023-07-09T16:03:42.095+0000] {dagbag.py:541} INFO - Filling up the DagBag from /home/airflow/.local/lib/python3.7/site-packages/airflow/example_dags/example_short_circuit_decorator.py
[2023-07-09T16:03:42.106+0000] {processor.py:836} INFO - DAG(s) dict_keys(['example_short_circuit_decorator']) retrieved from /home/airflow/.local/lib/python3.7/site-packages/airflow/example_dags/example_short_circuit_decorator.py
[2023-07-09T16:03:42.129+0000] {logging_mixin.py:149} INFO - [2023-07-09T16:03:42.129+0000] {dag.py:2726} INFO - Sync 1 DAGs
[2023-07-09T16:03:42.144+0000] {logging_mixin.py:149} INFO - [2023-07-09T16:03:42.144+0000] {dag.py:3490} INFO - Setting next_dagrun for example_short_circuit_decorator to 2023-07-08T16:03:42.144319+00:00, run_after=2023-07-09T16:03:42.144319+00:00
[2023-07-09T16:03:42.155+0000] {processor.py:179} INFO - Processing /home/airflow/.local/lib/python3.7/site-packages/airflow/example_dags/example_short_circuit_decorator.py took 0.066 seconds
[2023-07-09T16:04:12.882+0000] {processor.py:157} INFO - Started process (PID=495) to work on /home/airflow/.local/lib/python3.7/site-packages/airflow/example_dags/example_short_circuit_decorator.py
[2023-07-09T16:04:12.883+0000] {processor.py:826} INFO - Processing file /home/airflow/.local/lib/python3.7/site-packages/airflow/example_dags/example_short_circuit_decorator.py for tasks to queue
[2023-07-09T16:04:12.885+0000] {logging_mixin.py:149} INFO - [2023-07-09T16:04:12.884+0000] {dagbag.py:541} INFO - Filling up the DagBag from /home/airflow/.local/lib/python3.7/site-packages/airflow/example_dags/example_short_circuit_decorator.py
[2023-07-09T16:04:12.895+0000] {processor.py:836} INFO - DAG(s) dict_keys(['example_short_circuit_decorator']) retrieved from /home/airflow/.local/lib/python3.7/site-packages/airflow/example_dags/example_short_circuit_decorator.py
[2023-07-09T16:04:12.918+0000] {logging_mixin.py:149} INFO - [2023-07-09T16:04:12.918+0000] {dag.py:2726} INFO - Sync 1 DAGs
[2023-07-09T16:04:12.933+0000] {logging_mixin.py:149} INFO - [2023-07-09T16:04:12.933+0000] {dag.py:3490} INFO - Setting next_dagrun for example_short_circuit_decorator to 2023-07-08T16:04:12.932905+00:00, run_after=2023-07-09T16:04:12.932905+00:00
[2023-07-09T16:04:12.944+0000] {processor.py:179} INFO - Processing /home/airflow/.local/lib/python3.7/site-packages/airflow/example_dags/example_short_circuit_decorator.py took 0.066 seconds
[2023-07-09T16:04:43.531+0000] {processor.py:157} INFO - Started process (PID=556) to work on /home/airflow/.local/lib/python3.7/site-packages/airflow/example_dags/example_short_circuit_decorator.py
[2023-07-09T16:04:43.533+0000] {processor.py:826} INFO - Processing file /home/airflow/.local/lib/python3.7/site-packages/airflow/example_dags/example_short_circuit_decorator.py for tasks to queue
[2023-07-09T16:04:43.534+0000] {logging_mixin.py:149} INFO - [2023-07-09T16:04:43.534+0000] {dagbag.py:541} INFO - Filling up the DagBag from /home/airflow/.local/lib/python3.7/site-packages/airflow/example_dags/example_short_circuit_decorator.py
[2023-07-09T16:04:43.546+0000] {processor.py:836} INFO - DAG(s) dict_keys(['example_short_circuit_decorator']) retrieved from /home/airflow/.local/lib/python3.7/site-packages/airflow/example_dags/example_short_circuit_decorator.py
[2023-07-09T16:04:43.571+0000] {logging_mixin.py:149} INFO - [2023-07-09T16:04:43.571+0000] {dag.py:2726} INFO - Sync 1 DAGs
[2023-07-09T16:04:43.587+0000] {logging_mixin.py:149} INFO - [2023-07-09T16:04:43.587+0000] {dag.py:3490} INFO - Setting next_dagrun for example_short_circuit_decorator to 2023-07-08T16:04:43.587426+00:00, run_after=2023-07-09T16:04:43.587426+00:00
[2023-07-09T16:04:43.603+0000] {processor.py:179} INFO - Processing /home/airflow/.local/lib/python3.7/site-packages/airflow/example_dags/example_short_circuit_decorator.py took 0.077 seconds
[2023-07-09T16:05:13.988+0000] {processor.py:157} INFO - Started process (PID=617) to work on /home/airflow/.local/lib/python3.7/site-packages/airflow/example_dags/example_short_circuit_decorator.py
[2023-07-09T16:05:13.990+0000] {processor.py:826} INFO - Processing file /home/airflow/.local/lib/python3.7/site-packages/airflow/example_dags/example_short_circuit_decorator.py for tasks to queue
[2023-07-09T16:05:13.991+0000] {logging_mixin.py:149} INFO - [2023-07-09T16:05:13.991+0000] {dagbag.py:541} INFO - Filling up the DagBag from /home/airflow/.local/lib/python3.7/site-packages/airflow/example_dags/example_short_circuit_decorator.py
[2023-07-09T16:05:14.001+0000] {processor.py:836} INFO - DAG(s) dict_keys(['example_short_circuit_decorator']) retrieved from /home/airflow/.local/lib/python3.7/site-packages/airflow/example_dags/example_short_circuit_decorator.py
[2023-07-09T16:05:14.023+0000] {logging_mixin.py:149} INFO - [2023-07-09T16:05:14.023+0000] {dag.py:2726} INFO - Sync 1 DAGs
[2023-07-09T16:05:14.039+0000] {logging_mixin.py:149} INFO - [2023-07-09T16:05:14.039+0000] {dag.py:3490} INFO - Setting next_dagrun for example_short_circuit_decorator to 2023-07-08T16:05:14.039093+00:00, run_after=2023-07-09T16:05:14.039093+00:00
[2023-07-09T16:05:14.052+0000] {processor.py:179} INFO - Processing /home/airflow/.local/lib/python3.7/site-packages/airflow/example_dags/example_short_circuit_decorator.py took 0.068 seconds
[2023-07-09T16:05:44.520+0000] {processor.py:157} INFO - Started process (PID=678) to work on /home/airflow/.local/lib/python3.7/site-packages/airflow/example_dags/example_short_circuit_decorator.py
[2023-07-09T16:05:44.521+0000] {processor.py:826} INFO - Processing file /home/airflow/.local/lib/python3.7/site-packages/airflow/example_dags/example_short_circuit_decorator.py for tasks to queue
[2023-07-09T16:05:44.522+0000] {logging_mixin.py:149} INFO - [2023-07-09T16:05:44.522+0000] {dagbag.py:541} INFO - Filling up the DagBag from /home/airflow/.local/lib/python3.7/site-packages/airflow/example_dags/example_short_circuit_decorator.py
[2023-07-09T16:05:44.533+0000] {processor.py:836} INFO - DAG(s) dict_keys(['example_short_circuit_decorator']) retrieved from /home/airflow/.local/lib/python3.7/site-packages/airflow/example_dags/example_short_circuit_decorator.py
[2023-07-09T16:05:44.556+0000] {logging_mixin.py:149} INFO - [2023-07-09T16:05:44.556+0000] {dag.py:2726} INFO - Sync 1 DAGs
[2023-07-09T16:05:44.570+0000] {logging_mixin.py:149} INFO - [2023-07-09T16:05:44.570+0000] {dag.py:3490} INFO - Setting next_dagrun for example_short_circuit_decorator to 2023-07-08T16:05:44.570450+00:00, run_after=2023-07-09T16:05:44.570450+00:00
[2023-07-09T16:05:44.581+0000] {processor.py:179} INFO - Processing /home/airflow/.local/lib/python3.7/site-packages/airflow/example_dags/example_short_circuit_decorator.py took 0.066 seconds
[2023-07-09T16:06:15.129+0000] {processor.py:157} INFO - Started process (PID=739) to work on /home/airflow/.local/lib/python3.7/site-packages/airflow/example_dags/example_short_circuit_decorator.py
[2023-07-09T16:06:15.130+0000] {processor.py:826} INFO - Processing file /home/airflow/.local/lib/python3.7/site-packages/airflow/example_dags/example_short_circuit_decorator.py for tasks to queue
[2023-07-09T16:06:15.131+0000] {logging_mixin.py:149} INFO - [2023-07-09T16:06:15.131+0000] {dagbag.py:541} INFO - Filling up the DagBag from /home/airflow/.local/lib/python3.7/site-packages/airflow/example_dags/example_short_circuit_decorator.py
[2023-07-09T16:06:15.141+0000] {processor.py:836} INFO - DAG(s) dict_keys(['example_short_circuit_decorator']) retrieved from /home/airflow/.local/lib/python3.7/site-packages/airflow/example_dags/example_short_circuit_decorator.py
[2023-07-09T16:06:15.168+0000] {logging_mixin.py:149} INFO - [2023-07-09T16:06:15.168+0000] {dag.py:2726} INFO - Sync 1 DAGs
[2023-07-09T16:06:15.187+0000] {logging_mixin.py:149} INFO - [2023-07-09T16:06:15.187+0000] {dag.py:3490} INFO - Setting next_dagrun for example_short_circuit_decorator to 2023-07-08T16:06:15.187530+00:00, run_after=2023-07-09T16:06:15.187530+00:00
[2023-07-09T16:06:15.204+0000] {processor.py:179} INFO - Processing /home/airflow/.local/lib/python3.7/site-packages/airflow/example_dags/example_short_circuit_decorator.py took 0.077 seconds
[2023-07-09T16:06:45.473+0000] {processor.py:157} INFO - Started process (PID=800) to work on /home/airflow/.local/lib/python3.7/site-packages/airflow/example_dags/example_short_circuit_decorator.py
[2023-07-09T16:06:45.475+0000] {processor.py:826} INFO - Processing file /home/airflow/.local/lib/python3.7/site-packages/airflow/example_dags/example_short_circuit_decorator.py for tasks to queue
[2023-07-09T16:06:45.476+0000] {logging_mixin.py:149} INFO - [2023-07-09T16:06:45.476+0000] {dagbag.py:541} INFO - Filling up the DagBag from /home/airflow/.local/lib/python3.7/site-packages/airflow/example_dags/example_short_circuit_decorator.py
[2023-07-09T16:06:45.489+0000] {processor.py:836} INFO - DAG(s) dict_keys(['example_short_circuit_decorator']) retrieved from /home/airflow/.local/lib/python3.7/site-packages/airflow/example_dags/example_short_circuit_decorator.py
[2023-07-09T16:06:45.515+0000] {logging_mixin.py:149} INFO - [2023-07-09T16:06:45.515+0000] {dag.py:2726} INFO - Sync 1 DAGs
[2023-07-09T16:06:45.534+0000] {logging_mixin.py:149} INFO - [2023-07-09T16:06:45.533+0000] {dag.py:3490} INFO - Setting next_dagrun for example_short_circuit_decorator to 2023-07-08T16:06:45.533607+00:00, run_after=2023-07-09T16:06:45.533607+00:00
[2023-07-09T16:06:45.547+0000] {processor.py:179} INFO - Processing /home/airflow/.local/lib/python3.7/site-packages/airflow/example_dags/example_short_circuit_decorator.py took 0.078 seconds
[2023-07-09T16:07:15.780+0000] {processor.py:157} INFO - Started process (PID=861) to work on /home/airflow/.local/lib/python3.7/site-packages/airflow/example_dags/example_short_circuit_decorator.py
[2023-07-09T16:07:15.781+0000] {processor.py:826} INFO - Processing file /home/airflow/.local/lib/python3.7/site-packages/airflow/example_dags/example_short_circuit_decorator.py for tasks to queue
[2023-07-09T16:07:15.783+0000] {logging_mixin.py:149} INFO - [2023-07-09T16:07:15.783+0000] {dagbag.py:541} INFO - Filling up the DagBag from /home/airflow/.local/lib/python3.7/site-packages/airflow/example_dags/example_short_circuit_decorator.py
[2023-07-09T16:07:15.812+0000] {processor.py:836} INFO - DAG(s) dict_keys(['example_short_circuit_decorator']) retrieved from /home/airflow/.local/lib/python3.7/site-packages/airflow/example_dags/example_short_circuit_decorator.py
[2023-07-09T16:07:15.866+0000] {logging_mixin.py:149} INFO - [2023-07-09T16:07:15.866+0000] {dag.py:2726} INFO - Sync 1 DAGs
[2023-07-09T16:07:15.908+0000] {logging_mixin.py:149} INFO - [2023-07-09T16:07:15.908+0000] {dag.py:3490} INFO - Setting next_dagrun for example_short_circuit_decorator to 2023-07-08T16:07:15.907810+00:00, run_after=2023-07-09T16:07:15.907810+00:00
[2023-07-09T16:07:15.926+0000] {processor.py:179} INFO - Processing /home/airflow/.local/lib/python3.7/site-packages/airflow/example_dags/example_short_circuit_decorator.py took 0.151 seconds
[2023-07-09T16:07:46.234+0000] {processor.py:157} INFO - Started process (PID=922) to work on /home/airflow/.local/lib/python3.7/site-packages/airflow/example_dags/example_short_circuit_decorator.py
[2023-07-09T16:07:46.236+0000] {processor.py:826} INFO - Processing file /home/airflow/.local/lib/python3.7/site-packages/airflow/example_dags/example_short_circuit_decorator.py for tasks to queue
[2023-07-09T16:07:46.238+0000] {logging_mixin.py:149} INFO - [2023-07-09T16:07:46.238+0000] {dagbag.py:541} INFO - Filling up the DagBag from /home/airflow/.local/lib/python3.7/site-packages/airflow/example_dags/example_short_circuit_decorator.py
[2023-07-09T16:07:46.252+0000] {processor.py:836} INFO - DAG(s) dict_keys(['example_short_circuit_decorator']) retrieved from /home/airflow/.local/lib/python3.7/site-packages/airflow/example_dags/example_short_circuit_decorator.py
[2023-07-09T16:07:46.280+0000] {logging_mixin.py:149} INFO - [2023-07-09T16:07:46.280+0000] {dag.py:2726} INFO - Sync 1 DAGs
[2023-07-09T16:07:46.297+0000] {logging_mixin.py:149} INFO - [2023-07-09T16:07:46.297+0000] {dag.py:3490} INFO - Setting next_dagrun for example_short_circuit_decorator to 2023-07-08T16:07:46.297494+00:00, run_after=2023-07-09T16:07:46.297494+00:00
[2023-07-09T16:07:46.310+0000] {processor.py:179} INFO - Processing /home/airflow/.local/lib/python3.7/site-packages/airflow/example_dags/example_short_circuit_decorator.py took 0.081 seconds
[2023-07-09T16:08:16.613+0000] {processor.py:157} INFO - Started process (PID=983) to work on /home/airflow/.local/lib/python3.7/site-packages/airflow/example_dags/example_short_circuit_decorator.py
[2023-07-09T16:08:16.615+0000] {processor.py:826} INFO - Processing file /home/airflow/.local/lib/python3.7/site-packages/airflow/example_dags/example_short_circuit_decorator.py for tasks to queue
[2023-07-09T16:08:16.616+0000] {logging_mixin.py:149} INFO - [2023-07-09T16:08:16.616+0000] {dagbag.py:541} INFO - Filling up the DagBag from /home/airflow/.local/lib/python3.7/site-packages/airflow/example_dags/example_short_circuit_decorator.py
[2023-07-09T16:08:16.626+0000] {processor.py:836} INFO - DAG(s) dict_keys(['example_short_circuit_decorator']) retrieved from /home/airflow/.local/lib/python3.7/site-packages/airflow/example_dags/example_short_circuit_decorator.py
[2023-07-09T16:08:16.649+0000] {logging_mixin.py:149} INFO - [2023-07-09T16:08:16.649+0000] {dag.py:2726} INFO - Sync 1 DAGs
[2023-07-09T16:08:16.667+0000] {logging_mixin.py:149} INFO - [2023-07-09T16:08:16.666+0000] {dag.py:3490} INFO - Setting next_dagrun for example_short_circuit_decorator to 2023-07-08T16:08:16.666561+00:00, run_after=2023-07-09T16:08:16.666561+00:00
[2023-07-09T16:08:16.680+0000] {processor.py:179} INFO - Processing /home/airflow/.local/lib/python3.7/site-packages/airflow/example_dags/example_short_circuit_decorator.py took 0.071 seconds
[2023-07-09T16:08:47.506+0000] {processor.py:157} INFO - Started process (PID=1044) to work on /home/airflow/.local/lib/python3.7/site-packages/airflow/example_dags/example_short_circuit_decorator.py
[2023-07-09T16:08:47.507+0000] {processor.py:826} INFO - Processing file /home/airflow/.local/lib/python3.7/site-packages/airflow/example_dags/example_short_circuit_decorator.py for tasks to queue
[2023-07-09T16:08:47.509+0000] {logging_mixin.py:149} INFO - [2023-07-09T16:08:47.509+0000] {dagbag.py:541} INFO - Filling up the DagBag from /home/airflow/.local/lib/python3.7/site-packages/airflow/example_dags/example_short_circuit_decorator.py
[2023-07-09T16:08:47.521+0000] {processor.py:836} INFO - DAG(s) dict_keys(['example_short_circuit_decorator']) retrieved from /home/airflow/.local/lib/python3.7/site-packages/airflow/example_dags/example_short_circuit_decorator.py
[2023-07-09T16:08:47.546+0000] {logging_mixin.py:149} INFO - [2023-07-09T16:08:47.546+0000] {dag.py:2726} INFO - Sync 1 DAGs
[2023-07-09T16:08:47.568+0000] {logging_mixin.py:149} INFO - [2023-07-09T16:08:47.568+0000] {dag.py:3490} INFO - Setting next_dagrun for example_short_circuit_decorator to 2023-07-08T16:08:47.568173+00:00, run_after=2023-07-09T16:08:47.568173+00:00
[2023-07-09T16:08:47.584+0000] {processor.py:179} INFO - Processing /home/airflow/.local/lib/python3.7/site-packages/airflow/example_dags/example_short_circuit_decorator.py took 0.083 seconds
[2023-07-09T16:09:17.837+0000] {processor.py:157} INFO - Started process (PID=1105) to work on /home/airflow/.local/lib/python3.7/site-packages/airflow/example_dags/example_short_circuit_decorator.py
[2023-07-09T16:09:17.839+0000] {processor.py:826} INFO - Processing file /home/airflow/.local/lib/python3.7/site-packages/airflow/example_dags/example_short_circuit_decorator.py for tasks to queue
[2023-07-09T16:09:17.840+0000] {logging_mixin.py:149} INFO - [2023-07-09T16:09:17.840+0000] {dagbag.py:541} INFO - Filling up the DagBag from /home/airflow/.local/lib/python3.7/site-packages/airflow/example_dags/example_short_circuit_decorator.py
[2023-07-09T16:09:17.847+0000] {processor.py:836} INFO - DAG(s) dict_keys(['example_short_circuit_decorator']) retrieved from /home/airflow/.local/lib/python3.7/site-packages/airflow/example_dags/example_short_circuit_decorator.py
[2023-07-09T16:09:17.868+0000] {logging_mixin.py:149} INFO - [2023-07-09T16:09:17.868+0000] {dag.py:2726} INFO - Sync 1 DAGs
[2023-07-09T16:09:17.884+0000] {logging_mixin.py:149} INFO - [2023-07-09T16:09:17.884+0000] {dag.py:3490} INFO - Setting next_dagrun for example_short_circuit_decorator to 2023-07-08T16:09:17.884102+00:00, run_after=2023-07-09T16:09:17.884102+00:00
[2023-07-09T16:09:17.894+0000] {processor.py:179} INFO - Processing /home/airflow/.local/lib/python3.7/site-packages/airflow/example_dags/example_short_circuit_decorator.py took 0.060 seconds
[2023-07-09T16:09:48.141+0000] {processor.py:157} INFO - Started process (PID=1165) to work on /home/airflow/.local/lib/python3.7/site-packages/airflow/example_dags/example_short_circuit_decorator.py
[2023-07-09T16:09:48.143+0000] {processor.py:826} INFO - Processing file /home/airflow/.local/lib/python3.7/site-packages/airflow/example_dags/example_short_circuit_decorator.py for tasks to queue
[2023-07-09T16:09:48.144+0000] {logging_mixin.py:149} INFO - [2023-07-09T16:09:48.144+0000] {dagbag.py:541} INFO - Filling up the DagBag from /home/airflow/.local/lib/python3.7/site-packages/airflow/example_dags/example_short_circuit_decorator.py
[2023-07-09T16:09:48.154+0000] {processor.py:836} INFO - DAG(s) dict_keys(['example_short_circuit_decorator']) retrieved from /home/airflow/.local/lib/python3.7/site-packages/airflow/example_dags/example_short_circuit_decorator.py
[2023-07-09T16:09:48.173+0000] {logging_mixin.py:149} INFO - [2023-07-09T16:09:48.173+0000] {dag.py:2726} INFO - Sync 1 DAGs
[2023-07-09T16:09:48.187+0000] {logging_mixin.py:149} INFO - [2023-07-09T16:09:48.187+0000] {dag.py:3490} INFO - Setting next_dagrun for example_short_circuit_decorator to 2023-07-08T16:09:48.187400+00:00, run_after=2023-07-09T16:09:48.187400+00:00
[2023-07-09T16:09:48.199+0000] {processor.py:179} INFO - Processing /home/airflow/.local/lib/python3.7/site-packages/airflow/example_dags/example_short_circuit_decorator.py took 0.063 seconds
[2023-07-09T16:10:18.552+0000] {processor.py:157} INFO - Started process (PID=1226) to work on /home/airflow/.local/lib/python3.7/site-packages/airflow/example_dags/example_short_circuit_decorator.py
[2023-07-09T16:10:18.554+0000] {processor.py:826} INFO - Processing file /home/airflow/.local/lib/python3.7/site-packages/airflow/example_dags/example_short_circuit_decorator.py for tasks to queue
[2023-07-09T16:10:18.556+0000] {logging_mixin.py:149} INFO - [2023-07-09T16:10:18.556+0000] {dagbag.py:541} INFO - Filling up the DagBag from /home/airflow/.local/lib/python3.7/site-packages/airflow/example_dags/example_short_circuit_decorator.py
[2023-07-09T16:10:18.567+0000] {processor.py:836} INFO - DAG(s) dict_keys(['example_short_circuit_decorator']) retrieved from /home/airflow/.local/lib/python3.7/site-packages/airflow/example_dags/example_short_circuit_decorator.py
[2023-07-09T16:10:18.592+0000] {logging_mixin.py:149} INFO - [2023-07-09T16:10:18.591+0000] {dag.py:2726} INFO - Sync 1 DAGs
[2023-07-09T16:10:18.607+0000] {logging_mixin.py:149} INFO - [2023-07-09T16:10:18.607+0000] {dag.py:3490} INFO - Setting next_dagrun for example_short_circuit_decorator to 2023-07-08T16:10:18.607443+00:00, run_after=2023-07-09T16:10:18.607443+00:00
[2023-07-09T16:10:18.618+0000] {processor.py:179} INFO - Processing /home/airflow/.local/lib/python3.7/site-packages/airflow/example_dags/example_short_circuit_decorator.py took 0.070 seconds
[2023-07-09T16:10:48.888+0000] {processor.py:157} INFO - Started process (PID=1287) to work on /home/airflow/.local/lib/python3.7/site-packages/airflow/example_dags/example_short_circuit_decorator.py
[2023-07-09T16:10:48.890+0000] {processor.py:826} INFO - Processing file /home/airflow/.local/lib/python3.7/site-packages/airflow/example_dags/example_short_circuit_decorator.py for tasks to queue
[2023-07-09T16:10:48.891+0000] {logging_mixin.py:149} INFO - [2023-07-09T16:10:48.891+0000] {dagbag.py:541} INFO - Filling up the DagBag from /home/airflow/.local/lib/python3.7/site-packages/airflow/example_dags/example_short_circuit_decorator.py
[2023-07-09T16:10:48.902+0000] {processor.py:836} INFO - DAG(s) dict_keys(['example_short_circuit_decorator']) retrieved from /home/airflow/.local/lib/python3.7/site-packages/airflow/example_dags/example_short_circuit_decorator.py
[2023-07-09T16:10:48.928+0000] {logging_mixin.py:149} INFO - [2023-07-09T16:10:48.928+0000] {dag.py:2726} INFO - Sync 1 DAGs
[2023-07-09T16:10:48.949+0000] {logging_mixin.py:149} INFO - [2023-07-09T16:10:48.949+0000] {dag.py:3490} INFO - Setting next_dagrun for example_short_circuit_decorator to 2023-07-08T16:10:48.949124+00:00, run_after=2023-07-09T16:10:48.949124+00:00
[2023-07-09T16:10:48.964+0000] {processor.py:179} INFO - Processing /home/airflow/.local/lib/python3.7/site-packages/airflow/example_dags/example_short_circuit_decorator.py took 0.081 seconds
[2023-07-09T16:11:19.126+0000] {processor.py:157} INFO - Started process (PID=1349) to work on /home/airflow/.local/lib/python3.7/site-packages/airflow/example_dags/example_short_circuit_decorator.py
[2023-07-09T16:11:19.127+0000] {processor.py:826} INFO - Processing file /home/airflow/.local/lib/python3.7/site-packages/airflow/example_dags/example_short_circuit_decorator.py for tasks to queue
[2023-07-09T16:11:19.128+0000] {logging_mixin.py:149} INFO - [2023-07-09T16:11:19.128+0000] {dagbag.py:541} INFO - Filling up the DagBag from /home/airflow/.local/lib/python3.7/site-packages/airflow/example_dags/example_short_circuit_decorator.py
[2023-07-09T16:11:19.137+0000] {processor.py:836} INFO - DAG(s) dict_keys(['example_short_circuit_decorator']) retrieved from /home/airflow/.local/lib/python3.7/site-packages/airflow/example_dags/example_short_circuit_decorator.py
[2023-07-09T16:11:19.158+0000] {logging_mixin.py:149} INFO - [2023-07-09T16:11:19.158+0000] {dag.py:2726} INFO - Sync 1 DAGs
[2023-07-09T16:11:19.181+0000] {logging_mixin.py:149} INFO - [2023-07-09T16:11:19.181+0000] {dag.py:3490} INFO - Setting next_dagrun for example_short_circuit_decorator to 2023-07-08T16:11:19.180705+00:00, run_after=2023-07-09T16:11:19.180705+00:00
[2023-07-09T16:11:19.201+0000] {processor.py:179} INFO - Processing /home/airflow/.local/lib/python3.7/site-packages/airflow/example_dags/example_short_circuit_decorator.py took 0.077 seconds
[2023-07-09T16:11:49.644+0000] {processor.py:157} INFO - Started process (PID=1410) to work on /home/airflow/.local/lib/python3.7/site-packages/airflow/example_dags/example_short_circuit_decorator.py
[2023-07-09T16:11:49.645+0000] {processor.py:826} INFO - Processing file /home/airflow/.local/lib/python3.7/site-packages/airflow/example_dags/example_short_circuit_decorator.py for tasks to queue
[2023-07-09T16:11:49.647+0000] {logging_mixin.py:149} INFO - [2023-07-09T16:11:49.646+0000] {dagbag.py:541} INFO - Filling up the DagBag from /home/airflow/.local/lib/python3.7/site-packages/airflow/example_dags/example_short_circuit_decorator.py
[2023-07-09T16:11:49.661+0000] {processor.py:836} INFO - DAG(s) dict_keys(['example_short_circuit_decorator']) retrieved from /home/airflow/.local/lib/python3.7/site-packages/airflow/example_dags/example_short_circuit_decorator.py
[2023-07-09T16:11:49.692+0000] {logging_mixin.py:149} INFO - [2023-07-09T16:11:49.691+0000] {dag.py:2726} INFO - Sync 1 DAGs
[2023-07-09T16:11:49.712+0000] {logging_mixin.py:149} INFO - [2023-07-09T16:11:49.712+0000] {dag.py:3490} INFO - Setting next_dagrun for example_short_circuit_decorator to 2023-07-08T16:11:49.712174+00:00, run_after=2023-07-09T16:11:49.712174+00:00
[2023-07-09T16:11:49.728+0000] {processor.py:179} INFO - Processing /home/airflow/.local/lib/python3.7/site-packages/airflow/example_dags/example_short_circuit_decorator.py took 0.087 seconds
[2023-07-09T16:12:20.067+0000] {processor.py:157} INFO - Started process (PID=1471) to work on /home/airflow/.local/lib/python3.7/site-packages/airflow/example_dags/example_short_circuit_decorator.py
[2023-07-09T16:12:20.069+0000] {processor.py:826} INFO - Processing file /home/airflow/.local/lib/python3.7/site-packages/airflow/example_dags/example_short_circuit_decorator.py for tasks to queue
[2023-07-09T16:12:20.070+0000] {logging_mixin.py:149} INFO - [2023-07-09T16:12:20.070+0000] {dagbag.py:541} INFO - Filling up the DagBag from /home/airflow/.local/lib/python3.7/site-packages/airflow/example_dags/example_short_circuit_decorator.py
[2023-07-09T16:12:20.080+0000] {processor.py:836} INFO - DAG(s) dict_keys(['example_short_circuit_decorator']) retrieved from /home/airflow/.local/lib/python3.7/site-packages/airflow/example_dags/example_short_circuit_decorator.py
[2023-07-09T16:12:20.103+0000] {logging_mixin.py:149} INFO - [2023-07-09T16:12:20.103+0000] {dag.py:2726} INFO - Sync 1 DAGs
[2023-07-09T16:12:20.118+0000] {logging_mixin.py:149} INFO - [2023-07-09T16:12:20.118+0000] {dag.py:3490} INFO - Setting next_dagrun for example_short_circuit_decorator to 2023-07-08T16:12:20.118649+00:00, run_after=2023-07-09T16:12:20.118649+00:00
[2023-07-09T16:12:20.129+0000] {processor.py:179} INFO - Processing /home/airflow/.local/lib/python3.7/site-packages/airflow/example_dags/example_short_circuit_decorator.py took 0.067 seconds
[2023-07-09T16:12:50.303+0000] {processor.py:157} INFO - Started process (PID=1532) to work on /home/airflow/.local/lib/python3.7/site-packages/airflow/example_dags/example_short_circuit_decorator.py
[2023-07-09T16:12:50.305+0000] {processor.py:826} INFO - Processing file /home/airflow/.local/lib/python3.7/site-packages/airflow/example_dags/example_short_circuit_decorator.py for tasks to queue
[2023-07-09T16:12:50.307+0000] {logging_mixin.py:149} INFO - [2023-07-09T16:12:50.307+0000] {dagbag.py:541} INFO - Filling up the DagBag from /home/airflow/.local/lib/python3.7/site-packages/airflow/example_dags/example_short_circuit_decorator.py
[2023-07-09T16:12:50.324+0000] {processor.py:836} INFO - DAG(s) dict_keys(['example_short_circuit_decorator']) retrieved from /home/airflow/.local/lib/python3.7/site-packages/airflow/example_dags/example_short_circuit_decorator.py
[2023-07-09T16:12:50.347+0000] {logging_mixin.py:149} INFO - [2023-07-09T16:12:50.346+0000] {dag.py:2726} INFO - Sync 1 DAGs
[2023-07-09T16:12:50.362+0000] {logging_mixin.py:149} INFO - [2023-07-09T16:12:50.362+0000] {dag.py:3490} INFO - Setting next_dagrun for example_short_circuit_decorator to 2023-07-08T16:12:50.361899+00:00, run_after=2023-07-09T16:12:50.361899+00:00
[2023-07-09T16:12:50.372+0000] {processor.py:179} INFO - Processing /home/airflow/.local/lib/python3.7/site-packages/airflow/example_dags/example_short_circuit_decorator.py took 0.074 seconds
[2023-07-09T16:13:20.758+0000] {processor.py:157} INFO - Started process (PID=1593) to work on /home/airflow/.local/lib/python3.7/site-packages/airflow/example_dags/example_short_circuit_decorator.py
[2023-07-09T16:13:20.759+0000] {processor.py:826} INFO - Processing file /home/airflow/.local/lib/python3.7/site-packages/airflow/example_dags/example_short_circuit_decorator.py for tasks to queue
[2023-07-09T16:13:20.760+0000] {logging_mixin.py:149} INFO - [2023-07-09T16:13:20.760+0000] {dagbag.py:541} INFO - Filling up the DagBag from /home/airflow/.local/lib/python3.7/site-packages/airflow/example_dags/example_short_circuit_decorator.py
[2023-07-09T16:13:20.769+0000] {processor.py:836} INFO - DAG(s) dict_keys(['example_short_circuit_decorator']) retrieved from /home/airflow/.local/lib/python3.7/site-packages/airflow/example_dags/example_short_circuit_decorator.py
[2023-07-09T16:13:20.792+0000] {logging_mixin.py:149} INFO - [2023-07-09T16:13:20.792+0000] {dag.py:2726} INFO - Sync 1 DAGs
[2023-07-09T16:13:20.809+0000] {logging_mixin.py:149} INFO - [2023-07-09T16:13:20.809+0000] {dag.py:3490} INFO - Setting next_dagrun for example_short_circuit_decorator to 2023-07-08T16:13:20.808892+00:00, run_after=2023-07-09T16:13:20.808892+00:00
[2023-07-09T16:13:20.821+0000] {processor.py:179} INFO - Processing /home/airflow/.local/lib/python3.7/site-packages/airflow/example_dags/example_short_circuit_decorator.py took 0.066 seconds
[2023-07-09T16:13:50.903+0000] {processor.py:157} INFO - Started process (PID=1654) to work on /home/airflow/.local/lib/python3.7/site-packages/airflow/example_dags/example_short_circuit_decorator.py
[2023-07-09T16:13:50.905+0000] {processor.py:826} INFO - Processing file /home/airflow/.local/lib/python3.7/site-packages/airflow/example_dags/example_short_circuit_decorator.py for tasks to queue
[2023-07-09T16:13:50.905+0000] {logging_mixin.py:149} INFO - [2023-07-09T16:13:50.905+0000] {dagbag.py:541} INFO - Filling up the DagBag from /home/airflow/.local/lib/python3.7/site-packages/airflow/example_dags/example_short_circuit_decorator.py
[2023-07-09T16:13:50.914+0000] {processor.py:836} INFO - DAG(s) dict_keys(['example_short_circuit_decorator']) retrieved from /home/airflow/.local/lib/python3.7/site-packages/airflow/example_dags/example_short_circuit_decorator.py
[2023-07-09T16:13:50.935+0000] {logging_mixin.py:149} INFO - [2023-07-09T16:13:50.935+0000] {dag.py:2726} INFO - Sync 1 DAGs
[2023-07-09T16:13:50.950+0000] {logging_mixin.py:149} INFO - [2023-07-09T16:13:50.950+0000] {dag.py:3490} INFO - Setting next_dagrun for example_short_circuit_decorator to 2023-07-08T16:13:50.949966+00:00, run_after=2023-07-09T16:13:50.949966+00:00
[2023-07-09T16:13:50.960+0000] {processor.py:179} INFO - Processing /home/airflow/.local/lib/python3.7/site-packages/airflow/example_dags/example_short_circuit_decorator.py took 0.061 seconds
[2023-07-09T16:14:21.405+0000] {processor.py:157} INFO - Started process (PID=1715) to work on /home/airflow/.local/lib/python3.7/site-packages/airflow/example_dags/example_short_circuit_decorator.py
[2023-07-09T16:14:21.407+0000] {processor.py:826} INFO - Processing file /home/airflow/.local/lib/python3.7/site-packages/airflow/example_dags/example_short_circuit_decorator.py for tasks to queue
[2023-07-09T16:14:21.408+0000] {logging_mixin.py:149} INFO - [2023-07-09T16:14:21.408+0000] {dagbag.py:541} INFO - Filling up the DagBag from /home/airflow/.local/lib/python3.7/site-packages/airflow/example_dags/example_short_circuit_decorator.py
[2023-07-09T16:14:21.419+0000] {processor.py:836} INFO - DAG(s) dict_keys(['example_short_circuit_decorator']) retrieved from /home/airflow/.local/lib/python3.7/site-packages/airflow/example_dags/example_short_circuit_decorator.py
[2023-07-09T16:14:21.441+0000] {logging_mixin.py:149} INFO - [2023-07-09T16:14:21.441+0000] {dag.py:2726} INFO - Sync 1 DAGs
[2023-07-09T16:14:21.456+0000] {logging_mixin.py:149} INFO - [2023-07-09T16:14:21.456+0000] {dag.py:3490} INFO - Setting next_dagrun for example_short_circuit_decorator to 2023-07-08T16:14:21.456120+00:00, run_after=2023-07-09T16:14:21.456120+00:00
[2023-07-09T16:14:21.468+0000] {processor.py:179} INFO - Processing /home/airflow/.local/lib/python3.7/site-packages/airflow/example_dags/example_short_circuit_decorator.py took 0.067 seconds
[2023-07-09T16:14:52.041+0000] {processor.py:157} INFO - Started process (PID=1776) to work on /home/airflow/.local/lib/python3.7/site-packages/airflow/example_dags/example_short_circuit_decorator.py
[2023-07-09T16:14:52.042+0000] {processor.py:826} INFO - Processing file /home/airflow/.local/lib/python3.7/site-packages/airflow/example_dags/example_short_circuit_decorator.py for tasks to queue
[2023-07-09T16:14:52.044+0000] {logging_mixin.py:149} INFO - [2023-07-09T16:14:52.043+0000] {dagbag.py:541} INFO - Filling up the DagBag from /home/airflow/.local/lib/python3.7/site-packages/airflow/example_dags/example_short_circuit_decorator.py
[2023-07-09T16:14:52.054+0000] {processor.py:836} INFO - DAG(s) dict_keys(['example_short_circuit_decorator']) retrieved from /home/airflow/.local/lib/python3.7/site-packages/airflow/example_dags/example_short_circuit_decorator.py
[2023-07-09T16:14:52.077+0000] {logging_mixin.py:149} INFO - [2023-07-09T16:14:52.077+0000] {dag.py:2726} INFO - Sync 1 DAGs
[2023-07-09T16:14:52.091+0000] {logging_mixin.py:149} INFO - [2023-07-09T16:14:52.091+0000] {dag.py:3490} INFO - Setting next_dagrun for example_short_circuit_decorator to 2023-07-08T16:14:52.091475+00:00, run_after=2023-07-09T16:14:52.091475+00:00
[2023-07-09T16:14:52.102+0000] {processor.py:179} INFO - Processing /home/airflow/.local/lib/python3.7/site-packages/airflow/example_dags/example_short_circuit_decorator.py took 0.066 seconds
[2023-07-09T16:15:22.630+0000] {processor.py:157} INFO - Started process (PID=1837) to work on /home/airflow/.local/lib/python3.7/site-packages/airflow/example_dags/example_short_circuit_decorator.py
[2023-07-09T16:15:22.632+0000] {processor.py:826} INFO - Processing file /home/airflow/.local/lib/python3.7/site-packages/airflow/example_dags/example_short_circuit_decorator.py for tasks to queue
[2023-07-09T16:15:22.633+0000] {logging_mixin.py:149} INFO - [2023-07-09T16:15:22.633+0000] {dagbag.py:541} INFO - Filling up the DagBag from /home/airflow/.local/lib/python3.7/site-packages/airflow/example_dags/example_short_circuit_decorator.py
[2023-07-09T16:15:22.644+0000] {processor.py:836} INFO - DAG(s) dict_keys(['example_short_circuit_decorator']) retrieved from /home/airflow/.local/lib/python3.7/site-packages/airflow/example_dags/example_short_circuit_decorator.py
[2023-07-09T16:15:22.667+0000] {logging_mixin.py:149} INFO - [2023-07-09T16:15:22.667+0000] {dag.py:2726} INFO - Sync 1 DAGs
[2023-07-09T16:15:22.682+0000] {logging_mixin.py:149} INFO - [2023-07-09T16:15:22.682+0000] {dag.py:3490} INFO - Setting next_dagrun for example_short_circuit_decorator to 2023-07-08T16:15:22.681925+00:00, run_after=2023-07-09T16:15:22.681925+00:00
[2023-07-09T16:15:22.692+0000] {processor.py:179} INFO - Processing /home/airflow/.local/lib/python3.7/site-packages/airflow/example_dags/example_short_circuit_decorator.py took 0.066 seconds
[2023-07-09T16:15:53.416+0000] {processor.py:157} INFO - Started process (PID=1898) to work on /home/airflow/.local/lib/python3.7/site-packages/airflow/example_dags/example_short_circuit_decorator.py
[2023-07-09T16:15:53.418+0000] {processor.py:826} INFO - Processing file /home/airflow/.local/lib/python3.7/site-packages/airflow/example_dags/example_short_circuit_decorator.py for tasks to queue
[2023-07-09T16:15:53.420+0000] {logging_mixin.py:149} INFO - [2023-07-09T16:15:53.419+0000] {dagbag.py:541} INFO - Filling up the DagBag from /home/airflow/.local/lib/python3.7/site-packages/airflow/example_dags/example_short_circuit_decorator.py
[2023-07-09T16:15:53.431+0000] {processor.py:836} INFO - DAG(s) dict_keys(['example_short_circuit_decorator']) retrieved from /home/airflow/.local/lib/python3.7/site-packages/airflow/example_dags/example_short_circuit_decorator.py
[2023-07-09T16:15:53.455+0000] {logging_mixin.py:149} INFO - [2023-07-09T16:15:53.455+0000] {dag.py:2726} INFO - Sync 1 DAGs
[2023-07-09T16:15:53.471+0000] {logging_mixin.py:149} INFO - [2023-07-09T16:15:53.471+0000] {dag.py:3490} INFO - Setting next_dagrun for example_short_circuit_decorator to 2023-07-08T16:15:53.471384+00:00, run_after=2023-07-09T16:15:53.471384+00:00
[2023-07-09T16:15:53.482+0000] {processor.py:179} INFO - Processing /home/airflow/.local/lib/python3.7/site-packages/airflow/example_dags/example_short_circuit_decorator.py took 0.072 seconds
[2023-07-09T16:16:24.400+0000] {processor.py:157} INFO - Started process (PID=1959) to work on /home/airflow/.local/lib/python3.7/site-packages/airflow/example_dags/example_short_circuit_decorator.py
[2023-07-09T16:16:24.402+0000] {processor.py:826} INFO - Processing file /home/airflow/.local/lib/python3.7/site-packages/airflow/example_dags/example_short_circuit_decorator.py for tasks to queue
[2023-07-09T16:16:24.403+0000] {logging_mixin.py:149} INFO - [2023-07-09T16:16:24.403+0000] {dagbag.py:541} INFO - Filling up the DagBag from /home/airflow/.local/lib/python3.7/site-packages/airflow/example_dags/example_short_circuit_decorator.py
[2023-07-09T16:16:24.416+0000] {processor.py:836} INFO - DAG(s) dict_keys(['example_short_circuit_decorator']) retrieved from /home/airflow/.local/lib/python3.7/site-packages/airflow/example_dags/example_short_circuit_decorator.py
[2023-07-09T16:16:24.439+0000] {logging_mixin.py:149} INFO - [2023-07-09T16:16:24.439+0000] {dag.py:2726} INFO - Sync 1 DAGs
[2023-07-09T16:16:24.454+0000] {logging_mixin.py:149} INFO - [2023-07-09T16:16:24.454+0000] {dag.py:3490} INFO - Setting next_dagrun for example_short_circuit_decorator to 2023-07-08T16:16:24.454367+00:00, run_after=2023-07-09T16:16:24.454367+00:00
[2023-07-09T16:16:24.466+0000] {processor.py:179} INFO - Processing /home/airflow/.local/lib/python3.7/site-packages/airflow/example_dags/example_short_circuit_decorator.py took 0.071 seconds
[2023-07-09T16:16:54.868+0000] {processor.py:157} INFO - Started process (PID=2021) to work on /home/airflow/.local/lib/python3.7/site-packages/airflow/example_dags/example_short_circuit_decorator.py
[2023-07-09T16:16:54.870+0000] {processor.py:826} INFO - Processing file /home/airflow/.local/lib/python3.7/site-packages/airflow/example_dags/example_short_circuit_decorator.py for tasks to queue
[2023-07-09T16:16:54.871+0000] {logging_mixin.py:149} INFO - [2023-07-09T16:16:54.871+0000] {dagbag.py:541} INFO - Filling up the DagBag from /home/airflow/.local/lib/python3.7/site-packages/airflow/example_dags/example_short_circuit_decorator.py
[2023-07-09T16:16:54.882+0000] {processor.py:836} INFO - DAG(s) dict_keys(['example_short_circuit_decorator']) retrieved from /home/airflow/.local/lib/python3.7/site-packages/airflow/example_dags/example_short_circuit_decorator.py
[2023-07-09T16:16:54.904+0000] {logging_mixin.py:149} INFO - [2023-07-09T16:16:54.904+0000] {dag.py:2726} INFO - Sync 1 DAGs
[2023-07-09T16:16:54.919+0000] {logging_mixin.py:149} INFO - [2023-07-09T16:16:54.919+0000] {dag.py:3490} INFO - Setting next_dagrun for example_short_circuit_decorator to 2023-07-08T16:16:54.919567+00:00, run_after=2023-07-09T16:16:54.919567+00:00
[2023-07-09T16:16:54.930+0000] {processor.py:179} INFO - Processing /home/airflow/.local/lib/python3.7/site-packages/airflow/example_dags/example_short_circuit_decorator.py took 0.066 seconds
[2023-07-09T16:17:25.097+0000] {processor.py:157} INFO - Started process (PID=2082) to work on /home/airflow/.local/lib/python3.7/site-packages/airflow/example_dags/example_short_circuit_decorator.py
[2023-07-09T16:17:25.098+0000] {processor.py:826} INFO - Processing file /home/airflow/.local/lib/python3.7/site-packages/airflow/example_dags/example_short_circuit_decorator.py for tasks to queue
[2023-07-09T16:17:25.099+0000] {logging_mixin.py:149} INFO - [2023-07-09T16:17:25.099+0000] {dagbag.py:541} INFO - Filling up the DagBag from /home/airflow/.local/lib/python3.7/site-packages/airflow/example_dags/example_short_circuit_decorator.py
[2023-07-09T16:17:25.108+0000] {processor.py:836} INFO - DAG(s) dict_keys(['example_short_circuit_decorator']) retrieved from /home/airflow/.local/lib/python3.7/site-packages/airflow/example_dags/example_short_circuit_decorator.py
[2023-07-09T16:17:25.131+0000] {logging_mixin.py:149} INFO - [2023-07-09T16:17:25.131+0000] {dag.py:2726} INFO - Sync 1 DAGs
[2023-07-09T16:17:25.146+0000] {logging_mixin.py:149} INFO - [2023-07-09T16:17:25.146+0000] {dag.py:3490} INFO - Setting next_dagrun for example_short_circuit_decorator to 2023-07-08T16:17:25.146345+00:00, run_after=2023-07-09T16:17:25.146345+00:00
[2023-07-09T16:17:25.158+0000] {processor.py:179} INFO - Processing /home/airflow/.local/lib/python3.7/site-packages/airflow/example_dags/example_short_circuit_decorator.py took 0.065 seconds
[2023-07-09T16:17:55.698+0000] {processor.py:157} INFO - Started process (PID=2143) to work on /home/airflow/.local/lib/python3.7/site-packages/airflow/example_dags/example_short_circuit_decorator.py
[2023-07-09T16:17:55.700+0000] {processor.py:826} INFO - Processing file /home/airflow/.local/lib/python3.7/site-packages/airflow/example_dags/example_short_circuit_decorator.py for tasks to queue
[2023-07-09T16:17:55.701+0000] {logging_mixin.py:149} INFO - [2023-07-09T16:17:55.701+0000] {dagbag.py:541} INFO - Filling up the DagBag from /home/airflow/.local/lib/python3.7/site-packages/airflow/example_dags/example_short_circuit_decorator.py
[2023-07-09T16:17:55.709+0000] {processor.py:836} INFO - DAG(s) dict_keys(['example_short_circuit_decorator']) retrieved from /home/airflow/.local/lib/python3.7/site-packages/airflow/example_dags/example_short_circuit_decorator.py
[2023-07-09T16:17:55.736+0000] {logging_mixin.py:149} INFO - [2023-07-09T16:17:55.736+0000] {dag.py:2726} INFO - Sync 1 DAGs
[2023-07-09T16:17:55.753+0000] {logging_mixin.py:149} INFO - [2023-07-09T16:17:55.753+0000] {dag.py:3490} INFO - Setting next_dagrun for example_short_circuit_decorator to 2023-07-08T16:17:55.752837+00:00, run_after=2023-07-09T16:17:55.752837+00:00
[2023-07-09T16:17:55.763+0000] {processor.py:179} INFO - Processing /home/airflow/.local/lib/python3.7/site-packages/airflow/example_dags/example_short_circuit_decorator.py took 0.069 seconds
[2023-07-09T16:18:26.246+0000] {processor.py:157} INFO - Started process (PID=2204) to work on /home/airflow/.local/lib/python3.7/site-packages/airflow/example_dags/example_short_circuit_decorator.py
[2023-07-09T16:18:26.247+0000] {processor.py:826} INFO - Processing file /home/airflow/.local/lib/python3.7/site-packages/airflow/example_dags/example_short_circuit_decorator.py for tasks to queue
[2023-07-09T16:18:26.248+0000] {logging_mixin.py:149} INFO - [2023-07-09T16:18:26.248+0000] {dagbag.py:541} INFO - Filling up the DagBag from /home/airflow/.local/lib/python3.7/site-packages/airflow/example_dags/example_short_circuit_decorator.py
[2023-07-09T16:18:26.255+0000] {processor.py:836} INFO - DAG(s) dict_keys(['example_short_circuit_decorator']) retrieved from /home/airflow/.local/lib/python3.7/site-packages/airflow/example_dags/example_short_circuit_decorator.py
[2023-07-09T16:18:26.277+0000] {logging_mixin.py:149} INFO - [2023-07-09T16:18:26.277+0000] {dag.py:2726} INFO - Sync 1 DAGs
[2023-07-09T16:18:26.295+0000] {logging_mixin.py:149} INFO - [2023-07-09T16:18:26.295+0000] {dag.py:3490} INFO - Setting next_dagrun for example_short_circuit_decorator to 2023-07-08T16:18:26.295590+00:00, run_after=2023-07-09T16:18:26.295590+00:00
[2023-07-09T16:18:26.308+0000] {processor.py:179} INFO - Processing /home/airflow/.local/lib/python3.7/site-packages/airflow/example_dags/example_short_circuit_decorator.py took 0.064 seconds
[2023-07-09T16:18:56.449+0000] {processor.py:157} INFO - Started process (PID=2265) to work on /home/airflow/.local/lib/python3.7/site-packages/airflow/example_dags/example_short_circuit_decorator.py
[2023-07-09T16:18:56.452+0000] {processor.py:826} INFO - Processing file /home/airflow/.local/lib/python3.7/site-packages/airflow/example_dags/example_short_circuit_decorator.py for tasks to queue
[2023-07-09T16:18:56.454+0000] {logging_mixin.py:149} INFO - [2023-07-09T16:18:56.453+0000] {dagbag.py:541} INFO - Filling up the DagBag from /home/airflow/.local/lib/python3.7/site-packages/airflow/example_dags/example_short_circuit_decorator.py
[2023-07-09T16:18:56.463+0000] {processor.py:836} INFO - DAG(s) dict_keys(['example_short_circuit_decorator']) retrieved from /home/airflow/.local/lib/python3.7/site-packages/airflow/example_dags/example_short_circuit_decorator.py
[2023-07-09T16:18:56.495+0000] {logging_mixin.py:149} INFO - [2023-07-09T16:18:56.494+0000] {dag.py:2726} INFO - Sync 1 DAGs
[2023-07-09T16:18:56.518+0000] {logging_mixin.py:149} INFO - [2023-07-09T16:18:56.518+0000] {dag.py:3490} INFO - Setting next_dagrun for example_short_circuit_decorator to 2023-07-08T16:18:56.517799+00:00, run_after=2023-07-09T16:18:56.517799+00:00
[2023-07-09T16:18:56.536+0000] {processor.py:179} INFO - Processing /home/airflow/.local/lib/python3.7/site-packages/airflow/example_dags/example_short_circuit_decorator.py took 0.094 seconds
[2023-07-09T16:19:27.115+0000] {processor.py:157} INFO - Started process (PID=2325) to work on /home/airflow/.local/lib/python3.7/site-packages/airflow/example_dags/example_short_circuit_decorator.py
[2023-07-09T16:19:27.117+0000] {processor.py:826} INFO - Processing file /home/airflow/.local/lib/python3.7/site-packages/airflow/example_dags/example_short_circuit_decorator.py for tasks to queue
[2023-07-09T16:19:27.117+0000] {logging_mixin.py:149} INFO - [2023-07-09T16:19:27.117+0000] {dagbag.py:541} INFO - Filling up the DagBag from /home/airflow/.local/lib/python3.7/site-packages/airflow/example_dags/example_short_circuit_decorator.py
[2023-07-09T16:19:27.125+0000] {processor.py:836} INFO - DAG(s) dict_keys(['example_short_circuit_decorator']) retrieved from /home/airflow/.local/lib/python3.7/site-packages/airflow/example_dags/example_short_circuit_decorator.py
[2023-07-09T16:19:27.146+0000] {logging_mixin.py:149} INFO - [2023-07-09T16:19:27.146+0000] {dag.py:2726} INFO - Sync 1 DAGs
[2023-07-09T16:19:27.163+0000] {logging_mixin.py:149} INFO - [2023-07-09T16:19:27.163+0000] {dag.py:3490} INFO - Setting next_dagrun for example_short_circuit_decorator to 2023-07-08T16:19:27.163604+00:00, run_after=2023-07-09T16:19:27.163604+00:00
[2023-07-09T16:19:27.176+0000] {processor.py:179} INFO - Processing /home/airflow/.local/lib/python3.7/site-packages/airflow/example_dags/example_short_circuit_decorator.py took 0.065 seconds
[2023-07-09T16:19:58.004+0000] {processor.py:157} INFO - Started process (PID=2388) to work on /home/airflow/.local/lib/python3.7/site-packages/airflow/example_dags/example_short_circuit_decorator.py
[2023-07-09T16:19:58.006+0000] {processor.py:826} INFO - Processing file /home/airflow/.local/lib/python3.7/site-packages/airflow/example_dags/example_short_circuit_decorator.py for tasks to queue
[2023-07-09T16:19:58.006+0000] {logging_mixin.py:149} INFO - [2023-07-09T16:19:58.006+0000] {dagbag.py:541} INFO - Filling up the DagBag from /home/airflow/.local/lib/python3.7/site-packages/airflow/example_dags/example_short_circuit_decorator.py
[2023-07-09T16:19:58.014+0000] {processor.py:836} INFO - DAG(s) dict_keys(['example_short_circuit_decorator']) retrieved from /home/airflow/.local/lib/python3.7/site-packages/airflow/example_dags/example_short_circuit_decorator.py
[2023-07-09T16:19:58.039+0000] {logging_mixin.py:149} INFO - [2023-07-09T16:19:58.039+0000] {dag.py:2726} INFO - Sync 1 DAGs
[2023-07-09T16:19:58.057+0000] {logging_mixin.py:149} INFO - [2023-07-09T16:19:58.057+0000] {dag.py:3490} INFO - Setting next_dagrun for example_short_circuit_decorator to 2023-07-08T16:19:58.057443+00:00, run_after=2023-07-09T16:19:58.057443+00:00
[2023-07-09T16:19:58.070+0000] {processor.py:179} INFO - Processing /home/airflow/.local/lib/python3.7/site-packages/airflow/example_dags/example_short_circuit_decorator.py took 0.069 seconds
[2023-07-09T16:20:28.263+0000] {processor.py:157} INFO - Started process (PID=2449) to work on /home/airflow/.local/lib/python3.7/site-packages/airflow/example_dags/example_short_circuit_decorator.py
[2023-07-09T16:20:28.265+0000] {processor.py:826} INFO - Processing file /home/airflow/.local/lib/python3.7/site-packages/airflow/example_dags/example_short_circuit_decorator.py for tasks to queue
[2023-07-09T16:20:28.266+0000] {logging_mixin.py:149} INFO - [2023-07-09T16:20:28.266+0000] {dagbag.py:541} INFO - Filling up the DagBag from /home/airflow/.local/lib/python3.7/site-packages/airflow/example_dags/example_short_circuit_decorator.py
[2023-07-09T16:20:28.274+0000] {processor.py:836} INFO - DAG(s) dict_keys(['example_short_circuit_decorator']) retrieved from /home/airflow/.local/lib/python3.7/site-packages/airflow/example_dags/example_short_circuit_decorator.py
[2023-07-09T16:20:28.298+0000] {logging_mixin.py:149} INFO - [2023-07-09T16:20:28.298+0000] {dag.py:2726} INFO - Sync 1 DAGs
[2023-07-09T16:20:28.318+0000] {logging_mixin.py:149} INFO - [2023-07-09T16:20:28.318+0000] {dag.py:3490} INFO - Setting next_dagrun for example_short_circuit_decorator to 2023-07-08T16:20:28.318109+00:00, run_after=2023-07-09T16:20:28.318109+00:00
[2023-07-09T16:20:28.333+0000] {processor.py:179} INFO - Processing /home/airflow/.local/lib/python3.7/site-packages/airflow/example_dags/example_short_circuit_decorator.py took 0.073 seconds
[2023-07-09T16:20:58.373+0000] {processor.py:157} INFO - Started process (PID=2509) to work on /home/airflow/.local/lib/python3.7/site-packages/airflow/example_dags/example_short_circuit_decorator.py
[2023-07-09T16:20:58.374+0000] {processor.py:826} INFO - Processing file /home/airflow/.local/lib/python3.7/site-packages/airflow/example_dags/example_short_circuit_decorator.py for tasks to queue
[2023-07-09T16:20:58.375+0000] {logging_mixin.py:149} INFO - [2023-07-09T16:20:58.375+0000] {dagbag.py:541} INFO - Filling up the DagBag from /home/airflow/.local/lib/python3.7/site-packages/airflow/example_dags/example_short_circuit_decorator.py
[2023-07-09T16:20:58.382+0000] {processor.py:836} INFO - DAG(s) dict_keys(['example_short_circuit_decorator']) retrieved from /home/airflow/.local/lib/python3.7/site-packages/airflow/example_dags/example_short_circuit_decorator.py
[2023-07-09T16:20:58.405+0000] {logging_mixin.py:149} INFO - [2023-07-09T16:20:58.405+0000] {dag.py:2726} INFO - Sync 1 DAGs
[2023-07-09T16:20:58.425+0000] {logging_mixin.py:149} INFO - [2023-07-09T16:20:58.425+0000] {dag.py:3490} INFO - Setting next_dagrun for example_short_circuit_decorator to 2023-07-08T16:20:58.425207+00:00, run_after=2023-07-09T16:20:58.425207+00:00
[2023-07-09T16:20:58.436+0000] {processor.py:179} INFO - Processing /home/airflow/.local/lib/python3.7/site-packages/airflow/example_dags/example_short_circuit_decorator.py took 0.066 seconds
[2023-07-09T16:21:28.759+0000] {processor.py:157} INFO - Started process (PID=2570) to work on /home/airflow/.local/lib/python3.7/site-packages/airflow/example_dags/example_short_circuit_decorator.py
[2023-07-09T16:21:28.761+0000] {processor.py:826} INFO - Processing file /home/airflow/.local/lib/python3.7/site-packages/airflow/example_dags/example_short_circuit_decorator.py for tasks to queue
[2023-07-09T16:21:28.762+0000] {logging_mixin.py:149} INFO - [2023-07-09T16:21:28.762+0000] {dagbag.py:541} INFO - Filling up the DagBag from /home/airflow/.local/lib/python3.7/site-packages/airflow/example_dags/example_short_circuit_decorator.py
[2023-07-09T16:21:28.772+0000] {processor.py:836} INFO - DAG(s) dict_keys(['example_short_circuit_decorator']) retrieved from /home/airflow/.local/lib/python3.7/site-packages/airflow/example_dags/example_short_circuit_decorator.py
[2023-07-09T16:21:28.801+0000] {logging_mixin.py:149} INFO - [2023-07-09T16:21:28.801+0000] {dag.py:2726} INFO - Sync 1 DAGs
[2023-07-09T16:21:28.818+0000] {logging_mixin.py:149} INFO - [2023-07-09T16:21:28.818+0000] {dag.py:3490} INFO - Setting next_dagrun for example_short_circuit_decorator to 2023-07-08T16:21:28.817756+00:00, run_after=2023-07-09T16:21:28.817756+00:00
[2023-07-09T16:21:28.829+0000] {processor.py:179} INFO - Processing /home/airflow/.local/lib/python3.7/site-packages/airflow/example_dags/example_short_circuit_decorator.py took 0.073 seconds
