[2023-07-09T16:00:33.674+0000] {processor.py:157} INFO - Started process (PID=35) to work on /home/airflow/.local/lib/python3.7/site-packages/airflow/example_dags/example_dynamic_task_mapping_with_no_taskflow_operators.py
[2023-07-09T16:00:33.675+0000] {processor.py:826} INFO - Processing file /home/airflow/.local/lib/python3.7/site-packages/airflow/example_dags/example_dynamic_task_mapping_with_no_taskflow_operators.py for tasks to queue
[2023-07-09T16:00:33.676+0000] {logging_mixin.py:149} INFO - [2023-07-09T16:00:33.676+0000] {dagbag.py:541} INFO - Filling up the DagBag from /home/airflow/.local/lib/python3.7/site-packages/airflow/example_dags/example_dynamic_task_mapping_with_no_taskflow_operators.py
[2023-07-09T16:00:33.688+0000] {processor.py:836} INFO - DAG(s) dict_keys(['example_dynamic_task_mapping_with_no_taskflow_operators']) retrieved from /home/airflow/.local/lib/python3.7/site-packages/airflow/example_dags/example_dynamic_task_mapping_with_no_taskflow_operators.py
[2023-07-09T16:00:33.715+0000] {logging_mixin.py:149} INFO - [2023-07-09T16:00:33.715+0000] {dag.py:2726} INFO - Sync 1 DAGs
[2023-07-09T16:00:33.736+0000] {logging_mixin.py:149} INFO - [2023-07-09T16:00:33.736+0000] {dag.py:3490} INFO - Setting next_dagrun for example_dynamic_task_mapping_with_no_taskflow_operators to 2023-07-08T16:00:33.736148+00:00, run_after=2023-07-09T16:00:33.736148+00:00
[2023-07-09T16:00:33.754+0000] {processor.py:179} INFO - Processing /home/airflow/.local/lib/python3.7/site-packages/airflow/example_dags/example_dynamic_task_mapping_with_no_taskflow_operators.py took 0.083 seconds
[2023-07-09T16:01:04.501+0000] {processor.py:157} INFO - Started process (PID=96) to work on /home/airflow/.local/lib/python3.7/site-packages/airflow/example_dags/example_dynamic_task_mapping_with_no_taskflow_operators.py
[2023-07-09T16:01:04.503+0000] {processor.py:826} INFO - Processing file /home/airflow/.local/lib/python3.7/site-packages/airflow/example_dags/example_dynamic_task_mapping_with_no_taskflow_operators.py for tasks to queue
[2023-07-09T16:01:04.503+0000] {logging_mixin.py:149} INFO - [2023-07-09T16:01:04.503+0000] {dagbag.py:541} INFO - Filling up the DagBag from /home/airflow/.local/lib/python3.7/site-packages/airflow/example_dags/example_dynamic_task_mapping_with_no_taskflow_operators.py
[2023-07-09T16:01:04.510+0000] {processor.py:836} INFO - DAG(s) dict_keys(['example_dynamic_task_mapping_with_no_taskflow_operators']) retrieved from /home/airflow/.local/lib/python3.7/site-packages/airflow/example_dags/example_dynamic_task_mapping_with_no_taskflow_operators.py
[2023-07-09T16:01:04.530+0000] {logging_mixin.py:149} INFO - [2023-07-09T16:01:04.530+0000] {dag.py:2726} INFO - Sync 1 DAGs
[2023-07-09T16:01:04.549+0000] {logging_mixin.py:149} INFO - [2023-07-09T16:01:04.549+0000] {dag.py:3490} INFO - Setting next_dagrun for example_dynamic_task_mapping_with_no_taskflow_operators to 2023-07-08T16:01:04.548780+00:00, run_after=2023-07-09T16:01:04.548780+00:00
[2023-07-09T16:01:04.562+0000] {processor.py:179} INFO - Processing /home/airflow/.local/lib/python3.7/site-packages/airflow/example_dags/example_dynamic_task_mapping_with_no_taskflow_operators.py took 0.064 seconds
[2023-07-09T16:01:34.634+0000] {processor.py:157} INFO - Started process (PID=157) to work on /home/airflow/.local/lib/python3.7/site-packages/airflow/example_dags/example_dynamic_task_mapping_with_no_taskflow_operators.py
[2023-07-09T16:01:34.635+0000] {processor.py:826} INFO - Processing file /home/airflow/.local/lib/python3.7/site-packages/airflow/example_dags/example_dynamic_task_mapping_with_no_taskflow_operators.py for tasks to queue
[2023-07-09T16:01:34.636+0000] {logging_mixin.py:149} INFO - [2023-07-09T16:01:34.636+0000] {dagbag.py:541} INFO - Filling up the DagBag from /home/airflow/.local/lib/python3.7/site-packages/airflow/example_dags/example_dynamic_task_mapping_with_no_taskflow_operators.py
[2023-07-09T16:01:34.642+0000] {processor.py:836} INFO - DAG(s) dict_keys(['example_dynamic_task_mapping_with_no_taskflow_operators']) retrieved from /home/airflow/.local/lib/python3.7/site-packages/airflow/example_dags/example_dynamic_task_mapping_with_no_taskflow_operators.py
[2023-07-09T16:01:34.664+0000] {logging_mixin.py:149} INFO - [2023-07-09T16:01:34.664+0000] {dag.py:2726} INFO - Sync 1 DAGs
[2023-07-09T16:01:34.691+0000] {logging_mixin.py:149} INFO - [2023-07-09T16:01:34.690+0000] {dag.py:3490} INFO - Setting next_dagrun for example_dynamic_task_mapping_with_no_taskflow_operators to 2023-07-08T16:01:34.690500+00:00, run_after=2023-07-09T16:01:34.690500+00:00
[2023-07-09T16:01:34.704+0000] {processor.py:179} INFO - Processing /home/airflow/.local/lib/python3.7/site-packages/airflow/example_dags/example_dynamic_task_mapping_with_no_taskflow_operators.py took 0.073 seconds
[2023-07-09T16:02:04.824+0000] {processor.py:157} INFO - Started process (PID=218) to work on /home/airflow/.local/lib/python3.7/site-packages/airflow/example_dags/example_dynamic_task_mapping_with_no_taskflow_operators.py
[2023-07-09T16:02:04.825+0000] {processor.py:826} INFO - Processing file /home/airflow/.local/lib/python3.7/site-packages/airflow/example_dags/example_dynamic_task_mapping_with_no_taskflow_operators.py for tasks to queue
[2023-07-09T16:02:04.826+0000] {logging_mixin.py:149} INFO - [2023-07-09T16:02:04.826+0000] {dagbag.py:541} INFO - Filling up the DagBag from /home/airflow/.local/lib/python3.7/site-packages/airflow/example_dags/example_dynamic_task_mapping_with_no_taskflow_operators.py
[2023-07-09T16:02:04.831+0000] {processor.py:836} INFO - DAG(s) dict_keys(['example_dynamic_task_mapping_with_no_taskflow_operators']) retrieved from /home/airflow/.local/lib/python3.7/site-packages/airflow/example_dags/example_dynamic_task_mapping_with_no_taskflow_operators.py
[2023-07-09T16:02:04.853+0000] {logging_mixin.py:149} INFO - [2023-07-09T16:02:04.853+0000] {dag.py:2726} INFO - Sync 1 DAGs
[2023-07-09T16:02:04.873+0000] {logging_mixin.py:149} INFO - [2023-07-09T16:02:04.873+0000] {dag.py:3490} INFO - Setting next_dagrun for example_dynamic_task_mapping_with_no_taskflow_operators to 2023-07-08T16:02:04.872882+00:00, run_after=2023-07-09T16:02:04.872882+00:00
[2023-07-09T16:02:04.891+0000] {processor.py:179} INFO - Processing /home/airflow/.local/lib/python3.7/site-packages/airflow/example_dags/example_dynamic_task_mapping_with_no_taskflow_operators.py took 0.070 seconds
[2023-07-09T16:02:35.421+0000] {processor.py:157} INFO - Started process (PID=279) to work on /home/airflow/.local/lib/python3.7/site-packages/airflow/example_dags/example_dynamic_task_mapping_with_no_taskflow_operators.py
[2023-07-09T16:02:35.423+0000] {processor.py:826} INFO - Processing file /home/airflow/.local/lib/python3.7/site-packages/airflow/example_dags/example_dynamic_task_mapping_with_no_taskflow_operators.py for tasks to queue
[2023-07-09T16:02:35.423+0000] {logging_mixin.py:149} INFO - [2023-07-09T16:02:35.423+0000] {dagbag.py:541} INFO - Filling up the DagBag from /home/airflow/.local/lib/python3.7/site-packages/airflow/example_dags/example_dynamic_task_mapping_with_no_taskflow_operators.py
[2023-07-09T16:02:35.430+0000] {processor.py:836} INFO - DAG(s) dict_keys(['example_dynamic_task_mapping_with_no_taskflow_operators']) retrieved from /home/airflow/.local/lib/python3.7/site-packages/airflow/example_dags/example_dynamic_task_mapping_with_no_taskflow_operators.py
[2023-07-09T16:02:35.448+0000] {logging_mixin.py:149} INFO - [2023-07-09T16:02:35.447+0000] {dag.py:2726} INFO - Sync 1 DAGs
[2023-07-09T16:02:35.464+0000] {logging_mixin.py:149} INFO - [2023-07-09T16:02:35.464+0000] {dag.py:3490} INFO - Setting next_dagrun for example_dynamic_task_mapping_with_no_taskflow_operators to 2023-07-08T16:02:35.463727+00:00, run_after=2023-07-09T16:02:35.463727+00:00
[2023-07-09T16:02:35.476+0000] {processor.py:179} INFO - Processing /home/airflow/.local/lib/python3.7/site-packages/airflow/example_dags/example_dynamic_task_mapping_with_no_taskflow_operators.py took 0.059 seconds
[2023-07-09T16:03:06.019+0000] {processor.py:157} INFO - Started process (PID=340) to work on /home/airflow/.local/lib/python3.7/site-packages/airflow/example_dags/example_dynamic_task_mapping_with_no_taskflow_operators.py
[2023-07-09T16:03:06.021+0000] {processor.py:826} INFO - Processing file /home/airflow/.local/lib/python3.7/site-packages/airflow/example_dags/example_dynamic_task_mapping_with_no_taskflow_operators.py for tasks to queue
[2023-07-09T16:03:06.022+0000] {logging_mixin.py:149} INFO - [2023-07-09T16:03:06.022+0000] {dagbag.py:541} INFO - Filling up the DagBag from /home/airflow/.local/lib/python3.7/site-packages/airflow/example_dags/example_dynamic_task_mapping_with_no_taskflow_operators.py
[2023-07-09T16:03:06.028+0000] {processor.py:836} INFO - DAG(s) dict_keys(['example_dynamic_task_mapping_with_no_taskflow_operators']) retrieved from /home/airflow/.local/lib/python3.7/site-packages/airflow/example_dags/example_dynamic_task_mapping_with_no_taskflow_operators.py
[2023-07-09T16:03:06.052+0000] {logging_mixin.py:149} INFO - [2023-07-09T16:03:06.052+0000] {dag.py:2726} INFO - Sync 1 DAGs
[2023-07-09T16:03:06.078+0000] {logging_mixin.py:149} INFO - [2023-07-09T16:03:06.078+0000] {dag.py:3490} INFO - Setting next_dagrun for example_dynamic_task_mapping_with_no_taskflow_operators to 2023-07-08T16:03:06.078321+00:00, run_after=2023-07-09T16:03:06.078321+00:00
[2023-07-09T16:03:06.089+0000] {processor.py:179} INFO - Processing /home/airflow/.local/lib/python3.7/site-packages/airflow/example_dags/example_dynamic_task_mapping_with_no_taskflow_operators.py took 0.073 seconds
[2023-07-09T16:03:36.501+0000] {processor.py:157} INFO - Started process (PID=401) to work on /home/airflow/.local/lib/python3.7/site-packages/airflow/example_dags/example_dynamic_task_mapping_with_no_taskflow_operators.py
[2023-07-09T16:03:36.502+0000] {processor.py:826} INFO - Processing file /home/airflow/.local/lib/python3.7/site-packages/airflow/example_dags/example_dynamic_task_mapping_with_no_taskflow_operators.py for tasks to queue
[2023-07-09T16:03:36.503+0000] {logging_mixin.py:149} INFO - [2023-07-09T16:03:36.502+0000] {dagbag.py:541} INFO - Filling up the DagBag from /home/airflow/.local/lib/python3.7/site-packages/airflow/example_dags/example_dynamic_task_mapping_with_no_taskflow_operators.py
[2023-07-09T16:03:36.508+0000] {processor.py:836} INFO - DAG(s) dict_keys(['example_dynamic_task_mapping_with_no_taskflow_operators']) retrieved from /home/airflow/.local/lib/python3.7/site-packages/airflow/example_dags/example_dynamic_task_mapping_with_no_taskflow_operators.py
[2023-07-09T16:03:36.528+0000] {logging_mixin.py:149} INFO - [2023-07-09T16:03:36.528+0000] {dag.py:2726} INFO - Sync 1 DAGs
[2023-07-09T16:03:36.544+0000] {logging_mixin.py:149} INFO - [2023-07-09T16:03:36.544+0000] {dag.py:3490} INFO - Setting next_dagrun for example_dynamic_task_mapping_with_no_taskflow_operators to 2023-07-08T16:03:36.543992+00:00, run_after=2023-07-09T16:03:36.543992+00:00
[2023-07-09T16:03:36.555+0000] {processor.py:179} INFO - Processing /home/airflow/.local/lib/python3.7/site-packages/airflow/example_dags/example_dynamic_task_mapping_with_no_taskflow_operators.py took 0.057 seconds
[2023-07-09T16:04:07.310+0000] {processor.py:157} INFO - Started process (PID=462) to work on /home/airflow/.local/lib/python3.7/site-packages/airflow/example_dags/example_dynamic_task_mapping_with_no_taskflow_operators.py
[2023-07-09T16:04:07.312+0000] {processor.py:826} INFO - Processing file /home/airflow/.local/lib/python3.7/site-packages/airflow/example_dags/example_dynamic_task_mapping_with_no_taskflow_operators.py for tasks to queue
[2023-07-09T16:04:07.313+0000] {logging_mixin.py:149} INFO - [2023-07-09T16:04:07.313+0000] {dagbag.py:541} INFO - Filling up the DagBag from /home/airflow/.local/lib/python3.7/site-packages/airflow/example_dags/example_dynamic_task_mapping_with_no_taskflow_operators.py
[2023-07-09T16:04:07.319+0000] {processor.py:836} INFO - DAG(s) dict_keys(['example_dynamic_task_mapping_with_no_taskflow_operators']) retrieved from /home/airflow/.local/lib/python3.7/site-packages/airflow/example_dags/example_dynamic_task_mapping_with_no_taskflow_operators.py
[2023-07-09T16:04:07.338+0000] {logging_mixin.py:149} INFO - [2023-07-09T16:04:07.338+0000] {dag.py:2726} INFO - Sync 1 DAGs
[2023-07-09T16:04:07.355+0000] {logging_mixin.py:149} INFO - [2023-07-09T16:04:07.354+0000] {dag.py:3490} INFO - Setting next_dagrun for example_dynamic_task_mapping_with_no_taskflow_operators to 2023-07-08T16:04:07.354638+00:00, run_after=2023-07-09T16:04:07.354638+00:00
[2023-07-09T16:04:07.366+0000] {processor.py:179} INFO - Processing /home/airflow/.local/lib/python3.7/site-packages/airflow/example_dags/example_dynamic_task_mapping_with_no_taskflow_operators.py took 0.059 seconds
[2023-07-09T16:04:37.907+0000] {processor.py:157} INFO - Started process (PID=523) to work on /home/airflow/.local/lib/python3.7/site-packages/airflow/example_dags/example_dynamic_task_mapping_with_no_taskflow_operators.py
[2023-07-09T16:04:37.908+0000] {processor.py:826} INFO - Processing file /home/airflow/.local/lib/python3.7/site-packages/airflow/example_dags/example_dynamic_task_mapping_with_no_taskflow_operators.py for tasks to queue
[2023-07-09T16:04:37.909+0000] {logging_mixin.py:149} INFO - [2023-07-09T16:04:37.909+0000] {dagbag.py:541} INFO - Filling up the DagBag from /home/airflow/.local/lib/python3.7/site-packages/airflow/example_dags/example_dynamic_task_mapping_with_no_taskflow_operators.py
[2023-07-09T16:04:37.916+0000] {processor.py:836} INFO - DAG(s) dict_keys(['example_dynamic_task_mapping_with_no_taskflow_operators']) retrieved from /home/airflow/.local/lib/python3.7/site-packages/airflow/example_dags/example_dynamic_task_mapping_with_no_taskflow_operators.py
[2023-07-09T16:04:37.938+0000] {logging_mixin.py:149} INFO - [2023-07-09T16:04:37.938+0000] {dag.py:2726} INFO - Sync 1 DAGs
[2023-07-09T16:04:37.958+0000] {logging_mixin.py:149} INFO - [2023-07-09T16:04:37.957+0000] {dag.py:3490} INFO - Setting next_dagrun for example_dynamic_task_mapping_with_no_taskflow_operators to 2023-07-08T16:04:37.957404+00:00, run_after=2023-07-09T16:04:37.957404+00:00
[2023-07-09T16:04:37.972+0000] {processor.py:179} INFO - Processing /home/airflow/.local/lib/python3.7/site-packages/airflow/example_dags/example_dynamic_task_mapping_with_no_taskflow_operators.py took 0.071 seconds
[2023-07-09T16:05:08.327+0000] {processor.py:157} INFO - Started process (PID=584) to work on /home/airflow/.local/lib/python3.7/site-packages/airflow/example_dags/example_dynamic_task_mapping_with_no_taskflow_operators.py
[2023-07-09T16:05:08.328+0000] {processor.py:826} INFO - Processing file /home/airflow/.local/lib/python3.7/site-packages/airflow/example_dags/example_dynamic_task_mapping_with_no_taskflow_operators.py for tasks to queue
[2023-07-09T16:05:08.329+0000] {logging_mixin.py:149} INFO - [2023-07-09T16:05:08.329+0000] {dagbag.py:541} INFO - Filling up the DagBag from /home/airflow/.local/lib/python3.7/site-packages/airflow/example_dags/example_dynamic_task_mapping_with_no_taskflow_operators.py
[2023-07-09T16:05:08.334+0000] {processor.py:836} INFO - DAG(s) dict_keys(['example_dynamic_task_mapping_with_no_taskflow_operators']) retrieved from /home/airflow/.local/lib/python3.7/site-packages/airflow/example_dags/example_dynamic_task_mapping_with_no_taskflow_operators.py
[2023-07-09T16:05:08.351+0000] {logging_mixin.py:149} INFO - [2023-07-09T16:05:08.351+0000] {dag.py:2726} INFO - Sync 1 DAGs
[2023-07-09T16:05:08.367+0000] {logging_mixin.py:149} INFO - [2023-07-09T16:05:08.367+0000] {dag.py:3490} INFO - Setting next_dagrun for example_dynamic_task_mapping_with_no_taskflow_operators to 2023-07-08T16:05:08.367392+00:00, run_after=2023-07-09T16:05:08.367392+00:00
[2023-07-09T16:05:08.378+0000] {processor.py:179} INFO - Processing /home/airflow/.local/lib/python3.7/site-packages/airflow/example_dags/example_dynamic_task_mapping_with_no_taskflow_operators.py took 0.057 seconds
[2023-07-09T16:05:39.016+0000] {processor.py:157} INFO - Started process (PID=645) to work on /home/airflow/.local/lib/python3.7/site-packages/airflow/example_dags/example_dynamic_task_mapping_with_no_taskflow_operators.py
[2023-07-09T16:05:39.018+0000] {processor.py:826} INFO - Processing file /home/airflow/.local/lib/python3.7/site-packages/airflow/example_dags/example_dynamic_task_mapping_with_no_taskflow_operators.py for tasks to queue
[2023-07-09T16:05:39.019+0000] {logging_mixin.py:149} INFO - [2023-07-09T16:05:39.019+0000] {dagbag.py:541} INFO - Filling up the DagBag from /home/airflow/.local/lib/python3.7/site-packages/airflow/example_dags/example_dynamic_task_mapping_with_no_taskflow_operators.py
[2023-07-09T16:05:39.025+0000] {processor.py:836} INFO - DAG(s) dict_keys(['example_dynamic_task_mapping_with_no_taskflow_operators']) retrieved from /home/airflow/.local/lib/python3.7/site-packages/airflow/example_dags/example_dynamic_task_mapping_with_no_taskflow_operators.py
[2023-07-09T16:05:39.043+0000] {logging_mixin.py:149} INFO - [2023-07-09T16:05:39.043+0000] {dag.py:2726} INFO - Sync 1 DAGs
[2023-07-09T16:05:39.059+0000] {logging_mixin.py:149} INFO - [2023-07-09T16:05:39.059+0000] {dag.py:3490} INFO - Setting next_dagrun for example_dynamic_task_mapping_with_no_taskflow_operators to 2023-07-08T16:05:39.059217+00:00, run_after=2023-07-09T16:05:39.059217+00:00
[2023-07-09T16:05:39.070+0000] {processor.py:179} INFO - Processing /home/airflow/.local/lib/python3.7/site-packages/airflow/example_dags/example_dynamic_task_mapping_with_no_taskflow_operators.py took 0.057 seconds
[2023-07-09T16:06:09.580+0000] {processor.py:157} INFO - Started process (PID=706) to work on /home/airflow/.local/lib/python3.7/site-packages/airflow/example_dags/example_dynamic_task_mapping_with_no_taskflow_operators.py
[2023-07-09T16:06:09.582+0000] {processor.py:826} INFO - Processing file /home/airflow/.local/lib/python3.7/site-packages/airflow/example_dags/example_dynamic_task_mapping_with_no_taskflow_operators.py for tasks to queue
[2023-07-09T16:06:09.582+0000] {logging_mixin.py:149} INFO - [2023-07-09T16:06:09.582+0000] {dagbag.py:541} INFO - Filling up the DagBag from /home/airflow/.local/lib/python3.7/site-packages/airflow/example_dags/example_dynamic_task_mapping_with_no_taskflow_operators.py
[2023-07-09T16:06:09.588+0000] {processor.py:836} INFO - DAG(s) dict_keys(['example_dynamic_task_mapping_with_no_taskflow_operators']) retrieved from /home/airflow/.local/lib/python3.7/site-packages/airflow/example_dags/example_dynamic_task_mapping_with_no_taskflow_operators.py
[2023-07-09T16:06:09.607+0000] {logging_mixin.py:149} INFO - [2023-07-09T16:06:09.607+0000] {dag.py:2726} INFO - Sync 1 DAGs
[2023-07-09T16:06:09.626+0000] {logging_mixin.py:149} INFO - [2023-07-09T16:06:09.625+0000] {dag.py:3490} INFO - Setting next_dagrun for example_dynamic_task_mapping_with_no_taskflow_operators to 2023-07-08T16:06:09.625586+00:00, run_after=2023-07-09T16:06:09.625586+00:00
[2023-07-09T16:06:09.636+0000] {processor.py:179} INFO - Processing /home/airflow/.local/lib/python3.7/site-packages/airflow/example_dags/example_dynamic_task_mapping_with_no_taskflow_operators.py took 0.059 seconds
[2023-07-09T16:06:39.898+0000] {processor.py:157} INFO - Started process (PID=767) to work on /home/airflow/.local/lib/python3.7/site-packages/airflow/example_dags/example_dynamic_task_mapping_with_no_taskflow_operators.py
[2023-07-09T16:06:39.899+0000] {processor.py:826} INFO - Processing file /home/airflow/.local/lib/python3.7/site-packages/airflow/example_dags/example_dynamic_task_mapping_with_no_taskflow_operators.py for tasks to queue
[2023-07-09T16:06:39.900+0000] {logging_mixin.py:149} INFO - [2023-07-09T16:06:39.900+0000] {dagbag.py:541} INFO - Filling up the DagBag from /home/airflow/.local/lib/python3.7/site-packages/airflow/example_dags/example_dynamic_task_mapping_with_no_taskflow_operators.py
[2023-07-09T16:06:39.905+0000] {processor.py:836} INFO - DAG(s) dict_keys(['example_dynamic_task_mapping_with_no_taskflow_operators']) retrieved from /home/airflow/.local/lib/python3.7/site-packages/airflow/example_dags/example_dynamic_task_mapping_with_no_taskflow_operators.py
[2023-07-09T16:06:39.924+0000] {logging_mixin.py:149} INFO - [2023-07-09T16:06:39.924+0000] {dag.py:2726} INFO - Sync 1 DAGs
[2023-07-09T16:06:39.940+0000] {logging_mixin.py:149} INFO - [2023-07-09T16:06:39.940+0000] {dag.py:3490} INFO - Setting next_dagrun for example_dynamic_task_mapping_with_no_taskflow_operators to 2023-07-08T16:06:39.940060+00:00, run_after=2023-07-09T16:06:39.940060+00:00
[2023-07-09T16:06:39.953+0000] {processor.py:179} INFO - Processing /home/airflow/.local/lib/python3.7/site-packages/airflow/example_dags/example_dynamic_task_mapping_with_no_taskflow_operators.py took 0.058 seconds
[2023-07-09T16:07:10.161+0000] {processor.py:157} INFO - Started process (PID=828) to work on /home/airflow/.local/lib/python3.7/site-packages/airflow/example_dags/example_dynamic_task_mapping_with_no_taskflow_operators.py
[2023-07-09T16:07:10.162+0000] {processor.py:826} INFO - Processing file /home/airflow/.local/lib/python3.7/site-packages/airflow/example_dags/example_dynamic_task_mapping_with_no_taskflow_operators.py for tasks to queue
[2023-07-09T16:07:10.163+0000] {logging_mixin.py:149} INFO - [2023-07-09T16:07:10.163+0000] {dagbag.py:541} INFO - Filling up the DagBag from /home/airflow/.local/lib/python3.7/site-packages/airflow/example_dags/example_dynamic_task_mapping_with_no_taskflow_operators.py
[2023-07-09T16:07:10.175+0000] {processor.py:836} INFO - DAG(s) dict_keys(['example_dynamic_task_mapping_with_no_taskflow_operators']) retrieved from /home/airflow/.local/lib/python3.7/site-packages/airflow/example_dags/example_dynamic_task_mapping_with_no_taskflow_operators.py
[2023-07-09T16:07:10.196+0000] {logging_mixin.py:149} INFO - [2023-07-09T16:07:10.196+0000] {dag.py:2726} INFO - Sync 1 DAGs
[2023-07-09T16:07:10.215+0000] {logging_mixin.py:149} INFO - [2023-07-09T16:07:10.215+0000] {dag.py:3490} INFO - Setting next_dagrun for example_dynamic_task_mapping_with_no_taskflow_operators to 2023-07-08T16:07:10.215059+00:00, run_after=2023-07-09T16:07:10.215059+00:00
[2023-07-09T16:07:10.229+0000] {processor.py:179} INFO - Processing /home/airflow/.local/lib/python3.7/site-packages/airflow/example_dags/example_dynamic_task_mapping_with_no_taskflow_operators.py took 0.071 seconds
[2023-07-09T16:07:40.739+0000] {processor.py:157} INFO - Started process (PID=889) to work on /home/airflow/.local/lib/python3.7/site-packages/airflow/example_dags/example_dynamic_task_mapping_with_no_taskflow_operators.py
[2023-07-09T16:07:40.741+0000] {processor.py:826} INFO - Processing file /home/airflow/.local/lib/python3.7/site-packages/airflow/example_dags/example_dynamic_task_mapping_with_no_taskflow_operators.py for tasks to queue
[2023-07-09T16:07:40.741+0000] {logging_mixin.py:149} INFO - [2023-07-09T16:07:40.741+0000] {dagbag.py:541} INFO - Filling up the DagBag from /home/airflow/.local/lib/python3.7/site-packages/airflow/example_dags/example_dynamic_task_mapping_with_no_taskflow_operators.py
[2023-07-09T16:07:40.747+0000] {processor.py:836} INFO - DAG(s) dict_keys(['example_dynamic_task_mapping_with_no_taskflow_operators']) retrieved from /home/airflow/.local/lib/python3.7/site-packages/airflow/example_dags/example_dynamic_task_mapping_with_no_taskflow_operators.py
[2023-07-09T16:07:40.765+0000] {logging_mixin.py:149} INFO - [2023-07-09T16:07:40.765+0000] {dag.py:2726} INFO - Sync 1 DAGs
[2023-07-09T16:07:40.781+0000] {logging_mixin.py:149} INFO - [2023-07-09T16:07:40.781+0000] {dag.py:3490} INFO - Setting next_dagrun for example_dynamic_task_mapping_with_no_taskflow_operators to 2023-07-08T16:07:40.780864+00:00, run_after=2023-07-09T16:07:40.780864+00:00
[2023-07-09T16:07:40.793+0000] {processor.py:179} INFO - Processing /home/airflow/.local/lib/python3.7/site-packages/airflow/example_dags/example_dynamic_task_mapping_with_no_taskflow_operators.py took 0.056 seconds
[2023-07-09T16:08:11.011+0000] {processor.py:157} INFO - Started process (PID=949) to work on /home/airflow/.local/lib/python3.7/site-packages/airflow/example_dags/example_dynamic_task_mapping_with_no_taskflow_operators.py
[2023-07-09T16:08:11.012+0000] {processor.py:826} INFO - Processing file /home/airflow/.local/lib/python3.7/site-packages/airflow/example_dags/example_dynamic_task_mapping_with_no_taskflow_operators.py for tasks to queue
[2023-07-09T16:08:11.013+0000] {logging_mixin.py:149} INFO - [2023-07-09T16:08:11.013+0000] {dagbag.py:541} INFO - Filling up the DagBag from /home/airflow/.local/lib/python3.7/site-packages/airflow/example_dags/example_dynamic_task_mapping_with_no_taskflow_operators.py
[2023-07-09T16:08:11.019+0000] {processor.py:836} INFO - DAG(s) dict_keys(['example_dynamic_task_mapping_with_no_taskflow_operators']) retrieved from /home/airflow/.local/lib/python3.7/site-packages/airflow/example_dags/example_dynamic_task_mapping_with_no_taskflow_operators.py
[2023-07-09T16:08:11.038+0000] {logging_mixin.py:149} INFO - [2023-07-09T16:08:11.038+0000] {dag.py:2726} INFO - Sync 1 DAGs
[2023-07-09T16:08:11.054+0000] {logging_mixin.py:149} INFO - [2023-07-09T16:08:11.054+0000] {dag.py:3490} INFO - Setting next_dagrun for example_dynamic_task_mapping_with_no_taskflow_operators to 2023-07-08T16:08:11.054153+00:00, run_after=2023-07-09T16:08:11.054153+00:00
[2023-07-09T16:08:11.065+0000] {processor.py:179} INFO - Processing /home/airflow/.local/lib/python3.7/site-packages/airflow/example_dags/example_dynamic_task_mapping_with_no_taskflow_operators.py took 0.056 seconds
[2023-07-09T16:08:41.794+0000] {processor.py:157} INFO - Started process (PID=1011) to work on /home/airflow/.local/lib/python3.7/site-packages/airflow/example_dags/example_dynamic_task_mapping_with_no_taskflow_operators.py
[2023-07-09T16:08:41.796+0000] {processor.py:826} INFO - Processing file /home/airflow/.local/lib/python3.7/site-packages/airflow/example_dags/example_dynamic_task_mapping_with_no_taskflow_operators.py for tasks to queue
[2023-07-09T16:08:41.797+0000] {logging_mixin.py:149} INFO - [2023-07-09T16:08:41.796+0000] {dagbag.py:541} INFO - Filling up the DagBag from /home/airflow/.local/lib/python3.7/site-packages/airflow/example_dags/example_dynamic_task_mapping_with_no_taskflow_operators.py
[2023-07-09T16:08:41.805+0000] {processor.py:836} INFO - DAG(s) dict_keys(['example_dynamic_task_mapping_with_no_taskflow_operators']) retrieved from /home/airflow/.local/lib/python3.7/site-packages/airflow/example_dags/example_dynamic_task_mapping_with_no_taskflow_operators.py
[2023-07-09T16:08:41.830+0000] {logging_mixin.py:149} INFO - [2023-07-09T16:08:41.830+0000] {dag.py:2726} INFO - Sync 1 DAGs
[2023-07-09T16:08:41.847+0000] {logging_mixin.py:149} INFO - [2023-07-09T16:08:41.847+0000] {dag.py:3490} INFO - Setting next_dagrun for example_dynamic_task_mapping_with_no_taskflow_operators to 2023-07-08T16:08:41.847119+00:00, run_after=2023-07-09T16:08:41.847119+00:00
[2023-07-09T16:08:41.859+0000] {processor.py:179} INFO - Processing /home/airflow/.local/lib/python3.7/site-packages/airflow/example_dags/example_dynamic_task_mapping_with_no_taskflow_operators.py took 0.072 seconds
[2023-07-09T16:09:12.201+0000] {processor.py:157} INFO - Started process (PID=1072) to work on /home/airflow/.local/lib/python3.7/site-packages/airflow/example_dags/example_dynamic_task_mapping_with_no_taskflow_operators.py
[2023-07-09T16:09:12.202+0000] {processor.py:826} INFO - Processing file /home/airflow/.local/lib/python3.7/site-packages/airflow/example_dags/example_dynamic_task_mapping_with_no_taskflow_operators.py for tasks to queue
[2023-07-09T16:09:12.203+0000] {logging_mixin.py:149} INFO - [2023-07-09T16:09:12.203+0000] {dagbag.py:541} INFO - Filling up the DagBag from /home/airflow/.local/lib/python3.7/site-packages/airflow/example_dags/example_dynamic_task_mapping_with_no_taskflow_operators.py
[2023-07-09T16:09:12.212+0000] {processor.py:836} INFO - DAG(s) dict_keys(['example_dynamic_task_mapping_with_no_taskflow_operators']) retrieved from /home/airflow/.local/lib/python3.7/site-packages/airflow/example_dags/example_dynamic_task_mapping_with_no_taskflow_operators.py
[2023-07-09T16:09:12.230+0000] {logging_mixin.py:149} INFO - [2023-07-09T16:09:12.230+0000] {dag.py:2726} INFO - Sync 1 DAGs
[2023-07-09T16:09:12.245+0000] {logging_mixin.py:149} INFO - [2023-07-09T16:09:12.245+0000] {dag.py:3490} INFO - Setting next_dagrun for example_dynamic_task_mapping_with_no_taskflow_operators to 2023-07-08T16:09:12.245071+00:00, run_after=2023-07-09T16:09:12.245071+00:00
[2023-07-09T16:09:12.256+0000] {processor.py:179} INFO - Processing /home/airflow/.local/lib/python3.7/site-packages/airflow/example_dags/example_dynamic_task_mapping_with_no_taskflow_operators.py took 0.058 seconds
[2023-07-09T16:09:42.574+0000] {processor.py:157} INFO - Started process (PID=1132) to work on /home/airflow/.local/lib/python3.7/site-packages/airflow/example_dags/example_dynamic_task_mapping_with_no_taskflow_operators.py
[2023-07-09T16:09:42.575+0000] {processor.py:826} INFO - Processing file /home/airflow/.local/lib/python3.7/site-packages/airflow/example_dags/example_dynamic_task_mapping_with_no_taskflow_operators.py for tasks to queue
[2023-07-09T16:09:42.576+0000] {logging_mixin.py:149} INFO - [2023-07-09T16:09:42.576+0000] {dagbag.py:541} INFO - Filling up the DagBag from /home/airflow/.local/lib/python3.7/site-packages/airflow/example_dags/example_dynamic_task_mapping_with_no_taskflow_operators.py
[2023-07-09T16:09:42.581+0000] {processor.py:836} INFO - DAG(s) dict_keys(['example_dynamic_task_mapping_with_no_taskflow_operators']) retrieved from /home/airflow/.local/lib/python3.7/site-packages/airflow/example_dags/example_dynamic_task_mapping_with_no_taskflow_operators.py
[2023-07-09T16:09:42.599+0000] {logging_mixin.py:149} INFO - [2023-07-09T16:09:42.599+0000] {dag.py:2726} INFO - Sync 1 DAGs
[2023-07-09T16:09:42.614+0000] {logging_mixin.py:149} INFO - [2023-07-09T16:09:42.614+0000] {dag.py:3490} INFO - Setting next_dagrun for example_dynamic_task_mapping_with_no_taskflow_operators to 2023-07-08T16:09:42.614168+00:00, run_after=2023-07-09T16:09:42.614168+00:00
[2023-07-09T16:09:42.625+0000] {processor.py:179} INFO - Processing /home/airflow/.local/lib/python3.7/site-packages/airflow/example_dags/example_dynamic_task_mapping_with_no_taskflow_operators.py took 0.053 seconds
[2023-07-09T16:10:12.863+0000] {processor.py:157} INFO - Started process (PID=1193) to work on /home/airflow/.local/lib/python3.7/site-packages/airflow/example_dags/example_dynamic_task_mapping_with_no_taskflow_operators.py
[2023-07-09T16:10:12.864+0000] {processor.py:826} INFO - Processing file /home/airflow/.local/lib/python3.7/site-packages/airflow/example_dags/example_dynamic_task_mapping_with_no_taskflow_operators.py for tasks to queue
[2023-07-09T16:10:12.865+0000] {logging_mixin.py:149} INFO - [2023-07-09T16:10:12.865+0000] {dagbag.py:541} INFO - Filling up the DagBag from /home/airflow/.local/lib/python3.7/site-packages/airflow/example_dags/example_dynamic_task_mapping_with_no_taskflow_operators.py
[2023-07-09T16:10:12.871+0000] {processor.py:836} INFO - DAG(s) dict_keys(['example_dynamic_task_mapping_with_no_taskflow_operators']) retrieved from /home/airflow/.local/lib/python3.7/site-packages/airflow/example_dags/example_dynamic_task_mapping_with_no_taskflow_operators.py
[2023-07-09T16:10:12.890+0000] {logging_mixin.py:149} INFO - [2023-07-09T16:10:12.889+0000] {dag.py:2726} INFO - Sync 1 DAGs
[2023-07-09T16:10:12.906+0000] {logging_mixin.py:149} INFO - [2023-07-09T16:10:12.906+0000] {dag.py:3490} INFO - Setting next_dagrun for example_dynamic_task_mapping_with_no_taskflow_operators to 2023-07-08T16:10:12.905754+00:00, run_after=2023-07-09T16:10:12.905754+00:00
[2023-07-09T16:10:12.917+0000] {processor.py:179} INFO - Processing /home/airflow/.local/lib/python3.7/site-packages/airflow/example_dags/example_dynamic_task_mapping_with_no_taskflow_operators.py took 0.058 seconds
[2023-07-09T16:10:43.241+0000] {processor.py:157} INFO - Started process (PID=1254) to work on /home/airflow/.local/lib/python3.7/site-packages/airflow/example_dags/example_dynamic_task_mapping_with_no_taskflow_operators.py
[2023-07-09T16:10:43.242+0000] {processor.py:826} INFO - Processing file /home/airflow/.local/lib/python3.7/site-packages/airflow/example_dags/example_dynamic_task_mapping_with_no_taskflow_operators.py for tasks to queue
[2023-07-09T16:10:43.243+0000] {logging_mixin.py:149} INFO - [2023-07-09T16:10:43.243+0000] {dagbag.py:541} INFO - Filling up the DagBag from /home/airflow/.local/lib/python3.7/site-packages/airflow/example_dags/example_dynamic_task_mapping_with_no_taskflow_operators.py
[2023-07-09T16:10:43.249+0000] {processor.py:836} INFO - DAG(s) dict_keys(['example_dynamic_task_mapping_with_no_taskflow_operators']) retrieved from /home/airflow/.local/lib/python3.7/site-packages/airflow/example_dags/example_dynamic_task_mapping_with_no_taskflow_operators.py
[2023-07-09T16:10:43.266+0000] {logging_mixin.py:149} INFO - [2023-07-09T16:10:43.266+0000] {dag.py:2726} INFO - Sync 1 DAGs
[2023-07-09T16:10:43.282+0000] {logging_mixin.py:149} INFO - [2023-07-09T16:10:43.282+0000] {dag.py:3490} INFO - Setting next_dagrun for example_dynamic_task_mapping_with_no_taskflow_operators to 2023-07-08T16:10:43.281912+00:00, run_after=2023-07-09T16:10:43.281912+00:00
[2023-07-09T16:10:43.295+0000] {processor.py:179} INFO - Processing /home/airflow/.local/lib/python3.7/site-packages/airflow/example_dags/example_dynamic_task_mapping_with_no_taskflow_operators.py took 0.056 seconds
[2023-07-09T16:11:13.480+0000] {processor.py:157} INFO - Started process (PID=1316) to work on /home/airflow/.local/lib/python3.7/site-packages/airflow/example_dags/example_dynamic_task_mapping_with_no_taskflow_operators.py
[2023-07-09T16:11:13.481+0000] {processor.py:826} INFO - Processing file /home/airflow/.local/lib/python3.7/site-packages/airflow/example_dags/example_dynamic_task_mapping_with_no_taskflow_operators.py for tasks to queue
[2023-07-09T16:11:13.482+0000] {logging_mixin.py:149} INFO - [2023-07-09T16:11:13.482+0000] {dagbag.py:541} INFO - Filling up the DagBag from /home/airflow/.local/lib/python3.7/site-packages/airflow/example_dags/example_dynamic_task_mapping_with_no_taskflow_operators.py
[2023-07-09T16:11:13.487+0000] {processor.py:836} INFO - DAG(s) dict_keys(['example_dynamic_task_mapping_with_no_taskflow_operators']) retrieved from /home/airflow/.local/lib/python3.7/site-packages/airflow/example_dags/example_dynamic_task_mapping_with_no_taskflow_operators.py
[2023-07-09T16:11:13.505+0000] {logging_mixin.py:149} INFO - [2023-07-09T16:11:13.505+0000] {dag.py:2726} INFO - Sync 1 DAGs
[2023-07-09T16:11:13.519+0000] {logging_mixin.py:149} INFO - [2023-07-09T16:11:13.519+0000] {dag.py:3490} INFO - Setting next_dagrun for example_dynamic_task_mapping_with_no_taskflow_operators to 2023-07-08T16:11:13.519583+00:00, run_after=2023-07-09T16:11:13.519583+00:00
[2023-07-09T16:11:13.530+0000] {processor.py:179} INFO - Processing /home/airflow/.local/lib/python3.7/site-packages/airflow/example_dags/example_dynamic_task_mapping_with_no_taskflow_operators.py took 0.052 seconds
[2023-07-09T16:11:44.018+0000] {processor.py:157} INFO - Started process (PID=1377) to work on /home/airflow/.local/lib/python3.7/site-packages/airflow/example_dags/example_dynamic_task_mapping_with_no_taskflow_operators.py
[2023-07-09T16:11:44.019+0000] {processor.py:826} INFO - Processing file /home/airflow/.local/lib/python3.7/site-packages/airflow/example_dags/example_dynamic_task_mapping_with_no_taskflow_operators.py for tasks to queue
[2023-07-09T16:11:44.020+0000] {logging_mixin.py:149} INFO - [2023-07-09T16:11:44.020+0000] {dagbag.py:541} INFO - Filling up the DagBag from /home/airflow/.local/lib/python3.7/site-packages/airflow/example_dags/example_dynamic_task_mapping_with_no_taskflow_operators.py
[2023-07-09T16:11:44.026+0000] {processor.py:836} INFO - DAG(s) dict_keys(['example_dynamic_task_mapping_with_no_taskflow_operators']) retrieved from /home/airflow/.local/lib/python3.7/site-packages/airflow/example_dags/example_dynamic_task_mapping_with_no_taskflow_operators.py
[2023-07-09T16:11:44.047+0000] {logging_mixin.py:149} INFO - [2023-07-09T16:11:44.047+0000] {dag.py:2726} INFO - Sync 1 DAGs
[2023-07-09T16:11:44.064+0000] {logging_mixin.py:149} INFO - [2023-07-09T16:11:44.064+0000] {dag.py:3490} INFO - Setting next_dagrun for example_dynamic_task_mapping_with_no_taskflow_operators to 2023-07-08T16:11:44.063732+00:00, run_after=2023-07-09T16:11:44.063732+00:00
[2023-07-09T16:11:44.075+0000] {processor.py:179} INFO - Processing /home/airflow/.local/lib/python3.7/site-packages/airflow/example_dags/example_dynamic_task_mapping_with_no_taskflow_operators.py took 0.060 seconds
[2023-07-09T16:12:14.455+0000] {processor.py:157} INFO - Started process (PID=1438) to work on /home/airflow/.local/lib/python3.7/site-packages/airflow/example_dags/example_dynamic_task_mapping_with_no_taskflow_operators.py
[2023-07-09T16:12:14.456+0000] {processor.py:826} INFO - Processing file /home/airflow/.local/lib/python3.7/site-packages/airflow/example_dags/example_dynamic_task_mapping_with_no_taskflow_operators.py for tasks to queue
[2023-07-09T16:12:14.457+0000] {logging_mixin.py:149} INFO - [2023-07-09T16:12:14.457+0000] {dagbag.py:541} INFO - Filling up the DagBag from /home/airflow/.local/lib/python3.7/site-packages/airflow/example_dags/example_dynamic_task_mapping_with_no_taskflow_operators.py
[2023-07-09T16:12:14.462+0000] {processor.py:836} INFO - DAG(s) dict_keys(['example_dynamic_task_mapping_with_no_taskflow_operators']) retrieved from /home/airflow/.local/lib/python3.7/site-packages/airflow/example_dags/example_dynamic_task_mapping_with_no_taskflow_operators.py
[2023-07-09T16:12:14.480+0000] {logging_mixin.py:149} INFO - [2023-07-09T16:12:14.480+0000] {dag.py:2726} INFO - Sync 1 DAGs
[2023-07-09T16:12:14.495+0000] {logging_mixin.py:149} INFO - [2023-07-09T16:12:14.495+0000] {dag.py:3490} INFO - Setting next_dagrun for example_dynamic_task_mapping_with_no_taskflow_operators to 2023-07-08T16:12:14.495301+00:00, run_after=2023-07-09T16:12:14.495301+00:00
[2023-07-09T16:12:14.507+0000] {processor.py:179} INFO - Processing /home/airflow/.local/lib/python3.7/site-packages/airflow/example_dags/example_dynamic_task_mapping_with_no_taskflow_operators.py took 0.055 seconds
[2023-07-09T16:12:44.712+0000] {processor.py:157} INFO - Started process (PID=1499) to work on /home/airflow/.local/lib/python3.7/site-packages/airflow/example_dags/example_dynamic_task_mapping_with_no_taskflow_operators.py
[2023-07-09T16:12:44.714+0000] {processor.py:826} INFO - Processing file /home/airflow/.local/lib/python3.7/site-packages/airflow/example_dags/example_dynamic_task_mapping_with_no_taskflow_operators.py for tasks to queue
[2023-07-09T16:12:44.715+0000] {logging_mixin.py:149} INFO - [2023-07-09T16:12:44.714+0000] {dagbag.py:541} INFO - Filling up the DagBag from /home/airflow/.local/lib/python3.7/site-packages/airflow/example_dags/example_dynamic_task_mapping_with_no_taskflow_operators.py
[2023-07-09T16:12:44.720+0000] {processor.py:836} INFO - DAG(s) dict_keys(['example_dynamic_task_mapping_with_no_taskflow_operators']) retrieved from /home/airflow/.local/lib/python3.7/site-packages/airflow/example_dags/example_dynamic_task_mapping_with_no_taskflow_operators.py
[2023-07-09T16:12:44.738+0000] {logging_mixin.py:149} INFO - [2023-07-09T16:12:44.738+0000] {dag.py:2726} INFO - Sync 1 DAGs
[2023-07-09T16:12:44.754+0000] {logging_mixin.py:149} INFO - [2023-07-09T16:12:44.754+0000] {dag.py:3490} INFO - Setting next_dagrun for example_dynamic_task_mapping_with_no_taskflow_operators to 2023-07-08T16:12:44.754210+00:00, run_after=2023-07-09T16:12:44.754210+00:00
[2023-07-09T16:12:44.766+0000] {processor.py:179} INFO - Processing /home/airflow/.local/lib/python3.7/site-packages/airflow/example_dags/example_dynamic_task_mapping_with_no_taskflow_operators.py took 0.057 seconds
[2023-07-09T16:13:14.901+0000] {processor.py:157} INFO - Started process (PID=1560) to work on /home/airflow/.local/lib/python3.7/site-packages/airflow/example_dags/example_dynamic_task_mapping_with_no_taskflow_operators.py
[2023-07-09T16:13:14.903+0000] {processor.py:826} INFO - Processing file /home/airflow/.local/lib/python3.7/site-packages/airflow/example_dags/example_dynamic_task_mapping_with_no_taskflow_operators.py for tasks to queue
[2023-07-09T16:13:14.903+0000] {logging_mixin.py:149} INFO - [2023-07-09T16:13:14.903+0000] {dagbag.py:541} INFO - Filling up the DagBag from /home/airflow/.local/lib/python3.7/site-packages/airflow/example_dags/example_dynamic_task_mapping_with_no_taskflow_operators.py
[2023-07-09T16:13:14.910+0000] {processor.py:836} INFO - DAG(s) dict_keys(['example_dynamic_task_mapping_with_no_taskflow_operators']) retrieved from /home/airflow/.local/lib/python3.7/site-packages/airflow/example_dags/example_dynamic_task_mapping_with_no_taskflow_operators.py
[2023-07-09T16:13:14.929+0000] {logging_mixin.py:149} INFO - [2023-07-09T16:13:14.929+0000] {dag.py:2726} INFO - Sync 1 DAGs
[2023-07-09T16:13:14.947+0000] {logging_mixin.py:149} INFO - [2023-07-09T16:13:14.947+0000] {dag.py:3490} INFO - Setting next_dagrun for example_dynamic_task_mapping_with_no_taskflow_operators to 2023-07-08T16:13:14.946729+00:00, run_after=2023-07-09T16:13:14.946729+00:00
[2023-07-09T16:13:14.958+0000] {processor.py:179} INFO - Processing /home/airflow/.local/lib/python3.7/site-packages/airflow/example_dags/example_dynamic_task_mapping_with_no_taskflow_operators.py took 0.062 seconds
[2023-07-09T16:13:45.323+0000] {processor.py:157} INFO - Started process (PID=1621) to work on /home/airflow/.local/lib/python3.7/site-packages/airflow/example_dags/example_dynamic_task_mapping_with_no_taskflow_operators.py
[2023-07-09T16:13:45.324+0000] {processor.py:826} INFO - Processing file /home/airflow/.local/lib/python3.7/site-packages/airflow/example_dags/example_dynamic_task_mapping_with_no_taskflow_operators.py for tasks to queue
[2023-07-09T16:13:45.325+0000] {logging_mixin.py:149} INFO - [2023-07-09T16:13:45.325+0000] {dagbag.py:541} INFO - Filling up the DagBag from /home/airflow/.local/lib/python3.7/site-packages/airflow/example_dags/example_dynamic_task_mapping_with_no_taskflow_operators.py
[2023-07-09T16:13:45.331+0000] {processor.py:836} INFO - DAG(s) dict_keys(['example_dynamic_task_mapping_with_no_taskflow_operators']) retrieved from /home/airflow/.local/lib/python3.7/site-packages/airflow/example_dags/example_dynamic_task_mapping_with_no_taskflow_operators.py
[2023-07-09T16:13:45.350+0000] {logging_mixin.py:149} INFO - [2023-07-09T16:13:45.350+0000] {dag.py:2726} INFO - Sync 1 DAGs
[2023-07-09T16:13:45.366+0000] {logging_mixin.py:149} INFO - [2023-07-09T16:13:45.366+0000] {dag.py:3490} INFO - Setting next_dagrun for example_dynamic_task_mapping_with_no_taskflow_operators to 2023-07-08T16:13:45.365794+00:00, run_after=2023-07-09T16:13:45.365794+00:00
[2023-07-09T16:13:45.377+0000] {processor.py:179} INFO - Processing /home/airflow/.local/lib/python3.7/site-packages/airflow/example_dags/example_dynamic_task_mapping_with_no_taskflow_operators.py took 0.059 seconds
[2023-07-09T16:14:15.876+0000] {processor.py:157} INFO - Started process (PID=1682) to work on /home/airflow/.local/lib/python3.7/site-packages/airflow/example_dags/example_dynamic_task_mapping_with_no_taskflow_operators.py
[2023-07-09T16:14:15.877+0000] {processor.py:826} INFO - Processing file /home/airflow/.local/lib/python3.7/site-packages/airflow/example_dags/example_dynamic_task_mapping_with_no_taskflow_operators.py for tasks to queue
[2023-07-09T16:14:15.878+0000] {logging_mixin.py:149} INFO - [2023-07-09T16:14:15.878+0000] {dagbag.py:541} INFO - Filling up the DagBag from /home/airflow/.local/lib/python3.7/site-packages/airflow/example_dags/example_dynamic_task_mapping_with_no_taskflow_operators.py
[2023-07-09T16:14:15.888+0000] {processor.py:836} INFO - DAG(s) dict_keys(['example_dynamic_task_mapping_with_no_taskflow_operators']) retrieved from /home/airflow/.local/lib/python3.7/site-packages/airflow/example_dags/example_dynamic_task_mapping_with_no_taskflow_operators.py
[2023-07-09T16:14:15.913+0000] {logging_mixin.py:149} INFO - [2023-07-09T16:14:15.913+0000] {dag.py:2726} INFO - Sync 1 DAGs
[2023-07-09T16:14:15.931+0000] {logging_mixin.py:149} INFO - [2023-07-09T16:14:15.931+0000] {dag.py:3490} INFO - Setting next_dagrun for example_dynamic_task_mapping_with_no_taskflow_operators to 2023-07-08T16:14:15.930782+00:00, run_after=2023-07-09T16:14:15.930782+00:00
[2023-07-09T16:14:15.942+0000] {processor.py:179} INFO - Processing /home/airflow/.local/lib/python3.7/site-packages/airflow/example_dags/example_dynamic_task_mapping_with_no_taskflow_operators.py took 0.069 seconds
[2023-07-09T16:14:46.428+0000] {processor.py:157} INFO - Started process (PID=1743) to work on /home/airflow/.local/lib/python3.7/site-packages/airflow/example_dags/example_dynamic_task_mapping_with_no_taskflow_operators.py
[2023-07-09T16:14:46.430+0000] {processor.py:826} INFO - Processing file /home/airflow/.local/lib/python3.7/site-packages/airflow/example_dags/example_dynamic_task_mapping_with_no_taskflow_operators.py for tasks to queue
[2023-07-09T16:14:46.431+0000] {logging_mixin.py:149} INFO - [2023-07-09T16:14:46.431+0000] {dagbag.py:541} INFO - Filling up the DagBag from /home/airflow/.local/lib/python3.7/site-packages/airflow/example_dags/example_dynamic_task_mapping_with_no_taskflow_operators.py
[2023-07-09T16:14:46.438+0000] {processor.py:836} INFO - DAG(s) dict_keys(['example_dynamic_task_mapping_with_no_taskflow_operators']) retrieved from /home/airflow/.local/lib/python3.7/site-packages/airflow/example_dags/example_dynamic_task_mapping_with_no_taskflow_operators.py
[2023-07-09T16:14:46.457+0000] {logging_mixin.py:149} INFO - [2023-07-09T16:14:46.456+0000] {dag.py:2726} INFO - Sync 1 DAGs
[2023-07-09T16:14:46.472+0000] {logging_mixin.py:149} INFO - [2023-07-09T16:14:46.472+0000] {dag.py:3490} INFO - Setting next_dagrun for example_dynamic_task_mapping_with_no_taskflow_operators to 2023-07-08T16:14:46.472633+00:00, run_after=2023-07-09T16:14:46.472633+00:00
[2023-07-09T16:14:46.485+0000] {processor.py:179} INFO - Processing /home/airflow/.local/lib/python3.7/site-packages/airflow/example_dags/example_dynamic_task_mapping_with_no_taskflow_operators.py took 0.059 seconds
[2023-07-09T16:15:17.036+0000] {processor.py:157} INFO - Started process (PID=1804) to work on /home/airflow/.local/lib/python3.7/site-packages/airflow/example_dags/example_dynamic_task_mapping_with_no_taskflow_operators.py
[2023-07-09T16:15:17.037+0000] {processor.py:826} INFO - Processing file /home/airflow/.local/lib/python3.7/site-packages/airflow/example_dags/example_dynamic_task_mapping_with_no_taskflow_operators.py for tasks to queue
[2023-07-09T16:15:17.038+0000] {logging_mixin.py:149} INFO - [2023-07-09T16:15:17.038+0000] {dagbag.py:541} INFO - Filling up the DagBag from /home/airflow/.local/lib/python3.7/site-packages/airflow/example_dags/example_dynamic_task_mapping_with_no_taskflow_operators.py
[2023-07-09T16:15:17.044+0000] {processor.py:836} INFO - DAG(s) dict_keys(['example_dynamic_task_mapping_with_no_taskflow_operators']) retrieved from /home/airflow/.local/lib/python3.7/site-packages/airflow/example_dags/example_dynamic_task_mapping_with_no_taskflow_operators.py
[2023-07-09T16:15:17.063+0000] {logging_mixin.py:149} INFO - [2023-07-09T16:15:17.062+0000] {dag.py:2726} INFO - Sync 1 DAGs
[2023-07-09T16:15:17.080+0000] {logging_mixin.py:149} INFO - [2023-07-09T16:15:17.080+0000] {dag.py:3490} INFO - Setting next_dagrun for example_dynamic_task_mapping_with_no_taskflow_operators to 2023-07-08T16:15:17.080033+00:00, run_after=2023-07-09T16:15:17.080033+00:00
[2023-07-09T16:15:17.092+0000] {processor.py:179} INFO - Processing /home/airflow/.local/lib/python3.7/site-packages/airflow/example_dags/example_dynamic_task_mapping_with_no_taskflow_operators.py took 0.058 seconds
[2023-07-09T16:15:47.647+0000] {processor.py:157} INFO - Started process (PID=1865) to work on /home/airflow/.local/lib/python3.7/site-packages/airflow/example_dags/example_dynamic_task_mapping_with_no_taskflow_operators.py
[2023-07-09T16:15:47.648+0000] {processor.py:826} INFO - Processing file /home/airflow/.local/lib/python3.7/site-packages/airflow/example_dags/example_dynamic_task_mapping_with_no_taskflow_operators.py for tasks to queue
[2023-07-09T16:15:47.649+0000] {logging_mixin.py:149} INFO - [2023-07-09T16:15:47.649+0000] {dagbag.py:541} INFO - Filling up the DagBag from /home/airflow/.local/lib/python3.7/site-packages/airflow/example_dags/example_dynamic_task_mapping_with_no_taskflow_operators.py
[2023-07-09T16:15:47.655+0000] {processor.py:836} INFO - DAG(s) dict_keys(['example_dynamic_task_mapping_with_no_taskflow_operators']) retrieved from /home/airflow/.local/lib/python3.7/site-packages/airflow/example_dags/example_dynamic_task_mapping_with_no_taskflow_operators.py
[2023-07-09T16:15:47.674+0000] {logging_mixin.py:149} INFO - [2023-07-09T16:15:47.674+0000] {dag.py:2726} INFO - Sync 1 DAGs
[2023-07-09T16:15:47.690+0000] {logging_mixin.py:149} INFO - [2023-07-09T16:15:47.690+0000] {dag.py:3490} INFO - Setting next_dagrun for example_dynamic_task_mapping_with_no_taskflow_operators to 2023-07-08T16:15:47.690609+00:00, run_after=2023-07-09T16:15:47.690609+00:00
[2023-07-09T16:15:47.702+0000] {processor.py:179} INFO - Processing /home/airflow/.local/lib/python3.7/site-packages/airflow/example_dags/example_dynamic_task_mapping_with_no_taskflow_operators.py took 0.058 seconds
[2023-07-09T16:16:17.851+0000] {processor.py:157} INFO - Started process (PID=1926) to work on /home/airflow/.local/lib/python3.7/site-packages/airflow/example_dags/example_dynamic_task_mapping_with_no_taskflow_operators.py
[2023-07-09T16:16:17.852+0000] {processor.py:826} INFO - Processing file /home/airflow/.local/lib/python3.7/site-packages/airflow/example_dags/example_dynamic_task_mapping_with_no_taskflow_operators.py for tasks to queue
[2023-07-09T16:16:17.855+0000] {logging_mixin.py:149} INFO - [2023-07-09T16:16:17.855+0000] {dagbag.py:541} INFO - Filling up the DagBag from /home/airflow/.local/lib/python3.7/site-packages/airflow/example_dags/example_dynamic_task_mapping_with_no_taskflow_operators.py
[2023-07-09T16:16:17.863+0000] {processor.py:836} INFO - DAG(s) dict_keys(['example_dynamic_task_mapping_with_no_taskflow_operators']) retrieved from /home/airflow/.local/lib/python3.7/site-packages/airflow/example_dags/example_dynamic_task_mapping_with_no_taskflow_operators.py
[2023-07-09T16:16:17.888+0000] {logging_mixin.py:149} INFO - [2023-07-09T16:16:17.888+0000] {dag.py:2726} INFO - Sync 1 DAGs
[2023-07-09T16:16:17.905+0000] {logging_mixin.py:149} INFO - [2023-07-09T16:16:17.904+0000] {dag.py:3490} INFO - Setting next_dagrun for example_dynamic_task_mapping_with_no_taskflow_operators to 2023-07-08T16:16:17.904693+00:00, run_after=2023-07-09T16:16:17.904693+00:00
[2023-07-09T16:16:17.916+0000] {processor.py:179} INFO - Processing /home/airflow/.local/lib/python3.7/site-packages/airflow/example_dags/example_dynamic_task_mapping_with_no_taskflow_operators.py took 0.068 seconds
[2023-07-09T16:16:48.093+0000] {processor.py:157} INFO - Started process (PID=1988) to work on /home/airflow/.local/lib/python3.7/site-packages/airflow/example_dags/example_dynamic_task_mapping_with_no_taskflow_operators.py
[2023-07-09T16:16:48.094+0000] {processor.py:826} INFO - Processing file /home/airflow/.local/lib/python3.7/site-packages/airflow/example_dags/example_dynamic_task_mapping_with_no_taskflow_operators.py for tasks to queue
[2023-07-09T16:16:48.095+0000] {logging_mixin.py:149} INFO - [2023-07-09T16:16:48.095+0000] {dagbag.py:541} INFO - Filling up the DagBag from /home/airflow/.local/lib/python3.7/site-packages/airflow/example_dags/example_dynamic_task_mapping_with_no_taskflow_operators.py
[2023-07-09T16:16:48.101+0000] {processor.py:836} INFO - DAG(s) dict_keys(['example_dynamic_task_mapping_with_no_taskflow_operators']) retrieved from /home/airflow/.local/lib/python3.7/site-packages/airflow/example_dags/example_dynamic_task_mapping_with_no_taskflow_operators.py
[2023-07-09T16:16:48.119+0000] {logging_mixin.py:149} INFO - [2023-07-09T16:16:48.119+0000] {dag.py:2726} INFO - Sync 1 DAGs
[2023-07-09T16:16:48.137+0000] {logging_mixin.py:149} INFO - [2023-07-09T16:16:48.136+0000] {dag.py:3490} INFO - Setting next_dagrun for example_dynamic_task_mapping_with_no_taskflow_operators to 2023-07-08T16:16:48.136562+00:00, run_after=2023-07-09T16:16:48.136562+00:00
[2023-07-09T16:16:48.149+0000] {processor.py:179} INFO - Processing /home/airflow/.local/lib/python3.7/site-packages/airflow/example_dags/example_dynamic_task_mapping_with_no_taskflow_operators.py took 0.060 seconds
[2023-07-09T16:17:18.974+0000] {processor.py:157} INFO - Started process (PID=2049) to work on /home/airflow/.local/lib/python3.7/site-packages/airflow/example_dags/example_dynamic_task_mapping_with_no_taskflow_operators.py
[2023-07-09T16:17:18.976+0000] {processor.py:826} INFO - Processing file /home/airflow/.local/lib/python3.7/site-packages/airflow/example_dags/example_dynamic_task_mapping_with_no_taskflow_operators.py for tasks to queue
[2023-07-09T16:17:18.976+0000] {logging_mixin.py:149} INFO - [2023-07-09T16:17:18.976+0000] {dagbag.py:541} INFO - Filling up the DagBag from /home/airflow/.local/lib/python3.7/site-packages/airflow/example_dags/example_dynamic_task_mapping_with_no_taskflow_operators.py
[2023-07-09T16:17:18.987+0000] {processor.py:836} INFO - DAG(s) dict_keys(['example_dynamic_task_mapping_with_no_taskflow_operators']) retrieved from /home/airflow/.local/lib/python3.7/site-packages/airflow/example_dags/example_dynamic_task_mapping_with_no_taskflow_operators.py
[2023-07-09T16:17:19.048+0000] {logging_mixin.py:149} INFO - [2023-07-09T16:17:19.048+0000] {dag.py:2726} INFO - Sync 1 DAGs
[2023-07-09T16:17:19.091+0000] {logging_mixin.py:149} INFO - [2023-07-09T16:17:19.091+0000] {dag.py:3490} INFO - Setting next_dagrun for example_dynamic_task_mapping_with_no_taskflow_operators to 2023-07-08T16:17:19.089959+00:00, run_after=2023-07-09T16:17:19.089959+00:00
[2023-07-09T16:17:19.113+0000] {processor.py:179} INFO - Processing /home/airflow/.local/lib/python3.7/site-packages/airflow/example_dags/example_dynamic_task_mapping_with_no_taskflow_operators.py took 0.143 seconds
[2023-07-09T16:17:49.851+0000] {processor.py:157} INFO - Started process (PID=2110) to work on /home/airflow/.local/lib/python3.7/site-packages/airflow/example_dags/example_dynamic_task_mapping_with_no_taskflow_operators.py
[2023-07-09T16:17:49.852+0000] {processor.py:826} INFO - Processing file /home/airflow/.local/lib/python3.7/site-packages/airflow/example_dags/example_dynamic_task_mapping_with_no_taskflow_operators.py for tasks to queue
[2023-07-09T16:17:49.854+0000] {logging_mixin.py:149} INFO - [2023-07-09T16:17:49.853+0000] {dagbag.py:541} INFO - Filling up the DagBag from /home/airflow/.local/lib/python3.7/site-packages/airflow/example_dags/example_dynamic_task_mapping_with_no_taskflow_operators.py
[2023-07-09T16:17:49.861+0000] {processor.py:836} INFO - DAG(s) dict_keys(['example_dynamic_task_mapping_with_no_taskflow_operators']) retrieved from /home/airflow/.local/lib/python3.7/site-packages/airflow/example_dags/example_dynamic_task_mapping_with_no_taskflow_operators.py
[2023-07-09T16:17:49.885+0000] {logging_mixin.py:149} INFO - [2023-07-09T16:17:49.885+0000] {dag.py:2726} INFO - Sync 1 DAGs
[2023-07-09T16:17:49.903+0000] {logging_mixin.py:149} INFO - [2023-07-09T16:17:49.903+0000] {dag.py:3490} INFO - Setting next_dagrun for example_dynamic_task_mapping_with_no_taskflow_operators to 2023-07-08T16:17:49.903168+00:00, run_after=2023-07-09T16:17:49.903168+00:00
[2023-07-09T16:17:49.915+0000] {processor.py:179} INFO - Processing /home/airflow/.local/lib/python3.7/site-packages/airflow/example_dags/example_dynamic_task_mapping_with_no_taskflow_operators.py took 0.068 seconds
