[2023-07-09T16:00:34.408+0000] {processor.py:157} INFO - Started process (PID=44) to work on /home/airflow/.local/lib/python3.7/site-packages/airflow/example_dags/example_short_circuit_operator.py
[2023-07-09T16:00:34.412+0000] {processor.py:826} INFO - Processing file /home/airflow/.local/lib/python3.7/site-packages/airflow/example_dags/example_short_circuit_operator.py for tasks to queue
[2023-07-09T16:00:34.416+0000] {logging_mixin.py:149} INFO - [2023-07-09T16:00:34.415+0000] {dagbag.py:541} INFO - Filling up the DagBag from /home/airflow/.local/lib/python3.7/site-packages/airflow/example_dags/example_short_circuit_operator.py
[2023-07-09T16:00:34.431+0000] {processor.py:836} INFO - DAG(s) dict_keys(['example_short_circuit_operator']) retrieved from /home/airflow/.local/lib/python3.7/site-packages/airflow/example_dags/example_short_circuit_operator.py
[2023-07-09T16:00:34.451+0000] {logging_mixin.py:149} INFO - [2023-07-09T16:00:34.451+0000] {dag.py:2726} INFO - Sync 1 DAGs
[2023-07-09T16:00:34.472+0000] {logging_mixin.py:149} INFO - [2023-07-09T16:00:34.471+0000] {dag.py:3490} INFO - Setting next_dagrun for example_short_circuit_operator to 2023-07-08T16:00:34.471678+00:00, run_after=2023-07-09T16:00:34.471678+00:00
[2023-07-09T16:00:34.495+0000] {processor.py:179} INFO - Processing /home/airflow/.local/lib/python3.7/site-packages/airflow/example_dags/example_short_circuit_operator.py took 0.095 seconds
[2023-07-09T16:01:04.885+0000] {processor.py:157} INFO - Started process (PID=104) to work on /home/airflow/.local/lib/python3.7/site-packages/airflow/example_dags/example_short_circuit_operator.py
[2023-07-09T16:01:04.886+0000] {processor.py:826} INFO - Processing file /home/airflow/.local/lib/python3.7/site-packages/airflow/example_dags/example_short_circuit_operator.py for tasks to queue
[2023-07-09T16:01:04.887+0000] {logging_mixin.py:149} INFO - [2023-07-09T16:01:04.887+0000] {dagbag.py:541} INFO - Filling up the DagBag from /home/airflow/.local/lib/python3.7/site-packages/airflow/example_dags/example_short_circuit_operator.py
[2023-07-09T16:01:04.894+0000] {processor.py:836} INFO - DAG(s) dict_keys(['example_short_circuit_operator']) retrieved from /home/airflow/.local/lib/python3.7/site-packages/airflow/example_dags/example_short_circuit_operator.py
[2023-07-09T16:01:04.914+0000] {logging_mixin.py:149} INFO - [2023-07-09T16:01:04.914+0000] {dag.py:2726} INFO - Sync 1 DAGs
[2023-07-09T16:01:04.929+0000] {logging_mixin.py:149} INFO - [2023-07-09T16:01:04.929+0000] {dag.py:3490} INFO - Setting next_dagrun for example_short_circuit_operator to 2023-07-08T16:01:04.929447+00:00, run_after=2023-07-09T16:01:04.929447+00:00
[2023-07-09T16:01:04.944+0000] {processor.py:179} INFO - Processing /home/airflow/.local/lib/python3.7/site-packages/airflow/example_dags/example_short_circuit_operator.py took 0.061 seconds
[2023-07-09T16:01:35.076+0000] {processor.py:157} INFO - Started process (PID=165) to work on /home/airflow/.local/lib/python3.7/site-packages/airflow/example_dags/example_short_circuit_operator.py
[2023-07-09T16:01:35.077+0000] {processor.py:826} INFO - Processing file /home/airflow/.local/lib/python3.7/site-packages/airflow/example_dags/example_short_circuit_operator.py for tasks to queue
[2023-07-09T16:01:35.078+0000] {logging_mixin.py:149} INFO - [2023-07-09T16:01:35.078+0000] {dagbag.py:541} INFO - Filling up the DagBag from /home/airflow/.local/lib/python3.7/site-packages/airflow/example_dags/example_short_circuit_operator.py
[2023-07-09T16:01:35.085+0000] {processor.py:836} INFO - DAG(s) dict_keys(['example_short_circuit_operator']) retrieved from /home/airflow/.local/lib/python3.7/site-packages/airflow/example_dags/example_short_circuit_operator.py
[2023-07-09T16:01:35.105+0000] {logging_mixin.py:149} INFO - [2023-07-09T16:01:35.105+0000] {dag.py:2726} INFO - Sync 1 DAGs
[2023-07-09T16:01:35.122+0000] {logging_mixin.py:149} INFO - [2023-07-09T16:01:35.122+0000] {dag.py:3490} INFO - Setting next_dagrun for example_short_circuit_operator to 2023-07-08T16:01:35.122098+00:00, run_after=2023-07-09T16:01:35.122098+00:00
[2023-07-09T16:01:35.139+0000] {processor.py:179} INFO - Processing /home/airflow/.local/lib/python3.7/site-packages/airflow/example_dags/example_short_circuit_operator.py took 0.066 seconds
[2023-07-09T16:02:05.188+0000] {processor.py:157} INFO - Started process (PID=226) to work on /home/airflow/.local/lib/python3.7/site-packages/airflow/example_dags/example_short_circuit_operator.py
[2023-07-09T16:02:05.189+0000] {processor.py:826} INFO - Processing file /home/airflow/.local/lib/python3.7/site-packages/airflow/example_dags/example_short_circuit_operator.py for tasks to queue
[2023-07-09T16:02:05.189+0000] {logging_mixin.py:149} INFO - [2023-07-09T16:02:05.189+0000] {dagbag.py:541} INFO - Filling up the DagBag from /home/airflow/.local/lib/python3.7/site-packages/airflow/example_dags/example_short_circuit_operator.py
[2023-07-09T16:02:05.196+0000] {processor.py:836} INFO - DAG(s) dict_keys(['example_short_circuit_operator']) retrieved from /home/airflow/.local/lib/python3.7/site-packages/airflow/example_dags/example_short_circuit_operator.py
[2023-07-09T16:02:05.215+0000] {logging_mixin.py:149} INFO - [2023-07-09T16:02:05.215+0000] {dag.py:2726} INFO - Sync 1 DAGs
[2023-07-09T16:02:05.231+0000] {logging_mixin.py:149} INFO - [2023-07-09T16:02:05.231+0000] {dag.py:3490} INFO - Setting next_dagrun for example_short_circuit_operator to 2023-07-08T16:02:05.231472+00:00, run_after=2023-07-09T16:02:05.231472+00:00
[2023-07-09T16:02:05.242+0000] {processor.py:179} INFO - Processing /home/airflow/.local/lib/python3.7/site-packages/airflow/example_dags/example_short_circuit_operator.py took 0.057 seconds
[2023-07-09T16:02:35.787+0000] {processor.py:157} INFO - Started process (PID=287) to work on /home/airflow/.local/lib/python3.7/site-packages/airflow/example_dags/example_short_circuit_operator.py
[2023-07-09T16:02:35.788+0000] {processor.py:826} INFO - Processing file /home/airflow/.local/lib/python3.7/site-packages/airflow/example_dags/example_short_circuit_operator.py for tasks to queue
[2023-07-09T16:02:35.789+0000] {logging_mixin.py:149} INFO - [2023-07-09T16:02:35.789+0000] {dagbag.py:541} INFO - Filling up the DagBag from /home/airflow/.local/lib/python3.7/site-packages/airflow/example_dags/example_short_circuit_operator.py
[2023-07-09T16:02:35.795+0000] {processor.py:836} INFO - DAG(s) dict_keys(['example_short_circuit_operator']) retrieved from /home/airflow/.local/lib/python3.7/site-packages/airflow/example_dags/example_short_circuit_operator.py
[2023-07-09T16:02:35.815+0000] {logging_mixin.py:149} INFO - [2023-07-09T16:02:35.815+0000] {dag.py:2726} INFO - Sync 1 DAGs
[2023-07-09T16:02:35.832+0000] {logging_mixin.py:149} INFO - [2023-07-09T16:02:35.831+0000] {dag.py:3490} INFO - Setting next_dagrun for example_short_circuit_operator to 2023-07-08T16:02:35.831708+00:00, run_after=2023-07-09T16:02:35.831708+00:00
[2023-07-09T16:02:35.843+0000] {processor.py:179} INFO - Processing /home/airflow/.local/lib/python3.7/site-packages/airflow/example_dags/example_short_circuit_operator.py took 0.058 seconds
[2023-07-09T16:03:06.327+0000] {processor.py:157} INFO - Started process (PID=348) to work on /home/airflow/.local/lib/python3.7/site-packages/airflow/example_dags/example_short_circuit_operator.py
[2023-07-09T16:03:06.328+0000] {processor.py:826} INFO - Processing file /home/airflow/.local/lib/python3.7/site-packages/airflow/example_dags/example_short_circuit_operator.py for tasks to queue
[2023-07-09T16:03:06.328+0000] {logging_mixin.py:149} INFO - [2023-07-09T16:03:06.328+0000] {dagbag.py:541} INFO - Filling up the DagBag from /home/airflow/.local/lib/python3.7/site-packages/airflow/example_dags/example_short_circuit_operator.py
[2023-07-09T16:03:06.335+0000] {processor.py:836} INFO - DAG(s) dict_keys(['example_short_circuit_operator']) retrieved from /home/airflow/.local/lib/python3.7/site-packages/airflow/example_dags/example_short_circuit_operator.py
[2023-07-09T16:03:06.355+0000] {logging_mixin.py:149} INFO - [2023-07-09T16:03:06.355+0000] {dag.py:2726} INFO - Sync 1 DAGs
[2023-07-09T16:03:06.371+0000] {logging_mixin.py:149} INFO - [2023-07-09T16:03:06.371+0000] {dag.py:3490} INFO - Setting next_dagrun for example_short_circuit_operator to 2023-07-08T16:03:06.371024+00:00, run_after=2023-07-09T16:03:06.371024+00:00
[2023-07-09T16:03:06.383+0000] {processor.py:179} INFO - Processing /home/airflow/.local/lib/python3.7/site-packages/airflow/example_dags/example_short_circuit_operator.py took 0.059 seconds
[2023-07-09T16:03:36.859+0000] {processor.py:157} INFO - Started process (PID=409) to work on /home/airflow/.local/lib/python3.7/site-packages/airflow/example_dags/example_short_circuit_operator.py
[2023-07-09T16:03:36.860+0000] {processor.py:826} INFO - Processing file /home/airflow/.local/lib/python3.7/site-packages/airflow/example_dags/example_short_circuit_operator.py for tasks to queue
[2023-07-09T16:03:36.861+0000] {logging_mixin.py:149} INFO - [2023-07-09T16:03:36.861+0000] {dagbag.py:541} INFO - Filling up the DagBag from /home/airflow/.local/lib/python3.7/site-packages/airflow/example_dags/example_short_circuit_operator.py
[2023-07-09T16:03:36.867+0000] {processor.py:836} INFO - DAG(s) dict_keys(['example_short_circuit_operator']) retrieved from /home/airflow/.local/lib/python3.7/site-packages/airflow/example_dags/example_short_circuit_operator.py
[2023-07-09T16:03:36.888+0000] {logging_mixin.py:149} INFO - [2023-07-09T16:03:36.888+0000] {dag.py:2726} INFO - Sync 1 DAGs
[2023-07-09T16:03:36.904+0000] {logging_mixin.py:149} INFO - [2023-07-09T16:03:36.904+0000] {dag.py:3490} INFO - Setting next_dagrun for example_short_circuit_operator to 2023-07-08T16:03:36.903896+00:00, run_after=2023-07-09T16:03:36.903896+00:00
[2023-07-09T16:03:36.915+0000] {processor.py:179} INFO - Processing /home/airflow/.local/lib/python3.7/site-packages/airflow/example_dags/example_short_circuit_operator.py took 0.058 seconds
[2023-07-09T16:04:07.621+0000] {processor.py:157} INFO - Started process (PID=470) to work on /home/airflow/.local/lib/python3.7/site-packages/airflow/example_dags/example_short_circuit_operator.py
[2023-07-09T16:04:07.622+0000] {processor.py:826} INFO - Processing file /home/airflow/.local/lib/python3.7/site-packages/airflow/example_dags/example_short_circuit_operator.py for tasks to queue
[2023-07-09T16:04:07.623+0000] {logging_mixin.py:149} INFO - [2023-07-09T16:04:07.623+0000] {dagbag.py:541} INFO - Filling up the DagBag from /home/airflow/.local/lib/python3.7/site-packages/airflow/example_dags/example_short_circuit_operator.py
[2023-07-09T16:04:07.630+0000] {processor.py:836} INFO - DAG(s) dict_keys(['example_short_circuit_operator']) retrieved from /home/airflow/.local/lib/python3.7/site-packages/airflow/example_dags/example_short_circuit_operator.py
[2023-07-09T16:04:07.650+0000] {logging_mixin.py:149} INFO - [2023-07-09T16:04:07.650+0000] {dag.py:2726} INFO - Sync 1 DAGs
[2023-07-09T16:04:07.666+0000] {logging_mixin.py:149} INFO - [2023-07-09T16:04:07.666+0000] {dag.py:3490} INFO - Setting next_dagrun for example_short_circuit_operator to 2023-07-08T16:04:07.665917+00:00, run_after=2023-07-09T16:04:07.665917+00:00
[2023-07-09T16:04:07.678+0000] {processor.py:179} INFO - Processing /home/airflow/.local/lib/python3.7/site-packages/airflow/example_dags/example_short_circuit_operator.py took 0.059 seconds
[2023-07-09T16:04:38.363+0000] {processor.py:157} INFO - Started process (PID=531) to work on /home/airflow/.local/lib/python3.7/site-packages/airflow/example_dags/example_short_circuit_operator.py
[2023-07-09T16:04:38.364+0000] {processor.py:826} INFO - Processing file /home/airflow/.local/lib/python3.7/site-packages/airflow/example_dags/example_short_circuit_operator.py for tasks to queue
[2023-07-09T16:04:38.365+0000] {logging_mixin.py:149} INFO - [2023-07-09T16:04:38.365+0000] {dagbag.py:541} INFO - Filling up the DagBag from /home/airflow/.local/lib/python3.7/site-packages/airflow/example_dags/example_short_circuit_operator.py
[2023-07-09T16:04:38.372+0000] {processor.py:836} INFO - DAG(s) dict_keys(['example_short_circuit_operator']) retrieved from /home/airflow/.local/lib/python3.7/site-packages/airflow/example_dags/example_short_circuit_operator.py
[2023-07-09T16:04:38.393+0000] {logging_mixin.py:149} INFO - [2023-07-09T16:04:38.393+0000] {dag.py:2726} INFO - Sync 1 DAGs
[2023-07-09T16:04:38.411+0000] {logging_mixin.py:149} INFO - [2023-07-09T16:04:38.411+0000] {dag.py:3490} INFO - Setting next_dagrun for example_short_circuit_operator to 2023-07-08T16:04:38.411612+00:00, run_after=2023-07-09T16:04:38.411612+00:00
[2023-07-09T16:04:38.431+0000] {processor.py:179} INFO - Processing /home/airflow/.local/lib/python3.7/site-packages/airflow/example_dags/example_short_circuit_operator.py took 0.071 seconds
[2023-07-09T16:05:08.702+0000] {processor.py:157} INFO - Started process (PID=592) to work on /home/airflow/.local/lib/python3.7/site-packages/airflow/example_dags/example_short_circuit_operator.py
[2023-07-09T16:05:08.703+0000] {processor.py:826} INFO - Processing file /home/airflow/.local/lib/python3.7/site-packages/airflow/example_dags/example_short_circuit_operator.py for tasks to queue
[2023-07-09T16:05:08.704+0000] {logging_mixin.py:149} INFO - [2023-07-09T16:05:08.704+0000] {dagbag.py:541} INFO - Filling up the DagBag from /home/airflow/.local/lib/python3.7/site-packages/airflow/example_dags/example_short_circuit_operator.py
[2023-07-09T16:05:08.711+0000] {processor.py:836} INFO - DAG(s) dict_keys(['example_short_circuit_operator']) retrieved from /home/airflow/.local/lib/python3.7/site-packages/airflow/example_dags/example_short_circuit_operator.py
[2023-07-09T16:05:08.733+0000] {logging_mixin.py:149} INFO - [2023-07-09T16:05:08.733+0000] {dag.py:2726} INFO - Sync 1 DAGs
[2023-07-09T16:05:08.752+0000] {logging_mixin.py:149} INFO - [2023-07-09T16:05:08.752+0000] {dag.py:3490} INFO - Setting next_dagrun for example_short_circuit_operator to 2023-07-08T16:05:08.751845+00:00, run_after=2023-07-09T16:05:08.751845+00:00
[2023-07-09T16:05:08.768+0000] {processor.py:179} INFO - Processing /home/airflow/.local/lib/python3.7/site-packages/airflow/example_dags/example_short_circuit_operator.py took 0.070 seconds
[2023-07-09T16:05:39.372+0000] {processor.py:157} INFO - Started process (PID=653) to work on /home/airflow/.local/lib/python3.7/site-packages/airflow/example_dags/example_short_circuit_operator.py
[2023-07-09T16:05:39.373+0000] {processor.py:826} INFO - Processing file /home/airflow/.local/lib/python3.7/site-packages/airflow/example_dags/example_short_circuit_operator.py for tasks to queue
[2023-07-09T16:05:39.374+0000] {logging_mixin.py:149} INFO - [2023-07-09T16:05:39.374+0000] {dagbag.py:541} INFO - Filling up the DagBag from /home/airflow/.local/lib/python3.7/site-packages/airflow/example_dags/example_short_circuit_operator.py
[2023-07-09T16:05:39.380+0000] {processor.py:836} INFO - DAG(s) dict_keys(['example_short_circuit_operator']) retrieved from /home/airflow/.local/lib/python3.7/site-packages/airflow/example_dags/example_short_circuit_operator.py
[2023-07-09T16:05:39.400+0000] {logging_mixin.py:149} INFO - [2023-07-09T16:05:39.400+0000] {dag.py:2726} INFO - Sync 1 DAGs
[2023-07-09T16:05:39.416+0000] {logging_mixin.py:149} INFO - [2023-07-09T16:05:39.416+0000] {dag.py:3490} INFO - Setting next_dagrun for example_short_circuit_operator to 2023-07-08T16:05:39.416288+00:00, run_after=2023-07-09T16:05:39.416288+00:00
[2023-07-09T16:05:39.427+0000] {processor.py:179} INFO - Processing /home/airflow/.local/lib/python3.7/site-packages/airflow/example_dags/example_short_circuit_operator.py took 0.058 seconds
[2023-07-09T16:06:09.872+0000] {processor.py:157} INFO - Started process (PID=714) to work on /home/airflow/.local/lib/python3.7/site-packages/airflow/example_dags/example_short_circuit_operator.py
[2023-07-09T16:06:09.873+0000] {processor.py:826} INFO - Processing file /home/airflow/.local/lib/python3.7/site-packages/airflow/example_dags/example_short_circuit_operator.py for tasks to queue
[2023-07-09T16:06:09.874+0000] {logging_mixin.py:149} INFO - [2023-07-09T16:06:09.874+0000] {dagbag.py:541} INFO - Filling up the DagBag from /home/airflow/.local/lib/python3.7/site-packages/airflow/example_dags/example_short_circuit_operator.py
[2023-07-09T16:06:09.881+0000] {processor.py:836} INFO - DAG(s) dict_keys(['example_short_circuit_operator']) retrieved from /home/airflow/.local/lib/python3.7/site-packages/airflow/example_dags/example_short_circuit_operator.py
[2023-07-09T16:06:09.902+0000] {logging_mixin.py:149} INFO - [2023-07-09T16:06:09.902+0000] {dag.py:2726} INFO - Sync 1 DAGs
[2023-07-09T16:06:09.923+0000] {logging_mixin.py:149} INFO - [2023-07-09T16:06:09.923+0000] {dag.py:3490} INFO - Setting next_dagrun for example_short_circuit_operator to 2023-07-08T16:06:09.922808+00:00, run_after=2023-07-09T16:06:09.922808+00:00
[2023-07-09T16:06:09.934+0000] {processor.py:179} INFO - Processing /home/airflow/.local/lib/python3.7/site-packages/airflow/example_dags/example_short_circuit_operator.py took 0.065 seconds
[2023-07-09T16:06:40.174+0000] {processor.py:157} INFO - Started process (PID=775) to work on /home/airflow/.local/lib/python3.7/site-packages/airflow/example_dags/example_short_circuit_operator.py
[2023-07-09T16:06:40.175+0000] {processor.py:826} INFO - Processing file /home/airflow/.local/lib/python3.7/site-packages/airflow/example_dags/example_short_circuit_operator.py for tasks to queue
[2023-07-09T16:06:40.176+0000] {logging_mixin.py:149} INFO - [2023-07-09T16:06:40.176+0000] {dagbag.py:541} INFO - Filling up the DagBag from /home/airflow/.local/lib/python3.7/site-packages/airflow/example_dags/example_short_circuit_operator.py
[2023-07-09T16:06:40.182+0000] {processor.py:836} INFO - DAG(s) dict_keys(['example_short_circuit_operator']) retrieved from /home/airflow/.local/lib/python3.7/site-packages/airflow/example_dags/example_short_circuit_operator.py
[2023-07-09T16:06:40.202+0000] {logging_mixin.py:149} INFO - [2023-07-09T16:06:40.202+0000] {dag.py:2726} INFO - Sync 1 DAGs
[2023-07-09T16:06:40.227+0000] {logging_mixin.py:149} INFO - [2023-07-09T16:06:40.227+0000] {dag.py:3490} INFO - Setting next_dagrun for example_short_circuit_operator to 2023-07-08T16:06:40.227284+00:00, run_after=2023-07-09T16:06:40.227284+00:00
[2023-07-09T16:06:40.241+0000] {processor.py:179} INFO - Processing /home/airflow/.local/lib/python3.7/site-packages/airflow/example_dags/example_short_circuit_operator.py took 0.070 seconds
[2023-07-09T16:07:10.530+0000] {processor.py:157} INFO - Started process (PID=836) to work on /home/airflow/.local/lib/python3.7/site-packages/airflow/example_dags/example_short_circuit_operator.py
[2023-07-09T16:07:10.532+0000] {processor.py:826} INFO - Processing file /home/airflow/.local/lib/python3.7/site-packages/airflow/example_dags/example_short_circuit_operator.py for tasks to queue
[2023-07-09T16:07:10.533+0000] {logging_mixin.py:149} INFO - [2023-07-09T16:07:10.532+0000] {dagbag.py:541} INFO - Filling up the DagBag from /home/airflow/.local/lib/python3.7/site-packages/airflow/example_dags/example_short_circuit_operator.py
[2023-07-09T16:07:10.540+0000] {processor.py:836} INFO - DAG(s) dict_keys(['example_short_circuit_operator']) retrieved from /home/airflow/.local/lib/python3.7/site-packages/airflow/example_dags/example_short_circuit_operator.py
[2023-07-09T16:07:10.564+0000] {logging_mixin.py:149} INFO - [2023-07-09T16:07:10.564+0000] {dag.py:2726} INFO - Sync 1 DAGs
[2023-07-09T16:07:10.582+0000] {logging_mixin.py:149} INFO - [2023-07-09T16:07:10.582+0000] {dag.py:3490} INFO - Setting next_dagrun for example_short_circuit_operator to 2023-07-08T16:07:10.581915+00:00, run_after=2023-07-09T16:07:10.581915+00:00
[2023-07-09T16:07:10.594+0000] {processor.py:179} INFO - Processing /home/airflow/.local/lib/python3.7/site-packages/airflow/example_dags/example_short_circuit_operator.py took 0.068 seconds
[2023-07-09T16:07:41.112+0000] {processor.py:157} INFO - Started process (PID=897) to work on /home/airflow/.local/lib/python3.7/site-packages/airflow/example_dags/example_short_circuit_operator.py
[2023-07-09T16:07:41.113+0000] {processor.py:826} INFO - Processing file /home/airflow/.local/lib/python3.7/site-packages/airflow/example_dags/example_short_circuit_operator.py for tasks to queue
[2023-07-09T16:07:41.116+0000] {logging_mixin.py:149} INFO - [2023-07-09T16:07:41.116+0000] {dagbag.py:541} INFO - Filling up the DagBag from /home/airflow/.local/lib/python3.7/site-packages/airflow/example_dags/example_short_circuit_operator.py
[2023-07-09T16:07:41.127+0000] {processor.py:836} INFO - DAG(s) dict_keys(['example_short_circuit_operator']) retrieved from /home/airflow/.local/lib/python3.7/site-packages/airflow/example_dags/example_short_circuit_operator.py
[2023-07-09T16:07:41.152+0000] {logging_mixin.py:149} INFO - [2023-07-09T16:07:41.152+0000] {dag.py:2726} INFO - Sync 1 DAGs
[2023-07-09T16:07:41.169+0000] {logging_mixin.py:149} INFO - [2023-07-09T16:07:41.169+0000] {dag.py:3490} INFO - Setting next_dagrun for example_short_circuit_operator to 2023-07-08T16:07:41.169301+00:00, run_after=2023-07-09T16:07:41.169301+00:00
[2023-07-09T16:07:41.181+0000] {processor.py:179} INFO - Processing /home/airflow/.local/lib/python3.7/site-packages/airflow/example_dags/example_short_circuit_operator.py took 0.072 seconds
[2023-07-09T16:08:11.405+0000] {processor.py:157} INFO - Started process (PID=958) to work on /home/airflow/.local/lib/python3.7/site-packages/airflow/example_dags/example_short_circuit_operator.py
[2023-07-09T16:08:11.406+0000] {processor.py:826} INFO - Processing file /home/airflow/.local/lib/python3.7/site-packages/airflow/example_dags/example_short_circuit_operator.py for tasks to queue
[2023-07-09T16:08:11.407+0000] {logging_mixin.py:149} INFO - [2023-07-09T16:08:11.407+0000] {dagbag.py:541} INFO - Filling up the DagBag from /home/airflow/.local/lib/python3.7/site-packages/airflow/example_dags/example_short_circuit_operator.py
[2023-07-09T16:08:11.413+0000] {processor.py:836} INFO - DAG(s) dict_keys(['example_short_circuit_operator']) retrieved from /home/airflow/.local/lib/python3.7/site-packages/airflow/example_dags/example_short_circuit_operator.py
[2023-07-09T16:08:11.433+0000] {logging_mixin.py:149} INFO - [2023-07-09T16:08:11.433+0000] {dag.py:2726} INFO - Sync 1 DAGs
[2023-07-09T16:08:11.449+0000] {logging_mixin.py:149} INFO - [2023-07-09T16:08:11.449+0000] {dag.py:3490} INFO - Setting next_dagrun for example_short_circuit_operator to 2023-07-08T16:08:11.448937+00:00, run_after=2023-07-09T16:08:11.448937+00:00
[2023-07-09T16:08:11.460+0000] {processor.py:179} INFO - Processing /home/airflow/.local/lib/python3.7/site-packages/airflow/example_dags/example_short_circuit_operator.py took 0.059 seconds
[2023-07-09T16:08:42.213+0000] {processor.py:157} INFO - Started process (PID=1019) to work on /home/airflow/.local/lib/python3.7/site-packages/airflow/example_dags/example_short_circuit_operator.py
[2023-07-09T16:08:42.215+0000] {processor.py:826} INFO - Processing file /home/airflow/.local/lib/python3.7/site-packages/airflow/example_dags/example_short_circuit_operator.py for tasks to queue
[2023-07-09T16:08:42.215+0000] {logging_mixin.py:149} INFO - [2023-07-09T16:08:42.215+0000] {dagbag.py:541} INFO - Filling up the DagBag from /home/airflow/.local/lib/python3.7/site-packages/airflow/example_dags/example_short_circuit_operator.py
[2023-07-09T16:08:42.222+0000] {processor.py:836} INFO - DAG(s) dict_keys(['example_short_circuit_operator']) retrieved from /home/airflow/.local/lib/python3.7/site-packages/airflow/example_dags/example_short_circuit_operator.py
[2023-07-09T16:08:42.242+0000] {logging_mixin.py:149} INFO - [2023-07-09T16:08:42.242+0000] {dag.py:2726} INFO - Sync 1 DAGs
[2023-07-09T16:08:42.260+0000] {logging_mixin.py:149} INFO - [2023-07-09T16:08:42.260+0000] {dag.py:3490} INFO - Setting next_dagrun for example_short_circuit_operator to 2023-07-08T16:08:42.260395+00:00, run_after=2023-07-09T16:08:42.260395+00:00
[2023-07-09T16:08:42.272+0000] {processor.py:179} INFO - Processing /home/airflow/.local/lib/python3.7/site-packages/airflow/example_dags/example_short_circuit_operator.py took 0.062 seconds
[2023-07-09T16:09:12.573+0000] {processor.py:157} INFO - Started process (PID=1080) to work on /home/airflow/.local/lib/python3.7/site-packages/airflow/example_dags/example_short_circuit_operator.py
[2023-07-09T16:09:12.575+0000] {processor.py:826} INFO - Processing file /home/airflow/.local/lib/python3.7/site-packages/airflow/example_dags/example_short_circuit_operator.py for tasks to queue
[2023-07-09T16:09:12.576+0000] {logging_mixin.py:149} INFO - [2023-07-09T16:09:12.576+0000] {dagbag.py:541} INFO - Filling up the DagBag from /home/airflow/.local/lib/python3.7/site-packages/airflow/example_dags/example_short_circuit_operator.py
[2023-07-09T16:09:12.583+0000] {processor.py:836} INFO - DAG(s) dict_keys(['example_short_circuit_operator']) retrieved from /home/airflow/.local/lib/python3.7/site-packages/airflow/example_dags/example_short_circuit_operator.py
[2023-07-09T16:09:12.605+0000] {logging_mixin.py:149} INFO - [2023-07-09T16:09:12.604+0000] {dag.py:2726} INFO - Sync 1 DAGs
[2023-07-09T16:09:12.622+0000] {logging_mixin.py:149} INFO - [2023-07-09T16:09:12.622+0000] {dag.py:3490} INFO - Setting next_dagrun for example_short_circuit_operator to 2023-07-08T16:09:12.622015+00:00, run_after=2023-07-09T16:09:12.622015+00:00
[2023-07-09T16:09:12.634+0000] {processor.py:179} INFO - Processing /home/airflow/.local/lib/python3.7/site-packages/airflow/example_dags/example_short_circuit_operator.py took 0.063 seconds
[2023-07-09T16:09:42.929+0000] {processor.py:157} INFO - Started process (PID=1140) to work on /home/airflow/.local/lib/python3.7/site-packages/airflow/example_dags/example_short_circuit_operator.py
[2023-07-09T16:09:42.930+0000] {processor.py:826} INFO - Processing file /home/airflow/.local/lib/python3.7/site-packages/airflow/example_dags/example_short_circuit_operator.py for tasks to queue
[2023-07-09T16:09:42.931+0000] {logging_mixin.py:149} INFO - [2023-07-09T16:09:42.931+0000] {dagbag.py:541} INFO - Filling up the DagBag from /home/airflow/.local/lib/python3.7/site-packages/airflow/example_dags/example_short_circuit_operator.py
[2023-07-09T16:09:42.937+0000] {processor.py:836} INFO - DAG(s) dict_keys(['example_short_circuit_operator']) retrieved from /home/airflow/.local/lib/python3.7/site-packages/airflow/example_dags/example_short_circuit_operator.py
[2023-07-09T16:09:42.959+0000] {logging_mixin.py:149} INFO - [2023-07-09T16:09:42.959+0000] {dag.py:2726} INFO - Sync 1 DAGs
[2023-07-09T16:09:42.975+0000] {logging_mixin.py:149} INFO - [2023-07-09T16:09:42.975+0000] {dag.py:3490} INFO - Setting next_dagrun for example_short_circuit_operator to 2023-07-08T16:09:42.975413+00:00, run_after=2023-07-09T16:09:42.975413+00:00
[2023-07-09T16:09:42.986+0000] {processor.py:179} INFO - Processing /home/airflow/.local/lib/python3.7/site-packages/airflow/example_dags/example_short_circuit_operator.py took 0.060 seconds
[2023-07-09T16:10:13.139+0000] {processor.py:157} INFO - Started process (PID=1201) to work on /home/airflow/.local/lib/python3.7/site-packages/airflow/example_dags/example_short_circuit_operator.py
[2023-07-09T16:10:13.140+0000] {processor.py:826} INFO - Processing file /home/airflow/.local/lib/python3.7/site-packages/airflow/example_dags/example_short_circuit_operator.py for tasks to queue
[2023-07-09T16:10:13.141+0000] {logging_mixin.py:149} INFO - [2023-07-09T16:10:13.141+0000] {dagbag.py:541} INFO - Filling up the DagBag from /home/airflow/.local/lib/python3.7/site-packages/airflow/example_dags/example_short_circuit_operator.py
[2023-07-09T16:10:13.147+0000] {processor.py:836} INFO - DAG(s) dict_keys(['example_short_circuit_operator']) retrieved from /home/airflow/.local/lib/python3.7/site-packages/airflow/example_dags/example_short_circuit_operator.py
[2023-07-09T16:10:13.167+0000] {logging_mixin.py:149} INFO - [2023-07-09T16:10:13.167+0000] {dag.py:2726} INFO - Sync 1 DAGs
[2023-07-09T16:10:13.184+0000] {logging_mixin.py:149} INFO - [2023-07-09T16:10:13.184+0000] {dag.py:3490} INFO - Setting next_dagrun for example_short_circuit_operator to 2023-07-08T16:10:13.184493+00:00, run_after=2023-07-09T16:10:13.184493+00:00
[2023-07-09T16:10:13.197+0000] {processor.py:179} INFO - Processing /home/airflow/.local/lib/python3.7/site-packages/airflow/example_dags/example_short_circuit_operator.py took 0.061 seconds
[2023-07-09T16:10:43.610+0000] {processor.py:157} INFO - Started process (PID=1262) to work on /home/airflow/.local/lib/python3.7/site-packages/airflow/example_dags/example_short_circuit_operator.py
[2023-07-09T16:10:43.612+0000] {processor.py:826} INFO - Processing file /home/airflow/.local/lib/python3.7/site-packages/airflow/example_dags/example_short_circuit_operator.py for tasks to queue
[2023-07-09T16:10:43.612+0000] {logging_mixin.py:149} INFO - [2023-07-09T16:10:43.612+0000] {dagbag.py:541} INFO - Filling up the DagBag from /home/airflow/.local/lib/python3.7/site-packages/airflow/example_dags/example_short_circuit_operator.py
[2023-07-09T16:10:43.618+0000] {processor.py:836} INFO - DAG(s) dict_keys(['example_short_circuit_operator']) retrieved from /home/airflow/.local/lib/python3.7/site-packages/airflow/example_dags/example_short_circuit_operator.py
[2023-07-09T16:10:43.638+0000] {logging_mixin.py:149} INFO - [2023-07-09T16:10:43.637+0000] {dag.py:2726} INFO - Sync 1 DAGs
[2023-07-09T16:10:43.652+0000] {logging_mixin.py:149} INFO - [2023-07-09T16:10:43.652+0000] {dag.py:3490} INFO - Setting next_dagrun for example_short_circuit_operator to 2023-07-08T16:10:43.652397+00:00, run_after=2023-07-09T16:10:43.652397+00:00
[2023-07-09T16:10:43.663+0000] {processor.py:179} INFO - Processing /home/airflow/.local/lib/python3.7/site-packages/airflow/example_dags/example_short_circuit_operator.py took 0.055 seconds
[2023-07-09T16:11:13.847+0000] {processor.py:157} INFO - Started process (PID=1324) to work on /home/airflow/.local/lib/python3.7/site-packages/airflow/example_dags/example_short_circuit_operator.py
[2023-07-09T16:11:13.848+0000] {processor.py:826} INFO - Processing file /home/airflow/.local/lib/python3.7/site-packages/airflow/example_dags/example_short_circuit_operator.py for tasks to queue
[2023-07-09T16:11:13.849+0000] {logging_mixin.py:149} INFO - [2023-07-09T16:11:13.849+0000] {dagbag.py:541} INFO - Filling up the DagBag from /home/airflow/.local/lib/python3.7/site-packages/airflow/example_dags/example_short_circuit_operator.py
[2023-07-09T16:11:13.855+0000] {processor.py:836} INFO - DAG(s) dict_keys(['example_short_circuit_operator']) retrieved from /home/airflow/.local/lib/python3.7/site-packages/airflow/example_dags/example_short_circuit_operator.py
[2023-07-09T16:11:13.877+0000] {logging_mixin.py:149} INFO - [2023-07-09T16:11:13.877+0000] {dag.py:2726} INFO - Sync 1 DAGs
[2023-07-09T16:11:13.894+0000] {logging_mixin.py:149} INFO - [2023-07-09T16:11:13.894+0000] {dag.py:3490} INFO - Setting next_dagrun for example_short_circuit_operator to 2023-07-08T16:11:13.893840+00:00, run_after=2023-07-09T16:11:13.893840+00:00
[2023-07-09T16:11:13.905+0000] {processor.py:179} INFO - Processing /home/airflow/.local/lib/python3.7/site-packages/airflow/example_dags/example_short_circuit_operator.py took 0.061 seconds
[2023-07-09T16:11:44.396+0000] {processor.py:157} INFO - Started process (PID=1385) to work on /home/airflow/.local/lib/python3.7/site-packages/airflow/example_dags/example_short_circuit_operator.py
[2023-07-09T16:11:44.397+0000] {processor.py:826} INFO - Processing file /home/airflow/.local/lib/python3.7/site-packages/airflow/example_dags/example_short_circuit_operator.py for tasks to queue
[2023-07-09T16:11:44.398+0000] {logging_mixin.py:149} INFO - [2023-07-09T16:11:44.398+0000] {dagbag.py:541} INFO - Filling up the DagBag from /home/airflow/.local/lib/python3.7/site-packages/airflow/example_dags/example_short_circuit_operator.py
[2023-07-09T16:11:44.404+0000] {processor.py:836} INFO - DAG(s) dict_keys(['example_short_circuit_operator']) retrieved from /home/airflow/.local/lib/python3.7/site-packages/airflow/example_dags/example_short_circuit_operator.py
[2023-07-09T16:11:44.424+0000] {logging_mixin.py:149} INFO - [2023-07-09T16:11:44.424+0000] {dag.py:2726} INFO - Sync 1 DAGs
[2023-07-09T16:11:44.439+0000] {logging_mixin.py:149} INFO - [2023-07-09T16:11:44.439+0000] {dag.py:3490} INFO - Setting next_dagrun for example_short_circuit_operator to 2023-07-08T16:11:44.439257+00:00, run_after=2023-07-09T16:11:44.439257+00:00
[2023-07-09T16:11:44.450+0000] {processor.py:179} INFO - Processing /home/airflow/.local/lib/python3.7/site-packages/airflow/example_dags/example_short_circuit_operator.py took 0.056 seconds
[2023-07-09T16:12:14.755+0000] {processor.py:157} INFO - Started process (PID=1446) to work on /home/airflow/.local/lib/python3.7/site-packages/airflow/example_dags/example_short_circuit_operator.py
[2023-07-09T16:12:14.756+0000] {processor.py:826} INFO - Processing file /home/airflow/.local/lib/python3.7/site-packages/airflow/example_dags/example_short_circuit_operator.py for tasks to queue
[2023-07-09T16:12:14.757+0000] {logging_mixin.py:149} INFO - [2023-07-09T16:12:14.757+0000] {dagbag.py:541} INFO - Filling up the DagBag from /home/airflow/.local/lib/python3.7/site-packages/airflow/example_dags/example_short_circuit_operator.py
[2023-07-09T16:12:14.764+0000] {processor.py:836} INFO - DAG(s) dict_keys(['example_short_circuit_operator']) retrieved from /home/airflow/.local/lib/python3.7/site-packages/airflow/example_dags/example_short_circuit_operator.py
[2023-07-09T16:12:14.784+0000] {logging_mixin.py:149} INFO - [2023-07-09T16:12:14.784+0000] {dag.py:2726} INFO - Sync 1 DAGs
[2023-07-09T16:12:14.800+0000] {logging_mixin.py:149} INFO - [2023-07-09T16:12:14.799+0000] {dag.py:3490} INFO - Setting next_dagrun for example_short_circuit_operator to 2023-07-08T16:12:14.799726+00:00, run_after=2023-07-09T16:12:14.799726+00:00
[2023-07-09T16:12:14.811+0000] {processor.py:179} INFO - Processing /home/airflow/.local/lib/python3.7/site-packages/airflow/example_dags/example_short_circuit_operator.py took 0.059 seconds
[2023-07-09T16:12:45.008+0000] {processor.py:157} INFO - Started process (PID=1507) to work on /home/airflow/.local/lib/python3.7/site-packages/airflow/example_dags/example_short_circuit_operator.py
[2023-07-09T16:12:45.010+0000] {processor.py:826} INFO - Processing file /home/airflow/.local/lib/python3.7/site-packages/airflow/example_dags/example_short_circuit_operator.py for tasks to queue
[2023-07-09T16:12:45.011+0000] {logging_mixin.py:149} INFO - [2023-07-09T16:12:45.011+0000] {dagbag.py:541} INFO - Filling up the DagBag from /home/airflow/.local/lib/python3.7/site-packages/airflow/example_dags/example_short_circuit_operator.py
[2023-07-09T16:12:45.018+0000] {processor.py:836} INFO - DAG(s) dict_keys(['example_short_circuit_operator']) retrieved from /home/airflow/.local/lib/python3.7/site-packages/airflow/example_dags/example_short_circuit_operator.py
[2023-07-09T16:12:45.039+0000] {logging_mixin.py:149} INFO - [2023-07-09T16:12:45.039+0000] {dag.py:2726} INFO - Sync 1 DAGs
[2023-07-09T16:12:45.055+0000] {logging_mixin.py:149} INFO - [2023-07-09T16:12:45.055+0000] {dag.py:3490} INFO - Setting next_dagrun for example_short_circuit_operator to 2023-07-08T16:12:45.055103+00:00, run_after=2023-07-09T16:12:45.055103+00:00
[2023-07-09T16:12:45.066+0000] {processor.py:179} INFO - Processing /home/airflow/.local/lib/python3.7/site-packages/airflow/example_dags/example_short_circuit_operator.py took 0.061 seconds
[2023-07-09T16:13:15.270+0000] {processor.py:157} INFO - Started process (PID=1568) to work on /home/airflow/.local/lib/python3.7/site-packages/airflow/example_dags/example_short_circuit_operator.py
[2023-07-09T16:13:15.271+0000] {processor.py:826} INFO - Processing file /home/airflow/.local/lib/python3.7/site-packages/airflow/example_dags/example_short_circuit_operator.py for tasks to queue
[2023-07-09T16:13:15.272+0000] {logging_mixin.py:149} INFO - [2023-07-09T16:13:15.272+0000] {dagbag.py:541} INFO - Filling up the DagBag from /home/airflow/.local/lib/python3.7/site-packages/airflow/example_dags/example_short_circuit_operator.py
[2023-07-09T16:13:15.279+0000] {processor.py:836} INFO - DAG(s) dict_keys(['example_short_circuit_operator']) retrieved from /home/airflow/.local/lib/python3.7/site-packages/airflow/example_dags/example_short_circuit_operator.py
[2023-07-09T16:13:15.299+0000] {logging_mixin.py:149} INFO - [2023-07-09T16:13:15.299+0000] {dag.py:2726} INFO - Sync 1 DAGs
[2023-07-09T16:13:15.317+0000] {logging_mixin.py:149} INFO - [2023-07-09T16:13:15.316+0000] {dag.py:3490} INFO - Setting next_dagrun for example_short_circuit_operator to 2023-07-08T16:13:15.316706+00:00, run_after=2023-07-09T16:13:15.316706+00:00
[2023-07-09T16:13:15.328+0000] {processor.py:179} INFO - Processing /home/airflow/.local/lib/python3.7/site-packages/airflow/example_dags/example_short_circuit_operator.py took 0.061 seconds
[2023-07-09T16:13:45.673+0000] {processor.py:157} INFO - Started process (PID=1629) to work on /home/airflow/.local/lib/python3.7/site-packages/airflow/example_dags/example_short_circuit_operator.py
[2023-07-09T16:13:45.674+0000] {processor.py:826} INFO - Processing file /home/airflow/.local/lib/python3.7/site-packages/airflow/example_dags/example_short_circuit_operator.py for tasks to queue
[2023-07-09T16:13:45.675+0000] {logging_mixin.py:149} INFO - [2023-07-09T16:13:45.675+0000] {dagbag.py:541} INFO - Filling up the DagBag from /home/airflow/.local/lib/python3.7/site-packages/airflow/example_dags/example_short_circuit_operator.py
[2023-07-09T16:13:45.685+0000] {processor.py:836} INFO - DAG(s) dict_keys(['example_short_circuit_operator']) retrieved from /home/airflow/.local/lib/python3.7/site-packages/airflow/example_dags/example_short_circuit_operator.py
[2023-07-09T16:13:45.707+0000] {logging_mixin.py:149} INFO - [2023-07-09T16:13:45.707+0000] {dag.py:2726} INFO - Sync 1 DAGs
[2023-07-09T16:13:45.723+0000] {logging_mixin.py:149} INFO - [2023-07-09T16:13:45.723+0000] {dag.py:3490} INFO - Setting next_dagrun for example_short_circuit_operator to 2023-07-08T16:13:45.723666+00:00, run_after=2023-07-09T16:13:45.723666+00:00
[2023-07-09T16:13:45.735+0000] {processor.py:179} INFO - Processing /home/airflow/.local/lib/python3.7/site-packages/airflow/example_dags/example_short_circuit_operator.py took 0.064 seconds
[2023-07-09T16:14:16.194+0000] {processor.py:157} INFO - Started process (PID=1690) to work on /home/airflow/.local/lib/python3.7/site-packages/airflow/example_dags/example_short_circuit_operator.py
[2023-07-09T16:14:16.196+0000] {processor.py:826} INFO - Processing file /home/airflow/.local/lib/python3.7/site-packages/airflow/example_dags/example_short_circuit_operator.py for tasks to queue
[2023-07-09T16:14:16.197+0000] {logging_mixin.py:149} INFO - [2023-07-09T16:14:16.197+0000] {dagbag.py:541} INFO - Filling up the DagBag from /home/airflow/.local/lib/python3.7/site-packages/airflow/example_dags/example_short_circuit_operator.py
[2023-07-09T16:14:16.203+0000] {processor.py:836} INFO - DAG(s) dict_keys(['example_short_circuit_operator']) retrieved from /home/airflow/.local/lib/python3.7/site-packages/airflow/example_dags/example_short_circuit_operator.py
[2023-07-09T16:14:16.224+0000] {logging_mixin.py:149} INFO - [2023-07-09T16:14:16.224+0000] {dag.py:2726} INFO - Sync 1 DAGs
[2023-07-09T16:14:16.240+0000] {logging_mixin.py:149} INFO - [2023-07-09T16:14:16.239+0000] {dag.py:3490} INFO - Setting next_dagrun for example_short_circuit_operator to 2023-07-08T16:14:16.239692+00:00, run_after=2023-07-09T16:14:16.239692+00:00
[2023-07-09T16:14:16.251+0000] {processor.py:179} INFO - Processing /home/airflow/.local/lib/python3.7/site-packages/airflow/example_dags/example_short_circuit_operator.py took 0.059 seconds
[2023-07-09T16:14:46.792+0000] {processor.py:157} INFO - Started process (PID=1751) to work on /home/airflow/.local/lib/python3.7/site-packages/airflow/example_dags/example_short_circuit_operator.py
[2023-07-09T16:14:46.794+0000] {processor.py:826} INFO - Processing file /home/airflow/.local/lib/python3.7/site-packages/airflow/example_dags/example_short_circuit_operator.py for tasks to queue
[2023-07-09T16:14:46.794+0000] {logging_mixin.py:149} INFO - [2023-07-09T16:14:46.794+0000] {dagbag.py:541} INFO - Filling up the DagBag from /home/airflow/.local/lib/python3.7/site-packages/airflow/example_dags/example_short_circuit_operator.py
[2023-07-09T16:14:46.800+0000] {processor.py:836} INFO - DAG(s) dict_keys(['example_short_circuit_operator']) retrieved from /home/airflow/.local/lib/python3.7/site-packages/airflow/example_dags/example_short_circuit_operator.py
[2023-07-09T16:14:46.820+0000] {logging_mixin.py:149} INFO - [2023-07-09T16:14:46.820+0000] {dag.py:2726} INFO - Sync 1 DAGs
[2023-07-09T16:14:46.835+0000] {logging_mixin.py:149} INFO - [2023-07-09T16:14:46.835+0000] {dag.py:3490} INFO - Setting next_dagrun for example_short_circuit_operator to 2023-07-08T16:14:46.835075+00:00, run_after=2023-07-09T16:14:46.835075+00:00
[2023-07-09T16:14:46.845+0000] {processor.py:179} INFO - Processing /home/airflow/.local/lib/python3.7/site-packages/airflow/example_dags/example_short_circuit_operator.py took 0.056 seconds
[2023-07-09T16:15:17.326+0000] {processor.py:157} INFO - Started process (PID=1812) to work on /home/airflow/.local/lib/python3.7/site-packages/airflow/example_dags/example_short_circuit_operator.py
[2023-07-09T16:15:17.327+0000] {processor.py:826} INFO - Processing file /home/airflow/.local/lib/python3.7/site-packages/airflow/example_dags/example_short_circuit_operator.py for tasks to queue
[2023-07-09T16:15:17.328+0000] {logging_mixin.py:149} INFO - [2023-07-09T16:15:17.328+0000] {dagbag.py:541} INFO - Filling up the DagBag from /home/airflow/.local/lib/python3.7/site-packages/airflow/example_dags/example_short_circuit_operator.py
[2023-07-09T16:15:17.334+0000] {processor.py:836} INFO - DAG(s) dict_keys(['example_short_circuit_operator']) retrieved from /home/airflow/.local/lib/python3.7/site-packages/airflow/example_dags/example_short_circuit_operator.py
[2023-07-09T16:15:17.355+0000] {logging_mixin.py:149} INFO - [2023-07-09T16:15:17.355+0000] {dag.py:2726} INFO - Sync 1 DAGs
[2023-07-09T16:15:17.372+0000] {logging_mixin.py:149} INFO - [2023-07-09T16:15:17.372+0000] {dag.py:3490} INFO - Setting next_dagrun for example_short_circuit_operator to 2023-07-08T16:15:17.372114+00:00, run_after=2023-07-09T16:15:17.372114+00:00
[2023-07-09T16:15:17.383+0000] {processor.py:179} INFO - Processing /home/airflow/.local/lib/python3.7/site-packages/airflow/example_dags/example_short_circuit_operator.py took 0.060 seconds
[2023-07-09T16:15:47.936+0000] {processor.py:157} INFO - Started process (PID=1873) to work on /home/airflow/.local/lib/python3.7/site-packages/airflow/example_dags/example_short_circuit_operator.py
[2023-07-09T16:15:47.938+0000] {processor.py:826} INFO - Processing file /home/airflow/.local/lib/python3.7/site-packages/airflow/example_dags/example_short_circuit_operator.py for tasks to queue
[2023-07-09T16:15:47.939+0000] {logging_mixin.py:149} INFO - [2023-07-09T16:15:47.939+0000] {dagbag.py:541} INFO - Filling up the DagBag from /home/airflow/.local/lib/python3.7/site-packages/airflow/example_dags/example_short_circuit_operator.py
[2023-07-09T16:15:47.945+0000] {processor.py:836} INFO - DAG(s) dict_keys(['example_short_circuit_operator']) retrieved from /home/airflow/.local/lib/python3.7/site-packages/airflow/example_dags/example_short_circuit_operator.py
[2023-07-09T16:15:47.966+0000] {logging_mixin.py:149} INFO - [2023-07-09T16:15:47.966+0000] {dag.py:2726} INFO - Sync 1 DAGs
[2023-07-09T16:15:47.982+0000] {logging_mixin.py:149} INFO - [2023-07-09T16:15:47.982+0000] {dag.py:3490} INFO - Setting next_dagrun for example_short_circuit_operator to 2023-07-08T16:15:47.982052+00:00, run_after=2023-07-09T16:15:47.982052+00:00
[2023-07-09T16:15:47.993+0000] {processor.py:179} INFO - Processing /home/airflow/.local/lib/python3.7/site-packages/airflow/example_dags/example_short_circuit_operator.py took 0.060 seconds
[2023-07-09T16:16:18.152+0000] {processor.py:157} INFO - Started process (PID=1934) to work on /home/airflow/.local/lib/python3.7/site-packages/airflow/example_dags/example_short_circuit_operator.py
[2023-07-09T16:16:18.153+0000] {processor.py:826} INFO - Processing file /home/airflow/.local/lib/python3.7/site-packages/airflow/example_dags/example_short_circuit_operator.py for tasks to queue
[2023-07-09T16:16:18.153+0000] {logging_mixin.py:149} INFO - [2023-07-09T16:16:18.153+0000] {dagbag.py:541} INFO - Filling up the DagBag from /home/airflow/.local/lib/python3.7/site-packages/airflow/example_dags/example_short_circuit_operator.py
[2023-07-09T16:16:18.160+0000] {processor.py:836} INFO - DAG(s) dict_keys(['example_short_circuit_operator']) retrieved from /home/airflow/.local/lib/python3.7/site-packages/airflow/example_dags/example_short_circuit_operator.py
[2023-07-09T16:16:18.181+0000] {logging_mixin.py:149} INFO - [2023-07-09T16:16:18.181+0000] {dag.py:2726} INFO - Sync 1 DAGs
[2023-07-09T16:16:18.197+0000] {logging_mixin.py:149} INFO - [2023-07-09T16:16:18.197+0000] {dag.py:3490} INFO - Setting next_dagrun for example_short_circuit_operator to 2023-07-08T16:16:18.197114+00:00, run_after=2023-07-09T16:16:18.197114+00:00
[2023-07-09T16:16:18.208+0000] {processor.py:179} INFO - Processing /home/airflow/.local/lib/python3.7/site-packages/airflow/example_dags/example_short_circuit_operator.py took 0.059 seconds
[2023-07-09T16:16:48.436+0000] {processor.py:157} INFO - Started process (PID=1996) to work on /home/airflow/.local/lib/python3.7/site-packages/airflow/example_dags/example_short_circuit_operator.py
[2023-07-09T16:16:48.438+0000] {processor.py:826} INFO - Processing file /home/airflow/.local/lib/python3.7/site-packages/airflow/example_dags/example_short_circuit_operator.py for tasks to queue
[2023-07-09T16:16:48.438+0000] {logging_mixin.py:149} INFO - [2023-07-09T16:16:48.438+0000] {dagbag.py:541} INFO - Filling up the DagBag from /home/airflow/.local/lib/python3.7/site-packages/airflow/example_dags/example_short_circuit_operator.py
[2023-07-09T16:16:48.445+0000] {processor.py:836} INFO - DAG(s) dict_keys(['example_short_circuit_operator']) retrieved from /home/airflow/.local/lib/python3.7/site-packages/airflow/example_dags/example_short_circuit_operator.py
[2023-07-09T16:16:48.465+0000] {logging_mixin.py:149} INFO - [2023-07-09T16:16:48.465+0000] {dag.py:2726} INFO - Sync 1 DAGs
[2023-07-09T16:16:48.481+0000] {logging_mixin.py:149} INFO - [2023-07-09T16:16:48.481+0000] {dag.py:3490} INFO - Setting next_dagrun for example_short_circuit_operator to 2023-07-08T16:16:48.480811+00:00, run_after=2023-07-09T16:16:48.480811+00:00
[2023-07-09T16:16:48.492+0000] {processor.py:179} INFO - Processing /home/airflow/.local/lib/python3.7/site-packages/airflow/example_dags/example_short_circuit_operator.py took 0.059 seconds
[2023-07-09T16:17:19.478+0000] {processor.py:157} INFO - Started process (PID=2057) to work on /home/airflow/.local/lib/python3.7/site-packages/airflow/example_dags/example_short_circuit_operator.py
[2023-07-09T16:17:19.480+0000] {processor.py:826} INFO - Processing file /home/airflow/.local/lib/python3.7/site-packages/airflow/example_dags/example_short_circuit_operator.py for tasks to queue
[2023-07-09T16:17:19.481+0000] {logging_mixin.py:149} INFO - [2023-07-09T16:17:19.481+0000] {dagbag.py:541} INFO - Filling up the DagBag from /home/airflow/.local/lib/python3.7/site-packages/airflow/example_dags/example_short_circuit_operator.py
[2023-07-09T16:17:19.488+0000] {processor.py:836} INFO - DAG(s) dict_keys(['example_short_circuit_operator']) retrieved from /home/airflow/.local/lib/python3.7/site-packages/airflow/example_dags/example_short_circuit_operator.py
[2023-07-09T16:17:19.513+0000] {logging_mixin.py:149} INFO - [2023-07-09T16:17:19.513+0000] {dag.py:2726} INFO - Sync 1 DAGs
[2023-07-09T16:17:19.531+0000] {logging_mixin.py:149} INFO - [2023-07-09T16:17:19.531+0000] {dag.py:3490} INFO - Setting next_dagrun for example_short_circuit_operator to 2023-07-08T16:17:19.531001+00:00, run_after=2023-07-09T16:17:19.531001+00:00
[2023-07-09T16:17:19.543+0000] {processor.py:179} INFO - Processing /home/airflow/.local/lib/python3.7/site-packages/airflow/example_dags/example_short_circuit_operator.py took 0.068 seconds
[2023-07-09T16:17:50.261+0000] {processor.py:157} INFO - Started process (PID=2118) to work on /home/airflow/.local/lib/python3.7/site-packages/airflow/example_dags/example_short_circuit_operator.py
[2023-07-09T16:17:50.263+0000] {processor.py:826} INFO - Processing file /home/airflow/.local/lib/python3.7/site-packages/airflow/example_dags/example_short_circuit_operator.py for tasks to queue
[2023-07-09T16:17:50.264+0000] {logging_mixin.py:149} INFO - [2023-07-09T16:17:50.263+0000] {dagbag.py:541} INFO - Filling up the DagBag from /home/airflow/.local/lib/python3.7/site-packages/airflow/example_dags/example_short_circuit_operator.py
[2023-07-09T16:17:50.270+0000] {processor.py:836} INFO - DAG(s) dict_keys(['example_short_circuit_operator']) retrieved from /home/airflow/.local/lib/python3.7/site-packages/airflow/example_dags/example_short_circuit_operator.py
[2023-07-09T16:17:50.290+0000] {logging_mixin.py:149} INFO - [2023-07-09T16:17:50.290+0000] {dag.py:2726} INFO - Sync 1 DAGs
[2023-07-09T16:17:50.307+0000] {logging_mixin.py:149} INFO - [2023-07-09T16:17:50.306+0000] {dag.py:3490} INFO - Setting next_dagrun for example_short_circuit_operator to 2023-07-08T16:17:50.306698+00:00, run_after=2023-07-09T16:17:50.306698+00:00
[2023-07-09T16:17:50.318+0000] {processor.py:179} INFO - Processing /home/airflow/.local/lib/python3.7/site-packages/airflow/example_dags/example_short_circuit_operator.py took 0.061 seconds
[2023-07-09T16:18:20.561+0000] {processor.py:157} INFO - Started process (PID=2179) to work on /home/airflow/.local/lib/python3.7/site-packages/airflow/example_dags/example_short_circuit_operator.py
[2023-07-09T16:18:20.563+0000] {processor.py:826} INFO - Processing file /home/airflow/.local/lib/python3.7/site-packages/airflow/example_dags/example_short_circuit_operator.py for tasks to queue
[2023-07-09T16:18:20.563+0000] {logging_mixin.py:149} INFO - [2023-07-09T16:18:20.563+0000] {dagbag.py:541} INFO - Filling up the DagBag from /home/airflow/.local/lib/python3.7/site-packages/airflow/example_dags/example_short_circuit_operator.py
[2023-07-09T16:18:20.569+0000] {processor.py:836} INFO - DAG(s) dict_keys(['example_short_circuit_operator']) retrieved from /home/airflow/.local/lib/python3.7/site-packages/airflow/example_dags/example_short_circuit_operator.py
[2023-07-09T16:18:20.589+0000] {logging_mixin.py:149} INFO - [2023-07-09T16:18:20.589+0000] {dag.py:2726} INFO - Sync 1 DAGs
[2023-07-09T16:18:20.604+0000] {logging_mixin.py:149} INFO - [2023-07-09T16:18:20.604+0000] {dag.py:3490} INFO - Setting next_dagrun for example_short_circuit_operator to 2023-07-08T16:18:20.604038+00:00, run_after=2023-07-09T16:18:20.604038+00:00
[2023-07-09T16:18:20.615+0000] {processor.py:179} INFO - Processing /home/airflow/.local/lib/python3.7/site-packages/airflow/example_dags/example_short_circuit_operator.py took 0.056 seconds
[2023-07-09T16:18:51.259+0000] {processor.py:157} INFO - Started process (PID=2240) to work on /home/airflow/.local/lib/python3.7/site-packages/airflow/example_dags/example_short_circuit_operator.py
[2023-07-09T16:18:51.260+0000] {processor.py:826} INFO - Processing file /home/airflow/.local/lib/python3.7/site-packages/airflow/example_dags/example_short_circuit_operator.py for tasks to queue
[2023-07-09T16:18:51.261+0000] {logging_mixin.py:149} INFO - [2023-07-09T16:18:51.261+0000] {dagbag.py:541} INFO - Filling up the DagBag from /home/airflow/.local/lib/python3.7/site-packages/airflow/example_dags/example_short_circuit_operator.py
[2023-07-09T16:18:51.267+0000] {processor.py:836} INFO - DAG(s) dict_keys(['example_short_circuit_operator']) retrieved from /home/airflow/.local/lib/python3.7/site-packages/airflow/example_dags/example_short_circuit_operator.py
[2023-07-09T16:18:51.287+0000] {logging_mixin.py:149} INFO - [2023-07-09T16:18:51.287+0000] {dag.py:2726} INFO - Sync 1 DAGs
[2023-07-09T16:18:51.303+0000] {logging_mixin.py:149} INFO - [2023-07-09T16:18:51.303+0000] {dag.py:3490} INFO - Setting next_dagrun for example_short_circuit_operator to 2023-07-08T16:18:51.303176+00:00, run_after=2023-07-09T16:18:51.303176+00:00
[2023-07-09T16:18:51.314+0000] {processor.py:179} INFO - Processing /home/airflow/.local/lib/python3.7/site-packages/airflow/example_dags/example_short_circuit_operator.py took 0.058 seconds
[2023-07-09T16:19:21.904+0000] {processor.py:157} INFO - Started process (PID=2301) to work on /home/airflow/.local/lib/python3.7/site-packages/airflow/example_dags/example_short_circuit_operator.py
[2023-07-09T16:19:21.905+0000] {processor.py:826} INFO - Processing file /home/airflow/.local/lib/python3.7/site-packages/airflow/example_dags/example_short_circuit_operator.py for tasks to queue
[2023-07-09T16:19:21.907+0000] {logging_mixin.py:149} INFO - [2023-07-09T16:19:21.906+0000] {dagbag.py:541} INFO - Filling up the DagBag from /home/airflow/.local/lib/python3.7/site-packages/airflow/example_dags/example_short_circuit_operator.py
[2023-07-09T16:19:21.915+0000] {processor.py:836} INFO - DAG(s) dict_keys(['example_short_circuit_operator']) retrieved from /home/airflow/.local/lib/python3.7/site-packages/airflow/example_dags/example_short_circuit_operator.py
[2023-07-09T16:19:21.939+0000] {logging_mixin.py:149} INFO - [2023-07-09T16:19:21.938+0000] {dag.py:2726} INFO - Sync 1 DAGs
[2023-07-09T16:19:21.960+0000] {logging_mixin.py:149} INFO - [2023-07-09T16:19:21.960+0000] {dag.py:3490} INFO - Setting next_dagrun for example_short_circuit_operator to 2023-07-08T16:19:21.959962+00:00, run_after=2023-07-09T16:19:21.959962+00:00
[2023-07-09T16:19:21.981+0000] {processor.py:179} INFO - Processing /home/airflow/.local/lib/python3.7/site-packages/airflow/example_dags/example_short_circuit_operator.py took 0.079 seconds
[2023-07-09T16:19:52.566+0000] {processor.py:157} INFO - Started process (PID=2363) to work on /home/airflow/.local/lib/python3.7/site-packages/airflow/example_dags/example_short_circuit_operator.py
[2023-07-09T16:19:52.567+0000] {processor.py:826} INFO - Processing file /home/airflow/.local/lib/python3.7/site-packages/airflow/example_dags/example_short_circuit_operator.py for tasks to queue
[2023-07-09T16:19:52.568+0000] {logging_mixin.py:149} INFO - [2023-07-09T16:19:52.568+0000] {dagbag.py:541} INFO - Filling up the DagBag from /home/airflow/.local/lib/python3.7/site-packages/airflow/example_dags/example_short_circuit_operator.py
[2023-07-09T16:19:52.575+0000] {processor.py:836} INFO - DAG(s) dict_keys(['example_short_circuit_operator']) retrieved from /home/airflow/.local/lib/python3.7/site-packages/airflow/example_dags/example_short_circuit_operator.py
[2023-07-09T16:19:52.598+0000] {logging_mixin.py:149} INFO - [2023-07-09T16:19:52.598+0000] {dag.py:2726} INFO - Sync 1 DAGs
[2023-07-09T16:19:52.616+0000] {logging_mixin.py:149} INFO - [2023-07-09T16:19:52.616+0000] {dag.py:3490} INFO - Setting next_dagrun for example_short_circuit_operator to 2023-07-08T16:19:52.616383+00:00, run_after=2023-07-09T16:19:52.616383+00:00
[2023-07-09T16:19:52.629+0000] {processor.py:179} INFO - Processing /home/airflow/.local/lib/python3.7/site-packages/airflow/example_dags/example_short_circuit_operator.py took 0.066 seconds
[2023-07-09T16:20:22.949+0000] {processor.py:157} INFO - Started process (PID=2424) to work on /home/airflow/.local/lib/python3.7/site-packages/airflow/example_dags/example_short_circuit_operator.py
[2023-07-09T16:20:22.950+0000] {processor.py:826} INFO - Processing file /home/airflow/.local/lib/python3.7/site-packages/airflow/example_dags/example_short_circuit_operator.py for tasks to queue
[2023-07-09T16:20:22.951+0000] {logging_mixin.py:149} INFO - [2023-07-09T16:20:22.951+0000] {dagbag.py:541} INFO - Filling up the DagBag from /home/airflow/.local/lib/python3.7/site-packages/airflow/example_dags/example_short_circuit_operator.py
[2023-07-09T16:20:22.957+0000] {processor.py:836} INFO - DAG(s) dict_keys(['example_short_circuit_operator']) retrieved from /home/airflow/.local/lib/python3.7/site-packages/airflow/example_dags/example_short_circuit_operator.py
[2023-07-09T16:20:22.977+0000] {logging_mixin.py:149} INFO - [2023-07-09T16:20:22.977+0000] {dag.py:2726} INFO - Sync 1 DAGs
[2023-07-09T16:20:22.992+0000] {logging_mixin.py:149} INFO - [2023-07-09T16:20:22.992+0000] {dag.py:3490} INFO - Setting next_dagrun for example_short_circuit_operator to 2023-07-08T16:20:22.992533+00:00, run_after=2023-07-09T16:20:22.992533+00:00
[2023-07-09T16:20:23.004+0000] {processor.py:179} INFO - Processing /home/airflow/.local/lib/python3.7/site-packages/airflow/example_dags/example_short_circuit_operator.py took 0.057 seconds
[2023-07-09T16:20:53.249+0000] {processor.py:157} INFO - Started process (PID=2485) to work on /home/airflow/.local/lib/python3.7/site-packages/airflow/example_dags/example_short_circuit_operator.py
[2023-07-09T16:20:53.250+0000] {processor.py:826} INFO - Processing file /home/airflow/.local/lib/python3.7/site-packages/airflow/example_dags/example_short_circuit_operator.py for tasks to queue
[2023-07-09T16:20:53.251+0000] {logging_mixin.py:149} INFO - [2023-07-09T16:20:53.251+0000] {dagbag.py:541} INFO - Filling up the DagBag from /home/airflow/.local/lib/python3.7/site-packages/airflow/example_dags/example_short_circuit_operator.py
[2023-07-09T16:20:53.257+0000] {processor.py:836} INFO - DAG(s) dict_keys(['example_short_circuit_operator']) retrieved from /home/airflow/.local/lib/python3.7/site-packages/airflow/example_dags/example_short_circuit_operator.py
[2023-07-09T16:20:53.278+0000] {logging_mixin.py:149} INFO - [2023-07-09T16:20:53.278+0000] {dag.py:2726} INFO - Sync 1 DAGs
[2023-07-09T16:20:53.294+0000] {logging_mixin.py:149} INFO - [2023-07-09T16:20:53.294+0000] {dag.py:3490} INFO - Setting next_dagrun for example_short_circuit_operator to 2023-07-08T16:20:53.294375+00:00, run_after=2023-07-09T16:20:53.294375+00:00
[2023-07-09T16:20:53.305+0000] {processor.py:179} INFO - Processing /home/airflow/.local/lib/python3.7/site-packages/airflow/example_dags/example_short_circuit_operator.py took 0.059 seconds
[2023-07-09T16:21:23.954+0000] {processor.py:157} INFO - Started process (PID=2537) to work on /home/airflow/.local/lib/python3.7/site-packages/airflow/example_dags/example_short_circuit_operator.py
[2023-07-09T16:21:23.956+0000] {processor.py:826} INFO - Processing file /home/airflow/.local/lib/python3.7/site-packages/airflow/example_dags/example_short_circuit_operator.py for tasks to queue
[2023-07-09T16:21:23.957+0000] {logging_mixin.py:149} INFO - [2023-07-09T16:21:23.956+0000] {dagbag.py:541} INFO - Filling up the DagBag from /home/airflow/.local/lib/python3.7/site-packages/airflow/example_dags/example_short_circuit_operator.py
[2023-07-09T16:21:23.963+0000] {processor.py:836} INFO - DAG(s) dict_keys(['example_short_circuit_operator']) retrieved from /home/airflow/.local/lib/python3.7/site-packages/airflow/example_dags/example_short_circuit_operator.py
[2023-07-09T16:21:23.983+0000] {logging_mixin.py:149} INFO - [2023-07-09T16:21:23.983+0000] {dag.py:2726} INFO - Sync 1 DAGs
[2023-07-09T16:21:23.999+0000] {logging_mixin.py:149} INFO - [2023-07-09T16:21:23.999+0000] {dag.py:3490} INFO - Setting next_dagrun for example_short_circuit_operator to 2023-07-08T16:21:23.999534+00:00, run_after=2023-07-09T16:21:23.999534+00:00
[2023-07-09T16:21:24.014+0000] {processor.py:179} INFO - Processing /home/airflow/.local/lib/python3.7/site-packages/airflow/example_dags/example_short_circuit_operator.py took 0.062 seconds
