[2023-07-09T16:00:38.702+0000] {processor.py:157} INFO - Started process (PID=71) to work on /home/airflow/.local/lib/python3.7/site-packages/airflow/example_dags/example_subdag_operator.py
[2023-07-09T16:00:38.704+0000] {processor.py:826} INFO - Processing file /home/airflow/.local/lib/python3.7/site-packages/airflow/example_dags/example_subdag_operator.py for tasks to queue
[2023-07-09T16:00:38.707+0000] {logging_mixin.py:149} INFO - [2023-07-09T16:00:38.706+0000] {dagbag.py:541} INFO - Filling up the DagBag from /home/airflow/.local/lib/python3.7/site-packages/airflow/example_dags/example_subdag_operator.py
[2023-07-09T16:00:38.762+0000] {processor.py:836} INFO - DAG(s) dict_keys(['example_subdag_operator.section-1', 'example_subdag_operator.section-2', 'example_subdag_operator']) retrieved from /home/airflow/.local/lib/python3.7/site-packages/airflow/example_dags/example_subdag_operator.py
[2023-07-09T16:00:38.769+0000] {logging_mixin.py:149} INFO - [2023-07-09T16:00:38.769+0000] {dag.py:2726} INFO - Sync 3 DAGs
[2023-07-09T16:00:38.806+0000] {logging_mixin.py:149} INFO - [2023-07-09T16:00:38.806+0000] {dag.py:3490} INFO - Setting next_dagrun for example_subdag_operator to 2022-01-01T00:00:00+00:00, run_after=2022-01-01T00:00:00+00:00
[2023-07-09T16:00:38.813+0000] {logging_mixin.py:149} INFO - [2023-07-09T16:00:38.813+0000] {dag.py:3490} INFO - Setting next_dagrun for example_subdag_operator.section-1 to None, run_after=None
[2023-07-09T16:00:38.817+0000] {logging_mixin.py:149} INFO - [2023-07-09T16:00:38.817+0000] {dag.py:3490} INFO - Setting next_dagrun for example_subdag_operator.section-2 to None, run_after=None
[2023-07-09T16:00:38.838+0000] {logging_mixin.py:149} INFO - [2023-07-09T16:00:38.838+0000] {dag.py:2726} INFO - Sync 2 DAGs
[2023-07-09T16:00:38.850+0000] {logging_mixin.py:149} INFO - [2023-07-09T16:00:38.850+0000] {dag.py:3490} INFO - Setting next_dagrun for example_subdag_operator.section-1 to None, run_after=None
[2023-07-09T16:00:38.853+0000] {logging_mixin.py:149} INFO - [2023-07-09T16:00:38.852+0000] {dag.py:3490} INFO - Setting next_dagrun for example_subdag_operator.section-2 to None, run_after=None
[2023-07-09T16:00:38.924+0000] {processor.py:179} INFO - Processing /home/airflow/.local/lib/python3.7/site-packages/airflow/example_dags/example_subdag_operator.py took 0.228 seconds
[2023-07-09T16:01:09.413+0000] {processor.py:157} INFO - Started process (PID=132) to work on /home/airflow/.local/lib/python3.7/site-packages/airflow/example_dags/example_subdag_operator.py
[2023-07-09T16:01:09.415+0000] {processor.py:826} INFO - Processing file /home/airflow/.local/lib/python3.7/site-packages/airflow/example_dags/example_subdag_operator.py for tasks to queue
[2023-07-09T16:01:09.415+0000] {logging_mixin.py:149} INFO - [2023-07-09T16:01:09.415+0000] {dagbag.py:541} INFO - Filling up the DagBag from /home/airflow/.local/lib/python3.7/site-packages/airflow/example_dags/example_subdag_operator.py
[2023-07-09T16:01:09.437+0000] {processor.py:836} INFO - DAG(s) dict_keys(['example_subdag_operator.section-1', 'example_subdag_operator.section-2', 'example_subdag_operator']) retrieved from /home/airflow/.local/lib/python3.7/site-packages/airflow/example_dags/example_subdag_operator.py
[2023-07-09T16:01:09.451+0000] {logging_mixin.py:149} INFO - [2023-07-09T16:01:09.451+0000] {dag.py:2726} INFO - Sync 3 DAGs
[2023-07-09T16:01:09.469+0000] {logging_mixin.py:149} INFO - [2023-07-09T16:01:09.469+0000] {dag.py:3490} INFO - Setting next_dagrun for example_subdag_operator to 2022-01-01T00:00:00+00:00, run_after=2022-01-01T00:00:00+00:00
[2023-07-09T16:01:09.473+0000] {logging_mixin.py:149} INFO - [2023-07-09T16:01:09.473+0000] {dag.py:3490} INFO - Setting next_dagrun for example_subdag_operator.section-1 to None, run_after=None
[2023-07-09T16:01:09.474+0000] {logging_mixin.py:149} INFO - [2023-07-09T16:01:09.474+0000] {dag.py:3490} INFO - Setting next_dagrun for example_subdag_operator.section-2 to None, run_after=None
[2023-07-09T16:01:09.479+0000] {logging_mixin.py:149} INFO - [2023-07-09T16:01:09.479+0000] {dag.py:2726} INFO - Sync 2 DAGs
[2023-07-09T16:01:09.486+0000] {logging_mixin.py:149} INFO - [2023-07-09T16:01:09.486+0000] {dag.py:3490} INFO - Setting next_dagrun for example_subdag_operator.section-1 to None, run_after=None
[2023-07-09T16:01:09.487+0000] {logging_mixin.py:149} INFO - [2023-07-09T16:01:09.487+0000] {dag.py:3490} INFO - Setting next_dagrun for example_subdag_operator.section-2 to None, run_after=None
[2023-07-09T16:01:09.496+0000] {processor.py:179} INFO - Processing /home/airflow/.local/lib/python3.7/site-packages/airflow/example_dags/example_subdag_operator.py took 0.085 seconds
[2023-07-09T16:01:39.594+0000] {processor.py:157} INFO - Started process (PID=193) to work on /home/airflow/.local/lib/python3.7/site-packages/airflow/example_dags/example_subdag_operator.py
[2023-07-09T16:01:39.595+0000] {processor.py:826} INFO - Processing file /home/airflow/.local/lib/python3.7/site-packages/airflow/example_dags/example_subdag_operator.py for tasks to queue
[2023-07-09T16:01:39.596+0000] {logging_mixin.py:149} INFO - [2023-07-09T16:01:39.595+0000] {dagbag.py:541} INFO - Filling up the DagBag from /home/airflow/.local/lib/python3.7/site-packages/airflow/example_dags/example_subdag_operator.py
[2023-07-09T16:01:39.617+0000] {processor.py:836} INFO - DAG(s) dict_keys(['example_subdag_operator.section-1', 'example_subdag_operator.section-2', 'example_subdag_operator']) retrieved from /home/airflow/.local/lib/python3.7/site-packages/airflow/example_dags/example_subdag_operator.py
[2023-07-09T16:01:39.630+0000] {logging_mixin.py:149} INFO - [2023-07-09T16:01:39.630+0000] {dag.py:2726} INFO - Sync 3 DAGs
[2023-07-09T16:01:39.647+0000] {logging_mixin.py:149} INFO - [2023-07-09T16:01:39.646+0000] {dag.py:3490} INFO - Setting next_dagrun for example_subdag_operator to 2022-01-01T00:00:00+00:00, run_after=2022-01-01T00:00:00+00:00
[2023-07-09T16:01:39.649+0000] {logging_mixin.py:149} INFO - [2023-07-09T16:01:39.649+0000] {dag.py:3490} INFO - Setting next_dagrun for example_subdag_operator.section-1 to None, run_after=None
[2023-07-09T16:01:39.650+0000] {logging_mixin.py:149} INFO - [2023-07-09T16:01:39.650+0000] {dag.py:3490} INFO - Setting next_dagrun for example_subdag_operator.section-2 to None, run_after=None
[2023-07-09T16:01:39.655+0000] {logging_mixin.py:149} INFO - [2023-07-09T16:01:39.655+0000] {dag.py:2726} INFO - Sync 2 DAGs
[2023-07-09T16:01:39.658+0000] {logging_mixin.py:149} INFO - [2023-07-09T16:01:39.658+0000] {dag.py:3490} INFO - Setting next_dagrun for example_subdag_operator.section-1 to None, run_after=None
[2023-07-09T16:01:39.659+0000] {logging_mixin.py:149} INFO - [2023-07-09T16:01:39.659+0000] {dag.py:3490} INFO - Setting next_dagrun for example_subdag_operator.section-2 to None, run_after=None
[2023-07-09T16:01:39.666+0000] {processor.py:179} INFO - Processing /home/airflow/.local/lib/python3.7/site-packages/airflow/example_dags/example_subdag_operator.py took 0.075 seconds
[2023-07-09T16:02:10.646+0000] {processor.py:157} INFO - Started process (PID=254) to work on /home/airflow/.local/lib/python3.7/site-packages/airflow/example_dags/example_subdag_operator.py
[2023-07-09T16:02:10.647+0000] {processor.py:826} INFO - Processing file /home/airflow/.local/lib/python3.7/site-packages/airflow/example_dags/example_subdag_operator.py for tasks to queue
[2023-07-09T16:02:10.648+0000] {logging_mixin.py:149} INFO - [2023-07-09T16:02:10.648+0000] {dagbag.py:541} INFO - Filling up the DagBag from /home/airflow/.local/lib/python3.7/site-packages/airflow/example_dags/example_subdag_operator.py
[2023-07-09T16:02:10.669+0000] {processor.py:836} INFO - DAG(s) dict_keys(['example_subdag_operator.section-1', 'example_subdag_operator.section-2', 'example_subdag_operator']) retrieved from /home/airflow/.local/lib/python3.7/site-packages/airflow/example_dags/example_subdag_operator.py
[2023-07-09T16:02:10.682+0000] {logging_mixin.py:149} INFO - [2023-07-09T16:02:10.682+0000] {dag.py:2726} INFO - Sync 3 DAGs
[2023-07-09T16:02:10.698+0000] {logging_mixin.py:149} INFO - [2023-07-09T16:02:10.698+0000] {dag.py:3490} INFO - Setting next_dagrun for example_subdag_operator to 2022-01-01T00:00:00+00:00, run_after=2022-01-01T00:00:00+00:00
[2023-07-09T16:02:10.703+0000] {logging_mixin.py:149} INFO - [2023-07-09T16:02:10.703+0000] {dag.py:3490} INFO - Setting next_dagrun for example_subdag_operator.section-1 to None, run_after=None
[2023-07-09T16:02:10.704+0000] {logging_mixin.py:149} INFO - [2023-07-09T16:02:10.704+0000] {dag.py:3490} INFO - Setting next_dagrun for example_subdag_operator.section-2 to None, run_after=None
[2023-07-09T16:02:10.710+0000] {logging_mixin.py:149} INFO - [2023-07-09T16:02:10.710+0000] {dag.py:2726} INFO - Sync 2 DAGs
[2023-07-09T16:02:10.714+0000] {logging_mixin.py:149} INFO - [2023-07-09T16:02:10.714+0000] {dag.py:3490} INFO - Setting next_dagrun for example_subdag_operator.section-1 to None, run_after=None
[2023-07-09T16:02:10.715+0000] {logging_mixin.py:149} INFO - [2023-07-09T16:02:10.715+0000] {dag.py:3490} INFO - Setting next_dagrun for example_subdag_operator.section-2 to None, run_after=None
[2023-07-09T16:02:10.722+0000] {processor.py:179} INFO - Processing /home/airflow/.local/lib/python3.7/site-packages/airflow/example_dags/example_subdag_operator.py took 0.079 seconds
[2023-07-09T16:02:41.211+0000] {processor.py:157} INFO - Started process (PID=315) to work on /home/airflow/.local/lib/python3.7/site-packages/airflow/example_dags/example_subdag_operator.py
[2023-07-09T16:02:41.213+0000] {processor.py:826} INFO - Processing file /home/airflow/.local/lib/python3.7/site-packages/airflow/example_dags/example_subdag_operator.py for tasks to queue
[2023-07-09T16:02:41.213+0000] {logging_mixin.py:149} INFO - [2023-07-09T16:02:41.213+0000] {dagbag.py:541} INFO - Filling up the DagBag from /home/airflow/.local/lib/python3.7/site-packages/airflow/example_dags/example_subdag_operator.py
[2023-07-09T16:02:41.232+0000] {processor.py:836} INFO - DAG(s) dict_keys(['example_subdag_operator.section-1', 'example_subdag_operator.section-2', 'example_subdag_operator']) retrieved from /home/airflow/.local/lib/python3.7/site-packages/airflow/example_dags/example_subdag_operator.py
[2023-07-09T16:02:41.244+0000] {logging_mixin.py:149} INFO - [2023-07-09T16:02:41.244+0000] {dag.py:2726} INFO - Sync 3 DAGs
[2023-07-09T16:02:41.260+0000] {logging_mixin.py:149} INFO - [2023-07-09T16:02:41.260+0000] {dag.py:3490} INFO - Setting next_dagrun for example_subdag_operator to 2022-01-01T00:00:00+00:00, run_after=2022-01-01T00:00:00+00:00
[2023-07-09T16:02:41.263+0000] {logging_mixin.py:149} INFO - [2023-07-09T16:02:41.263+0000] {dag.py:3490} INFO - Setting next_dagrun for example_subdag_operator.section-1 to None, run_after=None
[2023-07-09T16:02:41.264+0000] {logging_mixin.py:149} INFO - [2023-07-09T16:02:41.264+0000] {dag.py:3490} INFO - Setting next_dagrun for example_subdag_operator.section-2 to None, run_after=None
[2023-07-09T16:02:41.270+0000] {logging_mixin.py:149} INFO - [2023-07-09T16:02:41.270+0000] {dag.py:2726} INFO - Sync 2 DAGs
[2023-07-09T16:02:41.274+0000] {logging_mixin.py:149} INFO - [2023-07-09T16:02:41.274+0000] {dag.py:3490} INFO - Setting next_dagrun for example_subdag_operator.section-1 to None, run_after=None
[2023-07-09T16:02:41.274+0000] {logging_mixin.py:149} INFO - [2023-07-09T16:02:41.274+0000] {dag.py:3490} INFO - Setting next_dagrun for example_subdag_operator.section-2 to None, run_after=None
[2023-07-09T16:02:41.281+0000] {processor.py:179} INFO - Processing /home/airflow/.local/lib/python3.7/site-packages/airflow/example_dags/example_subdag_operator.py took 0.073 seconds
[2023-07-09T16:03:11.822+0000] {processor.py:157} INFO - Started process (PID=376) to work on /home/airflow/.local/lib/python3.7/site-packages/airflow/example_dags/example_subdag_operator.py
[2023-07-09T16:03:11.823+0000] {processor.py:826} INFO - Processing file /home/airflow/.local/lib/python3.7/site-packages/airflow/example_dags/example_subdag_operator.py for tasks to queue
[2023-07-09T16:03:11.824+0000] {logging_mixin.py:149} INFO - [2023-07-09T16:03:11.824+0000] {dagbag.py:541} INFO - Filling up the DagBag from /home/airflow/.local/lib/python3.7/site-packages/airflow/example_dags/example_subdag_operator.py
[2023-07-09T16:03:11.844+0000] {processor.py:836} INFO - DAG(s) dict_keys(['example_subdag_operator.section-1', 'example_subdag_operator.section-2', 'example_subdag_operator']) retrieved from /home/airflow/.local/lib/python3.7/site-packages/airflow/example_dags/example_subdag_operator.py
[2023-07-09T16:03:11.856+0000] {logging_mixin.py:149} INFO - [2023-07-09T16:03:11.856+0000] {dag.py:2726} INFO - Sync 3 DAGs
[2023-07-09T16:03:11.872+0000] {logging_mixin.py:149} INFO - [2023-07-09T16:03:11.872+0000] {dag.py:3490} INFO - Setting next_dagrun for example_subdag_operator to 2022-01-01T00:00:00+00:00, run_after=2022-01-01T00:00:00+00:00
[2023-07-09T16:03:11.874+0000] {logging_mixin.py:149} INFO - [2023-07-09T16:03:11.874+0000] {dag.py:3490} INFO - Setting next_dagrun for example_subdag_operator.section-1 to None, run_after=None
[2023-07-09T16:03:11.876+0000] {logging_mixin.py:149} INFO - [2023-07-09T16:03:11.876+0000] {dag.py:3490} INFO - Setting next_dagrun for example_subdag_operator.section-2 to None, run_after=None
[2023-07-09T16:03:11.881+0000] {logging_mixin.py:149} INFO - [2023-07-09T16:03:11.881+0000] {dag.py:2726} INFO - Sync 2 DAGs
[2023-07-09T16:03:11.885+0000] {logging_mixin.py:149} INFO - [2023-07-09T16:03:11.885+0000] {dag.py:3490} INFO - Setting next_dagrun for example_subdag_operator.section-1 to None, run_after=None
[2023-07-09T16:03:11.885+0000] {logging_mixin.py:149} INFO - [2023-07-09T16:03:11.885+0000] {dag.py:3490} INFO - Setting next_dagrun for example_subdag_operator.section-2 to None, run_after=None
[2023-07-09T16:03:11.893+0000] {processor.py:179} INFO - Processing /home/airflow/.local/lib/python3.7/site-packages/airflow/example_dags/example_subdag_operator.py took 0.073 seconds
[2023-07-09T16:03:42.374+0000] {processor.py:157} INFO - Started process (PID=437) to work on /home/airflow/.local/lib/python3.7/site-packages/airflow/example_dags/example_subdag_operator.py
[2023-07-09T16:03:42.375+0000] {processor.py:826} INFO - Processing file /home/airflow/.local/lib/python3.7/site-packages/airflow/example_dags/example_subdag_operator.py for tasks to queue
[2023-07-09T16:03:42.376+0000] {logging_mixin.py:149} INFO - [2023-07-09T16:03:42.376+0000] {dagbag.py:541} INFO - Filling up the DagBag from /home/airflow/.local/lib/python3.7/site-packages/airflow/example_dags/example_subdag_operator.py
[2023-07-09T16:03:42.400+0000] {processor.py:836} INFO - DAG(s) dict_keys(['example_subdag_operator.section-1', 'example_subdag_operator.section-2', 'example_subdag_operator']) retrieved from /home/airflow/.local/lib/python3.7/site-packages/airflow/example_dags/example_subdag_operator.py
[2023-07-09T16:03:42.413+0000] {logging_mixin.py:149} INFO - [2023-07-09T16:03:42.412+0000] {dag.py:2726} INFO - Sync 3 DAGs
[2023-07-09T16:03:42.429+0000] {logging_mixin.py:149} INFO - [2023-07-09T16:03:42.429+0000] {dag.py:3490} INFO - Setting next_dagrun for example_subdag_operator to 2022-01-01T00:00:00+00:00, run_after=2022-01-01T00:00:00+00:00
[2023-07-09T16:03:42.432+0000] {logging_mixin.py:149} INFO - [2023-07-09T16:03:42.432+0000] {dag.py:3490} INFO - Setting next_dagrun for example_subdag_operator.section-1 to None, run_after=None
[2023-07-09T16:03:42.433+0000] {logging_mixin.py:149} INFO - [2023-07-09T16:03:42.433+0000] {dag.py:3490} INFO - Setting next_dagrun for example_subdag_operator.section-2 to None, run_after=None
[2023-07-09T16:03:42.439+0000] {logging_mixin.py:149} INFO - [2023-07-09T16:03:42.438+0000] {dag.py:2726} INFO - Sync 2 DAGs
[2023-07-09T16:03:42.442+0000] {logging_mixin.py:149} INFO - [2023-07-09T16:03:42.442+0000] {dag.py:3490} INFO - Setting next_dagrun for example_subdag_operator.section-1 to None, run_after=None
[2023-07-09T16:03:42.443+0000] {logging_mixin.py:149} INFO - [2023-07-09T16:03:42.443+0000] {dag.py:3490} INFO - Setting next_dagrun for example_subdag_operator.section-2 to None, run_after=None
[2023-07-09T16:03:42.450+0000] {processor.py:179} INFO - Processing /home/airflow/.local/lib/python3.7/site-packages/airflow/example_dags/example_subdag_operator.py took 0.079 seconds
[2023-07-09T16:04:13.170+0000] {processor.py:157} INFO - Started process (PID=498) to work on /home/airflow/.local/lib/python3.7/site-packages/airflow/example_dags/example_subdag_operator.py
[2023-07-09T16:04:13.171+0000] {processor.py:826} INFO - Processing file /home/airflow/.local/lib/python3.7/site-packages/airflow/example_dags/example_subdag_operator.py for tasks to queue
[2023-07-09T16:04:13.172+0000] {logging_mixin.py:149} INFO - [2023-07-09T16:04:13.171+0000] {dagbag.py:541} INFO - Filling up the DagBag from /home/airflow/.local/lib/python3.7/site-packages/airflow/example_dags/example_subdag_operator.py
[2023-07-09T16:04:13.191+0000] {processor.py:836} INFO - DAG(s) dict_keys(['example_subdag_operator.section-1', 'example_subdag_operator.section-2', 'example_subdag_operator']) retrieved from /home/airflow/.local/lib/python3.7/site-packages/airflow/example_dags/example_subdag_operator.py
[2023-07-09T16:04:13.203+0000] {logging_mixin.py:149} INFO - [2023-07-09T16:04:13.203+0000] {dag.py:2726} INFO - Sync 3 DAGs
[2023-07-09T16:04:13.219+0000] {logging_mixin.py:149} INFO - [2023-07-09T16:04:13.219+0000] {dag.py:3490} INFO - Setting next_dagrun for example_subdag_operator to 2022-01-01T00:00:00+00:00, run_after=2022-01-01T00:00:00+00:00
[2023-07-09T16:04:13.221+0000] {logging_mixin.py:149} INFO - [2023-07-09T16:04:13.221+0000] {dag.py:3490} INFO - Setting next_dagrun for example_subdag_operator.section-1 to None, run_after=None
[2023-07-09T16:04:13.223+0000] {logging_mixin.py:149} INFO - [2023-07-09T16:04:13.223+0000] {dag.py:3490} INFO - Setting next_dagrun for example_subdag_operator.section-2 to None, run_after=None
[2023-07-09T16:04:13.228+0000] {logging_mixin.py:149} INFO - [2023-07-09T16:04:13.228+0000] {dag.py:2726} INFO - Sync 2 DAGs
[2023-07-09T16:04:13.232+0000] {logging_mixin.py:149} INFO - [2023-07-09T16:04:13.232+0000] {dag.py:3490} INFO - Setting next_dagrun for example_subdag_operator.section-1 to None, run_after=None
[2023-07-09T16:04:13.233+0000] {logging_mixin.py:149} INFO - [2023-07-09T16:04:13.232+0000] {dag.py:3490} INFO - Setting next_dagrun for example_subdag_operator.section-2 to None, run_after=None
[2023-07-09T16:04:13.240+0000] {processor.py:179} INFO - Processing /home/airflow/.local/lib/python3.7/site-packages/airflow/example_dags/example_subdag_operator.py took 0.073 seconds
[2023-07-09T16:04:43.848+0000] {processor.py:157} INFO - Started process (PID=559) to work on /home/airflow/.local/lib/python3.7/site-packages/airflow/example_dags/example_subdag_operator.py
[2023-07-09T16:04:43.850+0000] {processor.py:826} INFO - Processing file /home/airflow/.local/lib/python3.7/site-packages/airflow/example_dags/example_subdag_operator.py for tasks to queue
[2023-07-09T16:04:43.851+0000] {logging_mixin.py:149} INFO - [2023-07-09T16:04:43.851+0000] {dagbag.py:541} INFO - Filling up the DagBag from /home/airflow/.local/lib/python3.7/site-packages/airflow/example_dags/example_subdag_operator.py
[2023-07-09T16:04:43.870+0000] {processor.py:836} INFO - DAG(s) dict_keys(['example_subdag_operator.section-1', 'example_subdag_operator.section-2', 'example_subdag_operator']) retrieved from /home/airflow/.local/lib/python3.7/site-packages/airflow/example_dags/example_subdag_operator.py
[2023-07-09T16:04:43.882+0000] {logging_mixin.py:149} INFO - [2023-07-09T16:04:43.882+0000] {dag.py:2726} INFO - Sync 3 DAGs
[2023-07-09T16:04:43.898+0000] {logging_mixin.py:149} INFO - [2023-07-09T16:04:43.898+0000] {dag.py:3490} INFO - Setting next_dagrun for example_subdag_operator to 2022-01-01T00:00:00+00:00, run_after=2022-01-01T00:00:00+00:00
[2023-07-09T16:04:43.901+0000] {logging_mixin.py:149} INFO - [2023-07-09T16:04:43.901+0000] {dag.py:3490} INFO - Setting next_dagrun for example_subdag_operator.section-1 to None, run_after=None
[2023-07-09T16:04:43.903+0000] {logging_mixin.py:149} INFO - [2023-07-09T16:04:43.903+0000] {dag.py:3490} INFO - Setting next_dagrun for example_subdag_operator.section-2 to None, run_after=None
[2023-07-09T16:04:43.908+0000] {logging_mixin.py:149} INFO - [2023-07-09T16:04:43.908+0000] {dag.py:2726} INFO - Sync 2 DAGs
[2023-07-09T16:04:43.912+0000] {logging_mixin.py:149} INFO - [2023-07-09T16:04:43.912+0000] {dag.py:3490} INFO - Setting next_dagrun for example_subdag_operator.section-1 to None, run_after=None
[2023-07-09T16:04:43.913+0000] {logging_mixin.py:149} INFO - [2023-07-09T16:04:43.913+0000] {dag.py:3490} INFO - Setting next_dagrun for example_subdag_operator.section-2 to None, run_after=None
[2023-07-09T16:04:43.920+0000] {processor.py:179} INFO - Processing /home/airflow/.local/lib/python3.7/site-packages/airflow/example_dags/example_subdag_operator.py took 0.074 seconds
[2023-07-09T16:05:14.282+0000] {processor.py:157} INFO - Started process (PID=620) to work on /home/airflow/.local/lib/python3.7/site-packages/airflow/example_dags/example_subdag_operator.py
[2023-07-09T16:05:14.284+0000] {processor.py:826} INFO - Processing file /home/airflow/.local/lib/python3.7/site-packages/airflow/example_dags/example_subdag_operator.py for tasks to queue
[2023-07-09T16:05:14.284+0000] {logging_mixin.py:149} INFO - [2023-07-09T16:05:14.284+0000] {dagbag.py:541} INFO - Filling up the DagBag from /home/airflow/.local/lib/python3.7/site-packages/airflow/example_dags/example_subdag_operator.py
[2023-07-09T16:05:14.304+0000] {processor.py:836} INFO - DAG(s) dict_keys(['example_subdag_operator.section-1', 'example_subdag_operator.section-2', 'example_subdag_operator']) retrieved from /home/airflow/.local/lib/python3.7/site-packages/airflow/example_dags/example_subdag_operator.py
[2023-07-09T16:05:14.316+0000] {logging_mixin.py:149} INFO - [2023-07-09T16:05:14.316+0000] {dag.py:2726} INFO - Sync 3 DAGs
[2023-07-09T16:05:14.331+0000] {logging_mixin.py:149} INFO - [2023-07-09T16:05:14.331+0000] {dag.py:3490} INFO - Setting next_dagrun for example_subdag_operator to 2022-01-01T00:00:00+00:00, run_after=2022-01-01T00:00:00+00:00
[2023-07-09T16:05:14.335+0000] {logging_mixin.py:149} INFO - [2023-07-09T16:05:14.335+0000] {dag.py:3490} INFO - Setting next_dagrun for example_subdag_operator.section-1 to None, run_after=None
[2023-07-09T16:05:14.336+0000] {logging_mixin.py:149} INFO - [2023-07-09T16:05:14.336+0000] {dag.py:3490} INFO - Setting next_dagrun for example_subdag_operator.section-2 to None, run_after=None
[2023-07-09T16:05:14.341+0000] {logging_mixin.py:149} INFO - [2023-07-09T16:05:14.341+0000] {dag.py:2726} INFO - Sync 2 DAGs
[2023-07-09T16:05:14.345+0000] {logging_mixin.py:149} INFO - [2023-07-09T16:05:14.345+0000] {dag.py:3490} INFO - Setting next_dagrun for example_subdag_operator.section-1 to None, run_after=None
[2023-07-09T16:05:14.345+0000] {logging_mixin.py:149} INFO - [2023-07-09T16:05:14.345+0000] {dag.py:3490} INFO - Setting next_dagrun for example_subdag_operator.section-2 to None, run_after=None
[2023-07-09T16:05:14.352+0000] {processor.py:179} INFO - Processing /home/airflow/.local/lib/python3.7/site-packages/airflow/example_dags/example_subdag_operator.py took 0.073 seconds
[2023-07-09T16:05:44.705+0000] {processor.py:157} INFO - Started process (PID=681) to work on /home/airflow/.local/lib/python3.7/site-packages/airflow/example_dags/example_subdag_operator.py
[2023-07-09T16:05:44.706+0000] {processor.py:826} INFO - Processing file /home/airflow/.local/lib/python3.7/site-packages/airflow/example_dags/example_subdag_operator.py for tasks to queue
[2023-07-09T16:05:44.707+0000] {logging_mixin.py:149} INFO - [2023-07-09T16:05:44.707+0000] {dagbag.py:541} INFO - Filling up the DagBag from /home/airflow/.local/lib/python3.7/site-packages/airflow/example_dags/example_subdag_operator.py
[2023-07-09T16:05:44.728+0000] {processor.py:836} INFO - DAG(s) dict_keys(['example_subdag_operator.section-1', 'example_subdag_operator.section-2', 'example_subdag_operator']) retrieved from /home/airflow/.local/lib/python3.7/site-packages/airflow/example_dags/example_subdag_operator.py
[2023-07-09T16:05:44.741+0000] {logging_mixin.py:149} INFO - [2023-07-09T16:05:44.741+0000] {dag.py:2726} INFO - Sync 3 DAGs
[2023-07-09T16:05:44.758+0000] {logging_mixin.py:149} INFO - [2023-07-09T16:05:44.758+0000] {dag.py:3490} INFO - Setting next_dagrun for example_subdag_operator to 2022-01-01T00:00:00+00:00, run_after=2022-01-01T00:00:00+00:00
[2023-07-09T16:05:44.761+0000] {logging_mixin.py:149} INFO - [2023-07-09T16:05:44.761+0000] {dag.py:3490} INFO - Setting next_dagrun for example_subdag_operator.section-1 to None, run_after=None
[2023-07-09T16:05:44.762+0000] {logging_mixin.py:149} INFO - [2023-07-09T16:05:44.762+0000] {dag.py:3490} INFO - Setting next_dagrun for example_subdag_operator.section-2 to None, run_after=None
[2023-07-09T16:05:44.768+0000] {logging_mixin.py:149} INFO - [2023-07-09T16:05:44.767+0000] {dag.py:2726} INFO - Sync 2 DAGs
[2023-07-09T16:05:44.771+0000] {logging_mixin.py:149} INFO - [2023-07-09T16:05:44.771+0000] {dag.py:3490} INFO - Setting next_dagrun for example_subdag_operator.section-1 to None, run_after=None
[2023-07-09T16:05:44.772+0000] {logging_mixin.py:149} INFO - [2023-07-09T16:05:44.772+0000] {dag.py:3490} INFO - Setting next_dagrun for example_subdag_operator.section-2 to None, run_after=None
[2023-07-09T16:05:44.779+0000] {processor.py:179} INFO - Processing /home/airflow/.local/lib/python3.7/site-packages/airflow/example_dags/example_subdag_operator.py took 0.077 seconds
[2023-07-09T16:06:15.423+0000] {processor.py:157} INFO - Started process (PID=742) to work on /home/airflow/.local/lib/python3.7/site-packages/airflow/example_dags/example_subdag_operator.py
[2023-07-09T16:06:15.424+0000] {processor.py:826} INFO - Processing file /home/airflow/.local/lib/python3.7/site-packages/airflow/example_dags/example_subdag_operator.py for tasks to queue
[2023-07-09T16:06:15.425+0000] {logging_mixin.py:149} INFO - [2023-07-09T16:06:15.425+0000] {dagbag.py:541} INFO - Filling up the DagBag from /home/airflow/.local/lib/python3.7/site-packages/airflow/example_dags/example_subdag_operator.py
[2023-07-09T16:06:15.444+0000] {processor.py:836} INFO - DAG(s) dict_keys(['example_subdag_operator.section-1', 'example_subdag_operator.section-2', 'example_subdag_operator']) retrieved from /home/airflow/.local/lib/python3.7/site-packages/airflow/example_dags/example_subdag_operator.py
[2023-07-09T16:06:15.456+0000] {logging_mixin.py:149} INFO - [2023-07-09T16:06:15.456+0000] {dag.py:2726} INFO - Sync 3 DAGs
[2023-07-09T16:06:15.471+0000] {logging_mixin.py:149} INFO - [2023-07-09T16:06:15.471+0000] {dag.py:3490} INFO - Setting next_dagrun for example_subdag_operator to 2022-01-01T00:00:00+00:00, run_after=2022-01-01T00:00:00+00:00
[2023-07-09T16:06:15.474+0000] {logging_mixin.py:149} INFO - [2023-07-09T16:06:15.474+0000] {dag.py:3490} INFO - Setting next_dagrun for example_subdag_operator.section-1 to None, run_after=None
[2023-07-09T16:06:15.476+0000] {logging_mixin.py:149} INFO - [2023-07-09T16:06:15.475+0000] {dag.py:3490} INFO - Setting next_dagrun for example_subdag_operator.section-2 to None, run_after=None
[2023-07-09T16:06:15.481+0000] {logging_mixin.py:149} INFO - [2023-07-09T16:06:15.481+0000] {dag.py:2726} INFO - Sync 2 DAGs
[2023-07-09T16:06:15.485+0000] {logging_mixin.py:149} INFO - [2023-07-09T16:06:15.485+0000] {dag.py:3490} INFO - Setting next_dagrun for example_subdag_operator.section-1 to None, run_after=None
[2023-07-09T16:06:15.486+0000] {logging_mixin.py:149} INFO - [2023-07-09T16:06:15.486+0000] {dag.py:3490} INFO - Setting next_dagrun for example_subdag_operator.section-2 to None, run_after=None
[2023-07-09T16:06:15.492+0000] {processor.py:179} INFO - Processing /home/airflow/.local/lib/python3.7/site-packages/airflow/example_dags/example_subdag_operator.py took 0.072 seconds
[2023-07-09T16:06:45.760+0000] {processor.py:157} INFO - Started process (PID=803) to work on /home/airflow/.local/lib/python3.7/site-packages/airflow/example_dags/example_subdag_operator.py
[2023-07-09T16:06:45.761+0000] {processor.py:826} INFO - Processing file /home/airflow/.local/lib/python3.7/site-packages/airflow/example_dags/example_subdag_operator.py for tasks to queue
[2023-07-09T16:06:45.762+0000] {logging_mixin.py:149} INFO - [2023-07-09T16:06:45.762+0000] {dagbag.py:541} INFO - Filling up the DagBag from /home/airflow/.local/lib/python3.7/site-packages/airflow/example_dags/example_subdag_operator.py
[2023-07-09T16:06:45.782+0000] {processor.py:836} INFO - DAG(s) dict_keys(['example_subdag_operator.section-1', 'example_subdag_operator.section-2', 'example_subdag_operator']) retrieved from /home/airflow/.local/lib/python3.7/site-packages/airflow/example_dags/example_subdag_operator.py
[2023-07-09T16:06:45.794+0000] {logging_mixin.py:149} INFO - [2023-07-09T16:06:45.794+0000] {dag.py:2726} INFO - Sync 3 DAGs
[2023-07-09T16:06:45.809+0000] {logging_mixin.py:149} INFO - [2023-07-09T16:06:45.809+0000] {dag.py:3490} INFO - Setting next_dagrun for example_subdag_operator to 2022-01-01T00:00:00+00:00, run_after=2022-01-01T00:00:00+00:00
[2023-07-09T16:06:45.812+0000] {logging_mixin.py:149} INFO - [2023-07-09T16:06:45.812+0000] {dag.py:3490} INFO - Setting next_dagrun for example_subdag_operator.section-1 to None, run_after=None
[2023-07-09T16:06:45.813+0000] {logging_mixin.py:149} INFO - [2023-07-09T16:06:45.813+0000] {dag.py:3490} INFO - Setting next_dagrun for example_subdag_operator.section-2 to None, run_after=None
[2023-07-09T16:06:45.818+0000] {logging_mixin.py:149} INFO - [2023-07-09T16:06:45.818+0000] {dag.py:2726} INFO - Sync 2 DAGs
[2023-07-09T16:06:45.822+0000] {logging_mixin.py:149} INFO - [2023-07-09T16:06:45.822+0000] {dag.py:3490} INFO - Setting next_dagrun for example_subdag_operator.section-1 to None, run_after=None
[2023-07-09T16:06:45.823+0000] {logging_mixin.py:149} INFO - [2023-07-09T16:06:45.823+0000] {dag.py:3490} INFO - Setting next_dagrun for example_subdag_operator.section-2 to None, run_after=None
[2023-07-09T16:06:45.831+0000] {processor.py:179} INFO - Processing /home/airflow/.local/lib/python3.7/site-packages/airflow/example_dags/example_subdag_operator.py took 0.073 seconds
[2023-07-09T16:07:16.305+0000] {processor.py:157} INFO - Started process (PID=864) to work on /home/airflow/.local/lib/python3.7/site-packages/airflow/example_dags/example_subdag_operator.py
[2023-07-09T16:07:16.306+0000] {processor.py:826} INFO - Processing file /home/airflow/.local/lib/python3.7/site-packages/airflow/example_dags/example_subdag_operator.py for tasks to queue
[2023-07-09T16:07:16.307+0000] {logging_mixin.py:149} INFO - [2023-07-09T16:07:16.307+0000] {dagbag.py:541} INFO - Filling up the DagBag from /home/airflow/.local/lib/python3.7/site-packages/airflow/example_dags/example_subdag_operator.py
[2023-07-09T16:07:16.340+0000] {processor.py:836} INFO - DAG(s) dict_keys(['example_subdag_operator.section-1', 'example_subdag_operator.section-2', 'example_subdag_operator']) retrieved from /home/airflow/.local/lib/python3.7/site-packages/airflow/example_dags/example_subdag_operator.py
[2023-07-09T16:07:16.357+0000] {logging_mixin.py:149} INFO - [2023-07-09T16:07:16.357+0000] {dag.py:2726} INFO - Sync 3 DAGs
[2023-07-09T16:07:16.379+0000] {logging_mixin.py:149} INFO - [2023-07-09T16:07:16.379+0000] {dag.py:3490} INFO - Setting next_dagrun for example_subdag_operator to 2022-01-01T00:00:00+00:00, run_after=2022-01-01T00:00:00+00:00
[2023-07-09T16:07:16.383+0000] {logging_mixin.py:149} INFO - [2023-07-09T16:07:16.383+0000] {dag.py:3490} INFO - Setting next_dagrun for example_subdag_operator.section-1 to None, run_after=None
[2023-07-09T16:07:16.385+0000] {logging_mixin.py:149} INFO - [2023-07-09T16:07:16.385+0000] {dag.py:3490} INFO - Setting next_dagrun for example_subdag_operator.section-2 to None, run_after=None
[2023-07-09T16:07:16.391+0000] {logging_mixin.py:149} INFO - [2023-07-09T16:07:16.391+0000] {dag.py:2726} INFO - Sync 2 DAGs
[2023-07-09T16:07:16.396+0000] {logging_mixin.py:149} INFO - [2023-07-09T16:07:16.396+0000] {dag.py:3490} INFO - Setting next_dagrun for example_subdag_operator.section-1 to None, run_after=None
[2023-07-09T16:07:16.397+0000] {logging_mixin.py:149} INFO - [2023-07-09T16:07:16.397+0000] {dag.py:3490} INFO - Setting next_dagrun for example_subdag_operator.section-2 to None, run_after=None
[2023-07-09T16:07:16.409+0000] {processor.py:179} INFO - Processing /home/airflow/.local/lib/python3.7/site-packages/airflow/example_dags/example_subdag_operator.py took 0.107 seconds
[2023-07-09T16:07:46.528+0000] {processor.py:157} INFO - Started process (PID=925) to work on /home/airflow/.local/lib/python3.7/site-packages/airflow/example_dags/example_subdag_operator.py
[2023-07-09T16:07:46.529+0000] {processor.py:826} INFO - Processing file /home/airflow/.local/lib/python3.7/site-packages/airflow/example_dags/example_subdag_operator.py for tasks to queue
[2023-07-09T16:07:46.530+0000] {logging_mixin.py:149} INFO - [2023-07-09T16:07:46.530+0000] {dagbag.py:541} INFO - Filling up the DagBag from /home/airflow/.local/lib/python3.7/site-packages/airflow/example_dags/example_subdag_operator.py
[2023-07-09T16:07:46.550+0000] {processor.py:836} INFO - DAG(s) dict_keys(['example_subdag_operator.section-1', 'example_subdag_operator.section-2', 'example_subdag_operator']) retrieved from /home/airflow/.local/lib/python3.7/site-packages/airflow/example_dags/example_subdag_operator.py
[2023-07-09T16:07:46.562+0000] {logging_mixin.py:149} INFO - [2023-07-09T16:07:46.561+0000] {dag.py:2726} INFO - Sync 3 DAGs
[2023-07-09T16:07:46.580+0000] {logging_mixin.py:149} INFO - [2023-07-09T16:07:46.579+0000] {dag.py:3490} INFO - Setting next_dagrun for example_subdag_operator to 2022-01-01T00:00:00+00:00, run_after=2022-01-01T00:00:00+00:00
[2023-07-09T16:07:46.583+0000] {logging_mixin.py:149} INFO - [2023-07-09T16:07:46.583+0000] {dag.py:3490} INFO - Setting next_dagrun for example_subdag_operator.section-1 to None, run_after=None
[2023-07-09T16:07:46.585+0000] {logging_mixin.py:149} INFO - [2023-07-09T16:07:46.584+0000] {dag.py:3490} INFO - Setting next_dagrun for example_subdag_operator.section-2 to None, run_after=None
[2023-07-09T16:07:46.591+0000] {logging_mixin.py:149} INFO - [2023-07-09T16:07:46.590+0000] {dag.py:2726} INFO - Sync 2 DAGs
[2023-07-09T16:07:46.595+0000] {logging_mixin.py:149} INFO - [2023-07-09T16:07:46.594+0000] {dag.py:3490} INFO - Setting next_dagrun for example_subdag_operator.section-1 to None, run_after=None
[2023-07-09T16:07:46.595+0000] {logging_mixin.py:149} INFO - [2023-07-09T16:07:46.595+0000] {dag.py:3490} INFO - Setting next_dagrun for example_subdag_operator.section-2 to None, run_after=None
[2023-07-09T16:07:46.601+0000] {processor.py:179} INFO - Processing /home/airflow/.local/lib/python3.7/site-packages/airflow/example_dags/example_subdag_operator.py took 0.076 seconds
[2023-07-09T16:08:16.901+0000] {processor.py:157} INFO - Started process (PID=986) to work on /home/airflow/.local/lib/python3.7/site-packages/airflow/example_dags/example_subdag_operator.py
[2023-07-09T16:08:16.902+0000] {processor.py:826} INFO - Processing file /home/airflow/.local/lib/python3.7/site-packages/airflow/example_dags/example_subdag_operator.py for tasks to queue
[2023-07-09T16:08:16.903+0000] {logging_mixin.py:149} INFO - [2023-07-09T16:08:16.902+0000] {dagbag.py:541} INFO - Filling up the DagBag from /home/airflow/.local/lib/python3.7/site-packages/airflow/example_dags/example_subdag_operator.py
[2023-07-09T16:08:16.922+0000] {processor.py:836} INFO - DAG(s) dict_keys(['example_subdag_operator.section-1', 'example_subdag_operator.section-2', 'example_subdag_operator']) retrieved from /home/airflow/.local/lib/python3.7/site-packages/airflow/example_dags/example_subdag_operator.py
[2023-07-09T16:08:16.934+0000] {logging_mixin.py:149} INFO - [2023-07-09T16:08:16.933+0000] {dag.py:2726} INFO - Sync 3 DAGs
[2023-07-09T16:08:16.950+0000] {logging_mixin.py:149} INFO - [2023-07-09T16:08:16.949+0000] {dag.py:3490} INFO - Setting next_dagrun for example_subdag_operator to 2022-01-01T00:00:00+00:00, run_after=2022-01-01T00:00:00+00:00
[2023-07-09T16:08:16.952+0000] {logging_mixin.py:149} INFO - [2023-07-09T16:08:16.952+0000] {dag.py:3490} INFO - Setting next_dagrun for example_subdag_operator.section-1 to None, run_after=None
[2023-07-09T16:08:16.954+0000] {logging_mixin.py:149} INFO - [2023-07-09T16:08:16.954+0000] {dag.py:3490} INFO - Setting next_dagrun for example_subdag_operator.section-2 to None, run_after=None
[2023-07-09T16:08:16.959+0000] {logging_mixin.py:149} INFO - [2023-07-09T16:08:16.959+0000] {dag.py:2726} INFO - Sync 2 DAGs
[2023-07-09T16:08:16.963+0000] {logging_mixin.py:149} INFO - [2023-07-09T16:08:16.963+0000] {dag.py:3490} INFO - Setting next_dagrun for example_subdag_operator.section-1 to None, run_after=None
[2023-07-09T16:08:16.964+0000] {logging_mixin.py:149} INFO - [2023-07-09T16:08:16.964+0000] {dag.py:3490} INFO - Setting next_dagrun for example_subdag_operator.section-2 to None, run_after=None
[2023-07-09T16:08:16.971+0000] {processor.py:179} INFO - Processing /home/airflow/.local/lib/python3.7/site-packages/airflow/example_dags/example_subdag_operator.py took 0.073 seconds
[2023-07-09T16:08:47.817+0000] {processor.py:157} INFO - Started process (PID=1047) to work on /home/airflow/.local/lib/python3.7/site-packages/airflow/example_dags/example_subdag_operator.py
[2023-07-09T16:08:47.819+0000] {processor.py:826} INFO - Processing file /home/airflow/.local/lib/python3.7/site-packages/airflow/example_dags/example_subdag_operator.py for tasks to queue
[2023-07-09T16:08:47.820+0000] {logging_mixin.py:149} INFO - [2023-07-09T16:08:47.820+0000] {dagbag.py:541} INFO - Filling up the DagBag from /home/airflow/.local/lib/python3.7/site-packages/airflow/example_dags/example_subdag_operator.py
[2023-07-09T16:08:47.839+0000] {processor.py:836} INFO - DAG(s) dict_keys(['example_subdag_operator.section-1', 'example_subdag_operator.section-2', 'example_subdag_operator']) retrieved from /home/airflow/.local/lib/python3.7/site-packages/airflow/example_dags/example_subdag_operator.py
[2023-07-09T16:08:47.851+0000] {logging_mixin.py:149} INFO - [2023-07-09T16:08:47.851+0000] {dag.py:2726} INFO - Sync 3 DAGs
[2023-07-09T16:08:47.866+0000] {logging_mixin.py:149} INFO - [2023-07-09T16:08:47.866+0000] {dag.py:3490} INFO - Setting next_dagrun for example_subdag_operator to 2022-01-01T00:00:00+00:00, run_after=2022-01-01T00:00:00+00:00
[2023-07-09T16:08:47.869+0000] {logging_mixin.py:149} INFO - [2023-07-09T16:08:47.869+0000] {dag.py:3490} INFO - Setting next_dagrun for example_subdag_operator.section-1 to None, run_after=None
[2023-07-09T16:08:47.871+0000] {logging_mixin.py:149} INFO - [2023-07-09T16:08:47.870+0000] {dag.py:3490} INFO - Setting next_dagrun for example_subdag_operator.section-2 to None, run_after=None
[2023-07-09T16:08:47.876+0000] {logging_mixin.py:149} INFO - [2023-07-09T16:08:47.876+0000] {dag.py:2726} INFO - Sync 2 DAGs
[2023-07-09T16:08:47.880+0000] {logging_mixin.py:149} INFO - [2023-07-09T16:08:47.879+0000] {dag.py:3490} INFO - Setting next_dagrun for example_subdag_operator.section-1 to None, run_after=None
[2023-07-09T16:08:47.880+0000] {logging_mixin.py:149} INFO - [2023-07-09T16:08:47.880+0000] {dag.py:3490} INFO - Setting next_dagrun for example_subdag_operator.section-2 to None, run_after=None
[2023-07-09T16:08:47.887+0000] {processor.py:179} INFO - Processing /home/airflow/.local/lib/python3.7/site-packages/airflow/example_dags/example_subdag_operator.py took 0.072 seconds
[2023-07-09T16:09:18.147+0000] {processor.py:157} INFO - Started process (PID=1108) to work on /home/airflow/.local/lib/python3.7/site-packages/airflow/example_dags/example_subdag_operator.py
[2023-07-09T16:09:18.148+0000] {processor.py:826} INFO - Processing file /home/airflow/.local/lib/python3.7/site-packages/airflow/example_dags/example_subdag_operator.py for tasks to queue
[2023-07-09T16:09:18.149+0000] {logging_mixin.py:149} INFO - [2023-07-09T16:09:18.149+0000] {dagbag.py:541} INFO - Filling up the DagBag from /home/airflow/.local/lib/python3.7/site-packages/airflow/example_dags/example_subdag_operator.py
[2023-07-09T16:09:18.172+0000] {processor.py:836} INFO - DAG(s) dict_keys(['example_subdag_operator.section-1', 'example_subdag_operator.section-2', 'example_subdag_operator']) retrieved from /home/airflow/.local/lib/python3.7/site-packages/airflow/example_dags/example_subdag_operator.py
[2023-07-09T16:09:18.185+0000] {logging_mixin.py:149} INFO - [2023-07-09T16:09:18.185+0000] {dag.py:2726} INFO - Sync 3 DAGs
[2023-07-09T16:09:18.202+0000] {logging_mixin.py:149} INFO - [2023-07-09T16:09:18.202+0000] {dag.py:3490} INFO - Setting next_dagrun for example_subdag_operator to 2022-01-01T00:00:00+00:00, run_after=2022-01-01T00:00:00+00:00
[2023-07-09T16:09:18.205+0000] {logging_mixin.py:149} INFO - [2023-07-09T16:09:18.205+0000] {dag.py:3490} INFO - Setting next_dagrun for example_subdag_operator.section-1 to None, run_after=None
[2023-07-09T16:09:18.207+0000] {logging_mixin.py:149} INFO - [2023-07-09T16:09:18.207+0000] {dag.py:3490} INFO - Setting next_dagrun for example_subdag_operator.section-2 to None, run_after=None
[2023-07-09T16:09:18.212+0000] {logging_mixin.py:149} INFO - [2023-07-09T16:09:18.212+0000] {dag.py:2726} INFO - Sync 2 DAGs
[2023-07-09T16:09:18.216+0000] {logging_mixin.py:149} INFO - [2023-07-09T16:09:18.216+0000] {dag.py:3490} INFO - Setting next_dagrun for example_subdag_operator.section-1 to None, run_after=None
[2023-07-09T16:09:18.217+0000] {logging_mixin.py:149} INFO - [2023-07-09T16:09:18.216+0000] {dag.py:3490} INFO - Setting next_dagrun for example_subdag_operator.section-2 to None, run_after=None
[2023-07-09T16:09:18.224+0000] {processor.py:179} INFO - Processing /home/airflow/.local/lib/python3.7/site-packages/airflow/example_dags/example_subdag_operator.py took 0.081 seconds
[2023-07-09T16:09:48.438+0000] {processor.py:157} INFO - Started process (PID=1168) to work on /home/airflow/.local/lib/python3.7/site-packages/airflow/example_dags/example_subdag_operator.py
[2023-07-09T16:09:48.440+0000] {processor.py:826} INFO - Processing file /home/airflow/.local/lib/python3.7/site-packages/airflow/example_dags/example_subdag_operator.py for tasks to queue
[2023-07-09T16:09:48.440+0000] {logging_mixin.py:149} INFO - [2023-07-09T16:09:48.440+0000] {dagbag.py:541} INFO - Filling up the DagBag from /home/airflow/.local/lib/python3.7/site-packages/airflow/example_dags/example_subdag_operator.py
[2023-07-09T16:09:48.460+0000] {processor.py:836} INFO - DAG(s) dict_keys(['example_subdag_operator.section-1', 'example_subdag_operator.section-2', 'example_subdag_operator']) retrieved from /home/airflow/.local/lib/python3.7/site-packages/airflow/example_dags/example_subdag_operator.py
[2023-07-09T16:09:48.471+0000] {logging_mixin.py:149} INFO - [2023-07-09T16:09:48.471+0000] {dag.py:2726} INFO - Sync 3 DAGs
[2023-07-09T16:09:48.488+0000] {logging_mixin.py:149} INFO - [2023-07-09T16:09:48.488+0000] {dag.py:3490} INFO - Setting next_dagrun for example_subdag_operator to 2022-01-01T00:00:00+00:00, run_after=2022-01-01T00:00:00+00:00
[2023-07-09T16:09:48.491+0000] {logging_mixin.py:149} INFO - [2023-07-09T16:09:48.491+0000] {dag.py:3490} INFO - Setting next_dagrun for example_subdag_operator.section-1 to None, run_after=None
[2023-07-09T16:09:48.492+0000] {logging_mixin.py:149} INFO - [2023-07-09T16:09:48.492+0000] {dag.py:3490} INFO - Setting next_dagrun for example_subdag_operator.section-2 to None, run_after=None
[2023-07-09T16:09:48.497+0000] {logging_mixin.py:149} INFO - [2023-07-09T16:09:48.497+0000] {dag.py:2726} INFO - Sync 2 DAGs
[2023-07-09T16:09:48.501+0000] {logging_mixin.py:149} INFO - [2023-07-09T16:09:48.501+0000] {dag.py:3490} INFO - Setting next_dagrun for example_subdag_operator.section-1 to None, run_after=None
[2023-07-09T16:09:48.502+0000] {logging_mixin.py:149} INFO - [2023-07-09T16:09:48.502+0000] {dag.py:3490} INFO - Setting next_dagrun for example_subdag_operator.section-2 to None, run_after=None
[2023-07-09T16:09:48.509+0000] {processor.py:179} INFO - Processing /home/airflow/.local/lib/python3.7/site-packages/airflow/example_dags/example_subdag_operator.py took 0.073 seconds
[2023-07-09T16:10:18.944+0000] {processor.py:157} INFO - Started process (PID=1229) to work on /home/airflow/.local/lib/python3.7/site-packages/airflow/example_dags/example_subdag_operator.py
[2023-07-09T16:10:18.945+0000] {processor.py:826} INFO - Processing file /home/airflow/.local/lib/python3.7/site-packages/airflow/example_dags/example_subdag_operator.py for tasks to queue
[2023-07-09T16:10:18.946+0000] {logging_mixin.py:149} INFO - [2023-07-09T16:10:18.946+0000] {dagbag.py:541} INFO - Filling up the DagBag from /home/airflow/.local/lib/python3.7/site-packages/airflow/example_dags/example_subdag_operator.py
[2023-07-09T16:10:18.967+0000] {processor.py:836} INFO - DAG(s) dict_keys(['example_subdag_operator.section-1', 'example_subdag_operator.section-2', 'example_subdag_operator']) retrieved from /home/airflow/.local/lib/python3.7/site-packages/airflow/example_dags/example_subdag_operator.py
[2023-07-09T16:10:18.979+0000] {logging_mixin.py:149} INFO - [2023-07-09T16:10:18.979+0000] {dag.py:2726} INFO - Sync 3 DAGs
[2023-07-09T16:10:18.994+0000] {logging_mixin.py:149} INFO - [2023-07-09T16:10:18.993+0000] {dag.py:3490} INFO - Setting next_dagrun for example_subdag_operator to 2022-01-01T00:00:00+00:00, run_after=2022-01-01T00:00:00+00:00
[2023-07-09T16:10:18.996+0000] {logging_mixin.py:149} INFO - [2023-07-09T16:10:18.996+0000] {dag.py:3490} INFO - Setting next_dagrun for example_subdag_operator.section-1 to None, run_after=None
[2023-07-09T16:10:18.997+0000] {logging_mixin.py:149} INFO - [2023-07-09T16:10:18.997+0000] {dag.py:3490} INFO - Setting next_dagrun for example_subdag_operator.section-2 to None, run_after=None
[2023-07-09T16:10:19.002+0000] {logging_mixin.py:149} INFO - [2023-07-09T16:10:19.002+0000] {dag.py:2726} INFO - Sync 2 DAGs
[2023-07-09T16:10:19.005+0000] {logging_mixin.py:149} INFO - [2023-07-09T16:10:19.005+0000] {dag.py:3490} INFO - Setting next_dagrun for example_subdag_operator.section-1 to None, run_after=None
[2023-07-09T16:10:19.006+0000] {logging_mixin.py:149} INFO - [2023-07-09T16:10:19.006+0000] {dag.py:3490} INFO - Setting next_dagrun for example_subdag_operator.section-2 to None, run_after=None
[2023-07-09T16:10:19.013+0000] {processor.py:179} INFO - Processing /home/airflow/.local/lib/python3.7/site-packages/airflow/example_dags/example_subdag_operator.py took 0.071 seconds
[2023-07-09T16:10:49.193+0000] {processor.py:157} INFO - Started process (PID=1290) to work on /home/airflow/.local/lib/python3.7/site-packages/airflow/example_dags/example_subdag_operator.py
[2023-07-09T16:10:49.194+0000] {processor.py:826} INFO - Processing file /home/airflow/.local/lib/python3.7/site-packages/airflow/example_dags/example_subdag_operator.py for tasks to queue
[2023-07-09T16:10:49.195+0000] {logging_mixin.py:149} INFO - [2023-07-09T16:10:49.195+0000] {dagbag.py:541} INFO - Filling up the DagBag from /home/airflow/.local/lib/python3.7/site-packages/airflow/example_dags/example_subdag_operator.py
[2023-07-09T16:10:49.214+0000] {processor.py:836} INFO - DAG(s) dict_keys(['example_subdag_operator.section-1', 'example_subdag_operator.section-2', 'example_subdag_operator']) retrieved from /home/airflow/.local/lib/python3.7/site-packages/airflow/example_dags/example_subdag_operator.py
[2023-07-09T16:10:49.226+0000] {logging_mixin.py:149} INFO - [2023-07-09T16:10:49.226+0000] {dag.py:2726} INFO - Sync 3 DAGs
[2023-07-09T16:10:49.242+0000] {logging_mixin.py:149} INFO - [2023-07-09T16:10:49.241+0000] {dag.py:3490} INFO - Setting next_dagrun for example_subdag_operator to 2022-01-01T00:00:00+00:00, run_after=2022-01-01T00:00:00+00:00
[2023-07-09T16:10:49.244+0000] {logging_mixin.py:149} INFO - [2023-07-09T16:10:49.244+0000] {dag.py:3490} INFO - Setting next_dagrun for example_subdag_operator.section-1 to None, run_after=None
[2023-07-09T16:10:49.246+0000] {logging_mixin.py:149} INFO - [2023-07-09T16:10:49.246+0000] {dag.py:3490} INFO - Setting next_dagrun for example_subdag_operator.section-2 to None, run_after=None
[2023-07-09T16:10:49.251+0000] {logging_mixin.py:149} INFO - [2023-07-09T16:10:49.251+0000] {dag.py:2726} INFO - Sync 2 DAGs
[2023-07-09T16:10:49.255+0000] {logging_mixin.py:149} INFO - [2023-07-09T16:10:49.255+0000] {dag.py:3490} INFO - Setting next_dagrun for example_subdag_operator.section-1 to None, run_after=None
[2023-07-09T16:10:49.255+0000] {logging_mixin.py:149} INFO - [2023-07-09T16:10:49.255+0000] {dag.py:3490} INFO - Setting next_dagrun for example_subdag_operator.section-2 to None, run_after=None
[2023-07-09T16:10:49.262+0000] {processor.py:179} INFO - Processing /home/airflow/.local/lib/python3.7/site-packages/airflow/example_dags/example_subdag_operator.py took 0.072 seconds
[2023-07-09T16:11:19.552+0000] {processor.py:157} INFO - Started process (PID=1352) to work on /home/airflow/.local/lib/python3.7/site-packages/airflow/example_dags/example_subdag_operator.py
[2023-07-09T16:11:19.554+0000] {processor.py:826} INFO - Processing file /home/airflow/.local/lib/python3.7/site-packages/airflow/example_dags/example_subdag_operator.py for tasks to queue
[2023-07-09T16:11:19.555+0000] {logging_mixin.py:149} INFO - [2023-07-09T16:11:19.554+0000] {dagbag.py:541} INFO - Filling up the DagBag from /home/airflow/.local/lib/python3.7/site-packages/airflow/example_dags/example_subdag_operator.py
[2023-07-09T16:11:19.576+0000] {processor.py:836} INFO - DAG(s) dict_keys(['example_subdag_operator.section-1', 'example_subdag_operator.section-2', 'example_subdag_operator']) retrieved from /home/airflow/.local/lib/python3.7/site-packages/airflow/example_dags/example_subdag_operator.py
[2023-07-09T16:11:19.594+0000] {logging_mixin.py:149} INFO - [2023-07-09T16:11:19.594+0000] {dag.py:2726} INFO - Sync 3 DAGs
[2023-07-09T16:11:19.616+0000] {logging_mixin.py:149} INFO - [2023-07-09T16:11:19.616+0000] {dag.py:3490} INFO - Setting next_dagrun for example_subdag_operator to 2022-01-01T00:00:00+00:00, run_after=2022-01-01T00:00:00+00:00
[2023-07-09T16:11:19.621+0000] {logging_mixin.py:149} INFO - [2023-07-09T16:11:19.620+0000] {dag.py:3490} INFO - Setting next_dagrun for example_subdag_operator.section-1 to None, run_after=None
[2023-07-09T16:11:19.623+0000] {logging_mixin.py:149} INFO - [2023-07-09T16:11:19.623+0000] {dag.py:3490} INFO - Setting next_dagrun for example_subdag_operator.section-2 to None, run_after=None
[2023-07-09T16:11:19.631+0000] {logging_mixin.py:149} INFO - [2023-07-09T16:11:19.631+0000] {dag.py:2726} INFO - Sync 2 DAGs
[2023-07-09T16:11:19.636+0000] {logging_mixin.py:149} INFO - [2023-07-09T16:11:19.636+0000] {dag.py:3490} INFO - Setting next_dagrun for example_subdag_operator.section-1 to None, run_after=None
[2023-07-09T16:11:19.637+0000] {logging_mixin.py:149} INFO - [2023-07-09T16:11:19.637+0000] {dag.py:3490} INFO - Setting next_dagrun for example_subdag_operator.section-2 to None, run_after=None
[2023-07-09T16:11:19.647+0000] {processor.py:179} INFO - Processing /home/airflow/.local/lib/python3.7/site-packages/airflow/example_dags/example_subdag_operator.py took 0.097 seconds
[2023-07-09T16:11:50.015+0000] {processor.py:157} INFO - Started process (PID=1413) to work on /home/airflow/.local/lib/python3.7/site-packages/airflow/example_dags/example_subdag_operator.py
[2023-07-09T16:11:50.017+0000] {processor.py:826} INFO - Processing file /home/airflow/.local/lib/python3.7/site-packages/airflow/example_dags/example_subdag_operator.py for tasks to queue
[2023-07-09T16:11:50.019+0000] {logging_mixin.py:149} INFO - [2023-07-09T16:11:50.018+0000] {dagbag.py:541} INFO - Filling up the DagBag from /home/airflow/.local/lib/python3.7/site-packages/airflow/example_dags/example_subdag_operator.py
[2023-07-09T16:11:50.043+0000] {processor.py:836} INFO - DAG(s) dict_keys(['example_subdag_operator.section-1', 'example_subdag_operator.section-2', 'example_subdag_operator']) retrieved from /home/airflow/.local/lib/python3.7/site-packages/airflow/example_dags/example_subdag_operator.py
[2023-07-09T16:11:50.057+0000] {logging_mixin.py:149} INFO - [2023-07-09T16:11:50.057+0000] {dag.py:2726} INFO - Sync 3 DAGs
[2023-07-09T16:11:50.076+0000] {logging_mixin.py:149} INFO - [2023-07-09T16:11:50.075+0000] {dag.py:3490} INFO - Setting next_dagrun for example_subdag_operator to 2022-01-01T00:00:00+00:00, run_after=2022-01-01T00:00:00+00:00
[2023-07-09T16:11:50.079+0000] {logging_mixin.py:149} INFO - [2023-07-09T16:11:50.079+0000] {dag.py:3490} INFO - Setting next_dagrun for example_subdag_operator.section-1 to None, run_after=None
[2023-07-09T16:11:50.081+0000] {logging_mixin.py:149} INFO - [2023-07-09T16:11:50.081+0000] {dag.py:3490} INFO - Setting next_dagrun for example_subdag_operator.section-2 to None, run_after=None
[2023-07-09T16:11:50.089+0000] {logging_mixin.py:149} INFO - [2023-07-09T16:11:50.088+0000] {dag.py:2726} INFO - Sync 2 DAGs
[2023-07-09T16:11:50.093+0000] {logging_mixin.py:149} INFO - [2023-07-09T16:11:50.093+0000] {dag.py:3490} INFO - Setting next_dagrun for example_subdag_operator.section-1 to None, run_after=None
[2023-07-09T16:11:50.094+0000] {logging_mixin.py:149} INFO - [2023-07-09T16:11:50.094+0000] {dag.py:3490} INFO - Setting next_dagrun for example_subdag_operator.section-2 to None, run_after=None
[2023-07-09T16:11:50.104+0000] {processor.py:179} INFO - Processing /home/airflow/.local/lib/python3.7/site-packages/airflow/example_dags/example_subdag_operator.py took 0.093 seconds
[2023-07-09T16:12:20.366+0000] {processor.py:157} INFO - Started process (PID=1474) to work on /home/airflow/.local/lib/python3.7/site-packages/airflow/example_dags/example_subdag_operator.py
[2023-07-09T16:12:20.367+0000] {processor.py:826} INFO - Processing file /home/airflow/.local/lib/python3.7/site-packages/airflow/example_dags/example_subdag_operator.py for tasks to queue
[2023-07-09T16:12:20.367+0000] {logging_mixin.py:149} INFO - [2023-07-09T16:12:20.367+0000] {dagbag.py:541} INFO - Filling up the DagBag from /home/airflow/.local/lib/python3.7/site-packages/airflow/example_dags/example_subdag_operator.py
[2023-07-09T16:12:20.386+0000] {processor.py:836} INFO - DAG(s) dict_keys(['example_subdag_operator.section-1', 'example_subdag_operator.section-2', 'example_subdag_operator']) retrieved from /home/airflow/.local/lib/python3.7/site-packages/airflow/example_dags/example_subdag_operator.py
[2023-07-09T16:12:20.398+0000] {logging_mixin.py:149} INFO - [2023-07-09T16:12:20.398+0000] {dag.py:2726} INFO - Sync 3 DAGs
[2023-07-09T16:12:20.414+0000] {logging_mixin.py:149} INFO - [2023-07-09T16:12:20.414+0000] {dag.py:3490} INFO - Setting next_dagrun for example_subdag_operator to 2022-01-01T00:00:00+00:00, run_after=2022-01-01T00:00:00+00:00
[2023-07-09T16:12:20.416+0000] {logging_mixin.py:149} INFO - [2023-07-09T16:12:20.416+0000] {dag.py:3490} INFO - Setting next_dagrun for example_subdag_operator.section-1 to None, run_after=None
[2023-07-09T16:12:20.418+0000] {logging_mixin.py:149} INFO - [2023-07-09T16:12:20.418+0000] {dag.py:3490} INFO - Setting next_dagrun for example_subdag_operator.section-2 to None, run_after=None
[2023-07-09T16:12:20.423+0000] {logging_mixin.py:149} INFO - [2023-07-09T16:12:20.423+0000] {dag.py:2726} INFO - Sync 2 DAGs
[2023-07-09T16:12:20.427+0000] {logging_mixin.py:149} INFO - [2023-07-09T16:12:20.427+0000] {dag.py:3490} INFO - Setting next_dagrun for example_subdag_operator.section-1 to None, run_after=None
[2023-07-09T16:12:20.428+0000] {logging_mixin.py:149} INFO - [2023-07-09T16:12:20.428+0000] {dag.py:3490} INFO - Setting next_dagrun for example_subdag_operator.section-2 to None, run_after=None
[2023-07-09T16:12:20.435+0000] {processor.py:179} INFO - Processing /home/airflow/.local/lib/python3.7/site-packages/airflow/example_dags/example_subdag_operator.py took 0.072 seconds
[2023-07-09T16:12:50.579+0000] {processor.py:157} INFO - Started process (PID=1535) to work on /home/airflow/.local/lib/python3.7/site-packages/airflow/example_dags/example_subdag_operator.py
[2023-07-09T16:12:50.580+0000] {processor.py:826} INFO - Processing file /home/airflow/.local/lib/python3.7/site-packages/airflow/example_dags/example_subdag_operator.py for tasks to queue
[2023-07-09T16:12:50.581+0000] {logging_mixin.py:149} INFO - [2023-07-09T16:12:50.580+0000] {dagbag.py:541} INFO - Filling up the DagBag from /home/airflow/.local/lib/python3.7/site-packages/airflow/example_dags/example_subdag_operator.py
[2023-07-09T16:12:50.600+0000] {processor.py:836} INFO - DAG(s) dict_keys(['example_subdag_operator.section-1', 'example_subdag_operator.section-2', 'example_subdag_operator']) retrieved from /home/airflow/.local/lib/python3.7/site-packages/airflow/example_dags/example_subdag_operator.py
[2023-07-09T16:12:50.612+0000] {logging_mixin.py:149} INFO - [2023-07-09T16:12:50.611+0000] {dag.py:2726} INFO - Sync 3 DAGs
[2023-07-09T16:12:50.628+0000] {logging_mixin.py:149} INFO - [2023-07-09T16:12:50.628+0000] {dag.py:3490} INFO - Setting next_dagrun for example_subdag_operator to 2022-01-01T00:00:00+00:00, run_after=2022-01-01T00:00:00+00:00
[2023-07-09T16:12:50.630+0000] {logging_mixin.py:149} INFO - [2023-07-09T16:12:50.630+0000] {dag.py:3490} INFO - Setting next_dagrun for example_subdag_operator.section-1 to None, run_after=None
[2023-07-09T16:12:50.632+0000] {logging_mixin.py:149} INFO - [2023-07-09T16:12:50.632+0000] {dag.py:3490} INFO - Setting next_dagrun for example_subdag_operator.section-2 to None, run_after=None
[2023-07-09T16:12:50.637+0000] {logging_mixin.py:149} INFO - [2023-07-09T16:12:50.637+0000] {dag.py:2726} INFO - Sync 2 DAGs
[2023-07-09T16:12:50.641+0000] {logging_mixin.py:149} INFO - [2023-07-09T16:12:50.641+0000] {dag.py:3490} INFO - Setting next_dagrun for example_subdag_operator.section-1 to None, run_after=None
[2023-07-09T16:12:50.642+0000] {logging_mixin.py:149} INFO - [2023-07-09T16:12:50.642+0000] {dag.py:3490} INFO - Setting next_dagrun for example_subdag_operator.section-2 to None, run_after=None
[2023-07-09T16:12:50.649+0000] {processor.py:179} INFO - Processing /home/airflow/.local/lib/python3.7/site-packages/airflow/example_dags/example_subdag_operator.py took 0.073 seconds
[2023-07-09T16:13:21.060+0000] {processor.py:157} INFO - Started process (PID=1596) to work on /home/airflow/.local/lib/python3.7/site-packages/airflow/example_dags/example_subdag_operator.py
[2023-07-09T16:13:21.062+0000] {processor.py:826} INFO - Processing file /home/airflow/.local/lib/python3.7/site-packages/airflow/example_dags/example_subdag_operator.py for tasks to queue
[2023-07-09T16:13:21.062+0000] {logging_mixin.py:149} INFO - [2023-07-09T16:13:21.062+0000] {dagbag.py:541} INFO - Filling up the DagBag from /home/airflow/.local/lib/python3.7/site-packages/airflow/example_dags/example_subdag_operator.py
[2023-07-09T16:13:21.083+0000] {processor.py:836} INFO - DAG(s) dict_keys(['example_subdag_operator.section-1', 'example_subdag_operator.section-2', 'example_subdag_operator']) retrieved from /home/airflow/.local/lib/python3.7/site-packages/airflow/example_dags/example_subdag_operator.py
[2023-07-09T16:13:21.096+0000] {logging_mixin.py:149} INFO - [2023-07-09T16:13:21.096+0000] {dag.py:2726} INFO - Sync 3 DAGs
[2023-07-09T16:13:21.112+0000] {logging_mixin.py:149} INFO - [2023-07-09T16:13:21.112+0000] {dag.py:3490} INFO - Setting next_dagrun for example_subdag_operator to 2022-01-01T00:00:00+00:00, run_after=2022-01-01T00:00:00+00:00
[2023-07-09T16:13:21.115+0000] {logging_mixin.py:149} INFO - [2023-07-09T16:13:21.115+0000] {dag.py:3490} INFO - Setting next_dagrun for example_subdag_operator.section-1 to None, run_after=None
[2023-07-09T16:13:21.116+0000] {logging_mixin.py:149} INFO - [2023-07-09T16:13:21.116+0000] {dag.py:3490} INFO - Setting next_dagrun for example_subdag_operator.section-2 to None, run_after=None
[2023-07-09T16:13:21.122+0000] {logging_mixin.py:149} INFO - [2023-07-09T16:13:21.122+0000] {dag.py:2726} INFO - Sync 2 DAGs
[2023-07-09T16:13:21.126+0000] {logging_mixin.py:149} INFO - [2023-07-09T16:13:21.125+0000] {dag.py:3490} INFO - Setting next_dagrun for example_subdag_operator.section-1 to None, run_after=None
[2023-07-09T16:13:21.126+0000] {logging_mixin.py:149} INFO - [2023-07-09T16:13:21.126+0000] {dag.py:3490} INFO - Setting next_dagrun for example_subdag_operator.section-2 to None, run_after=None
[2023-07-09T16:13:21.133+0000] {processor.py:179} INFO - Processing /home/airflow/.local/lib/python3.7/site-packages/airflow/example_dags/example_subdag_operator.py took 0.077 seconds
[2023-07-09T16:13:52.049+0000] {processor.py:157} INFO - Started process (PID=1657) to work on /home/airflow/.local/lib/python3.7/site-packages/airflow/example_dags/example_subdag_operator.py
[2023-07-09T16:13:52.051+0000] {processor.py:826} INFO - Processing file /home/airflow/.local/lib/python3.7/site-packages/airflow/example_dags/example_subdag_operator.py for tasks to queue
[2023-07-09T16:13:52.052+0000] {logging_mixin.py:149} INFO - [2023-07-09T16:13:52.052+0000] {dagbag.py:541} INFO - Filling up the DagBag from /home/airflow/.local/lib/python3.7/site-packages/airflow/example_dags/example_subdag_operator.py
[2023-07-09T16:13:52.070+0000] {processor.py:836} INFO - DAG(s) dict_keys(['example_subdag_operator.section-1', 'example_subdag_operator.section-2', 'example_subdag_operator']) retrieved from /home/airflow/.local/lib/python3.7/site-packages/airflow/example_dags/example_subdag_operator.py
[2023-07-09T16:13:52.083+0000] {logging_mixin.py:149} INFO - [2023-07-09T16:13:52.083+0000] {dag.py:2726} INFO - Sync 3 DAGs
[2023-07-09T16:13:52.108+0000] {logging_mixin.py:149} INFO - [2023-07-09T16:13:52.108+0000] {dag.py:3490} INFO - Setting next_dagrun for example_subdag_operator to 2022-01-01T00:00:00+00:00, run_after=2022-01-01T00:00:00+00:00
[2023-07-09T16:13:52.112+0000] {logging_mixin.py:149} INFO - [2023-07-09T16:13:52.112+0000] {dag.py:3490} INFO - Setting next_dagrun for example_subdag_operator.section-1 to None, run_after=None
[2023-07-09T16:13:52.114+0000] {logging_mixin.py:149} INFO - [2023-07-09T16:13:52.114+0000] {dag.py:3490} INFO - Setting next_dagrun for example_subdag_operator.section-2 to None, run_after=None
[2023-07-09T16:13:52.122+0000] {logging_mixin.py:149} INFO - [2023-07-09T16:13:52.122+0000] {dag.py:2726} INFO - Sync 2 DAGs
[2023-07-09T16:13:52.127+0000] {logging_mixin.py:149} INFO - [2023-07-09T16:13:52.127+0000] {dag.py:3490} INFO - Setting next_dagrun for example_subdag_operator.section-1 to None, run_after=None
[2023-07-09T16:13:52.128+0000] {logging_mixin.py:149} INFO - [2023-07-09T16:13:52.128+0000] {dag.py:3490} INFO - Setting next_dagrun for example_subdag_operator.section-2 to None, run_after=None
[2023-07-09T16:13:52.140+0000] {processor.py:179} INFO - Processing /home/airflow/.local/lib/python3.7/site-packages/airflow/example_dags/example_subdag_operator.py took 0.094 seconds
[2023-07-09T16:14:22.550+0000] {processor.py:157} INFO - Started process (PID=1718) to work on /home/airflow/.local/lib/python3.7/site-packages/airflow/example_dags/example_subdag_operator.py
[2023-07-09T16:14:22.552+0000] {processor.py:826} INFO - Processing file /home/airflow/.local/lib/python3.7/site-packages/airflow/example_dags/example_subdag_operator.py for tasks to queue
[2023-07-09T16:14:22.553+0000] {logging_mixin.py:149} INFO - [2023-07-09T16:14:22.553+0000] {dagbag.py:541} INFO - Filling up the DagBag from /home/airflow/.local/lib/python3.7/site-packages/airflow/example_dags/example_subdag_operator.py
[2023-07-09T16:14:22.572+0000] {processor.py:836} INFO - DAG(s) dict_keys(['example_subdag_operator.section-1', 'example_subdag_operator.section-2', 'example_subdag_operator']) retrieved from /home/airflow/.local/lib/python3.7/site-packages/airflow/example_dags/example_subdag_operator.py
[2023-07-09T16:14:22.584+0000] {logging_mixin.py:149} INFO - [2023-07-09T16:14:22.584+0000] {dag.py:2726} INFO - Sync 3 DAGs
[2023-07-09T16:14:22.601+0000] {logging_mixin.py:149} INFO - [2023-07-09T16:14:22.601+0000] {dag.py:3490} INFO - Setting next_dagrun for example_subdag_operator to 2022-01-01T00:00:00+00:00, run_after=2022-01-01T00:00:00+00:00
[2023-07-09T16:14:22.604+0000] {logging_mixin.py:149} INFO - [2023-07-09T16:14:22.604+0000] {dag.py:3490} INFO - Setting next_dagrun for example_subdag_operator.section-1 to None, run_after=None
[2023-07-09T16:14:22.605+0000] {logging_mixin.py:149} INFO - [2023-07-09T16:14:22.605+0000] {dag.py:3490} INFO - Setting next_dagrun for example_subdag_operator.section-2 to None, run_after=None
[2023-07-09T16:14:22.611+0000] {logging_mixin.py:149} INFO - [2023-07-09T16:14:22.611+0000] {dag.py:2726} INFO - Sync 2 DAGs
[2023-07-09T16:14:22.615+0000] {logging_mixin.py:149} INFO - [2023-07-09T16:14:22.614+0000] {dag.py:3490} INFO - Setting next_dagrun for example_subdag_operator.section-1 to None, run_after=None
[2023-07-09T16:14:22.615+0000] {logging_mixin.py:149} INFO - [2023-07-09T16:14:22.615+0000] {dag.py:3490} INFO - Setting next_dagrun for example_subdag_operator.section-2 to None, run_after=None
[2023-07-09T16:14:22.624+0000] {processor.py:179} INFO - Processing /home/airflow/.local/lib/python3.7/site-packages/airflow/example_dags/example_subdag_operator.py took 0.077 seconds
[2023-07-09T16:14:53.183+0000] {processor.py:157} INFO - Started process (PID=1779) to work on /home/airflow/.local/lib/python3.7/site-packages/airflow/example_dags/example_subdag_operator.py
[2023-07-09T16:14:53.185+0000] {processor.py:826} INFO - Processing file /home/airflow/.local/lib/python3.7/site-packages/airflow/example_dags/example_subdag_operator.py for tasks to queue
[2023-07-09T16:14:53.186+0000] {logging_mixin.py:149} INFO - [2023-07-09T16:14:53.186+0000] {dagbag.py:541} INFO - Filling up the DagBag from /home/airflow/.local/lib/python3.7/site-packages/airflow/example_dags/example_subdag_operator.py
[2023-07-09T16:14:53.205+0000] {processor.py:836} INFO - DAG(s) dict_keys(['example_subdag_operator.section-1', 'example_subdag_operator.section-2', 'example_subdag_operator']) retrieved from /home/airflow/.local/lib/python3.7/site-packages/airflow/example_dags/example_subdag_operator.py
[2023-07-09T16:14:53.218+0000] {logging_mixin.py:149} INFO - [2023-07-09T16:14:53.218+0000] {dag.py:2726} INFO - Sync 3 DAGs
[2023-07-09T16:14:53.234+0000] {logging_mixin.py:149} INFO - [2023-07-09T16:14:53.234+0000] {dag.py:3490} INFO - Setting next_dagrun for example_subdag_operator to 2022-01-01T00:00:00+00:00, run_after=2022-01-01T00:00:00+00:00
[2023-07-09T16:14:53.237+0000] {logging_mixin.py:149} INFO - [2023-07-09T16:14:53.237+0000] {dag.py:3490} INFO - Setting next_dagrun for example_subdag_operator.section-1 to None, run_after=None
[2023-07-09T16:14:53.238+0000] {logging_mixin.py:149} INFO - [2023-07-09T16:14:53.238+0000] {dag.py:3490} INFO - Setting next_dagrun for example_subdag_operator.section-2 to None, run_after=None
[2023-07-09T16:14:53.243+0000] {logging_mixin.py:149} INFO - [2023-07-09T16:14:53.243+0000] {dag.py:2726} INFO - Sync 2 DAGs
[2023-07-09T16:14:53.248+0000] {logging_mixin.py:149} INFO - [2023-07-09T16:14:53.247+0000] {dag.py:3490} INFO - Setting next_dagrun for example_subdag_operator.section-1 to None, run_after=None
[2023-07-09T16:14:53.248+0000] {logging_mixin.py:149} INFO - [2023-07-09T16:14:53.248+0000] {dag.py:3490} INFO - Setting next_dagrun for example_subdag_operator.section-2 to None, run_after=None
[2023-07-09T16:14:53.257+0000] {processor.py:179} INFO - Processing /home/airflow/.local/lib/python3.7/site-packages/airflow/example_dags/example_subdag_operator.py took 0.076 seconds
[2023-07-09T16:15:23.754+0000] {processor.py:157} INFO - Started process (PID=1840) to work on /home/airflow/.local/lib/python3.7/site-packages/airflow/example_dags/example_subdag_operator.py
[2023-07-09T16:15:23.756+0000] {processor.py:826} INFO - Processing file /home/airflow/.local/lib/python3.7/site-packages/airflow/example_dags/example_subdag_operator.py for tasks to queue
[2023-07-09T16:15:23.756+0000] {logging_mixin.py:149} INFO - [2023-07-09T16:15:23.756+0000] {dagbag.py:541} INFO - Filling up the DagBag from /home/airflow/.local/lib/python3.7/site-packages/airflow/example_dags/example_subdag_operator.py
[2023-07-09T16:15:23.777+0000] {processor.py:836} INFO - DAG(s) dict_keys(['example_subdag_operator.section-1', 'example_subdag_operator.section-2', 'example_subdag_operator']) retrieved from /home/airflow/.local/lib/python3.7/site-packages/airflow/example_dags/example_subdag_operator.py
[2023-07-09T16:15:23.790+0000] {logging_mixin.py:149} INFO - [2023-07-09T16:15:23.790+0000] {dag.py:2726} INFO - Sync 3 DAGs
[2023-07-09T16:15:23.808+0000] {logging_mixin.py:149} INFO - [2023-07-09T16:15:23.808+0000] {dag.py:3490} INFO - Setting next_dagrun for example_subdag_operator to 2022-01-01T00:00:00+00:00, run_after=2022-01-01T00:00:00+00:00
[2023-07-09T16:15:23.810+0000] {logging_mixin.py:149} INFO - [2023-07-09T16:15:23.810+0000] {dag.py:3490} INFO - Setting next_dagrun for example_subdag_operator.section-1 to None, run_after=None
[2023-07-09T16:15:23.812+0000] {logging_mixin.py:149} INFO - [2023-07-09T16:15:23.812+0000] {dag.py:3490} INFO - Setting next_dagrun for example_subdag_operator.section-2 to None, run_after=None
[2023-07-09T16:15:23.818+0000] {logging_mixin.py:149} INFO - [2023-07-09T16:15:23.818+0000] {dag.py:2726} INFO - Sync 2 DAGs
[2023-07-09T16:15:23.823+0000] {logging_mixin.py:149} INFO - [2023-07-09T16:15:23.822+0000] {dag.py:3490} INFO - Setting next_dagrun for example_subdag_operator.section-1 to None, run_after=None
[2023-07-09T16:15:23.823+0000] {logging_mixin.py:149} INFO - [2023-07-09T16:15:23.823+0000] {dag.py:3490} INFO - Setting next_dagrun for example_subdag_operator.section-2 to None, run_after=None
[2023-07-09T16:15:23.832+0000] {processor.py:179} INFO - Processing /home/airflow/.local/lib/python3.7/site-packages/airflow/example_dags/example_subdag_operator.py took 0.080 seconds
[2023-07-09T16:15:54.545+0000] {processor.py:157} INFO - Started process (PID=1901) to work on /home/airflow/.local/lib/python3.7/site-packages/airflow/example_dags/example_subdag_operator.py
[2023-07-09T16:15:54.546+0000] {processor.py:826} INFO - Processing file /home/airflow/.local/lib/python3.7/site-packages/airflow/example_dags/example_subdag_operator.py for tasks to queue
[2023-07-09T16:15:54.547+0000] {logging_mixin.py:149} INFO - [2023-07-09T16:15:54.547+0000] {dagbag.py:541} INFO - Filling up the DagBag from /home/airflow/.local/lib/python3.7/site-packages/airflow/example_dags/example_subdag_operator.py
[2023-07-09T16:15:54.566+0000] {processor.py:836} INFO - DAG(s) dict_keys(['example_subdag_operator.section-1', 'example_subdag_operator.section-2', 'example_subdag_operator']) retrieved from /home/airflow/.local/lib/python3.7/site-packages/airflow/example_dags/example_subdag_operator.py
[2023-07-09T16:15:54.579+0000] {logging_mixin.py:149} INFO - [2023-07-09T16:15:54.579+0000] {dag.py:2726} INFO - Sync 3 DAGs
[2023-07-09T16:15:54.596+0000] {logging_mixin.py:149} INFO - [2023-07-09T16:15:54.596+0000] {dag.py:3490} INFO - Setting next_dagrun for example_subdag_operator to 2022-01-01T00:00:00+00:00, run_after=2022-01-01T00:00:00+00:00
[2023-07-09T16:15:54.599+0000] {logging_mixin.py:149} INFO - [2023-07-09T16:15:54.599+0000] {dag.py:3490} INFO - Setting next_dagrun for example_subdag_operator.section-1 to None, run_after=None
[2023-07-09T16:15:54.600+0000] {logging_mixin.py:149} INFO - [2023-07-09T16:15:54.600+0000] {dag.py:3490} INFO - Setting next_dagrun for example_subdag_operator.section-2 to None, run_after=None
[2023-07-09T16:15:54.605+0000] {logging_mixin.py:149} INFO - [2023-07-09T16:15:54.604+0000] {dag.py:2726} INFO - Sync 2 DAGs
[2023-07-09T16:15:54.608+0000] {logging_mixin.py:149} INFO - [2023-07-09T16:15:54.608+0000] {dag.py:3490} INFO - Setting next_dagrun for example_subdag_operator.section-1 to None, run_after=None
[2023-07-09T16:15:54.609+0000] {logging_mixin.py:149} INFO - [2023-07-09T16:15:54.609+0000] {dag.py:3490} INFO - Setting next_dagrun for example_subdag_operator.section-2 to None, run_after=None
[2023-07-09T16:15:54.616+0000] {processor.py:179} INFO - Processing /home/airflow/.local/lib/python3.7/site-packages/airflow/example_dags/example_subdag_operator.py took 0.074 seconds
[2023-07-09T16:16:25.560+0000] {processor.py:157} INFO - Started process (PID=1962) to work on /home/airflow/.local/lib/python3.7/site-packages/airflow/example_dags/example_subdag_operator.py
[2023-07-09T16:16:25.561+0000] {processor.py:826} INFO - Processing file /home/airflow/.local/lib/python3.7/site-packages/airflow/example_dags/example_subdag_operator.py for tasks to queue
[2023-07-09T16:16:25.562+0000] {logging_mixin.py:149} INFO - [2023-07-09T16:16:25.562+0000] {dagbag.py:541} INFO - Filling up the DagBag from /home/airflow/.local/lib/python3.7/site-packages/airflow/example_dags/example_subdag_operator.py
[2023-07-09T16:16:25.581+0000] {processor.py:836} INFO - DAG(s) dict_keys(['example_subdag_operator.section-1', 'example_subdag_operator.section-2', 'example_subdag_operator']) retrieved from /home/airflow/.local/lib/python3.7/site-packages/airflow/example_dags/example_subdag_operator.py
[2023-07-09T16:16:25.595+0000] {logging_mixin.py:149} INFO - [2023-07-09T16:16:25.595+0000] {dag.py:2726} INFO - Sync 3 DAGs
[2023-07-09T16:16:25.613+0000] {logging_mixin.py:149} INFO - [2023-07-09T16:16:25.613+0000] {dag.py:3490} INFO - Setting next_dagrun for example_subdag_operator to 2022-01-01T00:00:00+00:00, run_after=2022-01-01T00:00:00+00:00
[2023-07-09T16:16:25.616+0000] {logging_mixin.py:149} INFO - [2023-07-09T16:16:25.616+0000] {dag.py:3490} INFO - Setting next_dagrun for example_subdag_operator.section-1 to None, run_after=None
[2023-07-09T16:16:25.617+0000] {logging_mixin.py:149} INFO - [2023-07-09T16:16:25.617+0000] {dag.py:3490} INFO - Setting next_dagrun for example_subdag_operator.section-2 to None, run_after=None
[2023-07-09T16:16:25.622+0000] {logging_mixin.py:149} INFO - [2023-07-09T16:16:25.622+0000] {dag.py:2726} INFO - Sync 2 DAGs
[2023-07-09T16:16:25.627+0000] {logging_mixin.py:149} INFO - [2023-07-09T16:16:25.627+0000] {dag.py:3490} INFO - Setting next_dagrun for example_subdag_operator.section-1 to None, run_after=None
[2023-07-09T16:16:25.628+0000] {logging_mixin.py:149} INFO - [2023-07-09T16:16:25.628+0000] {dag.py:3490} INFO - Setting next_dagrun for example_subdag_operator.section-2 to None, run_after=None
[2023-07-09T16:16:25.636+0000] {processor.py:179} INFO - Processing /home/airflow/.local/lib/python3.7/site-packages/airflow/example_dags/example_subdag_operator.py took 0.079 seconds
[2023-07-09T16:16:56.003+0000] {processor.py:157} INFO - Started process (PID=2024) to work on /home/airflow/.local/lib/python3.7/site-packages/airflow/example_dags/example_subdag_operator.py
[2023-07-09T16:16:56.004+0000] {processor.py:826} INFO - Processing file /home/airflow/.local/lib/python3.7/site-packages/airflow/example_dags/example_subdag_operator.py for tasks to queue
[2023-07-09T16:16:56.005+0000] {logging_mixin.py:149} INFO - [2023-07-09T16:16:56.005+0000] {dagbag.py:541} INFO - Filling up the DagBag from /home/airflow/.local/lib/python3.7/site-packages/airflow/example_dags/example_subdag_operator.py
[2023-07-09T16:16:56.026+0000] {processor.py:836} INFO - DAG(s) dict_keys(['example_subdag_operator.section-1', 'example_subdag_operator.section-2', 'example_subdag_operator']) retrieved from /home/airflow/.local/lib/python3.7/site-packages/airflow/example_dags/example_subdag_operator.py
[2023-07-09T16:16:56.044+0000] {logging_mixin.py:149} INFO - [2023-07-09T16:16:56.044+0000] {dag.py:2726} INFO - Sync 3 DAGs
[2023-07-09T16:16:56.067+0000] {logging_mixin.py:149} INFO - [2023-07-09T16:16:56.066+0000] {dag.py:3490} INFO - Setting next_dagrun for example_subdag_operator to 2022-01-01T00:00:00+00:00, run_after=2022-01-01T00:00:00+00:00
[2023-07-09T16:16:56.070+0000] {logging_mixin.py:149} INFO - [2023-07-09T16:16:56.070+0000] {dag.py:3490} INFO - Setting next_dagrun for example_subdag_operator.section-1 to None, run_after=None
[2023-07-09T16:16:56.072+0000] {logging_mixin.py:149} INFO - [2023-07-09T16:16:56.072+0000] {dag.py:3490} INFO - Setting next_dagrun for example_subdag_operator.section-2 to None, run_after=None
[2023-07-09T16:16:56.078+0000] {logging_mixin.py:149} INFO - [2023-07-09T16:16:56.077+0000] {dag.py:2726} INFO - Sync 2 DAGs
[2023-07-09T16:16:56.083+0000] {logging_mixin.py:149} INFO - [2023-07-09T16:16:56.083+0000] {dag.py:3490} INFO - Setting next_dagrun for example_subdag_operator.section-1 to None, run_after=None
[2023-07-09T16:16:56.084+0000] {logging_mixin.py:149} INFO - [2023-07-09T16:16:56.084+0000] {dag.py:3490} INFO - Setting next_dagrun for example_subdag_operator.section-2 to None, run_after=None
[2023-07-09T16:16:56.093+0000] {processor.py:179} INFO - Processing /home/airflow/.local/lib/python3.7/site-packages/airflow/example_dags/example_subdag_operator.py took 0.093 seconds
[2023-07-09T16:17:26.197+0000] {processor.py:157} INFO - Started process (PID=2084) to work on /home/airflow/.local/lib/python3.7/site-packages/airflow/example_dags/example_subdag_operator.py
[2023-07-09T16:17:26.199+0000] {processor.py:826} INFO - Processing file /home/airflow/.local/lib/python3.7/site-packages/airflow/example_dags/example_subdag_operator.py for tasks to queue
[2023-07-09T16:17:26.205+0000] {logging_mixin.py:149} INFO - [2023-07-09T16:17:26.205+0000] {dagbag.py:541} INFO - Filling up the DagBag from /home/airflow/.local/lib/python3.7/site-packages/airflow/example_dags/example_subdag_operator.py
[2023-07-09T16:17:26.240+0000] {processor.py:836} INFO - DAG(s) dict_keys(['example_subdag_operator.section-1', 'example_subdag_operator.section-2', 'example_subdag_operator']) retrieved from /home/airflow/.local/lib/python3.7/site-packages/airflow/example_dags/example_subdag_operator.py
[2023-07-09T16:17:26.267+0000] {logging_mixin.py:149} INFO - [2023-07-09T16:17:26.267+0000] {dag.py:2726} INFO - Sync 3 DAGs
[2023-07-09T16:17:26.293+0000] {logging_mixin.py:149} INFO - [2023-07-09T16:17:26.293+0000] {dag.py:3490} INFO - Setting next_dagrun for example_subdag_operator to 2022-01-01T00:00:00+00:00, run_after=2022-01-01T00:00:00+00:00
[2023-07-09T16:17:26.297+0000] {logging_mixin.py:149} INFO - [2023-07-09T16:17:26.297+0000] {dag.py:3490} INFO - Setting next_dagrun for example_subdag_operator.section-1 to None, run_after=None
[2023-07-09T16:17:26.299+0000] {logging_mixin.py:149} INFO - [2023-07-09T16:17:26.298+0000] {dag.py:3490} INFO - Setting next_dagrun for example_subdag_operator.section-2 to None, run_after=None
[2023-07-09T16:17:26.306+0000] {logging_mixin.py:149} INFO - [2023-07-09T16:17:26.306+0000] {dag.py:2726} INFO - Sync 2 DAGs
[2023-07-09T16:17:26.310+0000] {logging_mixin.py:149} INFO - [2023-07-09T16:17:26.310+0000] {dag.py:3490} INFO - Setting next_dagrun for example_subdag_operator.section-1 to None, run_after=None
[2023-07-09T16:17:26.311+0000] {logging_mixin.py:149} INFO - [2023-07-09T16:17:26.311+0000] {dag.py:3490} INFO - Setting next_dagrun for example_subdag_operator.section-2 to None, run_after=None
[2023-07-09T16:17:26.320+0000] {processor.py:179} INFO - Processing /home/airflow/.local/lib/python3.7/site-packages/airflow/example_dags/example_subdag_operator.py took 0.130 seconds
[2023-07-09T16:17:56.798+0000] {processor.py:157} INFO - Started process (PID=2145) to work on /home/airflow/.local/lib/python3.7/site-packages/airflow/example_dags/example_subdag_operator.py
[2023-07-09T16:17:56.800+0000] {processor.py:826} INFO - Processing file /home/airflow/.local/lib/python3.7/site-packages/airflow/example_dags/example_subdag_operator.py for tasks to queue
[2023-07-09T16:17:56.801+0000] {logging_mixin.py:149} INFO - [2023-07-09T16:17:56.801+0000] {dagbag.py:541} INFO - Filling up the DagBag from /home/airflow/.local/lib/python3.7/site-packages/airflow/example_dags/example_subdag_operator.py
[2023-07-09T16:17:56.827+0000] {processor.py:836} INFO - DAG(s) dict_keys(['example_subdag_operator.section-1', 'example_subdag_operator.section-2', 'example_subdag_operator']) retrieved from /home/airflow/.local/lib/python3.7/site-packages/airflow/example_dags/example_subdag_operator.py
[2023-07-09T16:17:56.841+0000] {logging_mixin.py:149} INFO - [2023-07-09T16:17:56.840+0000] {dag.py:2726} INFO - Sync 3 DAGs
[2023-07-09T16:17:56.857+0000] {logging_mixin.py:149} INFO - [2023-07-09T16:17:56.856+0000] {dag.py:3490} INFO - Setting next_dagrun for example_subdag_operator to 2022-01-01T00:00:00+00:00, run_after=2022-01-01T00:00:00+00:00
[2023-07-09T16:17:56.859+0000] {logging_mixin.py:149} INFO - [2023-07-09T16:17:56.859+0000] {dag.py:3490} INFO - Setting next_dagrun for example_subdag_operator.section-1 to None, run_after=None
[2023-07-09T16:17:56.860+0000] {logging_mixin.py:149} INFO - [2023-07-09T16:17:56.860+0000] {dag.py:3490} INFO - Setting next_dagrun for example_subdag_operator.section-2 to None, run_after=None
[2023-07-09T16:17:56.866+0000] {logging_mixin.py:149} INFO - [2023-07-09T16:17:56.866+0000] {dag.py:2726} INFO - Sync 2 DAGs
[2023-07-09T16:17:56.870+0000] {logging_mixin.py:149} INFO - [2023-07-09T16:17:56.870+0000] {dag.py:3490} INFO - Setting next_dagrun for example_subdag_operator.section-1 to None, run_after=None
[2023-07-09T16:17:56.871+0000] {logging_mixin.py:149} INFO - [2023-07-09T16:17:56.871+0000] {dag.py:3490} INFO - Setting next_dagrun for example_subdag_operator.section-2 to None, run_after=None
[2023-07-09T16:17:56.878+0000] {processor.py:179} INFO - Processing /home/airflow/.local/lib/python3.7/site-packages/airflow/example_dags/example_subdag_operator.py took 0.085 seconds
[2023-07-09T16:18:27.279+0000] {processor.py:157} INFO - Started process (PID=2206) to work on /home/airflow/.local/lib/python3.7/site-packages/airflow/example_dags/example_subdag_operator.py
[2023-07-09T16:18:27.280+0000] {processor.py:826} INFO - Processing file /home/airflow/.local/lib/python3.7/site-packages/airflow/example_dags/example_subdag_operator.py for tasks to queue
[2023-07-09T16:18:27.281+0000] {logging_mixin.py:149} INFO - [2023-07-09T16:18:27.281+0000] {dagbag.py:541} INFO - Filling up the DagBag from /home/airflow/.local/lib/python3.7/site-packages/airflow/example_dags/example_subdag_operator.py
[2023-07-09T16:18:27.305+0000] {processor.py:836} INFO - DAG(s) dict_keys(['example_subdag_operator.section-1', 'example_subdag_operator.section-2', 'example_subdag_operator']) retrieved from /home/airflow/.local/lib/python3.7/site-packages/airflow/example_dags/example_subdag_operator.py
[2023-07-09T16:18:27.318+0000] {logging_mixin.py:149} INFO - [2023-07-09T16:18:27.318+0000] {dag.py:2726} INFO - Sync 3 DAGs
[2023-07-09T16:18:27.334+0000] {logging_mixin.py:149} INFO - [2023-07-09T16:18:27.334+0000] {dag.py:3490} INFO - Setting next_dagrun for example_subdag_operator to 2022-01-01T00:00:00+00:00, run_after=2022-01-01T00:00:00+00:00
[2023-07-09T16:18:27.337+0000] {logging_mixin.py:149} INFO - [2023-07-09T16:18:27.337+0000] {dag.py:3490} INFO - Setting next_dagrun for example_subdag_operator.section-1 to None, run_after=None
[2023-07-09T16:18:27.338+0000] {logging_mixin.py:149} INFO - [2023-07-09T16:18:27.338+0000] {dag.py:3490} INFO - Setting next_dagrun for example_subdag_operator.section-2 to None, run_after=None
[2023-07-09T16:18:27.345+0000] {logging_mixin.py:149} INFO - [2023-07-09T16:18:27.345+0000] {dag.py:2726} INFO - Sync 2 DAGs
[2023-07-09T16:18:27.349+0000] {logging_mixin.py:149} INFO - [2023-07-09T16:18:27.349+0000] {dag.py:3490} INFO - Setting next_dagrun for example_subdag_operator.section-1 to None, run_after=None
[2023-07-09T16:18:27.350+0000] {logging_mixin.py:149} INFO - [2023-07-09T16:18:27.350+0000] {dag.py:3490} INFO - Setting next_dagrun for example_subdag_operator.section-2 to None, run_after=None
[2023-07-09T16:18:27.357+0000] {processor.py:179} INFO - Processing /home/airflow/.local/lib/python3.7/site-packages/airflow/example_dags/example_subdag_operator.py took 0.083 seconds
[2023-07-09T16:18:57.590+0000] {processor.py:157} INFO - Started process (PID=2267) to work on /home/airflow/.local/lib/python3.7/site-packages/airflow/example_dags/example_subdag_operator.py
[2023-07-09T16:18:57.593+0000] {processor.py:826} INFO - Processing file /home/airflow/.local/lib/python3.7/site-packages/airflow/example_dags/example_subdag_operator.py for tasks to queue
[2023-07-09T16:18:57.595+0000] {logging_mixin.py:149} INFO - [2023-07-09T16:18:57.594+0000] {dagbag.py:541} INFO - Filling up the DagBag from /home/airflow/.local/lib/python3.7/site-packages/airflow/example_dags/example_subdag_operator.py
[2023-07-09T16:18:57.627+0000] {processor.py:836} INFO - DAG(s) dict_keys(['example_subdag_operator.section-1', 'example_subdag_operator.section-2', 'example_subdag_operator']) retrieved from /home/airflow/.local/lib/python3.7/site-packages/airflow/example_dags/example_subdag_operator.py
[2023-07-09T16:18:57.643+0000] {logging_mixin.py:149} INFO - [2023-07-09T16:18:57.643+0000] {dag.py:2726} INFO - Sync 3 DAGs
[2023-07-09T16:18:57.661+0000] {logging_mixin.py:149} INFO - [2023-07-09T16:18:57.661+0000] {dag.py:3490} INFO - Setting next_dagrun for example_subdag_operator to 2022-01-01T00:00:00+00:00, run_after=2022-01-01T00:00:00+00:00
[2023-07-09T16:18:57.665+0000] {logging_mixin.py:149} INFO - [2023-07-09T16:18:57.665+0000] {dag.py:3490} INFO - Setting next_dagrun for example_subdag_operator.section-1 to None, run_after=None
[2023-07-09T16:18:57.667+0000] {logging_mixin.py:149} INFO - [2023-07-09T16:18:57.667+0000] {dag.py:3490} INFO - Setting next_dagrun for example_subdag_operator.section-2 to None, run_after=None
[2023-07-09T16:18:57.673+0000] {logging_mixin.py:149} INFO - [2023-07-09T16:18:57.673+0000] {dag.py:2726} INFO - Sync 2 DAGs
[2023-07-09T16:18:57.677+0000] {logging_mixin.py:149} INFO - [2023-07-09T16:18:57.677+0000] {dag.py:3490} INFO - Setting next_dagrun for example_subdag_operator.section-1 to None, run_after=None
[2023-07-09T16:18:57.678+0000] {logging_mixin.py:149} INFO - [2023-07-09T16:18:57.678+0000] {dag.py:3490} INFO - Setting next_dagrun for example_subdag_operator.section-2 to None, run_after=None
[2023-07-09T16:18:57.686+0000] {processor.py:179} INFO - Processing /home/airflow/.local/lib/python3.7/site-packages/airflow/example_dags/example_subdag_operator.py took 0.101 seconds
[2023-07-09T16:19:28.342+0000] {processor.py:157} INFO - Started process (PID=2329) to work on /home/airflow/.local/lib/python3.7/site-packages/airflow/example_dags/example_subdag_operator.py
[2023-07-09T16:19:28.343+0000] {processor.py:826} INFO - Processing file /home/airflow/.local/lib/python3.7/site-packages/airflow/example_dags/example_subdag_operator.py for tasks to queue
[2023-07-09T16:19:28.344+0000] {logging_mixin.py:149} INFO - [2023-07-09T16:19:28.344+0000] {dagbag.py:541} INFO - Filling up the DagBag from /home/airflow/.local/lib/python3.7/site-packages/airflow/example_dags/example_subdag_operator.py
[2023-07-09T16:19:28.364+0000] {processor.py:836} INFO - DAG(s) dict_keys(['example_subdag_operator.section-1', 'example_subdag_operator.section-2', 'example_subdag_operator']) retrieved from /home/airflow/.local/lib/python3.7/site-packages/airflow/example_dags/example_subdag_operator.py
[2023-07-09T16:19:28.377+0000] {logging_mixin.py:149} INFO - [2023-07-09T16:19:28.377+0000] {dag.py:2726} INFO - Sync 3 DAGs
[2023-07-09T16:19:28.393+0000] {logging_mixin.py:149} INFO - [2023-07-09T16:19:28.393+0000] {dag.py:3490} INFO - Setting next_dagrun for example_subdag_operator to 2022-01-01T00:00:00+00:00, run_after=2022-01-01T00:00:00+00:00
[2023-07-09T16:19:28.396+0000] {logging_mixin.py:149} INFO - [2023-07-09T16:19:28.395+0000] {dag.py:3490} INFO - Setting next_dagrun for example_subdag_operator.section-1 to None, run_after=None
[2023-07-09T16:19:28.397+0000] {logging_mixin.py:149} INFO - [2023-07-09T16:19:28.397+0000] {dag.py:3490} INFO - Setting next_dagrun for example_subdag_operator.section-2 to None, run_after=None
[2023-07-09T16:19:28.402+0000] {logging_mixin.py:149} INFO - [2023-07-09T16:19:28.402+0000] {dag.py:2726} INFO - Sync 2 DAGs
[2023-07-09T16:19:28.406+0000] {logging_mixin.py:149} INFO - [2023-07-09T16:19:28.406+0000] {dag.py:3490} INFO - Setting next_dagrun for example_subdag_operator.section-1 to None, run_after=None
[2023-07-09T16:19:28.406+0000] {logging_mixin.py:149} INFO - [2023-07-09T16:19:28.406+0000] {dag.py:3490} INFO - Setting next_dagrun for example_subdag_operator.section-2 to None, run_after=None
[2023-07-09T16:19:28.414+0000] {processor.py:179} INFO - Processing /home/airflow/.local/lib/python3.7/site-packages/airflow/example_dags/example_subdag_operator.py took 0.074 seconds
[2023-07-09T16:19:59.212+0000] {processor.py:157} INFO - Started process (PID=2391) to work on /home/airflow/.local/lib/python3.7/site-packages/airflow/example_dags/example_subdag_operator.py
[2023-07-09T16:19:59.214+0000] {processor.py:826} INFO - Processing file /home/airflow/.local/lib/python3.7/site-packages/airflow/example_dags/example_subdag_operator.py for tasks to queue
[2023-07-09T16:19:59.214+0000] {logging_mixin.py:149} INFO - [2023-07-09T16:19:59.214+0000] {dagbag.py:541} INFO - Filling up the DagBag from /home/airflow/.local/lib/python3.7/site-packages/airflow/example_dags/example_subdag_operator.py
[2023-07-09T16:19:59.240+0000] {processor.py:836} INFO - DAG(s) dict_keys(['example_subdag_operator.section-1', 'example_subdag_operator.section-2', 'example_subdag_operator']) retrieved from /home/airflow/.local/lib/python3.7/site-packages/airflow/example_dags/example_subdag_operator.py
[2023-07-09T16:19:59.255+0000] {logging_mixin.py:149} INFO - [2023-07-09T16:19:59.255+0000] {dag.py:2726} INFO - Sync 3 DAGs
[2023-07-09T16:19:59.274+0000] {logging_mixin.py:149} INFO - [2023-07-09T16:19:59.274+0000] {dag.py:3490} INFO - Setting next_dagrun for example_subdag_operator to 2022-01-01T00:00:00+00:00, run_after=2022-01-01T00:00:00+00:00
[2023-07-09T16:19:59.276+0000] {logging_mixin.py:149} INFO - [2023-07-09T16:19:59.276+0000] {dag.py:3490} INFO - Setting next_dagrun for example_subdag_operator.section-1 to None, run_after=None
[2023-07-09T16:19:59.277+0000] {logging_mixin.py:149} INFO - [2023-07-09T16:19:59.277+0000] {dag.py:3490} INFO - Setting next_dagrun for example_subdag_operator.section-2 to None, run_after=None
[2023-07-09T16:19:59.286+0000] {logging_mixin.py:149} INFO - [2023-07-09T16:19:59.286+0000] {dag.py:2726} INFO - Sync 2 DAGs
[2023-07-09T16:19:59.291+0000] {logging_mixin.py:149} INFO - [2023-07-09T16:19:59.290+0000] {dag.py:3490} INFO - Setting next_dagrun for example_subdag_operator.section-1 to None, run_after=None
[2023-07-09T16:19:59.291+0000] {logging_mixin.py:149} INFO - [2023-07-09T16:19:59.291+0000] {dag.py:3490} INFO - Setting next_dagrun for example_subdag_operator.section-2 to None, run_after=None
[2023-07-09T16:19:59.299+0000] {processor.py:179} INFO - Processing /home/airflow/.local/lib/python3.7/site-packages/airflow/example_dags/example_subdag_operator.py took 0.090 seconds
[2023-07-09T16:20:29.394+0000] {processor.py:157} INFO - Started process (PID=2451) to work on /home/airflow/.local/lib/python3.7/site-packages/airflow/example_dags/example_subdag_operator.py
[2023-07-09T16:20:29.396+0000] {processor.py:826} INFO - Processing file /home/airflow/.local/lib/python3.7/site-packages/airflow/example_dags/example_subdag_operator.py for tasks to queue
[2023-07-09T16:20:29.397+0000] {logging_mixin.py:149} INFO - [2023-07-09T16:20:29.397+0000] {dagbag.py:541} INFO - Filling up the DagBag from /home/airflow/.local/lib/python3.7/site-packages/airflow/example_dags/example_subdag_operator.py
[2023-07-09T16:20:29.422+0000] {processor.py:836} INFO - DAG(s) dict_keys(['example_subdag_operator.section-1', 'example_subdag_operator.section-2', 'example_subdag_operator']) retrieved from /home/airflow/.local/lib/python3.7/site-packages/airflow/example_dags/example_subdag_operator.py
[2023-07-09T16:20:29.436+0000] {logging_mixin.py:149} INFO - [2023-07-09T16:20:29.436+0000] {dag.py:2726} INFO - Sync 3 DAGs
[2023-07-09T16:20:29.459+0000] {logging_mixin.py:149} INFO - [2023-07-09T16:20:29.459+0000] {dag.py:3490} INFO - Setting next_dagrun for example_subdag_operator to 2022-01-01T00:00:00+00:00, run_after=2022-01-01T00:00:00+00:00
[2023-07-09T16:20:29.465+0000] {logging_mixin.py:149} INFO - [2023-07-09T16:20:29.465+0000] {dag.py:3490} INFO - Setting next_dagrun for example_subdag_operator.section-1 to None, run_after=None
[2023-07-09T16:20:29.467+0000] {logging_mixin.py:149} INFO - [2023-07-09T16:20:29.467+0000] {dag.py:3490} INFO - Setting next_dagrun for example_subdag_operator.section-2 to None, run_after=None
[2023-07-09T16:20:29.474+0000] {logging_mixin.py:149} INFO - [2023-07-09T16:20:29.474+0000] {dag.py:2726} INFO - Sync 2 DAGs
[2023-07-09T16:20:29.479+0000] {logging_mixin.py:149} INFO - [2023-07-09T16:20:29.479+0000] {dag.py:3490} INFO - Setting next_dagrun for example_subdag_operator.section-1 to None, run_after=None
[2023-07-09T16:20:29.480+0000] {logging_mixin.py:149} INFO - [2023-07-09T16:20:29.480+0000] {dag.py:3490} INFO - Setting next_dagrun for example_subdag_operator.section-2 to None, run_after=None
[2023-07-09T16:20:29.491+0000] {processor.py:179} INFO - Processing /home/airflow/.local/lib/python3.7/site-packages/airflow/example_dags/example_subdag_operator.py took 0.103 seconds
[2023-07-09T16:20:59.587+0000] {processor.py:157} INFO - Started process (PID=2512) to work on /home/airflow/.local/lib/python3.7/site-packages/airflow/example_dags/example_subdag_operator.py
[2023-07-09T16:20:59.589+0000] {processor.py:826} INFO - Processing file /home/airflow/.local/lib/python3.7/site-packages/airflow/example_dags/example_subdag_operator.py for tasks to queue
[2023-07-09T16:20:59.590+0000] {logging_mixin.py:149} INFO - [2023-07-09T16:20:59.590+0000] {dagbag.py:541} INFO - Filling up the DagBag from /home/airflow/.local/lib/python3.7/site-packages/airflow/example_dags/example_subdag_operator.py
[2023-07-09T16:20:59.613+0000] {processor.py:836} INFO - DAG(s) dict_keys(['example_subdag_operator.section-1', 'example_subdag_operator.section-2', 'example_subdag_operator']) retrieved from /home/airflow/.local/lib/python3.7/site-packages/airflow/example_dags/example_subdag_operator.py
[2023-07-09T16:20:59.629+0000] {logging_mixin.py:149} INFO - [2023-07-09T16:20:59.629+0000] {dag.py:2726} INFO - Sync 3 DAGs
[2023-07-09T16:20:59.658+0000] {logging_mixin.py:149} INFO - [2023-07-09T16:20:59.658+0000] {dag.py:3490} INFO - Setting next_dagrun for example_subdag_operator to 2022-01-01T00:00:00+00:00, run_after=2022-01-01T00:00:00+00:00
[2023-07-09T16:20:59.662+0000] {logging_mixin.py:149} INFO - [2023-07-09T16:20:59.662+0000] {dag.py:3490} INFO - Setting next_dagrun for example_subdag_operator.section-1 to None, run_after=None
[2023-07-09T16:20:59.663+0000] {logging_mixin.py:149} INFO - [2023-07-09T16:20:59.663+0000] {dag.py:3490} INFO - Setting next_dagrun for example_subdag_operator.section-2 to None, run_after=None
[2023-07-09T16:20:59.670+0000] {logging_mixin.py:149} INFO - [2023-07-09T16:20:59.670+0000] {dag.py:2726} INFO - Sync 2 DAGs
[2023-07-09T16:20:59.675+0000] {logging_mixin.py:149} INFO - [2023-07-09T16:20:59.675+0000] {dag.py:3490} INFO - Setting next_dagrun for example_subdag_operator.section-1 to None, run_after=None
[2023-07-09T16:20:59.676+0000] {logging_mixin.py:149} INFO - [2023-07-09T16:20:59.676+0000] {dag.py:3490} INFO - Setting next_dagrun for example_subdag_operator.section-2 to None, run_after=None
[2023-07-09T16:20:59.684+0000] {processor.py:179} INFO - Processing /home/airflow/.local/lib/python3.7/site-packages/airflow/example_dags/example_subdag_operator.py took 0.099 seconds
[2023-07-09T16:21:29.824+0000] {processor.py:157} INFO - Started process (PID=2572) to work on /home/airflow/.local/lib/python3.7/site-packages/airflow/example_dags/example_subdag_operator.py
[2023-07-09T16:21:29.826+0000] {processor.py:826} INFO - Processing file /home/airflow/.local/lib/python3.7/site-packages/airflow/example_dags/example_subdag_operator.py for tasks to queue
[2023-07-09T16:21:29.828+0000] {logging_mixin.py:149} INFO - [2023-07-09T16:21:29.828+0000] {dagbag.py:541} INFO - Filling up the DagBag from /home/airflow/.local/lib/python3.7/site-packages/airflow/example_dags/example_subdag_operator.py
[2023-07-09T16:21:29.857+0000] {processor.py:836} INFO - DAG(s) dict_keys(['example_subdag_operator.section-1', 'example_subdag_operator.section-2', 'example_subdag_operator']) retrieved from /home/airflow/.local/lib/python3.7/site-packages/airflow/example_dags/example_subdag_operator.py
[2023-07-09T16:21:29.872+0000] {logging_mixin.py:149} INFO - [2023-07-09T16:21:29.872+0000] {dag.py:2726} INFO - Sync 3 DAGs
[2023-07-09T16:21:29.890+0000] {logging_mixin.py:149} INFO - [2023-07-09T16:21:29.890+0000] {dag.py:3490} INFO - Setting next_dagrun for example_subdag_operator to 2022-01-01T00:00:00+00:00, run_after=2022-01-01T00:00:00+00:00
[2023-07-09T16:21:29.892+0000] {logging_mixin.py:149} INFO - [2023-07-09T16:21:29.892+0000] {dag.py:3490} INFO - Setting next_dagrun for example_subdag_operator.section-1 to None, run_after=None
[2023-07-09T16:21:29.894+0000] {logging_mixin.py:149} INFO - [2023-07-09T16:21:29.894+0000] {dag.py:3490} INFO - Setting next_dagrun for example_subdag_operator.section-2 to None, run_after=None
[2023-07-09T16:21:29.901+0000] {logging_mixin.py:149} INFO - [2023-07-09T16:21:29.901+0000] {dag.py:2726} INFO - Sync 2 DAGs
[2023-07-09T16:21:29.905+0000] {logging_mixin.py:149} INFO - [2023-07-09T16:21:29.905+0000] {dag.py:3490} INFO - Setting next_dagrun for example_subdag_operator.section-1 to None, run_after=None
[2023-07-09T16:21:29.906+0000] {logging_mixin.py:149} INFO - [2023-07-09T16:21:29.906+0000] {dag.py:3490} INFO - Setting next_dagrun for example_subdag_operator.section-2 to None, run_after=None
[2023-07-09T16:21:29.916+0000] {processor.py:179} INFO - Processing /home/airflow/.local/lib/python3.7/site-packages/airflow/example_dags/example_subdag_operator.py took 0.095 seconds
