[2023-07-09T16:00:33.313+0000] {processor.py:157} INFO - Started process (PID=33) to work on /home/airflow/.local/lib/python3.7/site-packages/airflow/example_dags/example_external_task_marker_dag.py
[2023-07-09T16:00:33.315+0000] {processor.py:826} INFO - Processing file /home/airflow/.local/lib/python3.7/site-packages/airflow/example_dags/example_external_task_marker_dag.py for tasks to queue
[2023-07-09T16:00:33.316+0000] {logging_mixin.py:149} INFO - [2023-07-09T16:00:33.316+0000] {dagbag.py:541} INFO - Filling up the DagBag from /home/airflow/.local/lib/python3.7/site-packages/airflow/example_dags/example_external_task_marker_dag.py
[2023-07-09T16:00:33.341+0000] {processor.py:836} INFO - DAG(s) dict_keys(['example_external_task_marker_parent', 'example_external_task_marker_child']) retrieved from /home/airflow/.local/lib/python3.7/site-packages/airflow/example_dags/example_external_task_marker_dag.py
[2023-07-09T16:00:33.375+0000] {logging_mixin.py:149} INFO - [2023-07-09T16:00:33.375+0000] {dag.py:2726} INFO - Sync 2 DAGs
[2023-07-09T16:00:33.404+0000] {logging_mixin.py:149} INFO - [2023-07-09T16:00:33.404+0000] {dag.py:3490} INFO - Setting next_dagrun for example_external_task_marker_child to None, run_after=None
[2023-07-09T16:00:33.407+0000] {logging_mixin.py:149} INFO - [2023-07-09T16:00:33.407+0000] {dag.py:3490} INFO - Setting next_dagrun for example_external_task_marker_parent to None, run_after=None
[2023-07-09T16:00:33.422+0000] {processor.py:179} INFO - Processing /home/airflow/.local/lib/python3.7/site-packages/airflow/example_dags/example_external_task_marker_dag.py took 0.113 seconds
[2023-07-09T16:01:04.162+0000] {processor.py:157} INFO - Started process (PID=94) to work on /home/airflow/.local/lib/python3.7/site-packages/airflow/example_dags/example_external_task_marker_dag.py
[2023-07-09T16:01:04.164+0000] {processor.py:826} INFO - Processing file /home/airflow/.local/lib/python3.7/site-packages/airflow/example_dags/example_external_task_marker_dag.py for tasks to queue
[2023-07-09T16:01:04.165+0000] {logging_mixin.py:149} INFO - [2023-07-09T16:01:04.165+0000] {dagbag.py:541} INFO - Filling up the DagBag from /home/airflow/.local/lib/python3.7/site-packages/airflow/example_dags/example_external_task_marker_dag.py
[2023-07-09T16:01:04.181+0000] {processor.py:836} INFO - DAG(s) dict_keys(['example_external_task_marker_parent', 'example_external_task_marker_child']) retrieved from /home/airflow/.local/lib/python3.7/site-packages/airflow/example_dags/example_external_task_marker_dag.py
[2023-07-09T16:01:04.436+0000] {logging_mixin.py:149} INFO - [2023-07-09T16:01:04.436+0000] {dag.py:2726} INFO - Sync 2 DAGs
[2023-07-09T16:01:04.455+0000] {logging_mixin.py:149} INFO - [2023-07-09T16:01:04.455+0000] {dag.py:3490} INFO - Setting next_dagrun for example_external_task_marker_child to None, run_after=None
[2023-07-09T16:01:04.458+0000] {logging_mixin.py:149} INFO - [2023-07-09T16:01:04.458+0000] {dag.py:3490} INFO - Setting next_dagrun for example_external_task_marker_parent to None, run_after=None
[2023-07-09T16:01:04.471+0000] {processor.py:179} INFO - Processing /home/airflow/.local/lib/python3.7/site-packages/airflow/example_dags/example_external_task_marker_dag.py took 0.318 seconds
[2023-07-09T16:01:34.533+0000] {processor.py:157} INFO - Started process (PID=155) to work on /home/airflow/.local/lib/python3.7/site-packages/airflow/example_dags/example_external_task_marker_dag.py
[2023-07-09T16:01:34.535+0000] {processor.py:826} INFO - Processing file /home/airflow/.local/lib/python3.7/site-packages/airflow/example_dags/example_external_task_marker_dag.py for tasks to queue
[2023-07-09T16:01:34.536+0000] {logging_mixin.py:149} INFO - [2023-07-09T16:01:34.536+0000] {dagbag.py:541} INFO - Filling up the DagBag from /home/airflow/.local/lib/python3.7/site-packages/airflow/example_dags/example_external_task_marker_dag.py
[2023-07-09T16:01:34.542+0000] {processor.py:836} INFO - DAG(s) dict_keys(['example_external_task_marker_parent', 'example_external_task_marker_child']) retrieved from /home/airflow/.local/lib/python3.7/site-packages/airflow/example_dags/example_external_task_marker_dag.py
[2023-07-09T16:01:34.573+0000] {logging_mixin.py:149} INFO - [2023-07-09T16:01:34.573+0000] {dag.py:2726} INFO - Sync 2 DAGs
[2023-07-09T16:01:34.591+0000] {logging_mixin.py:149} INFO - [2023-07-09T16:01:34.590+0000] {dag.py:3490} INFO - Setting next_dagrun for example_external_task_marker_child to None, run_after=None
[2023-07-09T16:01:34.594+0000] {logging_mixin.py:149} INFO - [2023-07-09T16:01:34.594+0000] {dag.py:3490} INFO - Setting next_dagrun for example_external_task_marker_parent to None, run_after=None
[2023-07-09T16:01:34.604+0000] {processor.py:179} INFO - Processing /home/airflow/.local/lib/python3.7/site-packages/airflow/example_dags/example_external_task_marker_dag.py took 0.074 seconds
[2023-07-09T16:02:04.723+0000] {processor.py:157} INFO - Started process (PID=216) to work on /home/airflow/.local/lib/python3.7/site-packages/airflow/example_dags/example_external_task_marker_dag.py
[2023-07-09T16:02:04.725+0000] {processor.py:826} INFO - Processing file /home/airflow/.local/lib/python3.7/site-packages/airflow/example_dags/example_external_task_marker_dag.py for tasks to queue
[2023-07-09T16:02:04.727+0000] {logging_mixin.py:149} INFO - [2023-07-09T16:02:04.727+0000] {dagbag.py:541} INFO - Filling up the DagBag from /home/airflow/.local/lib/python3.7/site-packages/airflow/example_dags/example_external_task_marker_dag.py
[2023-07-09T16:02:04.736+0000] {processor.py:836} INFO - DAG(s) dict_keys(['example_external_task_marker_parent', 'example_external_task_marker_child']) retrieved from /home/airflow/.local/lib/python3.7/site-packages/airflow/example_dags/example_external_task_marker_dag.py
[2023-07-09T16:02:04.764+0000] {logging_mixin.py:149} INFO - [2023-07-09T16:02:04.764+0000] {dag.py:2726} INFO - Sync 2 DAGs
[2023-07-09T16:02:04.780+0000] {logging_mixin.py:149} INFO - [2023-07-09T16:02:04.780+0000] {dag.py:3490} INFO - Setting next_dagrun for example_external_task_marker_child to None, run_after=None
[2023-07-09T16:02:04.783+0000] {logging_mixin.py:149} INFO - [2023-07-09T16:02:04.783+0000] {dag.py:3490} INFO - Setting next_dagrun for example_external_task_marker_parent to None, run_after=None
[2023-07-09T16:02:04.794+0000] {processor.py:179} INFO - Processing /home/airflow/.local/lib/python3.7/site-packages/airflow/example_dags/example_external_task_marker_dag.py took 0.074 seconds
[2023-07-09T16:02:35.314+0000] {processor.py:157} INFO - Started process (PID=277) to work on /home/airflow/.local/lib/python3.7/site-packages/airflow/example_dags/example_external_task_marker_dag.py
[2023-07-09T16:02:35.316+0000] {processor.py:826} INFO - Processing file /home/airflow/.local/lib/python3.7/site-packages/airflow/example_dags/example_external_task_marker_dag.py for tasks to queue
[2023-07-09T16:02:35.316+0000] {logging_mixin.py:149} INFO - [2023-07-09T16:02:35.316+0000] {dagbag.py:541} INFO - Filling up the DagBag from /home/airflow/.local/lib/python3.7/site-packages/airflow/example_dags/example_external_task_marker_dag.py
[2023-07-09T16:02:35.323+0000] {processor.py:836} INFO - DAG(s) dict_keys(['example_external_task_marker_parent', 'example_external_task_marker_child']) retrieved from /home/airflow/.local/lib/python3.7/site-packages/airflow/example_dags/example_external_task_marker_dag.py
[2023-07-09T16:02:35.357+0000] {logging_mixin.py:149} INFO - [2023-07-09T16:02:35.357+0000] {dag.py:2726} INFO - Sync 2 DAGs
[2023-07-09T16:02:35.373+0000] {logging_mixin.py:149} INFO - [2023-07-09T16:02:35.373+0000] {dag.py:3490} INFO - Setting next_dagrun for example_external_task_marker_child to None, run_after=None
[2023-07-09T16:02:35.376+0000] {logging_mixin.py:149} INFO - [2023-07-09T16:02:35.376+0000] {dag.py:3490} INFO - Setting next_dagrun for example_external_task_marker_parent to None, run_after=None
[2023-07-09T16:02:35.388+0000] {processor.py:179} INFO - Processing /home/airflow/.local/lib/python3.7/site-packages/airflow/example_dags/example_external_task_marker_dag.py took 0.079 seconds
[2023-07-09T16:03:05.803+0000] {processor.py:157} INFO - Started process (PID=338) to work on /home/airflow/.local/lib/python3.7/site-packages/airflow/example_dags/example_external_task_marker_dag.py
[2023-07-09T16:03:05.805+0000] {processor.py:826} INFO - Processing file /home/airflow/.local/lib/python3.7/site-packages/airflow/example_dags/example_external_task_marker_dag.py for tasks to queue
[2023-07-09T16:03:05.806+0000] {logging_mixin.py:149} INFO - [2023-07-09T16:03:05.806+0000] {dagbag.py:541} INFO - Filling up the DagBag from /home/airflow/.local/lib/python3.7/site-packages/airflow/example_dags/example_external_task_marker_dag.py
[2023-07-09T16:03:05.813+0000] {processor.py:836} INFO - DAG(s) dict_keys(['example_external_task_marker_child', 'example_external_task_marker_parent']) retrieved from /home/airflow/.local/lib/python3.7/site-packages/airflow/example_dags/example_external_task_marker_dag.py
[2023-07-09T16:03:05.853+0000] {logging_mixin.py:149} INFO - [2023-07-09T16:03:05.853+0000] {dag.py:2726} INFO - Sync 2 DAGs
[2023-07-09T16:03:05.877+0000] {logging_mixin.py:149} INFO - [2023-07-09T16:03:05.877+0000] {dag.py:3490} INFO - Setting next_dagrun for example_external_task_marker_child to None, run_after=None
[2023-07-09T16:03:05.880+0000] {logging_mixin.py:149} INFO - [2023-07-09T16:03:05.880+0000] {dag.py:3490} INFO - Setting next_dagrun for example_external_task_marker_parent to None, run_after=None
[2023-07-09T16:03:05.891+0000] {processor.py:179} INFO - Processing /home/airflow/.local/lib/python3.7/site-packages/airflow/example_dags/example_external_task_marker_dag.py took 0.093 seconds
[2023-07-09T16:03:36.382+0000] {processor.py:157} INFO - Started process (PID=399) to work on /home/airflow/.local/lib/python3.7/site-packages/airflow/example_dags/example_external_task_marker_dag.py
[2023-07-09T16:03:36.383+0000] {processor.py:826} INFO - Processing file /home/airflow/.local/lib/python3.7/site-packages/airflow/example_dags/example_external_task_marker_dag.py for tasks to queue
[2023-07-09T16:03:36.384+0000] {logging_mixin.py:149} INFO - [2023-07-09T16:03:36.384+0000] {dagbag.py:541} INFO - Filling up the DagBag from /home/airflow/.local/lib/python3.7/site-packages/airflow/example_dags/example_external_task_marker_dag.py
[2023-07-09T16:03:36.392+0000] {processor.py:836} INFO - DAG(s) dict_keys(['example_external_task_marker_parent', 'example_external_task_marker_child']) retrieved from /home/airflow/.local/lib/python3.7/site-packages/airflow/example_dags/example_external_task_marker_dag.py
[2023-07-09T16:03:36.426+0000] {logging_mixin.py:149} INFO - [2023-07-09T16:03:36.426+0000] {dag.py:2726} INFO - Sync 2 DAGs
[2023-07-09T16:03:36.455+0000] {logging_mixin.py:149} INFO - [2023-07-09T16:03:36.455+0000] {dag.py:3490} INFO - Setting next_dagrun for example_external_task_marker_child to None, run_after=None
[2023-07-09T16:03:36.458+0000] {logging_mixin.py:149} INFO - [2023-07-09T16:03:36.458+0000] {dag.py:3490} INFO - Setting next_dagrun for example_external_task_marker_parent to None, run_after=None
[2023-07-09T16:03:36.470+0000] {processor.py:179} INFO - Processing /home/airflow/.local/lib/python3.7/site-packages/airflow/example_dags/example_external_task_marker_dag.py took 0.094 seconds
[2023-07-09T16:04:06.980+0000] {processor.py:157} INFO - Started process (PID=460) to work on /home/airflow/.local/lib/python3.7/site-packages/airflow/example_dags/example_external_task_marker_dag.py
[2023-07-09T16:04:06.983+0000] {processor.py:826} INFO - Processing file /home/airflow/.local/lib/python3.7/site-packages/airflow/example_dags/example_external_task_marker_dag.py for tasks to queue
[2023-07-09T16:04:06.984+0000] {logging_mixin.py:149} INFO - [2023-07-09T16:04:06.984+0000] {dagbag.py:541} INFO - Filling up the DagBag from /home/airflow/.local/lib/python3.7/site-packages/airflow/example_dags/example_external_task_marker_dag.py
[2023-07-09T16:04:07.006+0000] {processor.py:836} INFO - DAG(s) dict_keys(['example_external_task_marker_child', 'example_external_task_marker_parent']) retrieved from /home/airflow/.local/lib/python3.7/site-packages/airflow/example_dags/example_external_task_marker_dag.py
[2023-07-09T16:04:07.068+0000] {logging_mixin.py:149} INFO - [2023-07-09T16:04:07.068+0000] {dag.py:2726} INFO - Sync 2 DAGs
[2023-07-09T16:04:07.109+0000] {logging_mixin.py:149} INFO - [2023-07-09T16:04:07.109+0000] {dag.py:3490} INFO - Setting next_dagrun for example_external_task_marker_child to None, run_after=None
[2023-07-09T16:04:07.121+0000] {logging_mixin.py:149} INFO - [2023-07-09T16:04:07.120+0000] {dag.py:3490} INFO - Setting next_dagrun for example_external_task_marker_parent to None, run_after=None
[2023-07-09T16:04:07.140+0000] {processor.py:179} INFO - Processing /home/airflow/.local/lib/python3.7/site-packages/airflow/example_dags/example_external_task_marker_dag.py took 0.170 seconds
[2023-07-09T16:04:37.766+0000] {processor.py:157} INFO - Started process (PID=521) to work on /home/airflow/.local/lib/python3.7/site-packages/airflow/example_dags/example_external_task_marker_dag.py
[2023-07-09T16:04:37.767+0000] {processor.py:826} INFO - Processing file /home/airflow/.local/lib/python3.7/site-packages/airflow/example_dags/example_external_task_marker_dag.py for tasks to queue
[2023-07-09T16:04:37.768+0000] {logging_mixin.py:149} INFO - [2023-07-09T16:04:37.768+0000] {dagbag.py:541} INFO - Filling up the DagBag from /home/airflow/.local/lib/python3.7/site-packages/airflow/example_dags/example_external_task_marker_dag.py
[2023-07-09T16:04:37.774+0000] {processor.py:836} INFO - DAG(s) dict_keys(['example_external_task_marker_parent', 'example_external_task_marker_child']) retrieved from /home/airflow/.local/lib/python3.7/site-packages/airflow/example_dags/example_external_task_marker_dag.py
[2023-07-09T16:04:37.823+0000] {logging_mixin.py:149} INFO - [2023-07-09T16:04:37.823+0000] {dag.py:2726} INFO - Sync 2 DAGs
[2023-07-09T16:04:37.847+0000] {logging_mixin.py:149} INFO - [2023-07-09T16:04:37.847+0000] {dag.py:3490} INFO - Setting next_dagrun for example_external_task_marker_child to None, run_after=None
[2023-07-09T16:04:37.851+0000] {logging_mixin.py:149} INFO - [2023-07-09T16:04:37.851+0000] {dag.py:3490} INFO - Setting next_dagrun for example_external_task_marker_parent to None, run_after=None
[2023-07-09T16:04:37.868+0000] {processor.py:179} INFO - Processing /home/airflow/.local/lib/python3.7/site-packages/airflow/example_dags/example_external_task_marker_dag.py took 0.106 seconds
[2023-07-09T16:05:08.208+0000] {processor.py:157} INFO - Started process (PID=582) to work on /home/airflow/.local/lib/python3.7/site-packages/airflow/example_dags/example_external_task_marker_dag.py
[2023-07-09T16:05:08.209+0000] {processor.py:826} INFO - Processing file /home/airflow/.local/lib/python3.7/site-packages/airflow/example_dags/example_external_task_marker_dag.py for tasks to queue
[2023-07-09T16:05:08.210+0000] {logging_mixin.py:149} INFO - [2023-07-09T16:05:08.210+0000] {dagbag.py:541} INFO - Filling up the DagBag from /home/airflow/.local/lib/python3.7/site-packages/airflow/example_dags/example_external_task_marker_dag.py
[2023-07-09T16:05:08.217+0000] {processor.py:836} INFO - DAG(s) dict_keys(['example_external_task_marker_parent', 'example_external_task_marker_child']) retrieved from /home/airflow/.local/lib/python3.7/site-packages/airflow/example_dags/example_external_task_marker_dag.py
[2023-07-09T16:05:08.255+0000] {logging_mixin.py:149} INFO - [2023-07-09T16:05:08.255+0000] {dag.py:2726} INFO - Sync 2 DAGs
[2023-07-09T16:05:08.280+0000] {logging_mixin.py:149} INFO - [2023-07-09T16:05:08.280+0000] {dag.py:3490} INFO - Setting next_dagrun for example_external_task_marker_child to None, run_after=None
[2023-07-09T16:05:08.284+0000] {logging_mixin.py:149} INFO - [2023-07-09T16:05:08.284+0000] {dag.py:3490} INFO - Setting next_dagrun for example_external_task_marker_parent to None, run_after=None
[2023-07-09T16:05:08.295+0000] {processor.py:179} INFO - Processing /home/airflow/.local/lib/python3.7/site-packages/airflow/example_dags/example_external_task_marker_dag.py took 0.092 seconds
[2023-07-09T16:05:38.898+0000] {processor.py:157} INFO - Started process (PID=643) to work on /home/airflow/.local/lib/python3.7/site-packages/airflow/example_dags/example_external_task_marker_dag.py
[2023-07-09T16:05:38.900+0000] {processor.py:826} INFO - Processing file /home/airflow/.local/lib/python3.7/site-packages/airflow/example_dags/example_external_task_marker_dag.py for tasks to queue
[2023-07-09T16:05:38.901+0000] {logging_mixin.py:149} INFO - [2023-07-09T16:05:38.900+0000] {dagbag.py:541} INFO - Filling up the DagBag from /home/airflow/.local/lib/python3.7/site-packages/airflow/example_dags/example_external_task_marker_dag.py
[2023-07-09T16:05:38.906+0000] {processor.py:836} INFO - DAG(s) dict_keys(['example_external_task_marker_parent', 'example_external_task_marker_child']) retrieved from /home/airflow/.local/lib/python3.7/site-packages/airflow/example_dags/example_external_task_marker_dag.py
[2023-07-09T16:05:38.934+0000] {logging_mixin.py:149} INFO - [2023-07-09T16:05:38.934+0000] {dag.py:2726} INFO - Sync 2 DAGs
[2023-07-09T16:05:38.966+0000] {logging_mixin.py:149} INFO - [2023-07-09T16:05:38.966+0000] {dag.py:3490} INFO - Setting next_dagrun for example_external_task_marker_child to None, run_after=None
[2023-07-09T16:05:38.972+0000] {logging_mixin.py:149} INFO - [2023-07-09T16:05:38.972+0000] {dag.py:3490} INFO - Setting next_dagrun for example_external_task_marker_parent to None, run_after=None
[2023-07-09T16:05:38.983+0000] {processor.py:179} INFO - Processing /home/airflow/.local/lib/python3.7/site-packages/airflow/example_dags/example_external_task_marker_dag.py took 0.088 seconds
[2023-07-09T16:06:09.364+0000] {processor.py:157} INFO - Started process (PID=704) to work on /home/airflow/.local/lib/python3.7/site-packages/airflow/example_dags/example_external_task_marker_dag.py
[2023-07-09T16:06:09.365+0000] {processor.py:826} INFO - Processing file /home/airflow/.local/lib/python3.7/site-packages/airflow/example_dags/example_external_task_marker_dag.py for tasks to queue
[2023-07-09T16:06:09.366+0000] {logging_mixin.py:149} INFO - [2023-07-09T16:06:09.366+0000] {dagbag.py:541} INFO - Filling up the DagBag from /home/airflow/.local/lib/python3.7/site-packages/airflow/example_dags/example_external_task_marker_dag.py
[2023-07-09T16:06:09.372+0000] {processor.py:836} INFO - DAG(s) dict_keys(['example_external_task_marker_child', 'example_external_task_marker_parent']) retrieved from /home/airflow/.local/lib/python3.7/site-packages/airflow/example_dags/example_external_task_marker_dag.py
[2023-07-09T16:06:09.425+0000] {logging_mixin.py:149} INFO - [2023-07-09T16:06:09.425+0000] {dag.py:2726} INFO - Sync 2 DAGs
[2023-07-09T16:06:09.444+0000] {logging_mixin.py:149} INFO - [2023-07-09T16:06:09.444+0000] {dag.py:3490} INFO - Setting next_dagrun for example_external_task_marker_child to None, run_after=None
[2023-07-09T16:06:09.447+0000] {logging_mixin.py:149} INFO - [2023-07-09T16:06:09.447+0000] {dag.py:3490} INFO - Setting next_dagrun for example_external_task_marker_parent to None, run_after=None
[2023-07-09T16:06:09.457+0000] {processor.py:179} INFO - Processing /home/airflow/.local/lib/python3.7/site-packages/airflow/example_dags/example_external_task_marker_dag.py took 0.098 seconds
[2023-07-09T16:06:39.575+0000] {processor.py:157} INFO - Started process (PID=765) to work on /home/airflow/.local/lib/python3.7/site-packages/airflow/example_dags/example_external_task_marker_dag.py
[2023-07-09T16:06:39.577+0000] {processor.py:826} INFO - Processing file /home/airflow/.local/lib/python3.7/site-packages/airflow/example_dags/example_external_task_marker_dag.py for tasks to queue
[2023-07-09T16:06:39.579+0000] {logging_mixin.py:149} INFO - [2023-07-09T16:06:39.579+0000] {dagbag.py:541} INFO - Filling up the DagBag from /home/airflow/.local/lib/python3.7/site-packages/airflow/example_dags/example_external_task_marker_dag.py
[2023-07-09T16:06:39.594+0000] {processor.py:836} INFO - DAG(s) dict_keys(['example_external_task_marker_child', 'example_external_task_marker_parent']) retrieved from /home/airflow/.local/lib/python3.7/site-packages/airflow/example_dags/example_external_task_marker_dag.py
[2023-07-09T16:06:39.679+0000] {logging_mixin.py:149} INFO - [2023-07-09T16:06:39.679+0000] {dag.py:2726} INFO - Sync 2 DAGs
[2023-07-09T16:06:39.716+0000] {logging_mixin.py:149} INFO - [2023-07-09T16:06:39.716+0000] {dag.py:3490} INFO - Setting next_dagrun for example_external_task_marker_child to None, run_after=None
[2023-07-09T16:06:39.720+0000] {logging_mixin.py:149} INFO - [2023-07-09T16:06:39.720+0000] {dag.py:3490} INFO - Setting next_dagrun for example_external_task_marker_parent to None, run_after=None
[2023-07-09T16:06:39.752+0000] {processor.py:179} INFO - Processing /home/airflow/.local/lib/python3.7/site-packages/airflow/example_dags/example_external_task_marker_dag.py took 0.190 seconds
[2023-07-09T16:07:09.914+0000] {processor.py:157} INFO - Started process (PID=826) to work on /home/airflow/.local/lib/python3.7/site-packages/airflow/example_dags/example_external_task_marker_dag.py
[2023-07-09T16:07:09.917+0000] {processor.py:826} INFO - Processing file /home/airflow/.local/lib/python3.7/site-packages/airflow/example_dags/example_external_task_marker_dag.py for tasks to queue
[2023-07-09T16:07:09.918+0000] {logging_mixin.py:149} INFO - [2023-07-09T16:07:09.918+0000] {dagbag.py:541} INFO - Filling up the DagBag from /home/airflow/.local/lib/python3.7/site-packages/airflow/example_dags/example_external_task_marker_dag.py
[2023-07-09T16:07:09.927+0000] {processor.py:836} INFO - DAG(s) dict_keys(['example_external_task_marker_parent', 'example_external_task_marker_child']) retrieved from /home/airflow/.local/lib/python3.7/site-packages/airflow/example_dags/example_external_task_marker_dag.py
[2023-07-09T16:07:09.978+0000] {logging_mixin.py:149} INFO - [2023-07-09T16:07:09.978+0000] {dag.py:2726} INFO - Sync 2 DAGs
[2023-07-09T16:07:10.005+0000] {logging_mixin.py:149} INFO - [2023-07-09T16:07:10.005+0000] {dag.py:3490} INFO - Setting next_dagrun for example_external_task_marker_child to None, run_after=None
[2023-07-09T16:07:10.008+0000] {logging_mixin.py:149} INFO - [2023-07-09T16:07:10.008+0000] {dag.py:3490} INFO - Setting next_dagrun for example_external_task_marker_parent to None, run_after=None
[2023-07-09T16:07:10.021+0000] {processor.py:179} INFO - Processing /home/airflow/.local/lib/python3.7/site-packages/airflow/example_dags/example_external_task_marker_dag.py took 0.123 seconds
[2023-07-09T16:07:40.602+0000] {processor.py:157} INFO - Started process (PID=887) to work on /home/airflow/.local/lib/python3.7/site-packages/airflow/example_dags/example_external_task_marker_dag.py
[2023-07-09T16:07:40.604+0000] {processor.py:826} INFO - Processing file /home/airflow/.local/lib/python3.7/site-packages/airflow/example_dags/example_external_task_marker_dag.py for tasks to queue
[2023-07-09T16:07:40.605+0000] {logging_mixin.py:149} INFO - [2023-07-09T16:07:40.605+0000] {dagbag.py:541} INFO - Filling up the DagBag from /home/airflow/.local/lib/python3.7/site-packages/airflow/example_dags/example_external_task_marker_dag.py
[2023-07-09T16:07:40.617+0000] {processor.py:836} INFO - DAG(s) dict_keys(['example_external_task_marker_parent', 'example_external_task_marker_child']) retrieved from /home/airflow/.local/lib/python3.7/site-packages/airflow/example_dags/example_external_task_marker_dag.py
[2023-07-09T16:07:40.667+0000] {logging_mixin.py:149} INFO - [2023-07-09T16:07:40.667+0000] {dag.py:2726} INFO - Sync 2 DAGs
[2023-07-09T16:07:40.693+0000] {logging_mixin.py:149} INFO - [2023-07-09T16:07:40.693+0000] {dag.py:3490} INFO - Setting next_dagrun for example_external_task_marker_child to None, run_after=None
[2023-07-09T16:07:40.696+0000] {logging_mixin.py:149} INFO - [2023-07-09T16:07:40.696+0000] {dag.py:3490} INFO - Setting next_dagrun for example_external_task_marker_parent to None, run_after=None
[2023-07-09T16:07:40.707+0000] {processor.py:179} INFO - Processing /home/airflow/.local/lib/python3.7/site-packages/airflow/example_dags/example_external_task_marker_dag.py took 0.111 seconds
[2023-07-09T16:08:10.880+0000] {processor.py:157} INFO - Started process (PID=948) to work on /home/airflow/.local/lib/python3.7/site-packages/airflow/example_dags/example_external_task_marker_dag.py
[2023-07-09T16:08:10.884+0000] {processor.py:826} INFO - Processing file /home/airflow/.local/lib/python3.7/site-packages/airflow/example_dags/example_external_task_marker_dag.py for tasks to queue
[2023-07-09T16:08:10.885+0000] {logging_mixin.py:149} INFO - [2023-07-09T16:08:10.885+0000] {dagbag.py:541} INFO - Filling up the DagBag from /home/airflow/.local/lib/python3.7/site-packages/airflow/example_dags/example_external_task_marker_dag.py
[2023-07-09T16:08:10.892+0000] {processor.py:836} INFO - DAG(s) dict_keys(['example_external_task_marker_parent', 'example_external_task_marker_child']) retrieved from /home/airflow/.local/lib/python3.7/site-packages/airflow/example_dags/example_external_task_marker_dag.py
[2023-07-09T16:08:10.950+0000] {logging_mixin.py:149} INFO - [2023-07-09T16:08:10.950+0000] {dag.py:2726} INFO - Sync 2 DAGs
[2023-07-09T16:08:10.971+0000] {logging_mixin.py:149} INFO - [2023-07-09T16:08:10.971+0000] {dag.py:3490} INFO - Setting next_dagrun for example_external_task_marker_child to None, run_after=None
[2023-07-09T16:08:10.974+0000] {logging_mixin.py:149} INFO - [2023-07-09T16:08:10.974+0000] {dag.py:3490} INFO - Setting next_dagrun for example_external_task_marker_parent to None, run_after=None
[2023-07-09T16:08:10.986+0000] {processor.py:179} INFO - Processing /home/airflow/.local/lib/python3.7/site-packages/airflow/example_dags/example_external_task_marker_dag.py took 0.112 seconds
[2023-07-09T16:08:41.644+0000] {processor.py:157} INFO - Started process (PID=1009) to work on /home/airflow/.local/lib/python3.7/site-packages/airflow/example_dags/example_external_task_marker_dag.py
[2023-07-09T16:08:41.646+0000] {processor.py:826} INFO - Processing file /home/airflow/.local/lib/python3.7/site-packages/airflow/example_dags/example_external_task_marker_dag.py for tasks to queue
[2023-07-09T16:08:41.647+0000] {logging_mixin.py:149} INFO - [2023-07-09T16:08:41.647+0000] {dagbag.py:541} INFO - Filling up the DagBag from /home/airflow/.local/lib/python3.7/site-packages/airflow/example_dags/example_external_task_marker_dag.py
[2023-07-09T16:08:41.654+0000] {processor.py:836} INFO - DAG(s) dict_keys(['example_external_task_marker_child', 'example_external_task_marker_parent']) retrieved from /home/airflow/.local/lib/python3.7/site-packages/airflow/example_dags/example_external_task_marker_dag.py
[2023-07-09T16:08:41.714+0000] {logging_mixin.py:149} INFO - [2023-07-09T16:08:41.713+0000] {dag.py:2726} INFO - Sync 2 DAGs
[2023-07-09T16:08:41.736+0000] {logging_mixin.py:149} INFO - [2023-07-09T16:08:41.736+0000] {dag.py:3490} INFO - Setting next_dagrun for example_external_task_marker_child to None, run_after=None
[2023-07-09T16:08:41.739+0000] {logging_mixin.py:149} INFO - [2023-07-09T16:08:41.739+0000] {dag.py:3490} INFO - Setting next_dagrun for example_external_task_marker_parent to None, run_after=None
[2023-07-09T16:08:41.752+0000] {processor.py:179} INFO - Processing /home/airflow/.local/lib/python3.7/site-packages/airflow/example_dags/example_external_task_marker_dag.py took 0.113 seconds
[2023-07-09T16:09:11.968+0000] {processor.py:157} INFO - Started process (PID=1070) to work on /home/airflow/.local/lib/python3.7/site-packages/airflow/example_dags/example_external_task_marker_dag.py
[2023-07-09T16:09:11.970+0000] {processor.py:826} INFO - Processing file /home/airflow/.local/lib/python3.7/site-packages/airflow/example_dags/example_external_task_marker_dag.py for tasks to queue
[2023-07-09T16:09:11.972+0000] {logging_mixin.py:149} INFO - [2023-07-09T16:09:11.972+0000] {dagbag.py:541} INFO - Filling up the DagBag from /home/airflow/.local/lib/python3.7/site-packages/airflow/example_dags/example_external_task_marker_dag.py
[2023-07-09T16:09:11.978+0000] {processor.py:836} INFO - DAG(s) dict_keys(['example_external_task_marker_child', 'example_external_task_marker_parent']) retrieved from /home/airflow/.local/lib/python3.7/site-packages/airflow/example_dags/example_external_task_marker_dag.py
[2023-07-09T16:09:12.031+0000] {logging_mixin.py:149} INFO - [2023-07-09T16:09:12.031+0000] {dag.py:2726} INFO - Sync 2 DAGs
[2023-07-09T16:09:12.054+0000] {logging_mixin.py:149} INFO - [2023-07-09T16:09:12.054+0000] {dag.py:3490} INFO - Setting next_dagrun for example_external_task_marker_child to None, run_after=None
[2023-07-09T16:09:12.058+0000] {logging_mixin.py:149} INFO - [2023-07-09T16:09:12.058+0000] {dag.py:3490} INFO - Setting next_dagrun for example_external_task_marker_parent to None, run_after=None
[2023-07-09T16:09:12.070+0000] {processor.py:179} INFO - Processing /home/airflow/.local/lib/python3.7/site-packages/airflow/example_dags/example_external_task_marker_dag.py took 0.106 seconds
[2023-07-09T16:09:42.357+0000] {processor.py:157} INFO - Started process (PID=1130) to work on /home/airflow/.local/lib/python3.7/site-packages/airflow/example_dags/example_external_task_marker_dag.py
[2023-07-09T16:09:42.360+0000] {processor.py:826} INFO - Processing file /home/airflow/.local/lib/python3.7/site-packages/airflow/example_dags/example_external_task_marker_dag.py for tasks to queue
[2023-07-09T16:09:42.361+0000] {logging_mixin.py:149} INFO - [2023-07-09T16:09:42.361+0000] {dagbag.py:541} INFO - Filling up the DagBag from /home/airflow/.local/lib/python3.7/site-packages/airflow/example_dags/example_external_task_marker_dag.py
[2023-07-09T16:09:42.375+0000] {processor.py:836} INFO - DAG(s) dict_keys(['example_external_task_marker_parent', 'example_external_task_marker_child']) retrieved from /home/airflow/.local/lib/python3.7/site-packages/airflow/example_dags/example_external_task_marker_dag.py
[2023-07-09T16:09:42.413+0000] {logging_mixin.py:149} INFO - [2023-07-09T16:09:42.412+0000] {dag.py:2726} INFO - Sync 2 DAGs
[2023-07-09T16:09:42.432+0000] {logging_mixin.py:149} INFO - [2023-07-09T16:09:42.432+0000] {dag.py:3490} INFO - Setting next_dagrun for example_external_task_marker_child to None, run_after=None
[2023-07-09T16:09:42.435+0000] {logging_mixin.py:149} INFO - [2023-07-09T16:09:42.435+0000] {dag.py:3490} INFO - Setting next_dagrun for example_external_task_marker_parent to None, run_after=None
[2023-07-09T16:09:42.447+0000] {processor.py:179} INFO - Processing /home/airflow/.local/lib/python3.7/site-packages/airflow/example_dags/example_external_task_marker_dag.py took 0.097 seconds
[2023-07-09T16:10:12.661+0000] {processor.py:157} INFO - Started process (PID=1191) to work on /home/airflow/.local/lib/python3.7/site-packages/airflow/example_dags/example_external_task_marker_dag.py
[2023-07-09T16:10:12.663+0000] {processor.py:826} INFO - Processing file /home/airflow/.local/lib/python3.7/site-packages/airflow/example_dags/example_external_task_marker_dag.py for tasks to queue
[2023-07-09T16:10:12.664+0000] {logging_mixin.py:149} INFO - [2023-07-09T16:10:12.664+0000] {dagbag.py:541} INFO - Filling up the DagBag from /home/airflow/.local/lib/python3.7/site-packages/airflow/example_dags/example_external_task_marker_dag.py
[2023-07-09T16:10:12.672+0000] {processor.py:836} INFO - DAG(s) dict_keys(['example_external_task_marker_parent', 'example_external_task_marker_child']) retrieved from /home/airflow/.local/lib/python3.7/site-packages/airflow/example_dags/example_external_task_marker_dag.py
[2023-07-09T16:10:12.703+0000] {logging_mixin.py:149} INFO - [2023-07-09T16:10:12.703+0000] {dag.py:2726} INFO - Sync 2 DAGs
[2023-07-09T16:10:12.722+0000] {logging_mixin.py:149} INFO - [2023-07-09T16:10:12.722+0000] {dag.py:3490} INFO - Setting next_dagrun for example_external_task_marker_child to None, run_after=None
[2023-07-09T16:10:12.725+0000] {logging_mixin.py:149} INFO - [2023-07-09T16:10:12.724+0000] {dag.py:3490} INFO - Setting next_dagrun for example_external_task_marker_parent to None, run_after=None
[2023-07-09T16:10:12.735+0000] {processor.py:179} INFO - Processing /home/airflow/.local/lib/python3.7/site-packages/airflow/example_dags/example_external_task_marker_dag.py took 0.080 seconds
[2023-07-09T16:10:43.112+0000] {processor.py:157} INFO - Started process (PID=1252) to work on /home/airflow/.local/lib/python3.7/site-packages/airflow/example_dags/example_external_task_marker_dag.py
[2023-07-09T16:10:43.115+0000] {processor.py:826} INFO - Processing file /home/airflow/.local/lib/python3.7/site-packages/airflow/example_dags/example_external_task_marker_dag.py for tasks to queue
[2023-07-09T16:10:43.116+0000] {logging_mixin.py:149} INFO - [2023-07-09T16:10:43.116+0000] {dagbag.py:541} INFO - Filling up the DagBag from /home/airflow/.local/lib/python3.7/site-packages/airflow/example_dags/example_external_task_marker_dag.py
[2023-07-09T16:10:43.124+0000] {processor.py:836} INFO - DAG(s) dict_keys(['example_external_task_marker_child', 'example_external_task_marker_parent']) retrieved from /home/airflow/.local/lib/python3.7/site-packages/airflow/example_dags/example_external_task_marker_dag.py
[2023-07-09T16:10:43.159+0000] {logging_mixin.py:149} INFO - [2023-07-09T16:10:43.159+0000] {dag.py:2726} INFO - Sync 2 DAGs
[2023-07-09T16:10:43.197+0000] {logging_mixin.py:149} INFO - [2023-07-09T16:10:43.197+0000] {dag.py:3490} INFO - Setting next_dagrun for example_external_task_marker_child to None, run_after=None
[2023-07-09T16:10:43.200+0000] {logging_mixin.py:149} INFO - [2023-07-09T16:10:43.200+0000] {dag.py:3490} INFO - Setting next_dagrun for example_external_task_marker_parent to None, run_after=None
[2023-07-09T16:10:43.212+0000] {processor.py:179} INFO - Processing /home/airflow/.local/lib/python3.7/site-packages/airflow/example_dags/example_external_task_marker_dag.py took 0.105 seconds
[2023-07-09T16:11:13.286+0000] {processor.py:157} INFO - Started process (PID=1314) to work on /home/airflow/.local/lib/python3.7/site-packages/airflow/example_dags/example_external_task_marker_dag.py
[2023-07-09T16:11:13.288+0000] {processor.py:826} INFO - Processing file /home/airflow/.local/lib/python3.7/site-packages/airflow/example_dags/example_external_task_marker_dag.py for tasks to queue
[2023-07-09T16:11:13.289+0000] {logging_mixin.py:149} INFO - [2023-07-09T16:11:13.289+0000] {dagbag.py:541} INFO - Filling up the DagBag from /home/airflow/.local/lib/python3.7/site-packages/airflow/example_dags/example_external_task_marker_dag.py
[2023-07-09T16:11:13.296+0000] {processor.py:836} INFO - DAG(s) dict_keys(['example_external_task_marker_parent', 'example_external_task_marker_child']) retrieved from /home/airflow/.local/lib/python3.7/site-packages/airflow/example_dags/example_external_task_marker_dag.py
[2023-07-09T16:11:13.333+0000] {logging_mixin.py:149} INFO - [2023-07-09T16:11:13.333+0000] {dag.py:2726} INFO - Sync 2 DAGs
[2023-07-09T16:11:13.351+0000] {logging_mixin.py:149} INFO - [2023-07-09T16:11:13.351+0000] {dag.py:3490} INFO - Setting next_dagrun for example_external_task_marker_child to None, run_after=None
[2023-07-09T16:11:13.353+0000] {logging_mixin.py:149} INFO - [2023-07-09T16:11:13.353+0000] {dag.py:3490} INFO - Setting next_dagrun for example_external_task_marker_parent to None, run_after=None
[2023-07-09T16:11:13.365+0000] {processor.py:179} INFO - Processing /home/airflow/.local/lib/python3.7/site-packages/airflow/example_dags/example_external_task_marker_dag.py took 0.090 seconds
[2023-07-09T16:11:43.778+0000] {processor.py:157} INFO - Started process (PID=1375) to work on /home/airflow/.local/lib/python3.7/site-packages/airflow/example_dags/example_external_task_marker_dag.py
[2023-07-09T16:11:43.780+0000] {processor.py:826} INFO - Processing file /home/airflow/.local/lib/python3.7/site-packages/airflow/example_dags/example_external_task_marker_dag.py for tasks to queue
[2023-07-09T16:11:43.782+0000] {logging_mixin.py:149} INFO - [2023-07-09T16:11:43.781+0000] {dagbag.py:541} INFO - Filling up the DagBag from /home/airflow/.local/lib/python3.7/site-packages/airflow/example_dags/example_external_task_marker_dag.py
[2023-07-09T16:11:43.791+0000] {processor.py:836} INFO - DAG(s) dict_keys(['example_external_task_marker_child', 'example_external_task_marker_parent']) retrieved from /home/airflow/.local/lib/python3.7/site-packages/airflow/example_dags/example_external_task_marker_dag.py
[2023-07-09T16:11:43.833+0000] {logging_mixin.py:149} INFO - [2023-07-09T16:11:43.833+0000] {dag.py:2726} INFO - Sync 2 DAGs
[2023-07-09T16:11:43.863+0000] {logging_mixin.py:149} INFO - [2023-07-09T16:11:43.863+0000] {dag.py:3490} INFO - Setting next_dagrun for example_external_task_marker_child to None, run_after=None
[2023-07-09T16:11:43.867+0000] {logging_mixin.py:149} INFO - [2023-07-09T16:11:43.867+0000] {dag.py:3490} INFO - Setting next_dagrun for example_external_task_marker_parent to None, run_after=None
[2023-07-09T16:11:43.879+0000] {processor.py:179} INFO - Processing /home/airflow/.local/lib/python3.7/site-packages/airflow/example_dags/example_external_task_marker_dag.py took 0.107 seconds
[2023-07-09T16:12:14.270+0000] {processor.py:157} INFO - Started process (PID=1436) to work on /home/airflow/.local/lib/python3.7/site-packages/airflow/example_dags/example_external_task_marker_dag.py
[2023-07-09T16:12:14.272+0000] {processor.py:826} INFO - Processing file /home/airflow/.local/lib/python3.7/site-packages/airflow/example_dags/example_external_task_marker_dag.py for tasks to queue
[2023-07-09T16:12:14.273+0000] {logging_mixin.py:149} INFO - [2023-07-09T16:12:14.273+0000] {dagbag.py:541} INFO - Filling up the DagBag from /home/airflow/.local/lib/python3.7/site-packages/airflow/example_dags/example_external_task_marker_dag.py
[2023-07-09T16:12:14.279+0000] {processor.py:836} INFO - DAG(s) dict_keys(['example_external_task_marker_child', 'example_external_task_marker_parent']) retrieved from /home/airflow/.local/lib/python3.7/site-packages/airflow/example_dags/example_external_task_marker_dag.py
[2023-07-09T16:12:14.306+0000] {logging_mixin.py:149} INFO - [2023-07-09T16:12:14.305+0000] {dag.py:2726} INFO - Sync 2 DAGs
[2023-07-09T16:12:14.322+0000] {logging_mixin.py:149} INFO - [2023-07-09T16:12:14.322+0000] {dag.py:3490} INFO - Setting next_dagrun for example_external_task_marker_child to None, run_after=None
[2023-07-09T16:12:14.324+0000] {logging_mixin.py:149} INFO - [2023-07-09T16:12:14.324+0000] {dag.py:3490} INFO - Setting next_dagrun for example_external_task_marker_parent to None, run_after=None
[2023-07-09T16:12:14.334+0000] {processor.py:179} INFO - Processing /home/airflow/.local/lib/python3.7/site-packages/airflow/example_dags/example_external_task_marker_dag.py took 0.070 seconds
[2023-07-09T16:12:44.523+0000] {processor.py:157} INFO - Started process (PID=1497) to work on /home/airflow/.local/lib/python3.7/site-packages/airflow/example_dags/example_external_task_marker_dag.py
[2023-07-09T16:12:44.525+0000] {processor.py:826} INFO - Processing file /home/airflow/.local/lib/python3.7/site-packages/airflow/example_dags/example_external_task_marker_dag.py for tasks to queue
[2023-07-09T16:12:44.526+0000] {logging_mixin.py:149} INFO - [2023-07-09T16:12:44.526+0000] {dagbag.py:541} INFO - Filling up the DagBag from /home/airflow/.local/lib/python3.7/site-packages/airflow/example_dags/example_external_task_marker_dag.py
[2023-07-09T16:12:44.533+0000] {processor.py:836} INFO - DAG(s) dict_keys(['example_external_task_marker_child', 'example_external_task_marker_parent']) retrieved from /home/airflow/.local/lib/python3.7/site-packages/airflow/example_dags/example_external_task_marker_dag.py
[2023-07-09T16:12:44.563+0000] {logging_mixin.py:149} INFO - [2023-07-09T16:12:44.563+0000] {dag.py:2726} INFO - Sync 2 DAGs
[2023-07-09T16:12:44.581+0000] {logging_mixin.py:149} INFO - [2023-07-09T16:12:44.581+0000] {dag.py:3490} INFO - Setting next_dagrun for example_external_task_marker_child to None, run_after=None
[2023-07-09T16:12:44.585+0000] {logging_mixin.py:149} INFO - [2023-07-09T16:12:44.585+0000] {dag.py:3490} INFO - Setting next_dagrun for example_external_task_marker_parent to None, run_after=None
[2023-07-09T16:12:44.595+0000] {processor.py:179} INFO - Processing /home/airflow/.local/lib/python3.7/site-packages/airflow/example_dags/example_external_task_marker_dag.py took 0.077 seconds
[2023-07-09T16:13:14.761+0000] {processor.py:157} INFO - Started process (PID=1558) to work on /home/airflow/.local/lib/python3.7/site-packages/airflow/example_dags/example_external_task_marker_dag.py
[2023-07-09T16:13:14.763+0000] {processor.py:826} INFO - Processing file /home/airflow/.local/lib/python3.7/site-packages/airflow/example_dags/example_external_task_marker_dag.py for tasks to queue
[2023-07-09T16:13:14.764+0000] {logging_mixin.py:149} INFO - [2023-07-09T16:13:14.763+0000] {dagbag.py:541} INFO - Filling up the DagBag from /home/airflow/.local/lib/python3.7/site-packages/airflow/example_dags/example_external_task_marker_dag.py
[2023-07-09T16:13:14.772+0000] {processor.py:836} INFO - DAG(s) dict_keys(['example_external_task_marker_parent', 'example_external_task_marker_child']) retrieved from /home/airflow/.local/lib/python3.7/site-packages/airflow/example_dags/example_external_task_marker_dag.py
[2023-07-09T16:13:14.822+0000] {logging_mixin.py:149} INFO - [2023-07-09T16:13:14.822+0000] {dag.py:2726} INFO - Sync 2 DAGs
[2023-07-09T16:13:14.842+0000] {logging_mixin.py:149} INFO - [2023-07-09T16:13:14.842+0000] {dag.py:3490} INFO - Setting next_dagrun for example_external_task_marker_child to None, run_after=None
[2023-07-09T16:13:14.845+0000] {logging_mixin.py:149} INFO - [2023-07-09T16:13:14.845+0000] {dag.py:3490} INFO - Setting next_dagrun for example_external_task_marker_parent to None, run_after=None
[2023-07-09T16:13:14.856+0000] {processor.py:179} INFO - Processing /home/airflow/.local/lib/python3.7/site-packages/airflow/example_dags/example_external_task_marker_dag.py took 0.101 seconds
[2023-07-09T16:13:45.190+0000] {processor.py:157} INFO - Started process (PID=1619) to work on /home/airflow/.local/lib/python3.7/site-packages/airflow/example_dags/example_external_task_marker_dag.py
[2023-07-09T16:13:45.191+0000] {processor.py:826} INFO - Processing file /home/airflow/.local/lib/python3.7/site-packages/airflow/example_dags/example_external_task_marker_dag.py for tasks to queue
[2023-07-09T16:13:45.192+0000] {logging_mixin.py:149} INFO - [2023-07-09T16:13:45.192+0000] {dagbag.py:541} INFO - Filling up the DagBag from /home/airflow/.local/lib/python3.7/site-packages/airflow/example_dags/example_external_task_marker_dag.py
[2023-07-09T16:13:45.199+0000] {processor.py:836} INFO - DAG(s) dict_keys(['example_external_task_marker_child', 'example_external_task_marker_parent']) retrieved from /home/airflow/.local/lib/python3.7/site-packages/airflow/example_dags/example_external_task_marker_dag.py
[2023-07-09T16:13:45.240+0000] {logging_mixin.py:149} INFO - [2023-07-09T16:13:45.240+0000] {dag.py:2726} INFO - Sync 2 DAGs
[2023-07-09T16:13:45.276+0000] {logging_mixin.py:149} INFO - [2023-07-09T16:13:45.276+0000] {dag.py:3490} INFO - Setting next_dagrun for example_external_task_marker_child to None, run_after=None
[2023-07-09T16:13:45.279+0000] {logging_mixin.py:149} INFO - [2023-07-09T16:13:45.279+0000] {dag.py:3490} INFO - Setting next_dagrun for example_external_task_marker_parent to None, run_after=None
[2023-07-09T16:13:45.292+0000] {processor.py:179} INFO - Processing /home/airflow/.local/lib/python3.7/site-packages/airflow/example_dags/example_external_task_marker_dag.py took 0.107 seconds
[2023-07-09T16:14:15.685+0000] {processor.py:157} INFO - Started process (PID=1680) to work on /home/airflow/.local/lib/python3.7/site-packages/airflow/example_dags/example_external_task_marker_dag.py
[2023-07-09T16:14:15.687+0000] {processor.py:826} INFO - Processing file /home/airflow/.local/lib/python3.7/site-packages/airflow/example_dags/example_external_task_marker_dag.py for tasks to queue
[2023-07-09T16:14:15.688+0000] {logging_mixin.py:149} INFO - [2023-07-09T16:14:15.688+0000] {dagbag.py:541} INFO - Filling up the DagBag from /home/airflow/.local/lib/python3.7/site-packages/airflow/example_dags/example_external_task_marker_dag.py
[2023-07-09T16:14:15.695+0000] {processor.py:836} INFO - DAG(s) dict_keys(['example_external_task_marker_child', 'example_external_task_marker_parent']) retrieved from /home/airflow/.local/lib/python3.7/site-packages/airflow/example_dags/example_external_task_marker_dag.py
[2023-07-09T16:14:15.721+0000] {logging_mixin.py:149} INFO - [2023-07-09T16:14:15.721+0000] {dag.py:2726} INFO - Sync 2 DAGs
[2023-07-09T16:14:15.739+0000] {logging_mixin.py:149} INFO - [2023-07-09T16:14:15.739+0000] {dag.py:3490} INFO - Setting next_dagrun for example_external_task_marker_child to None, run_after=None
[2023-07-09T16:14:15.741+0000] {logging_mixin.py:149} INFO - [2023-07-09T16:14:15.741+0000] {dag.py:3490} INFO - Setting next_dagrun for example_external_task_marker_parent to None, run_after=None
[2023-07-09T16:14:15.752+0000] {processor.py:179} INFO - Processing /home/airflow/.local/lib/python3.7/site-packages/airflow/example_dags/example_external_task_marker_dag.py took 0.074 seconds
[2023-07-09T16:14:46.205+0000] {processor.py:157} INFO - Started process (PID=1741) to work on /home/airflow/.local/lib/python3.7/site-packages/airflow/example_dags/example_external_task_marker_dag.py
[2023-07-09T16:14:46.207+0000] {processor.py:826} INFO - Processing file /home/airflow/.local/lib/python3.7/site-packages/airflow/example_dags/example_external_task_marker_dag.py for tasks to queue
[2023-07-09T16:14:46.209+0000] {logging_mixin.py:149} INFO - [2023-07-09T16:14:46.208+0000] {dagbag.py:541} INFO - Filling up the DagBag from /home/airflow/.local/lib/python3.7/site-packages/airflow/example_dags/example_external_task_marker_dag.py
[2023-07-09T16:14:46.216+0000] {processor.py:836} INFO - DAG(s) dict_keys(['example_external_task_marker_parent', 'example_external_task_marker_child']) retrieved from /home/airflow/.local/lib/python3.7/site-packages/airflow/example_dags/example_external_task_marker_dag.py
[2023-07-09T16:14:46.245+0000] {logging_mixin.py:149} INFO - [2023-07-09T16:14:46.245+0000] {dag.py:2726} INFO - Sync 2 DAGs
[2023-07-09T16:14:46.263+0000] {logging_mixin.py:149} INFO - [2023-07-09T16:14:46.262+0000] {dag.py:3490} INFO - Setting next_dagrun for example_external_task_marker_child to None, run_after=None
[2023-07-09T16:14:46.265+0000] {logging_mixin.py:149} INFO - [2023-07-09T16:14:46.265+0000] {dag.py:3490} INFO - Setting next_dagrun for example_external_task_marker_parent to None, run_after=None
[2023-07-09T16:14:46.277+0000] {processor.py:179} INFO - Processing /home/airflow/.local/lib/python3.7/site-packages/airflow/example_dags/example_external_task_marker_dag.py took 0.078 seconds
[2023-07-09T16:15:16.833+0000] {processor.py:157} INFO - Started process (PID=1802) to work on /home/airflow/.local/lib/python3.7/site-packages/airflow/example_dags/example_external_task_marker_dag.py
[2023-07-09T16:15:16.836+0000] {processor.py:826} INFO - Processing file /home/airflow/.local/lib/python3.7/site-packages/airflow/example_dags/example_external_task_marker_dag.py for tasks to queue
[2023-07-09T16:15:16.838+0000] {logging_mixin.py:149} INFO - [2023-07-09T16:15:16.837+0000] {dagbag.py:541} INFO - Filling up the DagBag from /home/airflow/.local/lib/python3.7/site-packages/airflow/example_dags/example_external_task_marker_dag.py
[2023-07-09T16:15:16.845+0000] {processor.py:836} INFO - DAG(s) dict_keys(['example_external_task_marker_child', 'example_external_task_marker_parent']) retrieved from /home/airflow/.local/lib/python3.7/site-packages/airflow/example_dags/example_external_task_marker_dag.py
[2023-07-09T16:15:16.875+0000] {logging_mixin.py:149} INFO - [2023-07-09T16:15:16.875+0000] {dag.py:2726} INFO - Sync 2 DAGs
[2023-07-09T16:15:16.893+0000] {logging_mixin.py:149} INFO - [2023-07-09T16:15:16.893+0000] {dag.py:3490} INFO - Setting next_dagrun for example_external_task_marker_child to None, run_after=None
[2023-07-09T16:15:16.898+0000] {logging_mixin.py:149} INFO - [2023-07-09T16:15:16.898+0000] {dag.py:3490} INFO - Setting next_dagrun for example_external_task_marker_parent to None, run_after=None
[2023-07-09T16:15:16.911+0000] {processor.py:179} INFO - Processing /home/airflow/.local/lib/python3.7/site-packages/airflow/example_dags/example_external_task_marker_dag.py took 0.083 seconds
[2023-07-09T16:15:47.455+0000] {processor.py:157} INFO - Started process (PID=1863) to work on /home/airflow/.local/lib/python3.7/site-packages/airflow/example_dags/example_external_task_marker_dag.py
[2023-07-09T16:15:47.457+0000] {processor.py:826} INFO - Processing file /home/airflow/.local/lib/python3.7/site-packages/airflow/example_dags/example_external_task_marker_dag.py for tasks to queue
[2023-07-09T16:15:47.458+0000] {logging_mixin.py:149} INFO - [2023-07-09T16:15:47.458+0000] {dagbag.py:541} INFO - Filling up the DagBag from /home/airflow/.local/lib/python3.7/site-packages/airflow/example_dags/example_external_task_marker_dag.py
[2023-07-09T16:15:47.464+0000] {processor.py:836} INFO - DAG(s) dict_keys(['example_external_task_marker_child', 'example_external_task_marker_parent']) retrieved from /home/airflow/.local/lib/python3.7/site-packages/airflow/example_dags/example_external_task_marker_dag.py
[2023-07-09T16:15:47.493+0000] {logging_mixin.py:149} INFO - [2023-07-09T16:15:47.493+0000] {dag.py:2726} INFO - Sync 2 DAGs
[2023-07-09T16:15:47.515+0000] {logging_mixin.py:149} INFO - [2023-07-09T16:15:47.515+0000] {dag.py:3490} INFO - Setting next_dagrun for example_external_task_marker_child to None, run_after=None
[2023-07-09T16:15:47.518+0000] {logging_mixin.py:149} INFO - [2023-07-09T16:15:47.518+0000] {dag.py:3490} INFO - Setting next_dagrun for example_external_task_marker_parent to None, run_after=None
[2023-07-09T16:15:47.528+0000] {processor.py:179} INFO - Processing /home/airflow/.local/lib/python3.7/site-packages/airflow/example_dags/example_external_task_marker_dag.py took 0.078 seconds
[2023-07-09T16:16:17.657+0000] {processor.py:157} INFO - Started process (PID=1924) to work on /home/airflow/.local/lib/python3.7/site-packages/airflow/example_dags/example_external_task_marker_dag.py
[2023-07-09T16:16:17.659+0000] {processor.py:826} INFO - Processing file /home/airflow/.local/lib/python3.7/site-packages/airflow/example_dags/example_external_task_marker_dag.py for tasks to queue
[2023-07-09T16:16:17.660+0000] {logging_mixin.py:149} INFO - [2023-07-09T16:16:17.660+0000] {dagbag.py:541} INFO - Filling up the DagBag from /home/airflow/.local/lib/python3.7/site-packages/airflow/example_dags/example_external_task_marker_dag.py
[2023-07-09T16:16:17.669+0000] {processor.py:836} INFO - DAG(s) dict_keys(['example_external_task_marker_child', 'example_external_task_marker_parent']) retrieved from /home/airflow/.local/lib/python3.7/site-packages/airflow/example_dags/example_external_task_marker_dag.py
[2023-07-09T16:16:17.696+0000] {logging_mixin.py:149} INFO - [2023-07-09T16:16:17.696+0000] {dag.py:2726} INFO - Sync 2 DAGs
[2023-07-09T16:16:17.714+0000] {logging_mixin.py:149} INFO - [2023-07-09T16:16:17.714+0000] {dag.py:3490} INFO - Setting next_dagrun for example_external_task_marker_child to None, run_after=None
[2023-07-09T16:16:17.717+0000] {logging_mixin.py:149} INFO - [2023-07-09T16:16:17.717+0000] {dag.py:3490} INFO - Setting next_dagrun for example_external_task_marker_parent to None, run_after=None
[2023-07-09T16:16:17.732+0000] {processor.py:179} INFO - Processing /home/airflow/.local/lib/python3.7/site-packages/airflow/example_dags/example_external_task_marker_dag.py took 0.081 seconds
[2023-07-09T16:16:47.971+0000] {processor.py:157} INFO - Started process (PID=1986) to work on /home/airflow/.local/lib/python3.7/site-packages/airflow/example_dags/example_external_task_marker_dag.py
[2023-07-09T16:16:47.973+0000] {processor.py:826} INFO - Processing file /home/airflow/.local/lib/python3.7/site-packages/airflow/example_dags/example_external_task_marker_dag.py for tasks to queue
[2023-07-09T16:16:47.975+0000] {logging_mixin.py:149} INFO - [2023-07-09T16:16:47.975+0000] {dagbag.py:541} INFO - Filling up the DagBag from /home/airflow/.local/lib/python3.7/site-packages/airflow/example_dags/example_external_task_marker_dag.py
[2023-07-09T16:16:47.983+0000] {processor.py:836} INFO - DAG(s) dict_keys(['example_external_task_marker_parent', 'example_external_task_marker_child']) retrieved from /home/airflow/.local/lib/python3.7/site-packages/airflow/example_dags/example_external_task_marker_dag.py
[2023-07-09T16:16:48.019+0000] {logging_mixin.py:149} INFO - [2023-07-09T16:16:48.018+0000] {dag.py:2726} INFO - Sync 2 DAGs
[2023-07-09T16:16:48.049+0000] {logging_mixin.py:149} INFO - [2023-07-09T16:16:48.049+0000] {dag.py:3490} INFO - Setting next_dagrun for example_external_task_marker_child to None, run_after=None
[2023-07-09T16:16:48.054+0000] {logging_mixin.py:149} INFO - [2023-07-09T16:16:48.054+0000] {dag.py:3490} INFO - Setting next_dagrun for example_external_task_marker_parent to None, run_after=None
[2023-07-09T16:16:48.066+0000] {processor.py:179} INFO - Processing /home/airflow/.local/lib/python3.7/site-packages/airflow/example_dags/example_external_task_marker_dag.py took 0.099 seconds
[2023-07-09T16:17:18.409+0000] {processor.py:157} INFO - Started process (PID=2047) to work on /home/airflow/.local/lib/python3.7/site-packages/airflow/example_dags/example_external_task_marker_dag.py
[2023-07-09T16:17:18.411+0000] {processor.py:826} INFO - Processing file /home/airflow/.local/lib/python3.7/site-packages/airflow/example_dags/example_external_task_marker_dag.py for tasks to queue
[2023-07-09T16:17:18.413+0000] {logging_mixin.py:149} INFO - [2023-07-09T16:17:18.412+0000] {dagbag.py:541} INFO - Filling up the DagBag from /home/airflow/.local/lib/python3.7/site-packages/airflow/example_dags/example_external_task_marker_dag.py
[2023-07-09T16:17:18.422+0000] {processor.py:836} INFO - DAG(s) dict_keys(['example_external_task_marker_child', 'example_external_task_marker_parent']) retrieved from /home/airflow/.local/lib/python3.7/site-packages/airflow/example_dags/example_external_task_marker_dag.py
[2023-07-09T16:17:18.486+0000] {logging_mixin.py:149} INFO - [2023-07-09T16:17:18.485+0000] {dag.py:2726} INFO - Sync 2 DAGs
[2023-07-09T16:17:18.521+0000] {logging_mixin.py:149} INFO - [2023-07-09T16:17:18.521+0000] {dag.py:3490} INFO - Setting next_dagrun for example_external_task_marker_child to None, run_after=None
[2023-07-09T16:17:18.526+0000] {logging_mixin.py:149} INFO - [2023-07-09T16:17:18.526+0000] {dag.py:3490} INFO - Setting next_dagrun for example_external_task_marker_parent to None, run_after=None
[2023-07-09T16:17:18.559+0000] {processor.py:179} INFO - Processing /home/airflow/.local/lib/python3.7/site-packages/airflow/example_dags/example_external_task_marker_dag.py took 0.155 seconds
[2023-07-09T16:17:48.814+0000] {processor.py:157} INFO - Started process (PID=2108) to work on /home/airflow/.local/lib/python3.7/site-packages/airflow/example_dags/example_external_task_marker_dag.py
[2023-07-09T16:17:48.815+0000] {processor.py:826} INFO - Processing file /home/airflow/.local/lib/python3.7/site-packages/airflow/example_dags/example_external_task_marker_dag.py for tasks to queue
[2023-07-09T16:17:48.816+0000] {logging_mixin.py:149} INFO - [2023-07-09T16:17:48.816+0000] {dagbag.py:541} INFO - Filling up the DagBag from /home/airflow/.local/lib/python3.7/site-packages/airflow/example_dags/example_external_task_marker_dag.py
[2023-07-09T16:17:48.823+0000] {processor.py:836} INFO - DAG(s) dict_keys(['example_external_task_marker_parent', 'example_external_task_marker_child']) retrieved from /home/airflow/.local/lib/python3.7/site-packages/airflow/example_dags/example_external_task_marker_dag.py
[2023-07-09T16:17:48.850+0000] {logging_mixin.py:149} INFO - [2023-07-09T16:17:48.850+0000] {dag.py:2726} INFO - Sync 2 DAGs
[2023-07-09T16:17:48.867+0000] {logging_mixin.py:149} INFO - [2023-07-09T16:17:48.867+0000] {dag.py:3490} INFO - Setting next_dagrun for example_external_task_marker_child to None, run_after=None
[2023-07-09T16:17:48.869+0000] {logging_mixin.py:149} INFO - [2023-07-09T16:17:48.869+0000] {dag.py:3490} INFO - Setting next_dagrun for example_external_task_marker_parent to None, run_after=None
[2023-07-09T16:17:48.880+0000] {processor.py:179} INFO - Processing /home/airflow/.local/lib/python3.7/site-packages/airflow/example_dags/example_external_task_marker_dag.py took 0.068 seconds
[2023-07-09T16:18:19.002+0000] {processor.py:157} INFO - Started process (PID=2169) to work on /home/airflow/.local/lib/python3.7/site-packages/airflow/example_dags/example_external_task_marker_dag.py
[2023-07-09T16:18:19.005+0000] {processor.py:826} INFO - Processing file /home/airflow/.local/lib/python3.7/site-packages/airflow/example_dags/example_external_task_marker_dag.py for tasks to queue
[2023-07-09T16:18:19.008+0000] {logging_mixin.py:149} INFO - [2023-07-09T16:18:19.008+0000] {dagbag.py:541} INFO - Filling up the DagBag from /home/airflow/.local/lib/python3.7/site-packages/airflow/example_dags/example_external_task_marker_dag.py
[2023-07-09T16:18:19.017+0000] {processor.py:836} INFO - DAG(s) dict_keys(['example_external_task_marker_child', 'example_external_task_marker_parent']) retrieved from /home/airflow/.local/lib/python3.7/site-packages/airflow/example_dags/example_external_task_marker_dag.py
[2023-07-09T16:18:19.070+0000] {logging_mixin.py:149} INFO - [2023-07-09T16:18:19.069+0000] {dag.py:2726} INFO - Sync 2 DAGs
[2023-07-09T16:18:19.100+0000] {logging_mixin.py:149} INFO - [2023-07-09T16:18:19.100+0000] {dag.py:3490} INFO - Setting next_dagrun for example_external_task_marker_child to None, run_after=None
[2023-07-09T16:18:19.104+0000] {logging_mixin.py:149} INFO - [2023-07-09T16:18:19.104+0000] {dag.py:3490} INFO - Setting next_dagrun for example_external_task_marker_parent to None, run_after=None
[2023-07-09T16:18:19.132+0000] {processor.py:179} INFO - Processing /home/airflow/.local/lib/python3.7/site-packages/airflow/example_dags/example_external_task_marker_dag.py took 0.135 seconds
[2023-07-09T16:18:49.816+0000] {processor.py:157} INFO - Started process (PID=2230) to work on /home/airflow/.local/lib/python3.7/site-packages/airflow/example_dags/example_external_task_marker_dag.py
[2023-07-09T16:18:49.817+0000] {processor.py:826} INFO - Processing file /home/airflow/.local/lib/python3.7/site-packages/airflow/example_dags/example_external_task_marker_dag.py for tasks to queue
[2023-07-09T16:18:49.818+0000] {logging_mixin.py:149} INFO - [2023-07-09T16:18:49.818+0000] {dagbag.py:541} INFO - Filling up the DagBag from /home/airflow/.local/lib/python3.7/site-packages/airflow/example_dags/example_external_task_marker_dag.py
[2023-07-09T16:18:49.823+0000] {processor.py:836} INFO - DAG(s) dict_keys(['example_external_task_marker_parent', 'example_external_task_marker_child']) retrieved from /home/airflow/.local/lib/python3.7/site-packages/airflow/example_dags/example_external_task_marker_dag.py
[2023-07-09T16:18:49.846+0000] {logging_mixin.py:149} INFO - [2023-07-09T16:18:49.845+0000] {dag.py:2726} INFO - Sync 2 DAGs
[2023-07-09T16:18:49.865+0000] {logging_mixin.py:149} INFO - [2023-07-09T16:18:49.864+0000] {dag.py:3490} INFO - Setting next_dagrun for example_external_task_marker_child to None, run_after=None
[2023-07-09T16:18:49.868+0000] {logging_mixin.py:149} INFO - [2023-07-09T16:18:49.867+0000] {dag.py:3490} INFO - Setting next_dagrun for example_external_task_marker_parent to None, run_after=None
[2023-07-09T16:18:49.879+0000] {processor.py:179} INFO - Processing /home/airflow/.local/lib/python3.7/site-packages/airflow/example_dags/example_external_task_marker_dag.py took 0.065 seconds
[2023-07-09T16:19:20.468+0000] {processor.py:157} INFO - Started process (PID=2291) to work on /home/airflow/.local/lib/python3.7/site-packages/airflow/example_dags/example_external_task_marker_dag.py
[2023-07-09T16:19:20.470+0000] {processor.py:826} INFO - Processing file /home/airflow/.local/lib/python3.7/site-packages/airflow/example_dags/example_external_task_marker_dag.py for tasks to queue
[2023-07-09T16:19:20.471+0000] {logging_mixin.py:149} INFO - [2023-07-09T16:19:20.471+0000] {dagbag.py:541} INFO - Filling up the DagBag from /home/airflow/.local/lib/python3.7/site-packages/airflow/example_dags/example_external_task_marker_dag.py
[2023-07-09T16:19:20.478+0000] {processor.py:836} INFO - DAG(s) dict_keys(['example_external_task_marker_child', 'example_external_task_marker_parent']) retrieved from /home/airflow/.local/lib/python3.7/site-packages/airflow/example_dags/example_external_task_marker_dag.py
[2023-07-09T16:19:20.503+0000] {logging_mixin.py:149} INFO - [2023-07-09T16:19:20.503+0000] {dag.py:2726} INFO - Sync 2 DAGs
[2023-07-09T16:19:20.529+0000] {logging_mixin.py:149} INFO - [2023-07-09T16:19:20.529+0000] {dag.py:3490} INFO - Setting next_dagrun for example_external_task_marker_child to None, run_after=None
[2023-07-09T16:19:20.533+0000] {logging_mixin.py:149} INFO - [2023-07-09T16:19:20.532+0000] {dag.py:3490} INFO - Setting next_dagrun for example_external_task_marker_parent to None, run_after=None
[2023-07-09T16:19:20.544+0000] {processor.py:179} INFO - Processing /home/airflow/.local/lib/python3.7/site-packages/airflow/example_dags/example_external_task_marker_dag.py took 0.080 seconds
[2023-07-09T16:19:50.986+0000] {processor.py:157} INFO - Started process (PID=2353) to work on /home/airflow/.local/lib/python3.7/site-packages/airflow/example_dags/example_external_task_marker_dag.py
[2023-07-09T16:19:50.987+0000] {processor.py:826} INFO - Processing file /home/airflow/.local/lib/python3.7/site-packages/airflow/example_dags/example_external_task_marker_dag.py for tasks to queue
[2023-07-09T16:19:50.988+0000] {logging_mixin.py:149} INFO - [2023-07-09T16:19:50.988+0000] {dagbag.py:541} INFO - Filling up the DagBag from /home/airflow/.local/lib/python3.7/site-packages/airflow/example_dags/example_external_task_marker_dag.py
[2023-07-09T16:19:50.994+0000] {processor.py:836} INFO - DAG(s) dict_keys(['example_external_task_marker_child', 'example_external_task_marker_parent']) retrieved from /home/airflow/.local/lib/python3.7/site-packages/airflow/example_dags/example_external_task_marker_dag.py
[2023-07-09T16:19:51.018+0000] {logging_mixin.py:149} INFO - [2023-07-09T16:19:51.017+0000] {dag.py:2726} INFO - Sync 2 DAGs
[2023-07-09T16:19:51.034+0000] {logging_mixin.py:149} INFO - [2023-07-09T16:19:51.034+0000] {dag.py:3490} INFO - Setting next_dagrun for example_external_task_marker_child to None, run_after=None
[2023-07-09T16:19:51.036+0000] {logging_mixin.py:149} INFO - [2023-07-09T16:19:51.036+0000] {dag.py:3490} INFO - Setting next_dagrun for example_external_task_marker_parent to None, run_after=None
[2023-07-09T16:19:51.048+0000] {processor.py:179} INFO - Processing /home/airflow/.local/lib/python3.7/site-packages/airflow/example_dags/example_external_task_marker_dag.py took 0.066 seconds
[2023-07-09T16:20:21.479+0000] {processor.py:157} INFO - Started process (PID=2414) to work on /home/airflow/.local/lib/python3.7/site-packages/airflow/example_dags/example_external_task_marker_dag.py
[2023-07-09T16:20:21.481+0000] {processor.py:826} INFO - Processing file /home/airflow/.local/lib/python3.7/site-packages/airflow/example_dags/example_external_task_marker_dag.py for tasks to queue
[2023-07-09T16:20:21.483+0000] {logging_mixin.py:149} INFO - [2023-07-09T16:20:21.483+0000] {dagbag.py:541} INFO - Filling up the DagBag from /home/airflow/.local/lib/python3.7/site-packages/airflow/example_dags/example_external_task_marker_dag.py
[2023-07-09T16:20:21.489+0000] {processor.py:836} INFO - DAG(s) dict_keys(['example_external_task_marker_child', 'example_external_task_marker_parent']) retrieved from /home/airflow/.local/lib/python3.7/site-packages/airflow/example_dags/example_external_task_marker_dag.py
[2023-07-09T16:20:21.513+0000] {logging_mixin.py:149} INFO - [2023-07-09T16:20:21.513+0000] {dag.py:2726} INFO - Sync 2 DAGs
[2023-07-09T16:20:21.530+0000] {logging_mixin.py:149} INFO - [2023-07-09T16:20:21.530+0000] {dag.py:3490} INFO - Setting next_dagrun for example_external_task_marker_child to None, run_after=None
[2023-07-09T16:20:21.533+0000] {logging_mixin.py:149} INFO - [2023-07-09T16:20:21.533+0000] {dag.py:3490} INFO - Setting next_dagrun for example_external_task_marker_parent to None, run_after=None
[2023-07-09T16:20:21.545+0000] {processor.py:179} INFO - Processing /home/airflow/.local/lib/python3.7/site-packages/airflow/example_dags/example_external_task_marker_dag.py took 0.068 seconds
[2023-07-09T16:20:52.276+0000] {processor.py:157} INFO - Started process (PID=2466) to work on /home/airflow/.local/lib/python3.7/site-packages/airflow/example_dags/example_external_task_marker_dag.py
[2023-07-09T16:20:52.278+0000] {processor.py:826} INFO - Processing file /home/airflow/.local/lib/python3.7/site-packages/airflow/example_dags/example_external_task_marker_dag.py for tasks to queue
[2023-07-09T16:20:52.279+0000] {logging_mixin.py:149} INFO - [2023-07-09T16:20:52.279+0000] {dagbag.py:541} INFO - Filling up the DagBag from /home/airflow/.local/lib/python3.7/site-packages/airflow/example_dags/example_external_task_marker_dag.py
[2023-07-09T16:20:52.288+0000] {processor.py:836} INFO - DAG(s) dict_keys(['example_external_task_marker_child', 'example_external_task_marker_parent']) retrieved from /home/airflow/.local/lib/python3.7/site-packages/airflow/example_dags/example_external_task_marker_dag.py
[2023-07-09T16:20:52.323+0000] {logging_mixin.py:149} INFO - [2023-07-09T16:20:52.323+0000] {dag.py:2726} INFO - Sync 2 DAGs
[2023-07-09T16:20:52.345+0000] {logging_mixin.py:149} INFO - [2023-07-09T16:20:52.344+0000] {dag.py:3490} INFO - Setting next_dagrun for example_external_task_marker_child to None, run_after=None
[2023-07-09T16:20:52.348+0000] {logging_mixin.py:149} INFO - [2023-07-09T16:20:52.348+0000] {dag.py:3490} INFO - Setting next_dagrun for example_external_task_marker_parent to None, run_after=None
[2023-07-09T16:20:52.360+0000] {processor.py:179} INFO - Processing /home/airflow/.local/lib/python3.7/site-packages/airflow/example_dags/example_external_task_marker_dag.py took 0.089 seconds
[2023-07-09T16:21:22.515+0000] {processor.py:157} INFO - Started process (PID=2527) to work on /home/airflow/.local/lib/python3.7/site-packages/airflow/example_dags/example_external_task_marker_dag.py
[2023-07-09T16:21:22.516+0000] {processor.py:826} INFO - Processing file /home/airflow/.local/lib/python3.7/site-packages/airflow/example_dags/example_external_task_marker_dag.py for tasks to queue
[2023-07-09T16:21:22.517+0000] {logging_mixin.py:149} INFO - [2023-07-09T16:21:22.517+0000] {dagbag.py:541} INFO - Filling up the DagBag from /home/airflow/.local/lib/python3.7/site-packages/airflow/example_dags/example_external_task_marker_dag.py
[2023-07-09T16:21:22.523+0000] {processor.py:836} INFO - DAG(s) dict_keys(['example_external_task_marker_child', 'example_external_task_marker_parent']) retrieved from /home/airflow/.local/lib/python3.7/site-packages/airflow/example_dags/example_external_task_marker_dag.py
[2023-07-09T16:21:22.582+0000] {logging_mixin.py:149} INFO - [2023-07-09T16:21:22.582+0000] {dag.py:2726} INFO - Sync 2 DAGs
[2023-07-09T16:21:22.603+0000] {logging_mixin.py:149} INFO - [2023-07-09T16:21:22.603+0000] {dag.py:3490} INFO - Setting next_dagrun for example_external_task_marker_child to None, run_after=None
[2023-07-09T16:21:22.607+0000] {logging_mixin.py:149} INFO - [2023-07-09T16:21:22.607+0000] {dag.py:3490} INFO - Setting next_dagrun for example_external_task_marker_parent to None, run_after=None
[2023-07-09T16:21:22.620+0000] {processor.py:179} INFO - Processing /home/airflow/.local/lib/python3.7/site-packages/airflow/example_dags/example_external_task_marker_dag.py took 0.109 seconds
