[2023-07-09T16:00:36.230+0000] {processor.py:157} INFO - Started process (PID=57) to work on /home/airflow/.local/lib/python3.7/site-packages/airflow/example_dags/example_task_group_decorator.py
[2023-07-09T16:00:36.232+0000] {processor.py:826} INFO - Processing file /home/airflow/.local/lib/python3.7/site-packages/airflow/example_dags/example_task_group_decorator.py for tasks to queue
[2023-07-09T16:00:36.233+0000] {logging_mixin.py:149} INFO - [2023-07-09T16:00:36.233+0000] {dagbag.py:541} INFO - Filling up the DagBag from /home/airflow/.local/lib/python3.7/site-packages/airflow/example_dags/example_task_group_decorator.py
[2023-07-09T16:00:36.273+0000] {processor.py:836} INFO - DAG(s) dict_keys(['example_task_group_decorator']) retrieved from /home/airflow/.local/lib/python3.7/site-packages/airflow/example_dags/example_task_group_decorator.py
[2023-07-09T16:00:36.333+0000] {logging_mixin.py:149} INFO - [2023-07-09T16:00:36.332+0000] {dag.py:2726} INFO - Sync 1 DAGs
[2023-07-09T16:00:36.382+0000] {logging_mixin.py:149} INFO - [2023-07-09T16:00:36.381+0000] {dag.py:3490} INFO - Setting next_dagrun for example_task_group_decorator to 2023-07-08T16:00:36.381258+00:00, run_after=2023-07-09T16:00:36.381258+00:00
[2023-07-09T16:00:36.422+0000] {processor.py:179} INFO - Processing /home/airflow/.local/lib/python3.7/site-packages/airflow/example_dags/example_task_group_decorator.py took 0.196 seconds
[2023-07-09T16:01:06.648+0000] {processor.py:157} INFO - Started process (PID=118) to work on /home/airflow/.local/lib/python3.7/site-packages/airflow/example_dags/example_task_group_decorator.py
[2023-07-09T16:01:06.650+0000] {processor.py:826} INFO - Processing file /home/airflow/.local/lib/python3.7/site-packages/airflow/example_dags/example_task_group_decorator.py for tasks to queue
[2023-07-09T16:01:06.651+0000] {logging_mixin.py:149} INFO - [2023-07-09T16:01:06.651+0000] {dagbag.py:541} INFO - Filling up the DagBag from /home/airflow/.local/lib/python3.7/site-packages/airflow/example_dags/example_task_group_decorator.py
[2023-07-09T16:01:06.661+0000] {processor.py:836} INFO - DAG(s) dict_keys(['example_task_group_decorator']) retrieved from /home/airflow/.local/lib/python3.7/site-packages/airflow/example_dags/example_task_group_decorator.py
[2023-07-09T16:01:06.684+0000] {logging_mixin.py:149} INFO - [2023-07-09T16:01:06.684+0000] {dag.py:2726} INFO - Sync 1 DAGs
[2023-07-09T16:01:06.706+0000] {logging_mixin.py:149} INFO - [2023-07-09T16:01:06.705+0000] {dag.py:3490} INFO - Setting next_dagrun for example_task_group_decorator to 2023-07-08T16:01:06.705711+00:00, run_after=2023-07-09T16:01:06.705711+00:00
[2023-07-09T16:01:06.717+0000] {processor.py:179} INFO - Processing /home/airflow/.local/lib/python3.7/site-packages/airflow/example_dags/example_task_group_decorator.py took 0.072 seconds
[2023-07-09T16:01:37.809+0000] {processor.py:157} INFO - Started process (PID=179) to work on /home/airflow/.local/lib/python3.7/site-packages/airflow/example_dags/example_task_group_decorator.py
[2023-07-09T16:01:37.811+0000] {processor.py:826} INFO - Processing file /home/airflow/.local/lib/python3.7/site-packages/airflow/example_dags/example_task_group_decorator.py for tasks to queue
[2023-07-09T16:01:37.811+0000] {logging_mixin.py:149} INFO - [2023-07-09T16:01:37.811+0000] {dagbag.py:541} INFO - Filling up the DagBag from /home/airflow/.local/lib/python3.7/site-packages/airflow/example_dags/example_task_group_decorator.py
[2023-07-09T16:01:37.824+0000] {processor.py:836} INFO - DAG(s) dict_keys(['example_task_group_decorator']) retrieved from /home/airflow/.local/lib/python3.7/site-packages/airflow/example_dags/example_task_group_decorator.py
[2023-07-09T16:01:37.849+0000] {logging_mixin.py:149} INFO - [2023-07-09T16:01:37.849+0000] {dag.py:2726} INFO - Sync 1 DAGs
[2023-07-09T16:01:37.868+0000] {logging_mixin.py:149} INFO - [2023-07-09T16:01:37.868+0000] {dag.py:3490} INFO - Setting next_dagrun for example_task_group_decorator to 2023-07-08T16:01:37.867802+00:00, run_after=2023-07-09T16:01:37.867802+00:00
[2023-07-09T16:01:37.879+0000] {processor.py:179} INFO - Processing /home/airflow/.local/lib/python3.7/site-packages/airflow/example_dags/example_task_group_decorator.py took 0.073 seconds
[2023-07-09T16:02:08.995+0000] {processor.py:157} INFO - Started process (PID=240) to work on /home/airflow/.local/lib/python3.7/site-packages/airflow/example_dags/example_task_group_decorator.py
[2023-07-09T16:02:08.996+0000] {processor.py:826} INFO - Processing file /home/airflow/.local/lib/python3.7/site-packages/airflow/example_dags/example_task_group_decorator.py for tasks to queue
[2023-07-09T16:02:08.997+0000] {logging_mixin.py:149} INFO - [2023-07-09T16:02:08.997+0000] {dagbag.py:541} INFO - Filling up the DagBag from /home/airflow/.local/lib/python3.7/site-packages/airflow/example_dags/example_task_group_decorator.py
[2023-07-09T16:02:09.011+0000] {processor.py:836} INFO - DAG(s) dict_keys(['example_task_group_decorator']) retrieved from /home/airflow/.local/lib/python3.7/site-packages/airflow/example_dags/example_task_group_decorator.py
[2023-07-09T16:02:09.034+0000] {logging_mixin.py:149} INFO - [2023-07-09T16:02:09.034+0000] {dag.py:2726} INFO - Sync 1 DAGs
[2023-07-09T16:02:09.051+0000] {logging_mixin.py:149} INFO - [2023-07-09T16:02:09.051+0000] {dag.py:3490} INFO - Setting next_dagrun for example_task_group_decorator to 2023-07-08T16:02:09.051158+00:00, run_after=2023-07-09T16:02:09.051158+00:00
[2023-07-09T16:02:09.062+0000] {processor.py:179} INFO - Processing /home/airflow/.local/lib/python3.7/site-packages/airflow/example_dags/example_task_group_decorator.py took 0.072 seconds
[2023-07-09T16:02:39.507+0000] {processor.py:157} INFO - Started process (PID=301) to work on /home/airflow/.local/lib/python3.7/site-packages/airflow/example_dags/example_task_group_decorator.py
[2023-07-09T16:02:39.508+0000] {processor.py:826} INFO - Processing file /home/airflow/.local/lib/python3.7/site-packages/airflow/example_dags/example_task_group_decorator.py for tasks to queue
[2023-07-09T16:02:39.509+0000] {logging_mixin.py:149} INFO - [2023-07-09T16:02:39.509+0000] {dagbag.py:541} INFO - Filling up the DagBag from /home/airflow/.local/lib/python3.7/site-packages/airflow/example_dags/example_task_group_decorator.py
[2023-07-09T16:02:39.518+0000] {processor.py:836} INFO - DAG(s) dict_keys(['example_task_group_decorator']) retrieved from /home/airflow/.local/lib/python3.7/site-packages/airflow/example_dags/example_task_group_decorator.py
[2023-07-09T16:02:39.539+0000] {logging_mixin.py:149} INFO - [2023-07-09T16:02:39.539+0000] {dag.py:2726} INFO - Sync 1 DAGs
[2023-07-09T16:02:39.555+0000] {logging_mixin.py:149} INFO - [2023-07-09T16:02:39.555+0000] {dag.py:3490} INFO - Setting next_dagrun for example_task_group_decorator to 2023-07-08T16:02:39.555413+00:00, run_after=2023-07-09T16:02:39.555413+00:00
[2023-07-09T16:02:39.567+0000] {processor.py:179} INFO - Processing /home/airflow/.local/lib/python3.7/site-packages/airflow/example_dags/example_task_group_decorator.py took 0.064 seconds
[2023-07-09T16:03:10.047+0000] {processor.py:157} INFO - Started process (PID=362) to work on /home/airflow/.local/lib/python3.7/site-packages/airflow/example_dags/example_task_group_decorator.py
[2023-07-09T16:03:10.048+0000] {processor.py:826} INFO - Processing file /home/airflow/.local/lib/python3.7/site-packages/airflow/example_dags/example_task_group_decorator.py for tasks to queue
[2023-07-09T16:03:10.049+0000] {logging_mixin.py:149} INFO - [2023-07-09T16:03:10.049+0000] {dagbag.py:541} INFO - Filling up the DagBag from /home/airflow/.local/lib/python3.7/site-packages/airflow/example_dags/example_task_group_decorator.py
[2023-07-09T16:03:10.058+0000] {processor.py:836} INFO - DAG(s) dict_keys(['example_task_group_decorator']) retrieved from /home/airflow/.local/lib/python3.7/site-packages/airflow/example_dags/example_task_group_decorator.py
[2023-07-09T16:03:10.081+0000] {logging_mixin.py:149} INFO - [2023-07-09T16:03:10.081+0000] {dag.py:2726} INFO - Sync 1 DAGs
[2023-07-09T16:03:10.098+0000] {logging_mixin.py:149} INFO - [2023-07-09T16:03:10.097+0000] {dag.py:3490} INFO - Setting next_dagrun for example_task_group_decorator to 2023-07-08T16:03:10.097764+00:00, run_after=2023-07-09T16:03:10.097764+00:00
[2023-07-09T16:03:10.110+0000] {processor.py:179} INFO - Processing /home/airflow/.local/lib/python3.7/site-packages/airflow/example_dags/example_task_group_decorator.py took 0.066 seconds
[2023-07-09T16:03:40.568+0000] {processor.py:157} INFO - Started process (PID=423) to work on /home/airflow/.local/lib/python3.7/site-packages/airflow/example_dags/example_task_group_decorator.py
[2023-07-09T16:03:40.570+0000] {processor.py:826} INFO - Processing file /home/airflow/.local/lib/python3.7/site-packages/airflow/example_dags/example_task_group_decorator.py for tasks to queue
[2023-07-09T16:03:40.570+0000] {logging_mixin.py:149} INFO - [2023-07-09T16:03:40.570+0000] {dagbag.py:541} INFO - Filling up the DagBag from /home/airflow/.local/lib/python3.7/site-packages/airflow/example_dags/example_task_group_decorator.py
[2023-07-09T16:03:40.580+0000] {processor.py:836} INFO - DAG(s) dict_keys(['example_task_group_decorator']) retrieved from /home/airflow/.local/lib/python3.7/site-packages/airflow/example_dags/example_task_group_decorator.py
[2023-07-09T16:03:40.601+0000] {logging_mixin.py:149} INFO - [2023-07-09T16:03:40.601+0000] {dag.py:2726} INFO - Sync 1 DAGs
[2023-07-09T16:03:40.618+0000] {logging_mixin.py:149} INFO - [2023-07-09T16:03:40.618+0000] {dag.py:3490} INFO - Setting next_dagrun for example_task_group_decorator to 2023-07-08T16:03:40.618353+00:00, run_after=2023-07-09T16:03:40.618353+00:00
[2023-07-09T16:03:40.630+0000] {processor.py:179} INFO - Processing /home/airflow/.local/lib/python3.7/site-packages/airflow/example_dags/example_task_group_decorator.py took 0.064 seconds
[2023-07-09T16:04:11.365+0000] {processor.py:157} INFO - Started process (PID=484) to work on /home/airflow/.local/lib/python3.7/site-packages/airflow/example_dags/example_task_group_decorator.py
[2023-07-09T16:04:11.366+0000] {processor.py:826} INFO - Processing file /home/airflow/.local/lib/python3.7/site-packages/airflow/example_dags/example_task_group_decorator.py for tasks to queue
[2023-07-09T16:04:11.367+0000] {logging_mixin.py:149} INFO - [2023-07-09T16:04:11.367+0000] {dagbag.py:541} INFO - Filling up the DagBag from /home/airflow/.local/lib/python3.7/site-packages/airflow/example_dags/example_task_group_decorator.py
[2023-07-09T16:04:11.376+0000] {processor.py:836} INFO - DAG(s) dict_keys(['example_task_group_decorator']) retrieved from /home/airflow/.local/lib/python3.7/site-packages/airflow/example_dags/example_task_group_decorator.py
[2023-07-09T16:04:11.397+0000] {logging_mixin.py:149} INFO - [2023-07-09T16:04:11.397+0000] {dag.py:2726} INFO - Sync 1 DAGs
[2023-07-09T16:04:11.414+0000] {logging_mixin.py:149} INFO - [2023-07-09T16:04:11.414+0000] {dag.py:3490} INFO - Setting next_dagrun for example_task_group_decorator to 2023-07-08T16:04:11.414539+00:00, run_after=2023-07-09T16:04:11.414539+00:00
[2023-07-09T16:04:11.426+0000] {processor.py:179} INFO - Processing /home/airflow/.local/lib/python3.7/site-packages/airflow/example_dags/example_task_group_decorator.py took 0.064 seconds
[2023-07-09T16:04:42.035+0000] {processor.py:157} INFO - Started process (PID=545) to work on /home/airflow/.local/lib/python3.7/site-packages/airflow/example_dags/example_task_group_decorator.py
[2023-07-09T16:04:42.036+0000] {processor.py:826} INFO - Processing file /home/airflow/.local/lib/python3.7/site-packages/airflow/example_dags/example_task_group_decorator.py for tasks to queue
[2023-07-09T16:04:42.037+0000] {logging_mixin.py:149} INFO - [2023-07-09T16:04:42.037+0000] {dagbag.py:541} INFO - Filling up the DagBag from /home/airflow/.local/lib/python3.7/site-packages/airflow/example_dags/example_task_group_decorator.py
[2023-07-09T16:04:42.046+0000] {processor.py:836} INFO - DAG(s) dict_keys(['example_task_group_decorator']) retrieved from /home/airflow/.local/lib/python3.7/site-packages/airflow/example_dags/example_task_group_decorator.py
[2023-07-09T16:04:42.067+0000] {logging_mixin.py:149} INFO - [2023-07-09T16:04:42.067+0000] {dag.py:2726} INFO - Sync 1 DAGs
[2023-07-09T16:04:42.084+0000] {logging_mixin.py:149} INFO - [2023-07-09T16:04:42.084+0000] {dag.py:3490} INFO - Setting next_dagrun for example_task_group_decorator to 2023-07-08T16:04:42.084143+00:00, run_after=2023-07-09T16:04:42.084143+00:00
[2023-07-09T16:04:42.096+0000] {processor.py:179} INFO - Processing /home/airflow/.local/lib/python3.7/site-packages/airflow/example_dags/example_task_group_decorator.py took 0.063 seconds
[2023-07-09T16:05:12.465+0000] {processor.py:157} INFO - Started process (PID=606) to work on /home/airflow/.local/lib/python3.7/site-packages/airflow/example_dags/example_task_group_decorator.py
[2023-07-09T16:05:12.466+0000] {processor.py:826} INFO - Processing file /home/airflow/.local/lib/python3.7/site-packages/airflow/example_dags/example_task_group_decorator.py for tasks to queue
[2023-07-09T16:05:12.467+0000] {logging_mixin.py:149} INFO - [2023-07-09T16:05:12.467+0000] {dagbag.py:541} INFO - Filling up the DagBag from /home/airflow/.local/lib/python3.7/site-packages/airflow/example_dags/example_task_group_decorator.py
[2023-07-09T16:05:12.475+0000] {processor.py:836} INFO - DAG(s) dict_keys(['example_task_group_decorator']) retrieved from /home/airflow/.local/lib/python3.7/site-packages/airflow/example_dags/example_task_group_decorator.py
[2023-07-09T16:05:12.496+0000] {logging_mixin.py:149} INFO - [2023-07-09T16:05:12.496+0000] {dag.py:2726} INFO - Sync 1 DAGs
[2023-07-09T16:05:12.513+0000] {logging_mixin.py:149} INFO - [2023-07-09T16:05:12.513+0000] {dag.py:3490} INFO - Setting next_dagrun for example_task_group_decorator to 2023-07-08T16:05:12.513448+00:00, run_after=2023-07-09T16:05:12.513448+00:00
[2023-07-09T16:05:12.525+0000] {processor.py:179} INFO - Processing /home/airflow/.local/lib/python3.7/site-packages/airflow/example_dags/example_task_group_decorator.py took 0.063 seconds
[2023-07-09T16:05:43.035+0000] {processor.py:157} INFO - Started process (PID=667) to work on /home/airflow/.local/lib/python3.7/site-packages/airflow/example_dags/example_task_group_decorator.py
[2023-07-09T16:05:43.036+0000] {processor.py:826} INFO - Processing file /home/airflow/.local/lib/python3.7/site-packages/airflow/example_dags/example_task_group_decorator.py for tasks to queue
[2023-07-09T16:05:43.037+0000] {logging_mixin.py:149} INFO - [2023-07-09T16:05:43.037+0000] {dagbag.py:541} INFO - Filling up the DagBag from /home/airflow/.local/lib/python3.7/site-packages/airflow/example_dags/example_task_group_decorator.py
[2023-07-09T16:05:43.046+0000] {processor.py:836} INFO - DAG(s) dict_keys(['example_task_group_decorator']) retrieved from /home/airflow/.local/lib/python3.7/site-packages/airflow/example_dags/example_task_group_decorator.py
[2023-07-09T16:05:43.066+0000] {logging_mixin.py:149} INFO - [2023-07-09T16:05:43.066+0000] {dag.py:2726} INFO - Sync 1 DAGs
[2023-07-09T16:05:43.083+0000] {logging_mixin.py:149} INFO - [2023-07-09T16:05:43.083+0000] {dag.py:3490} INFO - Setting next_dagrun for example_task_group_decorator to 2023-07-08T16:05:43.083007+00:00, run_after=2023-07-09T16:05:43.083007+00:00
[2023-07-09T16:05:43.094+0000] {processor.py:179} INFO - Processing /home/airflow/.local/lib/python3.7/site-packages/airflow/example_dags/example_task_group_decorator.py took 0.062 seconds
[2023-07-09T16:06:13.614+0000] {processor.py:157} INFO - Started process (PID=728) to work on /home/airflow/.local/lib/python3.7/site-packages/airflow/example_dags/example_task_group_decorator.py
[2023-07-09T16:06:13.617+0000] {processor.py:826} INFO - Processing file /home/airflow/.local/lib/python3.7/site-packages/airflow/example_dags/example_task_group_decorator.py for tasks to queue
[2023-07-09T16:06:13.618+0000] {logging_mixin.py:149} INFO - [2023-07-09T16:06:13.618+0000] {dagbag.py:541} INFO - Filling up the DagBag from /home/airflow/.local/lib/python3.7/site-packages/airflow/example_dags/example_task_group_decorator.py
[2023-07-09T16:06:13.633+0000] {processor.py:836} INFO - DAG(s) dict_keys(['example_task_group_decorator']) retrieved from /home/airflow/.local/lib/python3.7/site-packages/airflow/example_dags/example_task_group_decorator.py
[2023-07-09T16:06:13.660+0000] {logging_mixin.py:149} INFO - [2023-07-09T16:06:13.660+0000] {dag.py:2726} INFO - Sync 1 DAGs
[2023-07-09T16:06:13.679+0000] {logging_mixin.py:149} INFO - [2023-07-09T16:06:13.678+0000] {dag.py:3490} INFO - Setting next_dagrun for example_task_group_decorator to 2023-07-08T16:06:13.678154+00:00, run_after=2023-07-09T16:06:13.678154+00:00
[2023-07-09T16:06:13.690+0000] {processor.py:179} INFO - Processing /home/airflow/.local/lib/python3.7/site-packages/airflow/example_dags/example_task_group_decorator.py took 0.081 seconds
[2023-07-09T16:06:43.888+0000] {processor.py:157} INFO - Started process (PID=789) to work on /home/airflow/.local/lib/python3.7/site-packages/airflow/example_dags/example_task_group_decorator.py
[2023-07-09T16:06:43.889+0000] {processor.py:826} INFO - Processing file /home/airflow/.local/lib/python3.7/site-packages/airflow/example_dags/example_task_group_decorator.py for tasks to queue
[2023-07-09T16:06:43.890+0000] {logging_mixin.py:149} INFO - [2023-07-09T16:06:43.890+0000] {dagbag.py:541} INFO - Filling up the DagBag from /home/airflow/.local/lib/python3.7/site-packages/airflow/example_dags/example_task_group_decorator.py
[2023-07-09T16:06:43.899+0000] {processor.py:836} INFO - DAG(s) dict_keys(['example_task_group_decorator']) retrieved from /home/airflow/.local/lib/python3.7/site-packages/airflow/example_dags/example_task_group_decorator.py
[2023-07-09T16:06:43.921+0000] {logging_mixin.py:149} INFO - [2023-07-09T16:06:43.921+0000] {dag.py:2726} INFO - Sync 1 DAGs
[2023-07-09T16:06:43.939+0000] {logging_mixin.py:149} INFO - [2023-07-09T16:06:43.939+0000] {dag.py:3490} INFO - Setting next_dagrun for example_task_group_decorator to 2023-07-08T16:06:43.939495+00:00, run_after=2023-07-09T16:06:43.939495+00:00
[2023-07-09T16:06:43.953+0000] {processor.py:179} INFO - Processing /home/airflow/.local/lib/python3.7/site-packages/airflow/example_dags/example_task_group_decorator.py took 0.067 seconds
[2023-07-09T16:07:14.299+0000] {processor.py:157} INFO - Started process (PID=850) to work on /home/airflow/.local/lib/python3.7/site-packages/airflow/example_dags/example_task_group_decorator.py
[2023-07-09T16:07:14.300+0000] {processor.py:826} INFO - Processing file /home/airflow/.local/lib/python3.7/site-packages/airflow/example_dags/example_task_group_decorator.py for tasks to queue
[2023-07-09T16:07:14.301+0000] {logging_mixin.py:149} INFO - [2023-07-09T16:07:14.301+0000] {dagbag.py:541} INFO - Filling up the DagBag from /home/airflow/.local/lib/python3.7/site-packages/airflow/example_dags/example_task_group_decorator.py
[2023-07-09T16:07:14.310+0000] {processor.py:836} INFO - DAG(s) dict_keys(['example_task_group_decorator']) retrieved from /home/airflow/.local/lib/python3.7/site-packages/airflow/example_dags/example_task_group_decorator.py
[2023-07-09T16:07:14.331+0000] {logging_mixin.py:149} INFO - [2023-07-09T16:07:14.331+0000] {dag.py:2726} INFO - Sync 1 DAGs
[2023-07-09T16:07:14.348+0000] {logging_mixin.py:149} INFO - [2023-07-09T16:07:14.348+0000] {dag.py:3490} INFO - Setting next_dagrun for example_task_group_decorator to 2023-07-08T16:07:14.348586+00:00, run_after=2023-07-09T16:07:14.348586+00:00
[2023-07-09T16:07:14.360+0000] {processor.py:179} INFO - Processing /home/airflow/.local/lib/python3.7/site-packages/airflow/example_dags/example_task_group_decorator.py took 0.064 seconds
[2023-07-09T16:07:44.795+0000] {processor.py:157} INFO - Started process (PID=911) to work on /home/airflow/.local/lib/python3.7/site-packages/airflow/example_dags/example_task_group_decorator.py
[2023-07-09T16:07:44.797+0000] {processor.py:826} INFO - Processing file /home/airflow/.local/lib/python3.7/site-packages/airflow/example_dags/example_task_group_decorator.py for tasks to queue
[2023-07-09T16:07:44.797+0000] {logging_mixin.py:149} INFO - [2023-07-09T16:07:44.797+0000] {dagbag.py:541} INFO - Filling up the DagBag from /home/airflow/.local/lib/python3.7/site-packages/airflow/example_dags/example_task_group_decorator.py
[2023-07-09T16:07:44.807+0000] {processor.py:836} INFO - DAG(s) dict_keys(['example_task_group_decorator']) retrieved from /home/airflow/.local/lib/python3.7/site-packages/airflow/example_dags/example_task_group_decorator.py
[2023-07-09T16:07:44.829+0000] {logging_mixin.py:149} INFO - [2023-07-09T16:07:44.828+0000] {dag.py:2726} INFO - Sync 1 DAGs
[2023-07-09T16:07:44.846+0000] {logging_mixin.py:149} INFO - [2023-07-09T16:07:44.846+0000] {dag.py:3490} INFO - Setting next_dagrun for example_task_group_decorator to 2023-07-08T16:07:44.845887+00:00, run_after=2023-07-09T16:07:44.845887+00:00
[2023-07-09T16:07:44.856+0000] {processor.py:179} INFO - Processing /home/airflow/.local/lib/python3.7/site-packages/airflow/example_dags/example_task_group_decorator.py took 0.064 seconds
[2023-07-09T16:08:15.092+0000] {processor.py:157} INFO - Started process (PID=972) to work on /home/airflow/.local/lib/python3.7/site-packages/airflow/example_dags/example_task_group_decorator.py
[2023-07-09T16:08:15.093+0000] {processor.py:826} INFO - Processing file /home/airflow/.local/lib/python3.7/site-packages/airflow/example_dags/example_task_group_decorator.py for tasks to queue
[2023-07-09T16:08:15.094+0000] {logging_mixin.py:149} INFO - [2023-07-09T16:08:15.094+0000] {dagbag.py:541} INFO - Filling up the DagBag from /home/airflow/.local/lib/python3.7/site-packages/airflow/example_dags/example_task_group_decorator.py
[2023-07-09T16:08:15.103+0000] {processor.py:836} INFO - DAG(s) dict_keys(['example_task_group_decorator']) retrieved from /home/airflow/.local/lib/python3.7/site-packages/airflow/example_dags/example_task_group_decorator.py
[2023-07-09T16:08:15.126+0000] {logging_mixin.py:149} INFO - [2023-07-09T16:08:15.126+0000] {dag.py:2726} INFO - Sync 1 DAGs
[2023-07-09T16:08:15.144+0000] {logging_mixin.py:149} INFO - [2023-07-09T16:08:15.143+0000] {dag.py:3490} INFO - Setting next_dagrun for example_task_group_decorator to 2023-07-08T16:08:15.143732+00:00, run_after=2023-07-09T16:08:15.143732+00:00
[2023-07-09T16:08:15.156+0000] {processor.py:179} INFO - Processing /home/airflow/.local/lib/python3.7/site-packages/airflow/example_dags/example_task_group_decorator.py took 0.067 seconds
[2023-07-09T16:08:45.978+0000] {processor.py:157} INFO - Started process (PID=1033) to work on /home/airflow/.local/lib/python3.7/site-packages/airflow/example_dags/example_task_group_decorator.py
[2023-07-09T16:08:45.979+0000] {processor.py:826} INFO - Processing file /home/airflow/.local/lib/python3.7/site-packages/airflow/example_dags/example_task_group_decorator.py for tasks to queue
[2023-07-09T16:08:45.980+0000] {logging_mixin.py:149} INFO - [2023-07-09T16:08:45.980+0000] {dagbag.py:541} INFO - Filling up the DagBag from /home/airflow/.local/lib/python3.7/site-packages/airflow/example_dags/example_task_group_decorator.py
[2023-07-09T16:08:45.989+0000] {processor.py:836} INFO - DAG(s) dict_keys(['example_task_group_decorator']) retrieved from /home/airflow/.local/lib/python3.7/site-packages/airflow/example_dags/example_task_group_decorator.py
[2023-07-09T16:08:46.011+0000] {logging_mixin.py:149} INFO - [2023-07-09T16:08:46.011+0000] {dag.py:2726} INFO - Sync 1 DAGs
[2023-07-09T16:08:46.028+0000] {logging_mixin.py:149} INFO - [2023-07-09T16:08:46.028+0000] {dag.py:3490} INFO - Setting next_dagrun for example_task_group_decorator to 2023-07-08T16:08:46.028638+00:00, run_after=2023-07-09T16:08:46.028638+00:00
[2023-07-09T16:08:46.040+0000] {processor.py:179} INFO - Processing /home/airflow/.local/lib/python3.7/site-packages/airflow/example_dags/example_task_group_decorator.py took 0.064 seconds
[2023-07-09T16:09:16.413+0000] {processor.py:157} INFO - Started process (PID=1094) to work on /home/airflow/.local/lib/python3.7/site-packages/airflow/example_dags/example_task_group_decorator.py
[2023-07-09T16:09:16.415+0000] {processor.py:826} INFO - Processing file /home/airflow/.local/lib/python3.7/site-packages/airflow/example_dags/example_task_group_decorator.py for tasks to queue
[2023-07-09T16:09:16.415+0000] {logging_mixin.py:149} INFO - [2023-07-09T16:09:16.415+0000] {dagbag.py:541} INFO - Filling up the DagBag from /home/airflow/.local/lib/python3.7/site-packages/airflow/example_dags/example_task_group_decorator.py
[2023-07-09T16:09:16.425+0000] {processor.py:836} INFO - DAG(s) dict_keys(['example_task_group_decorator']) retrieved from /home/airflow/.local/lib/python3.7/site-packages/airflow/example_dags/example_task_group_decorator.py
[2023-07-09T16:09:16.447+0000] {logging_mixin.py:149} INFO - [2023-07-09T16:09:16.447+0000] {dag.py:2726} INFO - Sync 1 DAGs
[2023-07-09T16:09:16.463+0000] {logging_mixin.py:149} INFO - [2023-07-09T16:09:16.462+0000] {dag.py:3490} INFO - Setting next_dagrun for example_task_group_decorator to 2023-07-08T16:09:16.462756+00:00, run_after=2023-07-09T16:09:16.462756+00:00
[2023-07-09T16:09:16.474+0000] {processor.py:179} INFO - Processing /home/airflow/.local/lib/python3.7/site-packages/airflow/example_dags/example_task_group_decorator.py took 0.063 seconds
[2023-07-09T16:09:46.692+0000] {processor.py:157} INFO - Started process (PID=1154) to work on /home/airflow/.local/lib/python3.7/site-packages/airflow/example_dags/example_task_group_decorator.py
[2023-07-09T16:09:46.694+0000] {processor.py:826} INFO - Processing file /home/airflow/.local/lib/python3.7/site-packages/airflow/example_dags/example_task_group_decorator.py for tasks to queue
[2023-07-09T16:09:46.694+0000] {logging_mixin.py:149} INFO - [2023-07-09T16:09:46.694+0000] {dagbag.py:541} INFO - Filling up the DagBag from /home/airflow/.local/lib/python3.7/site-packages/airflow/example_dags/example_task_group_decorator.py
[2023-07-09T16:09:46.704+0000] {processor.py:836} INFO - DAG(s) dict_keys(['example_task_group_decorator']) retrieved from /home/airflow/.local/lib/python3.7/site-packages/airflow/example_dags/example_task_group_decorator.py
[2023-07-09T16:09:46.724+0000] {logging_mixin.py:149} INFO - [2023-07-09T16:09:46.724+0000] {dag.py:2726} INFO - Sync 1 DAGs
[2023-07-09T16:09:46.739+0000] {logging_mixin.py:149} INFO - [2023-07-09T16:09:46.739+0000] {dag.py:3490} INFO - Setting next_dagrun for example_task_group_decorator to 2023-07-08T16:09:46.739595+00:00, run_after=2023-07-09T16:09:46.739595+00:00
[2023-07-09T16:09:46.751+0000] {processor.py:179} INFO - Processing /home/airflow/.local/lib/python3.7/site-packages/airflow/example_dags/example_task_group_decorator.py took 0.061 seconds
[2023-07-09T16:10:17.022+0000] {processor.py:157} INFO - Started process (PID=1215) to work on /home/airflow/.local/lib/python3.7/site-packages/airflow/example_dags/example_task_group_decorator.py
[2023-07-09T16:10:17.024+0000] {processor.py:826} INFO - Processing file /home/airflow/.local/lib/python3.7/site-packages/airflow/example_dags/example_task_group_decorator.py for tasks to queue
[2023-07-09T16:10:17.024+0000] {logging_mixin.py:149} INFO - [2023-07-09T16:10:17.024+0000] {dagbag.py:541} INFO - Filling up the DagBag from /home/airflow/.local/lib/python3.7/site-packages/airflow/example_dags/example_task_group_decorator.py
[2023-07-09T16:10:17.034+0000] {processor.py:836} INFO - DAG(s) dict_keys(['example_task_group_decorator']) retrieved from /home/airflow/.local/lib/python3.7/site-packages/airflow/example_dags/example_task_group_decorator.py
[2023-07-09T16:10:17.059+0000] {logging_mixin.py:149} INFO - [2023-07-09T16:10:17.059+0000] {dag.py:2726} INFO - Sync 1 DAGs
[2023-07-09T16:10:17.077+0000] {logging_mixin.py:149} INFO - [2023-07-09T16:10:17.077+0000] {dag.py:3490} INFO - Setting next_dagrun for example_task_group_decorator to 2023-07-08T16:10:17.077037+00:00, run_after=2023-07-09T16:10:17.077037+00:00
[2023-07-09T16:10:17.089+0000] {processor.py:179} INFO - Processing /home/airflow/.local/lib/python3.7/site-packages/airflow/example_dags/example_task_group_decorator.py took 0.070 seconds
[2023-07-09T16:10:47.361+0000] {processor.py:157} INFO - Started process (PID=1276) to work on /home/airflow/.local/lib/python3.7/site-packages/airflow/example_dags/example_task_group_decorator.py
[2023-07-09T16:10:47.362+0000] {processor.py:826} INFO - Processing file /home/airflow/.local/lib/python3.7/site-packages/airflow/example_dags/example_task_group_decorator.py for tasks to queue
[2023-07-09T16:10:47.363+0000] {logging_mixin.py:149} INFO - [2023-07-09T16:10:47.363+0000] {dagbag.py:541} INFO - Filling up the DagBag from /home/airflow/.local/lib/python3.7/site-packages/airflow/example_dags/example_task_group_decorator.py
[2023-07-09T16:10:47.373+0000] {processor.py:836} INFO - DAG(s) dict_keys(['example_task_group_decorator']) retrieved from /home/airflow/.local/lib/python3.7/site-packages/airflow/example_dags/example_task_group_decorator.py
[2023-07-09T16:10:47.395+0000] {logging_mixin.py:149} INFO - [2023-07-09T16:10:47.394+0000] {dag.py:2726} INFO - Sync 1 DAGs
[2023-07-09T16:10:47.411+0000] {logging_mixin.py:149} INFO - [2023-07-09T16:10:47.411+0000] {dag.py:3490} INFO - Setting next_dagrun for example_task_group_decorator to 2023-07-08T16:10:47.411333+00:00, run_after=2023-07-09T16:10:47.411333+00:00
[2023-07-09T16:10:47.422+0000] {processor.py:179} INFO - Processing /home/airflow/.local/lib/python3.7/site-packages/airflow/example_dags/example_task_group_decorator.py took 0.065 seconds
[2023-07-09T16:11:17.631+0000] {processor.py:157} INFO - Started process (PID=1338) to work on /home/airflow/.local/lib/python3.7/site-packages/airflow/example_dags/example_task_group_decorator.py
[2023-07-09T16:11:17.633+0000] {processor.py:826} INFO - Processing file /home/airflow/.local/lib/python3.7/site-packages/airflow/example_dags/example_task_group_decorator.py for tasks to queue
[2023-07-09T16:11:17.633+0000] {logging_mixin.py:149} INFO - [2023-07-09T16:11:17.633+0000] {dagbag.py:541} INFO - Filling up the DagBag from /home/airflow/.local/lib/python3.7/site-packages/airflow/example_dags/example_task_group_decorator.py
[2023-07-09T16:11:17.642+0000] {processor.py:836} INFO - DAG(s) dict_keys(['example_task_group_decorator']) retrieved from /home/airflow/.local/lib/python3.7/site-packages/airflow/example_dags/example_task_group_decorator.py
[2023-07-09T16:11:17.667+0000] {logging_mixin.py:149} INFO - [2023-07-09T16:11:17.667+0000] {dag.py:2726} INFO - Sync 1 DAGs
[2023-07-09T16:11:17.697+0000] {logging_mixin.py:149} INFO - [2023-07-09T16:11:17.697+0000] {dag.py:3490} INFO - Setting next_dagrun for example_task_group_decorator to 2023-07-08T16:11:17.697367+00:00, run_after=2023-07-09T16:11:17.697367+00:00
[2023-07-09T16:11:17.709+0000] {processor.py:179} INFO - Processing /home/airflow/.local/lib/python3.7/site-packages/airflow/example_dags/example_task_group_decorator.py took 0.081 seconds
[2023-07-09T16:11:48.065+0000] {processor.py:157} INFO - Started process (PID=1399) to work on /home/airflow/.local/lib/python3.7/site-packages/airflow/example_dags/example_task_group_decorator.py
[2023-07-09T16:11:48.067+0000] {processor.py:826} INFO - Processing file /home/airflow/.local/lib/python3.7/site-packages/airflow/example_dags/example_task_group_decorator.py for tasks to queue
[2023-07-09T16:11:48.068+0000] {logging_mixin.py:149} INFO - [2023-07-09T16:11:48.068+0000] {dagbag.py:541} INFO - Filling up the DagBag from /home/airflow/.local/lib/python3.7/site-packages/airflow/example_dags/example_task_group_decorator.py
[2023-07-09T16:11:48.079+0000] {processor.py:836} INFO - DAG(s) dict_keys(['example_task_group_decorator']) retrieved from /home/airflow/.local/lib/python3.7/site-packages/airflow/example_dags/example_task_group_decorator.py
[2023-07-09T16:11:48.106+0000] {logging_mixin.py:149} INFO - [2023-07-09T16:11:48.106+0000] {dag.py:2726} INFO - Sync 1 DAGs
[2023-07-09T16:11:48.125+0000] {logging_mixin.py:149} INFO - [2023-07-09T16:11:48.125+0000] {dag.py:3490} INFO - Setting next_dagrun for example_task_group_decorator to 2023-07-08T16:11:48.125353+00:00, run_after=2023-07-09T16:11:48.125353+00:00
[2023-07-09T16:11:48.144+0000] {processor.py:179} INFO - Processing /home/airflow/.local/lib/python3.7/site-packages/airflow/example_dags/example_task_group_decorator.py took 0.082 seconds
[2023-07-09T16:12:18.552+0000] {processor.py:157} INFO - Started process (PID=1460) to work on /home/airflow/.local/lib/python3.7/site-packages/airflow/example_dags/example_task_group_decorator.py
[2023-07-09T16:12:18.554+0000] {processor.py:826} INFO - Processing file /home/airflow/.local/lib/python3.7/site-packages/airflow/example_dags/example_task_group_decorator.py for tasks to queue
[2023-07-09T16:12:18.555+0000] {logging_mixin.py:149} INFO - [2023-07-09T16:12:18.555+0000] {dagbag.py:541} INFO - Filling up the DagBag from /home/airflow/.local/lib/python3.7/site-packages/airflow/example_dags/example_task_group_decorator.py
[2023-07-09T16:12:18.565+0000] {processor.py:836} INFO - DAG(s) dict_keys(['example_task_group_decorator']) retrieved from /home/airflow/.local/lib/python3.7/site-packages/airflow/example_dags/example_task_group_decorator.py
[2023-07-09T16:12:18.590+0000] {logging_mixin.py:149} INFO - [2023-07-09T16:12:18.590+0000] {dag.py:2726} INFO - Sync 1 DAGs
[2023-07-09T16:12:18.609+0000] {logging_mixin.py:149} INFO - [2023-07-09T16:12:18.609+0000] {dag.py:3490} INFO - Setting next_dagrun for example_task_group_decorator to 2023-07-08T16:12:18.609518+00:00, run_after=2023-07-09T16:12:18.609518+00:00
[2023-07-09T16:12:18.621+0000] {processor.py:179} INFO - Processing /home/airflow/.local/lib/python3.7/site-packages/airflow/example_dags/example_task_group_decorator.py took 0.073 seconds
[2023-07-09T16:12:48.690+0000] {processor.py:157} INFO - Started process (PID=1521) to work on /home/airflow/.local/lib/python3.7/site-packages/airflow/example_dags/example_task_group_decorator.py
[2023-07-09T16:12:48.691+0000] {processor.py:826} INFO - Processing file /home/airflow/.local/lib/python3.7/site-packages/airflow/example_dags/example_task_group_decorator.py for tasks to queue
[2023-07-09T16:12:48.692+0000] {logging_mixin.py:149} INFO - [2023-07-09T16:12:48.692+0000] {dagbag.py:541} INFO - Filling up the DagBag from /home/airflow/.local/lib/python3.7/site-packages/airflow/example_dags/example_task_group_decorator.py
[2023-07-09T16:12:48.702+0000] {processor.py:836} INFO - DAG(s) dict_keys(['example_task_group_decorator']) retrieved from /home/airflow/.local/lib/python3.7/site-packages/airflow/example_dags/example_task_group_decorator.py
[2023-07-09T16:12:48.725+0000] {logging_mixin.py:149} INFO - [2023-07-09T16:12:48.725+0000] {dag.py:2726} INFO - Sync 1 DAGs
[2023-07-09T16:12:48.744+0000] {logging_mixin.py:149} INFO - [2023-07-09T16:12:48.744+0000] {dag.py:3490} INFO - Setting next_dagrun for example_task_group_decorator to 2023-07-08T16:12:48.743694+00:00, run_after=2023-07-09T16:12:48.743694+00:00
[2023-07-09T16:12:48.758+0000] {processor.py:179} INFO - Processing /home/airflow/.local/lib/python3.7/site-packages/airflow/example_dags/example_task_group_decorator.py took 0.071 seconds
[2023-07-09T16:13:18.980+0000] {processor.py:157} INFO - Started process (PID=1581) to work on /home/airflow/.local/lib/python3.7/site-packages/airflow/example_dags/example_task_group_decorator.py
[2023-07-09T16:13:18.982+0000] {processor.py:826} INFO - Processing file /home/airflow/.local/lib/python3.7/site-packages/airflow/example_dags/example_task_group_decorator.py for tasks to queue
[2023-07-09T16:13:18.982+0000] {logging_mixin.py:149} INFO - [2023-07-09T16:13:18.982+0000] {dagbag.py:541} INFO - Filling up the DagBag from /home/airflow/.local/lib/python3.7/site-packages/airflow/example_dags/example_task_group_decorator.py
[2023-07-09T16:13:18.992+0000] {processor.py:836} INFO - DAG(s) dict_keys(['example_task_group_decorator']) retrieved from /home/airflow/.local/lib/python3.7/site-packages/airflow/example_dags/example_task_group_decorator.py
[2023-07-09T16:13:19.013+0000] {logging_mixin.py:149} INFO - [2023-07-09T16:13:19.013+0000] {dag.py:2726} INFO - Sync 1 DAGs
[2023-07-09T16:13:19.029+0000] {logging_mixin.py:149} INFO - [2023-07-09T16:13:19.029+0000] {dag.py:3490} INFO - Setting next_dagrun for example_task_group_decorator to 2023-07-08T16:13:19.029411+00:00, run_after=2023-07-09T16:13:19.029411+00:00
[2023-07-09T16:13:19.041+0000] {processor.py:179} INFO - Processing /home/airflow/.local/lib/python3.7/site-packages/airflow/example_dags/example_task_group_decorator.py took 0.064 seconds
[2023-07-09T16:13:49.251+0000] {processor.py:157} INFO - Started process (PID=1642) to work on /home/airflow/.local/lib/python3.7/site-packages/airflow/example_dags/example_task_group_decorator.py
[2023-07-09T16:13:49.252+0000] {processor.py:826} INFO - Processing file /home/airflow/.local/lib/python3.7/site-packages/airflow/example_dags/example_task_group_decorator.py for tasks to queue
[2023-07-09T16:13:49.253+0000] {logging_mixin.py:149} INFO - [2023-07-09T16:13:49.253+0000] {dagbag.py:541} INFO - Filling up the DagBag from /home/airflow/.local/lib/python3.7/site-packages/airflow/example_dags/example_task_group_decorator.py
[2023-07-09T16:13:49.261+0000] {processor.py:836} INFO - DAG(s) dict_keys(['example_task_group_decorator']) retrieved from /home/airflow/.local/lib/python3.7/site-packages/airflow/example_dags/example_task_group_decorator.py
[2023-07-09T16:13:49.282+0000] {logging_mixin.py:149} INFO - [2023-07-09T16:13:49.282+0000] {dag.py:2726} INFO - Sync 1 DAGs
[2023-07-09T16:13:49.297+0000] {logging_mixin.py:149} INFO - [2023-07-09T16:13:49.297+0000] {dag.py:3490} INFO - Setting next_dagrun for example_task_group_decorator to 2023-07-08T16:13:49.297377+00:00, run_after=2023-07-09T16:13:49.297377+00:00
[2023-07-09T16:13:49.308+0000] {processor.py:179} INFO - Processing /home/airflow/.local/lib/python3.7/site-packages/airflow/example_dags/example_task_group_decorator.py took 0.060 seconds
[2023-07-09T16:14:19.778+0000] {processor.py:157} INFO - Started process (PID=1703) to work on /home/airflow/.local/lib/python3.7/site-packages/airflow/example_dags/example_task_group_decorator.py
[2023-07-09T16:14:19.780+0000] {processor.py:826} INFO - Processing file /home/airflow/.local/lib/python3.7/site-packages/airflow/example_dags/example_task_group_decorator.py for tasks to queue
[2023-07-09T16:14:19.780+0000] {logging_mixin.py:149} INFO - [2023-07-09T16:14:19.780+0000] {dagbag.py:541} INFO - Filling up the DagBag from /home/airflow/.local/lib/python3.7/site-packages/airflow/example_dags/example_task_group_decorator.py
[2023-07-09T16:14:19.789+0000] {processor.py:836} INFO - DAG(s) dict_keys(['example_task_group_decorator']) retrieved from /home/airflow/.local/lib/python3.7/site-packages/airflow/example_dags/example_task_group_decorator.py
[2023-07-09T16:14:19.811+0000] {logging_mixin.py:149} INFO - [2023-07-09T16:14:19.810+0000] {dag.py:2726} INFO - Sync 1 DAGs
[2023-07-09T16:14:19.827+0000] {logging_mixin.py:149} INFO - [2023-07-09T16:14:19.827+0000] {dag.py:3490} INFO - Setting next_dagrun for example_task_group_decorator to 2023-07-08T16:14:19.827530+00:00, run_after=2023-07-09T16:14:19.827530+00:00
[2023-07-09T16:14:19.839+0000] {processor.py:179} INFO - Processing /home/airflow/.local/lib/python3.7/site-packages/airflow/example_dags/example_task_group_decorator.py took 0.063 seconds
[2023-07-09T16:14:50.386+0000] {processor.py:157} INFO - Started process (PID=1764) to work on /home/airflow/.local/lib/python3.7/site-packages/airflow/example_dags/example_task_group_decorator.py
[2023-07-09T16:14:50.387+0000] {processor.py:826} INFO - Processing file /home/airflow/.local/lib/python3.7/site-packages/airflow/example_dags/example_task_group_decorator.py for tasks to queue
[2023-07-09T16:14:50.388+0000] {logging_mixin.py:149} INFO - [2023-07-09T16:14:50.388+0000] {dagbag.py:541} INFO - Filling up the DagBag from /home/airflow/.local/lib/python3.7/site-packages/airflow/example_dags/example_task_group_decorator.py
[2023-07-09T16:14:50.397+0000] {processor.py:836} INFO - DAG(s) dict_keys(['example_task_group_decorator']) retrieved from /home/airflow/.local/lib/python3.7/site-packages/airflow/example_dags/example_task_group_decorator.py
[2023-07-09T16:14:50.418+0000] {logging_mixin.py:149} INFO - [2023-07-09T16:14:50.418+0000] {dag.py:2726} INFO - Sync 1 DAGs
[2023-07-09T16:14:50.434+0000] {logging_mixin.py:149} INFO - [2023-07-09T16:14:50.434+0000] {dag.py:3490} INFO - Setting next_dagrun for example_task_group_decorator to 2023-07-08T16:14:50.434252+00:00, run_after=2023-07-09T16:14:50.434252+00:00
[2023-07-09T16:14:50.445+0000] {processor.py:179} INFO - Processing /home/airflow/.local/lib/python3.7/site-packages/airflow/example_dags/example_task_group_decorator.py took 0.062 seconds
[2023-07-09T16:15:20.965+0000] {processor.py:157} INFO - Started process (PID=1825) to work on /home/airflow/.local/lib/python3.7/site-packages/airflow/example_dags/example_task_group_decorator.py
[2023-07-09T16:15:20.967+0000] {processor.py:826} INFO - Processing file /home/airflow/.local/lib/python3.7/site-packages/airflow/example_dags/example_task_group_decorator.py for tasks to queue
[2023-07-09T16:15:20.968+0000] {logging_mixin.py:149} INFO - [2023-07-09T16:15:20.967+0000] {dagbag.py:541} INFO - Filling up the DagBag from /home/airflow/.local/lib/python3.7/site-packages/airflow/example_dags/example_task_group_decorator.py
[2023-07-09T16:15:20.976+0000] {processor.py:836} INFO - DAG(s) dict_keys(['example_task_group_decorator']) retrieved from /home/airflow/.local/lib/python3.7/site-packages/airflow/example_dags/example_task_group_decorator.py
[2023-07-09T16:15:20.997+0000] {logging_mixin.py:149} INFO - [2023-07-09T16:15:20.997+0000] {dag.py:2726} INFO - Sync 1 DAGs
[2023-07-09T16:15:21.014+0000] {logging_mixin.py:149} INFO - [2023-07-09T16:15:21.014+0000] {dag.py:3490} INFO - Setting next_dagrun for example_task_group_decorator to 2023-07-08T16:15:21.014233+00:00, run_after=2023-07-09T16:15:21.014233+00:00
[2023-07-09T16:15:21.025+0000] {processor.py:179} INFO - Processing /home/airflow/.local/lib/python3.7/site-packages/airflow/example_dags/example_task_group_decorator.py took 0.062 seconds
[2023-07-09T16:15:51.604+0000] {processor.py:157} INFO - Started process (PID=1886) to work on /home/airflow/.local/lib/python3.7/site-packages/airflow/example_dags/example_task_group_decorator.py
[2023-07-09T16:15:51.605+0000] {processor.py:826} INFO - Processing file /home/airflow/.local/lib/python3.7/site-packages/airflow/example_dags/example_task_group_decorator.py for tasks to queue
[2023-07-09T16:15:51.606+0000] {logging_mixin.py:149} INFO - [2023-07-09T16:15:51.606+0000] {dagbag.py:541} INFO - Filling up the DagBag from /home/airflow/.local/lib/python3.7/site-packages/airflow/example_dags/example_task_group_decorator.py
[2023-07-09T16:15:51.615+0000] {processor.py:836} INFO - DAG(s) dict_keys(['example_task_group_decorator']) retrieved from /home/airflow/.local/lib/python3.7/site-packages/airflow/example_dags/example_task_group_decorator.py
[2023-07-09T16:15:51.636+0000] {logging_mixin.py:149} INFO - [2023-07-09T16:15:51.636+0000] {dag.py:2726} INFO - Sync 1 DAGs
[2023-07-09T16:15:51.653+0000] {logging_mixin.py:149} INFO - [2023-07-09T16:15:51.653+0000] {dag.py:3490} INFO - Setting next_dagrun for example_task_group_decorator to 2023-07-08T16:15:51.653052+00:00, run_after=2023-07-09T16:15:51.653052+00:00
[2023-07-09T16:15:51.664+0000] {processor.py:179} INFO - Processing /home/airflow/.local/lib/python3.7/site-packages/airflow/example_dags/example_task_group_decorator.py took 0.063 seconds
[2023-07-09T16:16:21.757+0000] {processor.py:157} INFO - Started process (PID=1947) to work on /home/airflow/.local/lib/python3.7/site-packages/airflow/example_dags/example_task_group_decorator.py
[2023-07-09T16:16:21.758+0000] {processor.py:826} INFO - Processing file /home/airflow/.local/lib/python3.7/site-packages/airflow/example_dags/example_task_group_decorator.py for tasks to queue
[2023-07-09T16:16:21.759+0000] {logging_mixin.py:149} INFO - [2023-07-09T16:16:21.759+0000] {dagbag.py:541} INFO - Filling up the DagBag from /home/airflow/.local/lib/python3.7/site-packages/airflow/example_dags/example_task_group_decorator.py
[2023-07-09T16:16:21.768+0000] {processor.py:836} INFO - DAG(s) dict_keys(['example_task_group_decorator']) retrieved from /home/airflow/.local/lib/python3.7/site-packages/airflow/example_dags/example_task_group_decorator.py
[2023-07-09T16:16:21.789+0000] {logging_mixin.py:149} INFO - [2023-07-09T16:16:21.789+0000] {dag.py:2726} INFO - Sync 1 DAGs
[2023-07-09T16:16:21.806+0000] {logging_mixin.py:149} INFO - [2023-07-09T16:16:21.806+0000] {dag.py:3490} INFO - Setting next_dagrun for example_task_group_decorator to 2023-07-08T16:16:21.806227+00:00, run_after=2023-07-09T16:16:21.806227+00:00
[2023-07-09T16:16:21.817+0000] {processor.py:179} INFO - Processing /home/airflow/.local/lib/python3.7/site-packages/airflow/example_dags/example_task_group_decorator.py took 0.063 seconds
[2023-07-09T16:16:52.036+0000] {processor.py:157} INFO - Started process (PID=2009) to work on /home/airflow/.local/lib/python3.7/site-packages/airflow/example_dags/example_task_group_decorator.py
[2023-07-09T16:16:52.037+0000] {processor.py:826} INFO - Processing file /home/airflow/.local/lib/python3.7/site-packages/airflow/example_dags/example_task_group_decorator.py for tasks to queue
[2023-07-09T16:16:52.038+0000] {logging_mixin.py:149} INFO - [2023-07-09T16:16:52.038+0000] {dagbag.py:541} INFO - Filling up the DagBag from /home/airflow/.local/lib/python3.7/site-packages/airflow/example_dags/example_task_group_decorator.py
[2023-07-09T16:16:52.047+0000] {processor.py:836} INFO - DAG(s) dict_keys(['example_task_group_decorator']) retrieved from /home/airflow/.local/lib/python3.7/site-packages/airflow/example_dags/example_task_group_decorator.py
[2023-07-09T16:16:52.068+0000] {logging_mixin.py:149} INFO - [2023-07-09T16:16:52.068+0000] {dag.py:2726} INFO - Sync 1 DAGs
[2023-07-09T16:16:52.085+0000] {logging_mixin.py:149} INFO - [2023-07-09T16:16:52.085+0000] {dag.py:3490} INFO - Setting next_dagrun for example_task_group_decorator to 2023-07-08T16:16:52.084803+00:00, run_after=2023-07-09T16:16:52.084803+00:00
[2023-07-09T16:16:52.096+0000] {processor.py:179} INFO - Processing /home/airflow/.local/lib/python3.7/site-packages/airflow/example_dags/example_task_group_decorator.py took 0.063 seconds
[2023-07-09T16:17:23.133+0000] {processor.py:157} INFO - Started process (PID=2070) to work on /home/airflow/.local/lib/python3.7/site-packages/airflow/example_dags/example_task_group_decorator.py
[2023-07-09T16:17:23.134+0000] {processor.py:826} INFO - Processing file /home/airflow/.local/lib/python3.7/site-packages/airflow/example_dags/example_task_group_decorator.py for tasks to queue
[2023-07-09T16:17:23.135+0000] {logging_mixin.py:149} INFO - [2023-07-09T16:17:23.135+0000] {dagbag.py:541} INFO - Filling up the DagBag from /home/airflow/.local/lib/python3.7/site-packages/airflow/example_dags/example_task_group_decorator.py
[2023-07-09T16:17:23.144+0000] {processor.py:836} INFO - DAG(s) dict_keys(['example_task_group_decorator']) retrieved from /home/airflow/.local/lib/python3.7/site-packages/airflow/example_dags/example_task_group_decorator.py
[2023-07-09T16:17:23.166+0000] {logging_mixin.py:149} INFO - [2023-07-09T16:17:23.166+0000] {dag.py:2726} INFO - Sync 1 DAGs
[2023-07-09T16:17:23.183+0000] {logging_mixin.py:149} INFO - [2023-07-09T16:17:23.183+0000] {dag.py:3490} INFO - Setting next_dagrun for example_task_group_decorator to 2023-07-08T16:17:23.183264+00:00, run_after=2023-07-09T16:17:23.183264+00:00
[2023-07-09T16:17:23.194+0000] {processor.py:179} INFO - Processing /home/airflow/.local/lib/python3.7/site-packages/airflow/example_dags/example_task_group_decorator.py took 0.064 seconds
[2023-07-09T16:17:53.845+0000] {processor.py:157} INFO - Started process (PID=2131) to work on /home/airflow/.local/lib/python3.7/site-packages/airflow/example_dags/example_task_group_decorator.py
[2023-07-09T16:17:53.846+0000] {processor.py:826} INFO - Processing file /home/airflow/.local/lib/python3.7/site-packages/airflow/example_dags/example_task_group_decorator.py for tasks to queue
[2023-07-09T16:17:53.847+0000] {logging_mixin.py:149} INFO - [2023-07-09T16:17:53.847+0000] {dagbag.py:541} INFO - Filling up the DagBag from /home/airflow/.local/lib/python3.7/site-packages/airflow/example_dags/example_task_group_decorator.py
[2023-07-09T16:17:53.857+0000] {processor.py:836} INFO - DAG(s) dict_keys(['example_task_group_decorator']) retrieved from /home/airflow/.local/lib/python3.7/site-packages/airflow/example_dags/example_task_group_decorator.py
[2023-07-09T16:17:53.879+0000] {logging_mixin.py:149} INFO - [2023-07-09T16:17:53.879+0000] {dag.py:2726} INFO - Sync 1 DAGs
[2023-07-09T16:17:53.897+0000] {logging_mixin.py:149} INFO - [2023-07-09T16:17:53.897+0000] {dag.py:3490} INFO - Setting next_dagrun for example_task_group_decorator to 2023-07-08T16:17:53.896818+00:00, run_after=2023-07-09T16:17:53.896818+00:00
[2023-07-09T16:17:53.909+0000] {processor.py:179} INFO - Processing /home/airflow/.local/lib/python3.7/site-packages/airflow/example_dags/example_task_group_decorator.py took 0.067 seconds
