[2023-07-09T16:00:34.538+0000] {processor.py:157} INFO - Started process (PID=45) to work on /home/airflow/.local/lib/python3.7/site-packages/airflow/example_dags/example_python_operator.py
[2023-07-09T16:00:34.541+0000] {processor.py:826} INFO - Processing file /home/airflow/.local/lib/python3.7/site-packages/airflow/example_dags/example_python_operator.py for tasks to queue
[2023-07-09T16:00:34.543+0000] {logging_mixin.py:149} INFO - [2023-07-09T16:00:34.543+0000] {dagbag.py:541} INFO - Filling up the DagBag from /home/airflow/.local/lib/python3.7/site-packages/airflow/example_dags/example_python_operator.py
[2023-07-09T16:00:34.558+0000] {processor.py:836} INFO - DAG(s) dict_keys(['example_python_operator']) retrieved from /home/airflow/.local/lib/python3.7/site-packages/airflow/example_dags/example_python_operator.py
[2023-07-09T16:00:34.601+0000] {logging_mixin.py:149} INFO - [2023-07-09T16:00:34.601+0000] {dag.py:2726} INFO - Sync 1 DAGs
[2023-07-09T16:00:34.660+0000] {logging_mixin.py:149} INFO - [2023-07-09T16:00:34.660+0000] {dag.py:3490} INFO - Setting next_dagrun for example_python_operator to None, run_after=None
[2023-07-09T16:00:34.727+0000] {processor.py:179} INFO - Processing /home/airflow/.local/lib/python3.7/site-packages/airflow/example_dags/example_python_operator.py took 0.194 seconds
[2023-07-09T16:01:04.898+0000] {processor.py:157} INFO - Started process (PID=105) to work on /home/airflow/.local/lib/python3.7/site-packages/airflow/example_dags/example_python_operator.py
[2023-07-09T16:01:04.900+0000] {processor.py:826} INFO - Processing file /home/airflow/.local/lib/python3.7/site-packages/airflow/example_dags/example_python_operator.py for tasks to queue
[2023-07-09T16:01:04.900+0000] {logging_mixin.py:149} INFO - [2023-07-09T16:01:04.900+0000] {dagbag.py:541} INFO - Filling up the DagBag from /home/airflow/.local/lib/python3.7/site-packages/airflow/example_dags/example_python_operator.py
[2023-07-09T16:01:04.909+0000] {processor.py:836} INFO - DAG(s) dict_keys(['example_python_operator']) retrieved from /home/airflow/.local/lib/python3.7/site-packages/airflow/example_dags/example_python_operator.py
[2023-07-09T16:01:04.986+0000] {logging_mixin.py:149} INFO - [2023-07-09T16:01:04.986+0000] {dag.py:2726} INFO - Sync 1 DAGs
[2023-07-09T16:01:05.000+0000] {logging_mixin.py:149} INFO - [2023-07-09T16:01:04.999+0000] {dag.py:3490} INFO - Setting next_dagrun for example_python_operator to None, run_after=None
[2023-07-09T16:01:05.011+0000] {processor.py:179} INFO - Processing /home/airflow/.local/lib/python3.7/site-packages/airflow/example_dags/example_python_operator.py took 0.115 seconds
[2023-07-09T16:01:35.090+0000] {processor.py:157} INFO - Started process (PID=166) to work on /home/airflow/.local/lib/python3.7/site-packages/airflow/example_dags/example_python_operator.py
[2023-07-09T16:01:35.092+0000] {processor.py:826} INFO - Processing file /home/airflow/.local/lib/python3.7/site-packages/airflow/example_dags/example_python_operator.py for tasks to queue
[2023-07-09T16:01:35.092+0000] {logging_mixin.py:149} INFO - [2023-07-09T16:01:35.092+0000] {dagbag.py:541} INFO - Filling up the DagBag from /home/airflow/.local/lib/python3.7/site-packages/airflow/example_dags/example_python_operator.py
[2023-07-09T16:01:35.100+0000] {processor.py:836} INFO - DAG(s) dict_keys(['example_python_operator']) retrieved from /home/airflow/.local/lib/python3.7/site-packages/airflow/example_dags/example_python_operator.py
[2023-07-09T16:01:35.121+0000] {logging_mixin.py:149} INFO - [2023-07-09T16:01:35.121+0000] {dag.py:2726} INFO - Sync 1 DAGs
[2023-07-09T16:01:35.144+0000] {logging_mixin.py:149} INFO - [2023-07-09T16:01:35.144+0000] {dag.py:3490} INFO - Setting next_dagrun for example_python_operator to None, run_after=None
[2023-07-09T16:01:35.159+0000] {processor.py:179} INFO - Processing /home/airflow/.local/lib/python3.7/site-packages/airflow/example_dags/example_python_operator.py took 0.071 seconds
[2023-07-09T16:02:05.198+0000] {processor.py:157} INFO - Started process (PID=227) to work on /home/airflow/.local/lib/python3.7/site-packages/airflow/example_dags/example_python_operator.py
[2023-07-09T16:02:05.199+0000] {processor.py:826} INFO - Processing file /home/airflow/.local/lib/python3.7/site-packages/airflow/example_dags/example_python_operator.py for tasks to queue
[2023-07-09T16:02:05.200+0000] {logging_mixin.py:149} INFO - [2023-07-09T16:02:05.200+0000] {dagbag.py:541} INFO - Filling up the DagBag from /home/airflow/.local/lib/python3.7/site-packages/airflow/example_dags/example_python_operator.py
[2023-07-09T16:02:05.207+0000] {processor.py:836} INFO - DAG(s) dict_keys(['example_python_operator']) retrieved from /home/airflow/.local/lib/python3.7/site-packages/airflow/example_dags/example_python_operator.py
[2023-07-09T16:02:05.228+0000] {logging_mixin.py:149} INFO - [2023-07-09T16:02:05.228+0000] {dag.py:2726} INFO - Sync 1 DAGs
[2023-07-09T16:02:05.244+0000] {logging_mixin.py:149} INFO - [2023-07-09T16:02:05.244+0000] {dag.py:3490} INFO - Setting next_dagrun for example_python_operator to None, run_after=None
[2023-07-09T16:02:05.256+0000] {processor.py:179} INFO - Processing /home/airflow/.local/lib/python3.7/site-packages/airflow/example_dags/example_python_operator.py took 0.061 seconds
[2023-07-09T16:02:35.798+0000] {processor.py:157} INFO - Started process (PID=288) to work on /home/airflow/.local/lib/python3.7/site-packages/airflow/example_dags/example_python_operator.py
[2023-07-09T16:02:35.800+0000] {processor.py:826} INFO - Processing file /home/airflow/.local/lib/python3.7/site-packages/airflow/example_dags/example_python_operator.py for tasks to queue
[2023-07-09T16:02:35.800+0000] {logging_mixin.py:149} INFO - [2023-07-09T16:02:35.800+0000] {dagbag.py:541} INFO - Filling up the DagBag from /home/airflow/.local/lib/python3.7/site-packages/airflow/example_dags/example_python_operator.py
[2023-07-09T16:02:35.808+0000] {processor.py:836} INFO - DAG(s) dict_keys(['example_python_operator']) retrieved from /home/airflow/.local/lib/python3.7/site-packages/airflow/example_dags/example_python_operator.py
[2023-07-09T16:02:35.829+0000] {logging_mixin.py:149} INFO - [2023-07-09T16:02:35.829+0000] {dag.py:2726} INFO - Sync 1 DAGs
[2023-07-09T16:02:35.845+0000] {logging_mixin.py:149} INFO - [2023-07-09T16:02:35.845+0000] {dag.py:3490} INFO - Setting next_dagrun for example_python_operator to None, run_after=None
[2023-07-09T16:02:35.857+0000] {processor.py:179} INFO - Processing /home/airflow/.local/lib/python3.7/site-packages/airflow/example_dags/example_python_operator.py took 0.062 seconds
[2023-07-09T16:03:06.350+0000] {processor.py:157} INFO - Started process (PID=349) to work on /home/airflow/.local/lib/python3.7/site-packages/airflow/example_dags/example_python_operator.py
[2023-07-09T16:03:06.351+0000] {processor.py:826} INFO - Processing file /home/airflow/.local/lib/python3.7/site-packages/airflow/example_dags/example_python_operator.py for tasks to queue
[2023-07-09T16:03:06.352+0000] {logging_mixin.py:149} INFO - [2023-07-09T16:03:06.352+0000] {dagbag.py:541} INFO - Filling up the DagBag from /home/airflow/.local/lib/python3.7/site-packages/airflow/example_dags/example_python_operator.py
[2023-07-09T16:03:06.359+0000] {processor.py:836} INFO - DAG(s) dict_keys(['example_python_operator']) retrieved from /home/airflow/.local/lib/python3.7/site-packages/airflow/example_dags/example_python_operator.py
[2023-07-09T16:03:06.380+0000] {logging_mixin.py:149} INFO - [2023-07-09T16:03:06.379+0000] {dag.py:2726} INFO - Sync 1 DAGs
[2023-07-09T16:03:06.396+0000] {logging_mixin.py:149} INFO - [2023-07-09T16:03:06.396+0000] {dag.py:3490} INFO - Setting next_dagrun for example_python_operator to None, run_after=None
[2023-07-09T16:03:06.408+0000] {processor.py:179} INFO - Processing /home/airflow/.local/lib/python3.7/site-packages/airflow/example_dags/example_python_operator.py took 0.060 seconds
[2023-07-09T16:03:36.872+0000] {processor.py:157} INFO - Started process (PID=410) to work on /home/airflow/.local/lib/python3.7/site-packages/airflow/example_dags/example_python_operator.py
[2023-07-09T16:03:36.873+0000] {processor.py:826} INFO - Processing file /home/airflow/.local/lib/python3.7/site-packages/airflow/example_dags/example_python_operator.py for tasks to queue
[2023-07-09T16:03:36.875+0000] {logging_mixin.py:149} INFO - [2023-07-09T16:03:36.875+0000] {dagbag.py:541} INFO - Filling up the DagBag from /home/airflow/.local/lib/python3.7/site-packages/airflow/example_dags/example_python_operator.py
[2023-07-09T16:03:36.882+0000] {processor.py:836} INFO - DAG(s) dict_keys(['example_python_operator']) retrieved from /home/airflow/.local/lib/python3.7/site-packages/airflow/example_dags/example_python_operator.py
[2023-07-09T16:03:36.903+0000] {logging_mixin.py:149} INFO - [2023-07-09T16:03:36.903+0000] {dag.py:2726} INFO - Sync 1 DAGs
[2023-07-09T16:03:36.919+0000] {logging_mixin.py:149} INFO - [2023-07-09T16:03:36.919+0000] {dag.py:3490} INFO - Setting next_dagrun for example_python_operator to None, run_after=None
[2023-07-09T16:03:36.932+0000] {processor.py:179} INFO - Processing /home/airflow/.local/lib/python3.7/site-packages/airflow/example_dags/example_python_operator.py took 0.063 seconds
[2023-07-09T16:04:07.645+0000] {processor.py:157} INFO - Started process (PID=471) to work on /home/airflow/.local/lib/python3.7/site-packages/airflow/example_dags/example_python_operator.py
[2023-07-09T16:04:07.646+0000] {processor.py:826} INFO - Processing file /home/airflow/.local/lib/python3.7/site-packages/airflow/example_dags/example_python_operator.py for tasks to queue
[2023-07-09T16:04:07.647+0000] {logging_mixin.py:149} INFO - [2023-07-09T16:04:07.647+0000] {dagbag.py:541} INFO - Filling up the DagBag from /home/airflow/.local/lib/python3.7/site-packages/airflow/example_dags/example_python_operator.py
[2023-07-09T16:04:07.654+0000] {processor.py:836} INFO - DAG(s) dict_keys(['example_python_operator']) retrieved from /home/airflow/.local/lib/python3.7/site-packages/airflow/example_dags/example_python_operator.py
[2023-07-09T16:04:07.675+0000] {logging_mixin.py:149} INFO - [2023-07-09T16:04:07.675+0000] {dag.py:2726} INFO - Sync 1 DAGs
[2023-07-09T16:04:07.692+0000] {logging_mixin.py:149} INFO - [2023-07-09T16:04:07.692+0000] {dag.py:3490} INFO - Setting next_dagrun for example_python_operator to None, run_after=None
[2023-07-09T16:04:07.704+0000] {processor.py:179} INFO - Processing /home/airflow/.local/lib/python3.7/site-packages/airflow/example_dags/example_python_operator.py took 0.062 seconds
[2023-07-09T16:04:38.375+0000] {processor.py:157} INFO - Started process (PID=532) to work on /home/airflow/.local/lib/python3.7/site-packages/airflow/example_dags/example_python_operator.py
[2023-07-09T16:04:38.376+0000] {processor.py:826} INFO - Processing file /home/airflow/.local/lib/python3.7/site-packages/airflow/example_dags/example_python_operator.py for tasks to queue
[2023-07-09T16:04:38.377+0000] {logging_mixin.py:149} INFO - [2023-07-09T16:04:38.377+0000] {dagbag.py:541} INFO - Filling up the DagBag from /home/airflow/.local/lib/python3.7/site-packages/airflow/example_dags/example_python_operator.py
[2023-07-09T16:04:38.385+0000] {processor.py:836} INFO - DAG(s) dict_keys(['example_python_operator']) retrieved from /home/airflow/.local/lib/python3.7/site-packages/airflow/example_dags/example_python_operator.py
[2023-07-09T16:04:38.408+0000] {logging_mixin.py:149} INFO - [2023-07-09T16:04:38.408+0000] {dag.py:2726} INFO - Sync 1 DAGs
[2023-07-09T16:04:38.435+0000] {logging_mixin.py:149} INFO - [2023-07-09T16:04:38.434+0000] {dag.py:3490} INFO - Setting next_dagrun for example_python_operator to None, run_after=None
[2023-07-09T16:04:38.449+0000] {processor.py:179} INFO - Processing /home/airflow/.local/lib/python3.7/site-packages/airflow/example_dags/example_python_operator.py took 0.078 seconds
[2023-07-09T16:05:08.790+0000] {processor.py:157} INFO - Started process (PID=593) to work on /home/airflow/.local/lib/python3.7/site-packages/airflow/example_dags/example_python_operator.py
[2023-07-09T16:05:08.791+0000] {processor.py:826} INFO - Processing file /home/airflow/.local/lib/python3.7/site-packages/airflow/example_dags/example_python_operator.py for tasks to queue
[2023-07-09T16:05:08.792+0000] {logging_mixin.py:149} INFO - [2023-07-09T16:05:08.792+0000] {dagbag.py:541} INFO - Filling up the DagBag from /home/airflow/.local/lib/python3.7/site-packages/airflow/example_dags/example_python_operator.py
[2023-07-09T16:05:08.799+0000] {processor.py:836} INFO - DAG(s) dict_keys(['example_python_operator']) retrieved from /home/airflow/.local/lib/python3.7/site-packages/airflow/example_dags/example_python_operator.py
[2023-07-09T16:05:08.820+0000] {logging_mixin.py:149} INFO - [2023-07-09T16:05:08.819+0000] {dag.py:2726} INFO - Sync 1 DAGs
[2023-07-09T16:05:08.834+0000] {logging_mixin.py:149} INFO - [2023-07-09T16:05:08.834+0000] {dag.py:3490} INFO - Setting next_dagrun for example_python_operator to None, run_after=None
[2023-07-09T16:05:08.844+0000] {processor.py:179} INFO - Processing /home/airflow/.local/lib/python3.7/site-packages/airflow/example_dags/example_python_operator.py took 0.057 seconds
[2023-07-09T16:05:39.383+0000] {processor.py:157} INFO - Started process (PID=654) to work on /home/airflow/.local/lib/python3.7/site-packages/airflow/example_dags/example_python_operator.py
[2023-07-09T16:05:39.384+0000] {processor.py:826} INFO - Processing file /home/airflow/.local/lib/python3.7/site-packages/airflow/example_dags/example_python_operator.py for tasks to queue
[2023-07-09T16:05:39.385+0000] {logging_mixin.py:149} INFO - [2023-07-09T16:05:39.385+0000] {dagbag.py:541} INFO - Filling up the DagBag from /home/airflow/.local/lib/python3.7/site-packages/airflow/example_dags/example_python_operator.py
[2023-07-09T16:05:39.393+0000] {processor.py:836} INFO - DAG(s) dict_keys(['example_python_operator']) retrieved from /home/airflow/.local/lib/python3.7/site-packages/airflow/example_dags/example_python_operator.py
[2023-07-09T16:05:39.413+0000] {logging_mixin.py:149} INFO - [2023-07-09T16:05:39.413+0000] {dag.py:2726} INFO - Sync 1 DAGs
[2023-07-09T16:05:39.429+0000] {logging_mixin.py:149} INFO - [2023-07-09T16:05:39.429+0000] {dag.py:3490} INFO - Setting next_dagrun for example_python_operator to None, run_after=None
[2023-07-09T16:05:39.442+0000] {processor.py:179} INFO - Processing /home/airflow/.local/lib/python3.7/site-packages/airflow/example_dags/example_python_operator.py took 0.062 seconds
[2023-07-09T16:06:09.898+0000] {processor.py:157} INFO - Started process (PID=715) to work on /home/airflow/.local/lib/python3.7/site-packages/airflow/example_dags/example_python_operator.py
[2023-07-09T16:06:09.899+0000] {processor.py:826} INFO - Processing file /home/airflow/.local/lib/python3.7/site-packages/airflow/example_dags/example_python_operator.py for tasks to queue
[2023-07-09T16:06:09.900+0000] {logging_mixin.py:149} INFO - [2023-07-09T16:06:09.900+0000] {dagbag.py:541} INFO - Filling up the DagBag from /home/airflow/.local/lib/python3.7/site-packages/airflow/example_dags/example_python_operator.py
[2023-07-09T16:06:09.913+0000] {processor.py:836} INFO - DAG(s) dict_keys(['example_python_operator']) retrieved from /home/airflow/.local/lib/python3.7/site-packages/airflow/example_dags/example_python_operator.py
[2023-07-09T16:06:09.935+0000] {logging_mixin.py:149} INFO - [2023-07-09T16:06:09.935+0000] {dag.py:2726} INFO - Sync 1 DAGs
[2023-07-09T16:06:09.952+0000] {logging_mixin.py:149} INFO - [2023-07-09T16:06:09.952+0000] {dag.py:3490} INFO - Setting next_dagrun for example_python_operator to None, run_after=None
[2023-07-09T16:06:09.964+0000] {processor.py:179} INFO - Processing /home/airflow/.local/lib/python3.7/site-packages/airflow/example_dags/example_python_operator.py took 0.069 seconds
[2023-07-09T16:06:40.231+0000] {processor.py:157} INFO - Started process (PID=776) to work on /home/airflow/.local/lib/python3.7/site-packages/airflow/example_dags/example_python_operator.py
[2023-07-09T16:06:40.232+0000] {processor.py:826} INFO - Processing file /home/airflow/.local/lib/python3.7/site-packages/airflow/example_dags/example_python_operator.py for tasks to queue
[2023-07-09T16:06:40.233+0000] {logging_mixin.py:149} INFO - [2023-07-09T16:06:40.233+0000] {dagbag.py:541} INFO - Filling up the DagBag from /home/airflow/.local/lib/python3.7/site-packages/airflow/example_dags/example_python_operator.py
[2023-07-09T16:06:40.244+0000] {processor.py:836} INFO - DAG(s) dict_keys(['example_python_operator']) retrieved from /home/airflow/.local/lib/python3.7/site-packages/airflow/example_dags/example_python_operator.py
[2023-07-09T16:06:40.267+0000] {logging_mixin.py:149} INFO - [2023-07-09T16:06:40.267+0000] {dag.py:2726} INFO - Sync 1 DAGs
[2023-07-09T16:06:40.282+0000] {logging_mixin.py:149} INFO - [2023-07-09T16:06:40.282+0000] {dag.py:3490} INFO - Setting next_dagrun for example_python_operator to None, run_after=None
[2023-07-09T16:06:40.293+0000] {processor.py:179} INFO - Processing /home/airflow/.local/lib/python3.7/site-packages/airflow/example_dags/example_python_operator.py took 0.065 seconds
[2023-07-09T16:07:10.564+0000] {processor.py:157} INFO - Started process (PID=837) to work on /home/airflow/.local/lib/python3.7/site-packages/airflow/example_dags/example_python_operator.py
[2023-07-09T16:07:10.565+0000] {processor.py:826} INFO - Processing file /home/airflow/.local/lib/python3.7/site-packages/airflow/example_dags/example_python_operator.py for tasks to queue
[2023-07-09T16:07:10.566+0000] {logging_mixin.py:149} INFO - [2023-07-09T16:07:10.566+0000] {dagbag.py:541} INFO - Filling up the DagBag from /home/airflow/.local/lib/python3.7/site-packages/airflow/example_dags/example_python_operator.py
[2023-07-09T16:07:10.574+0000] {processor.py:836} INFO - DAG(s) dict_keys(['example_python_operator']) retrieved from /home/airflow/.local/lib/python3.7/site-packages/airflow/example_dags/example_python_operator.py
[2023-07-09T16:07:10.596+0000] {logging_mixin.py:149} INFO - [2023-07-09T16:07:10.596+0000] {dag.py:2726} INFO - Sync 1 DAGs
[2023-07-09T16:07:10.621+0000] {logging_mixin.py:149} INFO - [2023-07-09T16:07:10.620+0000] {dag.py:3490} INFO - Setting next_dagrun for example_python_operator to None, run_after=None
[2023-07-09T16:07:10.634+0000] {processor.py:179} INFO - Processing /home/airflow/.local/lib/python3.7/site-packages/airflow/example_dags/example_python_operator.py took 0.073 seconds
[2023-07-09T16:07:41.204+0000] {processor.py:157} INFO - Started process (PID=898) to work on /home/airflow/.local/lib/python3.7/site-packages/airflow/example_dags/example_python_operator.py
[2023-07-09T16:07:41.205+0000] {processor.py:826} INFO - Processing file /home/airflow/.local/lib/python3.7/site-packages/airflow/example_dags/example_python_operator.py for tasks to queue
[2023-07-09T16:07:41.206+0000] {logging_mixin.py:149} INFO - [2023-07-09T16:07:41.206+0000] {dagbag.py:541} INFO - Filling up the DagBag from /home/airflow/.local/lib/python3.7/site-packages/airflow/example_dags/example_python_operator.py
[2023-07-09T16:07:41.214+0000] {processor.py:836} INFO - DAG(s) dict_keys(['example_python_operator']) retrieved from /home/airflow/.local/lib/python3.7/site-packages/airflow/example_dags/example_python_operator.py
[2023-07-09T16:07:41.235+0000] {logging_mixin.py:149} INFO - [2023-07-09T16:07:41.235+0000] {dag.py:2726} INFO - Sync 1 DAGs
[2023-07-09T16:07:41.251+0000] {logging_mixin.py:149} INFO - [2023-07-09T16:07:41.251+0000] {dag.py:3490} INFO - Setting next_dagrun for example_python_operator to None, run_after=None
[2023-07-09T16:07:41.265+0000] {processor.py:179} INFO - Processing /home/airflow/.local/lib/python3.7/site-packages/airflow/example_dags/example_python_operator.py took 0.064 seconds
[2023-07-09T16:08:11.423+0000] {processor.py:157} INFO - Started process (PID=959) to work on /home/airflow/.local/lib/python3.7/site-packages/airflow/example_dags/example_python_operator.py
[2023-07-09T16:08:11.424+0000] {processor.py:826} INFO - Processing file /home/airflow/.local/lib/python3.7/site-packages/airflow/example_dags/example_python_operator.py for tasks to queue
[2023-07-09T16:08:11.425+0000] {logging_mixin.py:149} INFO - [2023-07-09T16:08:11.425+0000] {dagbag.py:541} INFO - Filling up the DagBag from /home/airflow/.local/lib/python3.7/site-packages/airflow/example_dags/example_python_operator.py
[2023-07-09T16:08:11.432+0000] {processor.py:836} INFO - DAG(s) dict_keys(['example_python_operator']) retrieved from /home/airflow/.local/lib/python3.7/site-packages/airflow/example_dags/example_python_operator.py
[2023-07-09T16:08:11.453+0000] {logging_mixin.py:149} INFO - [2023-07-09T16:08:11.453+0000] {dag.py:2726} INFO - Sync 1 DAGs
[2023-07-09T16:08:11.470+0000] {logging_mixin.py:149} INFO - [2023-07-09T16:08:11.470+0000] {dag.py:3490} INFO - Setting next_dagrun for example_python_operator to None, run_after=None
[2023-07-09T16:08:11.481+0000] {processor.py:179} INFO - Processing /home/airflow/.local/lib/python3.7/site-packages/airflow/example_dags/example_python_operator.py took 0.061 seconds
[2023-07-09T16:08:42.225+0000] {processor.py:157} INFO - Started process (PID=1020) to work on /home/airflow/.local/lib/python3.7/site-packages/airflow/example_dags/example_python_operator.py
[2023-07-09T16:08:42.227+0000] {processor.py:826} INFO - Processing file /home/airflow/.local/lib/python3.7/site-packages/airflow/example_dags/example_python_operator.py for tasks to queue
[2023-07-09T16:08:42.228+0000] {logging_mixin.py:149} INFO - [2023-07-09T16:08:42.227+0000] {dagbag.py:541} INFO - Filling up the DagBag from /home/airflow/.local/lib/python3.7/site-packages/airflow/example_dags/example_python_operator.py
[2023-07-09T16:08:42.235+0000] {processor.py:836} INFO - DAG(s) dict_keys(['example_python_operator']) retrieved from /home/airflow/.local/lib/python3.7/site-packages/airflow/example_dags/example_python_operator.py
[2023-07-09T16:08:42.257+0000] {logging_mixin.py:149} INFO - [2023-07-09T16:08:42.257+0000] {dag.py:2726} INFO - Sync 1 DAGs
[2023-07-09T16:08:42.275+0000] {logging_mixin.py:149} INFO - [2023-07-09T16:08:42.275+0000] {dag.py:3490} INFO - Setting next_dagrun for example_python_operator to None, run_after=None
[2023-07-09T16:08:42.289+0000] {processor.py:179} INFO - Processing /home/airflow/.local/lib/python3.7/site-packages/airflow/example_dags/example_python_operator.py took 0.067 seconds
[2023-07-09T16:09:12.604+0000] {processor.py:157} INFO - Started process (PID=1081) to work on /home/airflow/.local/lib/python3.7/site-packages/airflow/example_dags/example_python_operator.py
[2023-07-09T16:09:12.605+0000] {processor.py:826} INFO - Processing file /home/airflow/.local/lib/python3.7/site-packages/airflow/example_dags/example_python_operator.py for tasks to queue
[2023-07-09T16:09:12.606+0000] {logging_mixin.py:149} INFO - [2023-07-09T16:09:12.606+0000] {dagbag.py:541} INFO - Filling up the DagBag from /home/airflow/.local/lib/python3.7/site-packages/airflow/example_dags/example_python_operator.py
[2023-07-09T16:09:12.614+0000] {processor.py:836} INFO - DAG(s) dict_keys(['example_python_operator']) retrieved from /home/airflow/.local/lib/python3.7/site-packages/airflow/example_dags/example_python_operator.py
[2023-07-09T16:09:12.640+0000] {logging_mixin.py:149} INFO - [2023-07-09T16:09:12.640+0000] {dag.py:2726} INFO - Sync 1 DAGs
[2023-07-09T16:09:12.657+0000] {logging_mixin.py:149} INFO - [2023-07-09T16:09:12.657+0000] {dag.py:3490} INFO - Setting next_dagrun for example_python_operator to None, run_after=None
[2023-07-09T16:09:12.670+0000] {processor.py:179} INFO - Processing /home/airflow/.local/lib/python3.7/site-packages/airflow/example_dags/example_python_operator.py took 0.068 seconds
[2023-07-09T16:09:42.960+0000] {processor.py:157} INFO - Started process (PID=1141) to work on /home/airflow/.local/lib/python3.7/site-packages/airflow/example_dags/example_python_operator.py
[2023-07-09T16:09:42.962+0000] {processor.py:826} INFO - Processing file /home/airflow/.local/lib/python3.7/site-packages/airflow/example_dags/example_python_operator.py for tasks to queue
[2023-07-09T16:09:42.962+0000] {logging_mixin.py:149} INFO - [2023-07-09T16:09:42.962+0000] {dagbag.py:541} INFO - Filling up the DagBag from /home/airflow/.local/lib/python3.7/site-packages/airflow/example_dags/example_python_operator.py
[2023-07-09T16:09:42.970+0000] {processor.py:836} INFO - DAG(s) dict_keys(['example_python_operator']) retrieved from /home/airflow/.local/lib/python3.7/site-packages/airflow/example_dags/example_python_operator.py
[2023-07-09T16:09:42.991+0000] {logging_mixin.py:149} INFO - [2023-07-09T16:09:42.991+0000] {dag.py:2726} INFO - Sync 1 DAGs
[2023-07-09T16:09:43.008+0000] {logging_mixin.py:149} INFO - [2023-07-09T16:09:43.008+0000] {dag.py:3490} INFO - Setting next_dagrun for example_python_operator to None, run_after=None
[2023-07-09T16:09:43.019+0000] {processor.py:179} INFO - Processing /home/airflow/.local/lib/python3.7/site-packages/airflow/example_dags/example_python_operator.py took 0.062 seconds
[2023-07-09T16:10:13.190+0000] {processor.py:157} INFO - Started process (PID=1202) to work on /home/airflow/.local/lib/python3.7/site-packages/airflow/example_dags/example_python_operator.py
[2023-07-09T16:10:13.191+0000] {processor.py:826} INFO - Processing file /home/airflow/.local/lib/python3.7/site-packages/airflow/example_dags/example_python_operator.py for tasks to queue
[2023-07-09T16:10:13.192+0000] {logging_mixin.py:149} INFO - [2023-07-09T16:10:13.192+0000] {dagbag.py:541} INFO - Filling up the DagBag from /home/airflow/.local/lib/python3.7/site-packages/airflow/example_dags/example_python_operator.py
[2023-07-09T16:10:13.200+0000] {processor.py:836} INFO - DAG(s) dict_keys(['example_python_operator']) retrieved from /home/airflow/.local/lib/python3.7/site-packages/airflow/example_dags/example_python_operator.py
[2023-07-09T16:10:13.221+0000] {logging_mixin.py:149} INFO - [2023-07-09T16:10:13.221+0000] {dag.py:2726} INFO - Sync 1 DAGs
[2023-07-09T16:10:13.237+0000] {logging_mixin.py:149} INFO - [2023-07-09T16:10:13.237+0000] {dag.py:3490} INFO - Setting next_dagrun for example_python_operator to None, run_after=None
[2023-07-09T16:10:13.248+0000] {processor.py:179} INFO - Processing /home/airflow/.local/lib/python3.7/site-packages/airflow/example_dags/example_python_operator.py took 0.061 seconds
[2023-07-09T16:10:43.687+0000] {processor.py:157} INFO - Started process (PID=1263) to work on /home/airflow/.local/lib/python3.7/site-packages/airflow/example_dags/example_python_operator.py
[2023-07-09T16:10:43.688+0000] {processor.py:826} INFO - Processing file /home/airflow/.local/lib/python3.7/site-packages/airflow/example_dags/example_python_operator.py for tasks to queue
[2023-07-09T16:10:43.689+0000] {logging_mixin.py:149} INFO - [2023-07-09T16:10:43.689+0000] {dagbag.py:541} INFO - Filling up the DagBag from /home/airflow/.local/lib/python3.7/site-packages/airflow/example_dags/example_python_operator.py
[2023-07-09T16:10:43.696+0000] {processor.py:836} INFO - DAG(s) dict_keys(['example_python_operator']) retrieved from /home/airflow/.local/lib/python3.7/site-packages/airflow/example_dags/example_python_operator.py
[2023-07-09T16:10:43.716+0000] {logging_mixin.py:149} INFO - [2023-07-09T16:10:43.716+0000] {dag.py:2726} INFO - Sync 1 DAGs
[2023-07-09T16:10:43.731+0000] {logging_mixin.py:149} INFO - [2023-07-09T16:10:43.731+0000] {dag.py:3490} INFO - Setting next_dagrun for example_python_operator to None, run_after=None
[2023-07-09T16:10:43.742+0000] {processor.py:179} INFO - Processing /home/airflow/.local/lib/python3.7/site-packages/airflow/example_dags/example_python_operator.py took 0.058 seconds
[2023-07-09T16:11:13.879+0000] {processor.py:157} INFO - Started process (PID=1325) to work on /home/airflow/.local/lib/python3.7/site-packages/airflow/example_dags/example_python_operator.py
[2023-07-09T16:11:13.880+0000] {processor.py:826} INFO - Processing file /home/airflow/.local/lib/python3.7/site-packages/airflow/example_dags/example_python_operator.py for tasks to queue
[2023-07-09T16:11:13.881+0000] {logging_mixin.py:149} INFO - [2023-07-09T16:11:13.881+0000] {dagbag.py:541} INFO - Filling up the DagBag from /home/airflow/.local/lib/python3.7/site-packages/airflow/example_dags/example_python_operator.py
[2023-07-09T16:11:13.889+0000] {processor.py:836} INFO - DAG(s) dict_keys(['example_python_operator']) retrieved from /home/airflow/.local/lib/python3.7/site-packages/airflow/example_dags/example_python_operator.py
[2023-07-09T16:11:13.910+0000] {logging_mixin.py:149} INFO - [2023-07-09T16:11:13.910+0000] {dag.py:2726} INFO - Sync 1 DAGs
[2023-07-09T16:11:13.927+0000] {logging_mixin.py:149} INFO - [2023-07-09T16:11:13.927+0000] {dag.py:3490} INFO - Setting next_dagrun for example_python_operator to None, run_after=None
[2023-07-09T16:11:13.939+0000] {processor.py:179} INFO - Processing /home/airflow/.local/lib/python3.7/site-packages/airflow/example_dags/example_python_operator.py took 0.063 seconds
[2023-07-09T16:11:44.472+0000] {processor.py:157} INFO - Started process (PID=1386) to work on /home/airflow/.local/lib/python3.7/site-packages/airflow/example_dags/example_python_operator.py
[2023-07-09T16:11:44.473+0000] {processor.py:826} INFO - Processing file /home/airflow/.local/lib/python3.7/site-packages/airflow/example_dags/example_python_operator.py for tasks to queue
[2023-07-09T16:11:44.474+0000] {logging_mixin.py:149} INFO - [2023-07-09T16:11:44.474+0000] {dagbag.py:541} INFO - Filling up the DagBag from /home/airflow/.local/lib/python3.7/site-packages/airflow/example_dags/example_python_operator.py
[2023-07-09T16:11:44.484+0000] {processor.py:836} INFO - DAG(s) dict_keys(['example_python_operator']) retrieved from /home/airflow/.local/lib/python3.7/site-packages/airflow/example_dags/example_python_operator.py
[2023-07-09T16:11:44.506+0000] {logging_mixin.py:149} INFO - [2023-07-09T16:11:44.505+0000] {dag.py:2726} INFO - Sync 1 DAGs
[2023-07-09T16:11:44.522+0000] {logging_mixin.py:149} INFO - [2023-07-09T16:11:44.522+0000] {dag.py:3490} INFO - Setting next_dagrun for example_python_operator to None, run_after=None
[2023-07-09T16:11:44.537+0000] {processor.py:179} INFO - Processing /home/airflow/.local/lib/python3.7/site-packages/airflow/example_dags/example_python_operator.py took 0.068 seconds
[2023-07-09T16:12:14.776+0000] {processor.py:157} INFO - Started process (PID=1447) to work on /home/airflow/.local/lib/python3.7/site-packages/airflow/example_dags/example_python_operator.py
[2023-07-09T16:12:14.777+0000] {processor.py:826} INFO - Processing file /home/airflow/.local/lib/python3.7/site-packages/airflow/example_dags/example_python_operator.py for tasks to queue
[2023-07-09T16:12:14.778+0000] {logging_mixin.py:149} INFO - [2023-07-09T16:12:14.778+0000] {dagbag.py:541} INFO - Filling up the DagBag from /home/airflow/.local/lib/python3.7/site-packages/airflow/example_dags/example_python_operator.py
[2023-07-09T16:12:14.785+0000] {processor.py:836} INFO - DAG(s) dict_keys(['example_python_operator']) retrieved from /home/airflow/.local/lib/python3.7/site-packages/airflow/example_dags/example_python_operator.py
[2023-07-09T16:12:14.806+0000] {logging_mixin.py:149} INFO - [2023-07-09T16:12:14.805+0000] {dag.py:2726} INFO - Sync 1 DAGs
[2023-07-09T16:12:14.822+0000] {logging_mixin.py:149} INFO - [2023-07-09T16:12:14.822+0000] {dag.py:3490} INFO - Setting next_dagrun for example_python_operator to None, run_after=None
[2023-07-09T16:12:14.834+0000] {processor.py:179} INFO - Processing /home/airflow/.local/lib/python3.7/site-packages/airflow/example_dags/example_python_operator.py took 0.061 seconds
[2023-07-09T16:12:45.033+0000] {processor.py:157} INFO - Started process (PID=1508) to work on /home/airflow/.local/lib/python3.7/site-packages/airflow/example_dags/example_python_operator.py
[2023-07-09T16:12:45.035+0000] {processor.py:826} INFO - Processing file /home/airflow/.local/lib/python3.7/site-packages/airflow/example_dags/example_python_operator.py for tasks to queue
[2023-07-09T16:12:45.036+0000] {logging_mixin.py:149} INFO - [2023-07-09T16:12:45.035+0000] {dagbag.py:541} INFO - Filling up the DagBag from /home/airflow/.local/lib/python3.7/site-packages/airflow/example_dags/example_python_operator.py
[2023-07-09T16:12:45.043+0000] {processor.py:836} INFO - DAG(s) dict_keys(['example_python_operator']) retrieved from /home/airflow/.local/lib/python3.7/site-packages/airflow/example_dags/example_python_operator.py
[2023-07-09T16:12:45.064+0000] {logging_mixin.py:149} INFO - [2023-07-09T16:12:45.064+0000] {dag.py:2726} INFO - Sync 1 DAGs
[2023-07-09T16:12:45.081+0000] {logging_mixin.py:149} INFO - [2023-07-09T16:12:45.081+0000] {dag.py:3490} INFO - Setting next_dagrun for example_python_operator to None, run_after=None
[2023-07-09T16:12:45.094+0000] {processor.py:179} INFO - Processing /home/airflow/.local/lib/python3.7/site-packages/airflow/example_dags/example_python_operator.py took 0.064 seconds
[2023-07-09T16:13:15.281+0000] {processor.py:157} INFO - Started process (PID=1569) to work on /home/airflow/.local/lib/python3.7/site-packages/airflow/example_dags/example_python_operator.py
[2023-07-09T16:13:15.282+0000] {processor.py:826} INFO - Processing file /home/airflow/.local/lib/python3.7/site-packages/airflow/example_dags/example_python_operator.py for tasks to queue
[2023-07-09T16:13:15.283+0000] {logging_mixin.py:149} INFO - [2023-07-09T16:13:15.283+0000] {dagbag.py:541} INFO - Filling up the DagBag from /home/airflow/.local/lib/python3.7/site-packages/airflow/example_dags/example_python_operator.py
[2023-07-09T16:13:15.290+0000] {processor.py:836} INFO - DAG(s) dict_keys(['example_python_operator']) retrieved from /home/airflow/.local/lib/python3.7/site-packages/airflow/example_dags/example_python_operator.py
[2023-07-09T16:13:15.313+0000] {logging_mixin.py:149} INFO - [2023-07-09T16:13:15.313+0000] {dag.py:2726} INFO - Sync 1 DAGs
[2023-07-09T16:13:15.329+0000] {logging_mixin.py:149} INFO - [2023-07-09T16:13:15.329+0000] {dag.py:3490} INFO - Setting next_dagrun for example_python_operator to None, run_after=None
[2023-07-09T16:13:15.343+0000] {processor.py:179} INFO - Processing /home/airflow/.local/lib/python3.7/site-packages/airflow/example_dags/example_python_operator.py took 0.065 seconds
[2023-07-09T16:13:45.688+0000] {processor.py:157} INFO - Started process (PID=1630) to work on /home/airflow/.local/lib/python3.7/site-packages/airflow/example_dags/example_python_operator.py
[2023-07-09T16:13:45.689+0000] {processor.py:826} INFO - Processing file /home/airflow/.local/lib/python3.7/site-packages/airflow/example_dags/example_python_operator.py for tasks to queue
[2023-07-09T16:13:45.690+0000] {logging_mixin.py:149} INFO - [2023-07-09T16:13:45.690+0000] {dagbag.py:541} INFO - Filling up the DagBag from /home/airflow/.local/lib/python3.7/site-packages/airflow/example_dags/example_python_operator.py
[2023-07-09T16:13:45.700+0000] {processor.py:836} INFO - DAG(s) dict_keys(['example_python_operator']) retrieved from /home/airflow/.local/lib/python3.7/site-packages/airflow/example_dags/example_python_operator.py
[2023-07-09T16:13:45.721+0000] {logging_mixin.py:149} INFO - [2023-07-09T16:13:45.721+0000] {dag.py:2726} INFO - Sync 1 DAGs
[2023-07-09T16:13:45.737+0000] {logging_mixin.py:149} INFO - [2023-07-09T16:13:45.737+0000] {dag.py:3490} INFO - Setting next_dagrun for example_python_operator to None, run_after=None
[2023-07-09T16:13:45.751+0000] {processor.py:179} INFO - Processing /home/airflow/.local/lib/python3.7/site-packages/airflow/example_dags/example_python_operator.py took 0.066 seconds
[2023-07-09T16:14:16.216+0000] {processor.py:157} INFO - Started process (PID=1691) to work on /home/airflow/.local/lib/python3.7/site-packages/airflow/example_dags/example_python_operator.py
[2023-07-09T16:14:16.218+0000] {processor.py:826} INFO - Processing file /home/airflow/.local/lib/python3.7/site-packages/airflow/example_dags/example_python_operator.py for tasks to queue
[2023-07-09T16:14:16.218+0000] {logging_mixin.py:149} INFO - [2023-07-09T16:14:16.218+0000] {dagbag.py:541} INFO - Filling up the DagBag from /home/airflow/.local/lib/python3.7/site-packages/airflow/example_dags/example_python_operator.py
[2023-07-09T16:14:16.226+0000] {processor.py:836} INFO - DAG(s) dict_keys(['example_python_operator']) retrieved from /home/airflow/.local/lib/python3.7/site-packages/airflow/example_dags/example_python_operator.py
[2023-07-09T16:14:16.246+0000] {logging_mixin.py:149} INFO - [2023-07-09T16:14:16.246+0000] {dag.py:2726} INFO - Sync 1 DAGs
[2023-07-09T16:14:16.263+0000] {logging_mixin.py:149} INFO - [2023-07-09T16:14:16.263+0000] {dag.py:3490} INFO - Setting next_dagrun for example_python_operator to None, run_after=None
[2023-07-09T16:14:16.275+0000] {processor.py:179} INFO - Processing /home/airflow/.local/lib/python3.7/site-packages/airflow/example_dags/example_python_operator.py took 0.062 seconds
[2023-07-09T16:14:46.867+0000] {processor.py:157} INFO - Started process (PID=1752) to work on /home/airflow/.local/lib/python3.7/site-packages/airflow/example_dags/example_python_operator.py
[2023-07-09T16:14:46.868+0000] {processor.py:826} INFO - Processing file /home/airflow/.local/lib/python3.7/site-packages/airflow/example_dags/example_python_operator.py for tasks to queue
[2023-07-09T16:14:46.869+0000] {logging_mixin.py:149} INFO - [2023-07-09T16:14:46.869+0000] {dagbag.py:541} INFO - Filling up the DagBag from /home/airflow/.local/lib/python3.7/site-packages/airflow/example_dags/example_python_operator.py
[2023-07-09T16:14:46.877+0000] {processor.py:836} INFO - DAG(s) dict_keys(['example_python_operator']) retrieved from /home/airflow/.local/lib/python3.7/site-packages/airflow/example_dags/example_python_operator.py
[2023-07-09T16:14:46.911+0000] {logging_mixin.py:149} INFO - [2023-07-09T16:14:46.911+0000] {dag.py:2726} INFO - Sync 1 DAGs
[2023-07-09T16:14:46.927+0000] {logging_mixin.py:149} INFO - [2023-07-09T16:14:46.927+0000] {dag.py:3490} INFO - Setting next_dagrun for example_python_operator to None, run_after=None
[2023-07-09T16:14:46.939+0000] {processor.py:179} INFO - Processing /home/airflow/.local/lib/python3.7/site-packages/airflow/example_dags/example_python_operator.py took 0.076 seconds
[2023-07-09T16:15:17.368+0000] {processor.py:157} INFO - Started process (PID=1813) to work on /home/airflow/.local/lib/python3.7/site-packages/airflow/example_dags/example_python_operator.py
[2023-07-09T16:15:17.369+0000] {processor.py:826} INFO - Processing file /home/airflow/.local/lib/python3.7/site-packages/airflow/example_dags/example_python_operator.py for tasks to queue
[2023-07-09T16:15:17.370+0000] {logging_mixin.py:149} INFO - [2023-07-09T16:15:17.370+0000] {dagbag.py:541} INFO - Filling up the DagBag from /home/airflow/.local/lib/python3.7/site-packages/airflow/example_dags/example_python_operator.py
[2023-07-09T16:15:17.377+0000] {processor.py:836} INFO - DAG(s) dict_keys(['example_python_operator']) retrieved from /home/airflow/.local/lib/python3.7/site-packages/airflow/example_dags/example_python_operator.py
[2023-07-09T16:15:17.399+0000] {logging_mixin.py:149} INFO - [2023-07-09T16:15:17.399+0000] {dag.py:2726} INFO - Sync 1 DAGs
[2023-07-09T16:15:17.416+0000] {logging_mixin.py:149} INFO - [2023-07-09T16:15:17.416+0000] {dag.py:3490} INFO - Setting next_dagrun for example_python_operator to None, run_after=None
[2023-07-09T16:15:17.427+0000] {processor.py:179} INFO - Processing /home/airflow/.local/lib/python3.7/site-packages/airflow/example_dags/example_python_operator.py took 0.062 seconds
[2023-07-09T16:15:47.961+0000] {processor.py:157} INFO - Started process (PID=1874) to work on /home/airflow/.local/lib/python3.7/site-packages/airflow/example_dags/example_python_operator.py
[2023-07-09T16:15:47.962+0000] {processor.py:826} INFO - Processing file /home/airflow/.local/lib/python3.7/site-packages/airflow/example_dags/example_python_operator.py for tasks to queue
[2023-07-09T16:15:47.963+0000] {logging_mixin.py:149} INFO - [2023-07-09T16:15:47.963+0000] {dagbag.py:541} INFO - Filling up the DagBag from /home/airflow/.local/lib/python3.7/site-packages/airflow/example_dags/example_python_operator.py
[2023-07-09T16:15:47.970+0000] {processor.py:836} INFO - DAG(s) dict_keys(['example_python_operator']) retrieved from /home/airflow/.local/lib/python3.7/site-packages/airflow/example_dags/example_python_operator.py
[2023-07-09T16:15:47.991+0000] {logging_mixin.py:149} INFO - [2023-07-09T16:15:47.990+0000] {dag.py:2726} INFO - Sync 1 DAGs
[2023-07-09T16:15:48.007+0000] {logging_mixin.py:149} INFO - [2023-07-09T16:15:48.007+0000] {dag.py:3490} INFO - Setting next_dagrun for example_python_operator to None, run_after=None
[2023-07-09T16:15:48.020+0000] {processor.py:179} INFO - Processing /home/airflow/.local/lib/python3.7/site-packages/airflow/example_dags/example_python_operator.py took 0.062 seconds
[2023-07-09T16:16:18.176+0000] {processor.py:157} INFO - Started process (PID=1935) to work on /home/airflow/.local/lib/python3.7/site-packages/airflow/example_dags/example_python_operator.py
[2023-07-09T16:16:18.178+0000] {processor.py:826} INFO - Processing file /home/airflow/.local/lib/python3.7/site-packages/airflow/example_dags/example_python_operator.py for tasks to queue
[2023-07-09T16:16:18.178+0000] {logging_mixin.py:149} INFO - [2023-07-09T16:16:18.178+0000] {dagbag.py:541} INFO - Filling up the DagBag from /home/airflow/.local/lib/python3.7/site-packages/airflow/example_dags/example_python_operator.py
[2023-07-09T16:16:18.186+0000] {processor.py:836} INFO - DAG(s) dict_keys(['example_python_operator']) retrieved from /home/airflow/.local/lib/python3.7/site-packages/airflow/example_dags/example_python_operator.py
[2023-07-09T16:16:18.206+0000] {logging_mixin.py:149} INFO - [2023-07-09T16:16:18.206+0000] {dag.py:2726} INFO - Sync 1 DAGs
[2023-07-09T16:16:18.223+0000] {logging_mixin.py:149} INFO - [2023-07-09T16:16:18.222+0000] {dag.py:3490} INFO - Setting next_dagrun for example_python_operator to None, run_after=None
[2023-07-09T16:16:18.235+0000] {processor.py:179} INFO - Processing /home/airflow/.local/lib/python3.7/site-packages/airflow/example_dags/example_python_operator.py took 0.061 seconds
[2023-07-09T16:16:48.454+0000] {processor.py:157} INFO - Started process (PID=1997) to work on /home/airflow/.local/lib/python3.7/site-packages/airflow/example_dags/example_python_operator.py
[2023-07-09T16:16:48.456+0000] {processor.py:826} INFO - Processing file /home/airflow/.local/lib/python3.7/site-packages/airflow/example_dags/example_python_operator.py for tasks to queue
[2023-07-09T16:16:48.456+0000] {logging_mixin.py:149} INFO - [2023-07-09T16:16:48.456+0000] {dagbag.py:541} INFO - Filling up the DagBag from /home/airflow/.local/lib/python3.7/site-packages/airflow/example_dags/example_python_operator.py
[2023-07-09T16:16:48.463+0000] {processor.py:836} INFO - DAG(s) dict_keys(['example_python_operator']) retrieved from /home/airflow/.local/lib/python3.7/site-packages/airflow/example_dags/example_python_operator.py
[2023-07-09T16:16:48.484+0000] {logging_mixin.py:149} INFO - [2023-07-09T16:16:48.484+0000] {dag.py:2726} INFO - Sync 1 DAGs
[2023-07-09T16:16:48.500+0000] {logging_mixin.py:149} INFO - [2023-07-09T16:16:48.500+0000] {dag.py:3490} INFO - Setting next_dagrun for example_python_operator to None, run_after=None
[2023-07-09T16:16:48.512+0000] {processor.py:179} INFO - Processing /home/airflow/.local/lib/python3.7/site-packages/airflow/example_dags/example_python_operator.py took 0.061 seconds
[2023-07-09T16:17:19.507+0000] {processor.py:157} INFO - Started process (PID=2058) to work on /home/airflow/.local/lib/python3.7/site-packages/airflow/example_dags/example_python_operator.py
[2023-07-09T16:17:19.509+0000] {processor.py:826} INFO - Processing file /home/airflow/.local/lib/python3.7/site-packages/airflow/example_dags/example_python_operator.py for tasks to queue
[2023-07-09T16:17:19.509+0000] {logging_mixin.py:149} INFO - [2023-07-09T16:17:19.509+0000] {dagbag.py:541} INFO - Filling up the DagBag from /home/airflow/.local/lib/python3.7/site-packages/airflow/example_dags/example_python_operator.py
[2023-07-09T16:17:19.517+0000] {processor.py:836} INFO - DAG(s) dict_keys(['example_python_operator']) retrieved from /home/airflow/.local/lib/python3.7/site-packages/airflow/example_dags/example_python_operator.py
[2023-07-09T16:17:19.539+0000] {logging_mixin.py:149} INFO - [2023-07-09T16:17:19.539+0000] {dag.py:2726} INFO - Sync 1 DAGs
[2023-07-09T16:17:19.562+0000] {logging_mixin.py:149} INFO - [2023-07-09T16:17:19.562+0000] {dag.py:3490} INFO - Setting next_dagrun for example_python_operator to None, run_after=None
[2023-07-09T16:17:19.576+0000] {processor.py:179} INFO - Processing /home/airflow/.local/lib/python3.7/site-packages/airflow/example_dags/example_python_operator.py took 0.072 seconds
[2023-07-09T16:17:50.343+0000] {processor.py:157} INFO - Started process (PID=2119) to work on /home/airflow/.local/lib/python3.7/site-packages/airflow/example_dags/example_python_operator.py
[2023-07-09T16:17:50.345+0000] {processor.py:826} INFO - Processing file /home/airflow/.local/lib/python3.7/site-packages/airflow/example_dags/example_python_operator.py for tasks to queue
[2023-07-09T16:17:50.346+0000] {logging_mixin.py:149} INFO - [2023-07-09T16:17:50.346+0000] {dagbag.py:541} INFO - Filling up the DagBag from /home/airflow/.local/lib/python3.7/site-packages/airflow/example_dags/example_python_operator.py
[2023-07-09T16:17:50.355+0000] {processor.py:836} INFO - DAG(s) dict_keys(['example_python_operator']) retrieved from /home/airflow/.local/lib/python3.7/site-packages/airflow/example_dags/example_python_operator.py
[2023-07-09T16:17:50.377+0000] {logging_mixin.py:149} INFO - [2023-07-09T16:17:50.377+0000] {dag.py:2726} INFO - Sync 1 DAGs
[2023-07-09T16:17:50.393+0000] {logging_mixin.py:149} INFO - [2023-07-09T16:17:50.393+0000] {dag.py:3490} INFO - Setting next_dagrun for example_python_operator to None, run_after=None
[2023-07-09T16:17:50.405+0000] {processor.py:179} INFO - Processing /home/airflow/.local/lib/python3.7/site-packages/airflow/example_dags/example_python_operator.py took 0.066 seconds
[2023-07-09T16:18:20.636+0000] {processor.py:157} INFO - Started process (PID=2180) to work on /home/airflow/.local/lib/python3.7/site-packages/airflow/example_dags/example_python_operator.py
[2023-07-09T16:18:20.637+0000] {processor.py:826} INFO - Processing file /home/airflow/.local/lib/python3.7/site-packages/airflow/example_dags/example_python_operator.py for tasks to queue
[2023-07-09T16:18:20.638+0000] {logging_mixin.py:149} INFO - [2023-07-09T16:18:20.638+0000] {dagbag.py:541} INFO - Filling up the DagBag from /home/airflow/.local/lib/python3.7/site-packages/airflow/example_dags/example_python_operator.py
[2023-07-09T16:18:20.645+0000] {processor.py:836} INFO - DAG(s) dict_keys(['example_python_operator']) retrieved from /home/airflow/.local/lib/python3.7/site-packages/airflow/example_dags/example_python_operator.py
[2023-07-09T16:18:20.666+0000] {logging_mixin.py:149} INFO - [2023-07-09T16:18:20.666+0000] {dag.py:2726} INFO - Sync 1 DAGs
[2023-07-09T16:18:20.681+0000] {logging_mixin.py:149} INFO - [2023-07-09T16:18:20.681+0000] {dag.py:3490} INFO - Setting next_dagrun for example_python_operator to None, run_after=None
[2023-07-09T16:18:20.692+0000] {processor.py:179} INFO - Processing /home/airflow/.local/lib/python3.7/site-packages/airflow/example_dags/example_python_operator.py took 0.059 seconds
[2023-07-09T16:18:51.271+0000] {processor.py:157} INFO - Started process (PID=2241) to work on /home/airflow/.local/lib/python3.7/site-packages/airflow/example_dags/example_python_operator.py
[2023-07-09T16:18:51.273+0000] {processor.py:826} INFO - Processing file /home/airflow/.local/lib/python3.7/site-packages/airflow/example_dags/example_python_operator.py for tasks to queue
[2023-07-09T16:18:51.274+0000] {logging_mixin.py:149} INFO - [2023-07-09T16:18:51.274+0000] {dagbag.py:541} INFO - Filling up the DagBag from /home/airflow/.local/lib/python3.7/site-packages/airflow/example_dags/example_python_operator.py
[2023-07-09T16:18:51.281+0000] {processor.py:836} INFO - DAG(s) dict_keys(['example_python_operator']) retrieved from /home/airflow/.local/lib/python3.7/site-packages/airflow/example_dags/example_python_operator.py
[2023-07-09T16:18:51.302+0000] {logging_mixin.py:149} INFO - [2023-07-09T16:18:51.302+0000] {dag.py:2726} INFO - Sync 1 DAGs
[2023-07-09T16:18:51.319+0000] {logging_mixin.py:149} INFO - [2023-07-09T16:18:51.319+0000] {dag.py:3490} INFO - Setting next_dagrun for example_python_operator to None, run_after=None
[2023-07-09T16:18:51.333+0000] {processor.py:179} INFO - Processing /home/airflow/.local/lib/python3.7/site-packages/airflow/example_dags/example_python_operator.py took 0.064 seconds
[2023-07-09T16:19:21.918+0000] {processor.py:157} INFO - Started process (PID=2302) to work on /home/airflow/.local/lib/python3.7/site-packages/airflow/example_dags/example_python_operator.py
[2023-07-09T16:19:21.919+0000] {processor.py:826} INFO - Processing file /home/airflow/.local/lib/python3.7/site-packages/airflow/example_dags/example_python_operator.py for tasks to queue
[2023-07-09T16:19:21.921+0000] {logging_mixin.py:149} INFO - [2023-07-09T16:19:21.920+0000] {dagbag.py:541} INFO - Filling up the DagBag from /home/airflow/.local/lib/python3.7/site-packages/airflow/example_dags/example_python_operator.py
[2023-07-09T16:19:21.929+0000] {processor.py:836} INFO - DAG(s) dict_keys(['example_python_operator']) retrieved from /home/airflow/.local/lib/python3.7/site-packages/airflow/example_dags/example_python_operator.py
[2023-07-09T16:19:21.956+0000] {logging_mixin.py:149} INFO - [2023-07-09T16:19:21.956+0000] {dag.py:2726} INFO - Sync 1 DAGs
[2023-07-09T16:19:21.981+0000] {logging_mixin.py:149} INFO - [2023-07-09T16:19:21.980+0000] {dag.py:3490} INFO - Setting next_dagrun for example_python_operator to None, run_after=None
[2023-07-09T16:19:22.001+0000] {processor.py:179} INFO - Processing /home/airflow/.local/lib/python3.7/site-packages/airflow/example_dags/example_python_operator.py took 0.086 seconds
[2023-07-09T16:19:52.581+0000] {processor.py:157} INFO - Started process (PID=2364) to work on /home/airflow/.local/lib/python3.7/site-packages/airflow/example_dags/example_python_operator.py
[2023-07-09T16:19:52.583+0000] {processor.py:826} INFO - Processing file /home/airflow/.local/lib/python3.7/site-packages/airflow/example_dags/example_python_operator.py for tasks to queue
[2023-07-09T16:19:52.584+0000] {logging_mixin.py:149} INFO - [2023-07-09T16:19:52.584+0000] {dagbag.py:541} INFO - Filling up the DagBag from /home/airflow/.local/lib/python3.7/site-packages/airflow/example_dags/example_python_operator.py
[2023-07-09T16:19:52.592+0000] {processor.py:836} INFO - DAG(s) dict_keys(['example_python_operator']) retrieved from /home/airflow/.local/lib/python3.7/site-packages/airflow/example_dags/example_python_operator.py
[2023-07-09T16:19:52.616+0000] {logging_mixin.py:149} INFO - [2023-07-09T16:19:52.615+0000] {dag.py:2726} INFO - Sync 1 DAGs
[2023-07-09T16:19:52.634+0000] {logging_mixin.py:149} INFO - [2023-07-09T16:19:52.634+0000] {dag.py:3490} INFO - Setting next_dagrun for example_python_operator to None, run_after=None
[2023-07-09T16:19:52.649+0000] {processor.py:179} INFO - Processing /home/airflow/.local/lib/python3.7/site-packages/airflow/example_dags/example_python_operator.py took 0.072 seconds
[2023-07-09T16:20:22.961+0000] {processor.py:157} INFO - Started process (PID=2425) to work on /home/airflow/.local/lib/python3.7/site-packages/airflow/example_dags/example_python_operator.py
[2023-07-09T16:20:22.962+0000] {processor.py:826} INFO - Processing file /home/airflow/.local/lib/python3.7/site-packages/airflow/example_dags/example_python_operator.py for tasks to queue
[2023-07-09T16:20:22.963+0000] {logging_mixin.py:149} INFO - [2023-07-09T16:20:22.963+0000] {dagbag.py:541} INFO - Filling up the DagBag from /home/airflow/.local/lib/python3.7/site-packages/airflow/example_dags/example_python_operator.py
[2023-07-09T16:20:22.971+0000] {processor.py:836} INFO - DAG(s) dict_keys(['example_python_operator']) retrieved from /home/airflow/.local/lib/python3.7/site-packages/airflow/example_dags/example_python_operator.py
[2023-07-09T16:20:22.992+0000] {logging_mixin.py:149} INFO - [2023-07-09T16:20:22.992+0000] {dag.py:2726} INFO - Sync 1 DAGs
[2023-07-09T16:20:23.008+0000] {logging_mixin.py:149} INFO - [2023-07-09T16:20:23.008+0000] {dag.py:3490} INFO - Setting next_dagrun for example_python_operator to None, run_after=None
[2023-07-09T16:20:23.020+0000] {processor.py:179} INFO - Processing /home/airflow/.local/lib/python3.7/site-packages/airflow/example_dags/example_python_operator.py took 0.062 seconds
[2023-07-09T16:20:53.261+0000] {processor.py:157} INFO - Started process (PID=2486) to work on /home/airflow/.local/lib/python3.7/site-packages/airflow/example_dags/example_python_operator.py
[2023-07-09T16:20:53.262+0000] {processor.py:826} INFO - Processing file /home/airflow/.local/lib/python3.7/site-packages/airflow/example_dags/example_python_operator.py for tasks to queue
[2023-07-09T16:20:53.263+0000] {logging_mixin.py:149} INFO - [2023-07-09T16:20:53.263+0000] {dagbag.py:541} INFO - Filling up the DagBag from /home/airflow/.local/lib/python3.7/site-packages/airflow/example_dags/example_python_operator.py
[2023-07-09T16:20:53.271+0000] {processor.py:836} INFO - DAG(s) dict_keys(['example_python_operator']) retrieved from /home/airflow/.local/lib/python3.7/site-packages/airflow/example_dags/example_python_operator.py
[2023-07-09T16:20:53.292+0000] {logging_mixin.py:149} INFO - [2023-07-09T16:20:53.292+0000] {dag.py:2726} INFO - Sync 1 DAGs
[2023-07-09T16:20:53.308+0000] {logging_mixin.py:149} INFO - [2023-07-09T16:20:53.308+0000] {dag.py:3490} INFO - Setting next_dagrun for example_python_operator to None, run_after=None
[2023-07-09T16:20:53.320+0000] {processor.py:179} INFO - Processing /home/airflow/.local/lib/python3.7/site-packages/airflow/example_dags/example_python_operator.py took 0.062 seconds
[2023-07-09T16:21:23.966+0000] {processor.py:157} INFO - Started process (PID=2538) to work on /home/airflow/.local/lib/python3.7/site-packages/airflow/example_dags/example_python_operator.py
[2023-07-09T16:21:23.968+0000] {processor.py:826} INFO - Processing file /home/airflow/.local/lib/python3.7/site-packages/airflow/example_dags/example_python_operator.py for tasks to queue
[2023-07-09T16:21:23.969+0000] {logging_mixin.py:149} INFO - [2023-07-09T16:21:23.969+0000] {dagbag.py:541} INFO - Filling up the DagBag from /home/airflow/.local/lib/python3.7/site-packages/airflow/example_dags/example_python_operator.py
[2023-07-09T16:21:23.977+0000] {processor.py:836} INFO - DAG(s) dict_keys(['example_python_operator']) retrieved from /home/airflow/.local/lib/python3.7/site-packages/airflow/example_dags/example_python_operator.py
[2023-07-09T16:21:23.998+0000] {logging_mixin.py:149} INFO - [2023-07-09T16:21:23.998+0000] {dag.py:2726} INFO - Sync 1 DAGs
[2023-07-09T16:21:24.018+0000] {logging_mixin.py:149} INFO - [2023-07-09T16:21:24.018+0000] {dag.py:3490} INFO - Setting next_dagrun for example_python_operator to None, run_after=None
[2023-07-09T16:21:24.030+0000] {processor.py:179} INFO - Processing /home/airflow/.local/lib/python3.7/site-packages/airflow/example_dags/example_python_operator.py took 0.067 seconds
