[2023-07-09T16:00:33.866+0000] {processor.py:157} INFO - Started process (PID=38) to work on /home/airflow/.local/lib/python3.7/site-packages/airflow/example_dags/example_skip_dag.py
[2023-07-09T16:00:33.867+0000] {processor.py:826} INFO - Processing file /home/airflow/.local/lib/python3.7/site-packages/airflow/example_dags/example_skip_dag.py for tasks to queue
[2023-07-09T16:00:33.868+0000] {logging_mixin.py:149} INFO - [2023-07-09T16:00:33.868+0000] {dagbag.py:541} INFO - Filling up the DagBag from /home/airflow/.local/lib/python3.7/site-packages/airflow/example_dags/example_skip_dag.py
[2023-07-09T16:00:33.877+0000] {processor.py:836} INFO - DAG(s) dict_keys(['example_skip_dag']) retrieved from /home/airflow/.local/lib/python3.7/site-packages/airflow/example_dags/example_skip_dag.py
[2023-07-09T16:00:33.892+0000] {logging_mixin.py:149} INFO - [2023-07-09T16:00:33.892+0000] {dag.py:2726} INFO - Sync 1 DAGs
[2023-07-09T16:00:33.919+0000] {logging_mixin.py:149} INFO - [2023-07-09T16:00:33.919+0000] {dag.py:3490} INFO - Setting next_dagrun for example_skip_dag to 2023-07-08T16:00:33.918994+00:00, run_after=2023-07-09T16:00:33.918994+00:00
[2023-07-09T16:00:33.942+0000] {processor.py:179} INFO - Processing /home/airflow/.local/lib/python3.7/site-packages/airflow/example_dags/example_skip_dag.py took 0.079 seconds
[2023-07-09T16:01:04.658+0000] {processor.py:157} INFO - Started process (PID=99) to work on /home/airflow/.local/lib/python3.7/site-packages/airflow/example_dags/example_skip_dag.py
[2023-07-09T16:01:04.660+0000] {processor.py:826} INFO - Processing file /home/airflow/.local/lib/python3.7/site-packages/airflow/example_dags/example_skip_dag.py for tasks to queue
[2023-07-09T16:01:04.661+0000] {logging_mixin.py:149} INFO - [2023-07-09T16:01:04.661+0000] {dagbag.py:541} INFO - Filling up the DagBag from /home/airflow/.local/lib/python3.7/site-packages/airflow/example_dags/example_skip_dag.py
[2023-07-09T16:01:04.669+0000] {processor.py:836} INFO - DAG(s) dict_keys(['example_skip_dag']) retrieved from /home/airflow/.local/lib/python3.7/site-packages/airflow/example_dags/example_skip_dag.py
[2023-07-09T16:01:04.694+0000] {logging_mixin.py:149} INFO - [2023-07-09T16:01:04.694+0000] {dag.py:2726} INFO - Sync 1 DAGs
[2023-07-09T16:01:04.714+0000] {logging_mixin.py:149} INFO - [2023-07-09T16:01:04.714+0000] {dag.py:3490} INFO - Setting next_dagrun for example_skip_dag to 2023-07-08T16:01:04.714341+00:00, run_after=2023-07-09T16:01:04.714341+00:00
[2023-07-09T16:01:04.731+0000] {processor.py:179} INFO - Processing /home/airflow/.local/lib/python3.7/site-packages/airflow/example_dags/example_skip_dag.py took 0.078 seconds
[2023-07-09T16:01:34.815+0000] {processor.py:157} INFO - Started process (PID=160) to work on /home/airflow/.local/lib/python3.7/site-packages/airflow/example_dags/example_skip_dag.py
[2023-07-09T16:01:34.816+0000] {processor.py:826} INFO - Processing file /home/airflow/.local/lib/python3.7/site-packages/airflow/example_dags/example_skip_dag.py for tasks to queue
[2023-07-09T16:01:34.817+0000] {logging_mixin.py:149} INFO - [2023-07-09T16:01:34.817+0000] {dagbag.py:541} INFO - Filling up the DagBag from /home/airflow/.local/lib/python3.7/site-packages/airflow/example_dags/example_skip_dag.py
[2023-07-09T16:01:34.823+0000] {processor.py:836} INFO - DAG(s) dict_keys(['example_skip_dag']) retrieved from /home/airflow/.local/lib/python3.7/site-packages/airflow/example_dags/example_skip_dag.py
[2023-07-09T16:01:34.842+0000] {logging_mixin.py:149} INFO - [2023-07-09T16:01:34.842+0000] {dag.py:2726} INFO - Sync 1 DAGs
[2023-07-09T16:01:34.865+0000] {logging_mixin.py:149} INFO - [2023-07-09T16:01:34.865+0000] {dag.py:3490} INFO - Setting next_dagrun for example_skip_dag to 2023-07-08T16:01:34.864809+00:00, run_after=2023-07-09T16:01:34.864809+00:00
[2023-07-09T16:01:34.876+0000] {processor.py:179} INFO - Processing /home/airflow/.local/lib/python3.7/site-packages/airflow/example_dags/example_skip_dag.py took 0.065 seconds
[2023-07-09T16:02:04.999+0000] {processor.py:157} INFO - Started process (PID=221) to work on /home/airflow/.local/lib/python3.7/site-packages/airflow/example_dags/example_skip_dag.py
[2023-07-09T16:02:05.001+0000] {processor.py:826} INFO - Processing file /home/airflow/.local/lib/python3.7/site-packages/airflow/example_dags/example_skip_dag.py for tasks to queue
[2023-07-09T16:02:05.002+0000] {logging_mixin.py:149} INFO - [2023-07-09T16:02:05.002+0000] {dagbag.py:541} INFO - Filling up the DagBag from /home/airflow/.local/lib/python3.7/site-packages/airflow/example_dags/example_skip_dag.py
[2023-07-09T16:02:05.008+0000] {processor.py:836} INFO - DAG(s) dict_keys(['example_skip_dag']) retrieved from /home/airflow/.local/lib/python3.7/site-packages/airflow/example_dags/example_skip_dag.py
[2023-07-09T16:02:05.027+0000] {logging_mixin.py:149} INFO - [2023-07-09T16:02:05.027+0000] {dag.py:2726} INFO - Sync 1 DAGs
[2023-07-09T16:02:05.043+0000] {logging_mixin.py:149} INFO - [2023-07-09T16:02:05.043+0000] {dag.py:3490} INFO - Setting next_dagrun for example_skip_dag to 2023-07-08T16:02:05.043413+00:00, run_after=2023-07-09T16:02:05.043413+00:00
[2023-07-09T16:02:05.055+0000] {processor.py:179} INFO - Processing /home/airflow/.local/lib/python3.7/site-packages/airflow/example_dags/example_skip_dag.py took 0.058 seconds
[2023-07-09T16:02:35.592+0000] {processor.py:157} INFO - Started process (PID=282) to work on /home/airflow/.local/lib/python3.7/site-packages/airflow/example_dags/example_skip_dag.py
[2023-07-09T16:02:35.593+0000] {processor.py:826} INFO - Processing file /home/airflow/.local/lib/python3.7/site-packages/airflow/example_dags/example_skip_dag.py for tasks to queue
[2023-07-09T16:02:35.594+0000] {logging_mixin.py:149} INFO - [2023-07-09T16:02:35.594+0000] {dagbag.py:541} INFO - Filling up the DagBag from /home/airflow/.local/lib/python3.7/site-packages/airflow/example_dags/example_skip_dag.py
[2023-07-09T16:02:35.602+0000] {processor.py:836} INFO - DAG(s) dict_keys(['example_skip_dag']) retrieved from /home/airflow/.local/lib/python3.7/site-packages/airflow/example_dags/example_skip_dag.py
[2023-07-09T16:02:35.626+0000] {logging_mixin.py:149} INFO - [2023-07-09T16:02:35.626+0000] {dag.py:2726} INFO - Sync 1 DAGs
[2023-07-09T16:02:35.643+0000] {logging_mixin.py:149} INFO - [2023-07-09T16:02:35.643+0000] {dag.py:3490} INFO - Setting next_dagrun for example_skip_dag to 2023-07-08T16:02:35.643177+00:00, run_after=2023-07-09T16:02:35.643177+00:00
[2023-07-09T16:02:35.655+0000] {processor.py:179} INFO - Processing /home/airflow/.local/lib/python3.7/site-packages/airflow/example_dags/example_skip_dag.py took 0.066 seconds
[2023-07-09T16:03:06.124+0000] {processor.py:157} INFO - Started process (PID=343) to work on /home/airflow/.local/lib/python3.7/site-packages/airflow/example_dags/example_skip_dag.py
[2023-07-09T16:03:06.125+0000] {processor.py:826} INFO - Processing file /home/airflow/.local/lib/python3.7/site-packages/airflow/example_dags/example_skip_dag.py for tasks to queue
[2023-07-09T16:03:06.126+0000] {logging_mixin.py:149} INFO - [2023-07-09T16:03:06.126+0000] {dagbag.py:541} INFO - Filling up the DagBag from /home/airflow/.local/lib/python3.7/site-packages/airflow/example_dags/example_skip_dag.py
[2023-07-09T16:03:06.131+0000] {processor.py:836} INFO - DAG(s) dict_keys(['example_skip_dag']) retrieved from /home/airflow/.local/lib/python3.7/site-packages/airflow/example_dags/example_skip_dag.py
[2023-07-09T16:03:06.151+0000] {logging_mixin.py:149} INFO - [2023-07-09T16:03:06.151+0000] {dag.py:2726} INFO - Sync 1 DAGs
[2023-07-09T16:03:06.166+0000] {logging_mixin.py:149} INFO - [2023-07-09T16:03:06.166+0000] {dag.py:3490} INFO - Setting next_dagrun for example_skip_dag to 2023-07-08T16:03:06.166366+00:00, run_after=2023-07-09T16:03:06.166366+00:00
[2023-07-09T16:03:06.179+0000] {processor.py:179} INFO - Processing /home/airflow/.local/lib/python3.7/site-packages/airflow/example_dags/example_skip_dag.py took 0.058 seconds
[2023-07-09T16:03:36.668+0000] {processor.py:157} INFO - Started process (PID=404) to work on /home/airflow/.local/lib/python3.7/site-packages/airflow/example_dags/example_skip_dag.py
[2023-07-09T16:03:36.669+0000] {processor.py:826} INFO - Processing file /home/airflow/.local/lib/python3.7/site-packages/airflow/example_dags/example_skip_dag.py for tasks to queue
[2023-07-09T16:03:36.670+0000] {logging_mixin.py:149} INFO - [2023-07-09T16:03:36.670+0000] {dagbag.py:541} INFO - Filling up the DagBag from /home/airflow/.local/lib/python3.7/site-packages/airflow/example_dags/example_skip_dag.py
[2023-07-09T16:03:36.676+0000] {processor.py:836} INFO - DAG(s) dict_keys(['example_skip_dag']) retrieved from /home/airflow/.local/lib/python3.7/site-packages/airflow/example_dags/example_skip_dag.py
[2023-07-09T16:03:36.697+0000] {logging_mixin.py:149} INFO - [2023-07-09T16:03:36.697+0000] {dag.py:2726} INFO - Sync 1 DAGs
[2023-07-09T16:03:36.713+0000] {logging_mixin.py:149} INFO - [2023-07-09T16:03:36.713+0000] {dag.py:3490} INFO - Setting next_dagrun for example_skip_dag to 2023-07-08T16:03:36.713382+00:00, run_after=2023-07-09T16:03:36.713382+00:00
[2023-07-09T16:03:36.724+0000] {processor.py:179} INFO - Processing /home/airflow/.local/lib/python3.7/site-packages/airflow/example_dags/example_skip_dag.py took 0.060 seconds
[2023-07-09T16:04:07.407+0000] {processor.py:157} INFO - Started process (PID=465) to work on /home/airflow/.local/lib/python3.7/site-packages/airflow/example_dags/example_skip_dag.py
[2023-07-09T16:04:07.410+0000] {processor.py:826} INFO - Processing file /home/airflow/.local/lib/python3.7/site-packages/airflow/example_dags/example_skip_dag.py for tasks to queue
[2023-07-09T16:04:07.411+0000] {logging_mixin.py:149} INFO - [2023-07-09T16:04:07.411+0000] {dagbag.py:541} INFO - Filling up the DagBag from /home/airflow/.local/lib/python3.7/site-packages/airflow/example_dags/example_skip_dag.py
[2023-07-09T16:04:07.417+0000] {processor.py:836} INFO - DAG(s) dict_keys(['example_skip_dag']) retrieved from /home/airflow/.local/lib/python3.7/site-packages/airflow/example_dags/example_skip_dag.py
[2023-07-09T16:04:07.438+0000] {logging_mixin.py:149} INFO - [2023-07-09T16:04:07.438+0000] {dag.py:2726} INFO - Sync 1 DAGs
[2023-07-09T16:04:07.455+0000] {logging_mixin.py:149} INFO - [2023-07-09T16:04:07.455+0000] {dag.py:3490} INFO - Setting next_dagrun for example_skip_dag to 2023-07-08T16:04:07.454971+00:00, run_after=2023-07-09T16:04:07.454971+00:00
[2023-07-09T16:04:07.469+0000] {processor.py:179} INFO - Processing /home/airflow/.local/lib/python3.7/site-packages/airflow/example_dags/example_skip_dag.py took 0.067 seconds
[2023-07-09T16:04:38.098+0000] {processor.py:157} INFO - Started process (PID=526) to work on /home/airflow/.local/lib/python3.7/site-packages/airflow/example_dags/example_skip_dag.py
[2023-07-09T16:04:38.099+0000] {processor.py:826} INFO - Processing file /home/airflow/.local/lib/python3.7/site-packages/airflow/example_dags/example_skip_dag.py for tasks to queue
[2023-07-09T16:04:38.100+0000] {logging_mixin.py:149} INFO - [2023-07-09T16:04:38.100+0000] {dagbag.py:541} INFO - Filling up the DagBag from /home/airflow/.local/lib/python3.7/site-packages/airflow/example_dags/example_skip_dag.py
[2023-07-09T16:04:38.107+0000] {processor.py:836} INFO - DAG(s) dict_keys(['example_skip_dag']) retrieved from /home/airflow/.local/lib/python3.7/site-packages/airflow/example_dags/example_skip_dag.py
[2023-07-09T16:04:38.129+0000] {logging_mixin.py:149} INFO - [2023-07-09T16:04:38.128+0000] {dag.py:2726} INFO - Sync 1 DAGs
[2023-07-09T16:04:38.156+0000] {logging_mixin.py:149} INFO - [2023-07-09T16:04:38.156+0000] {dag.py:3490} INFO - Setting next_dagrun for example_skip_dag to 2023-07-08T16:04:38.154113+00:00, run_after=2023-07-09T16:04:38.154113+00:00
[2023-07-09T16:04:38.178+0000] {processor.py:179} INFO - Processing /home/airflow/.local/lib/python3.7/site-packages/airflow/example_dags/example_skip_dag.py took 0.083 seconds
[2023-07-09T16:05:08.482+0000] {processor.py:157} INFO - Started process (PID=587) to work on /home/airflow/.local/lib/python3.7/site-packages/airflow/example_dags/example_skip_dag.py
[2023-07-09T16:05:08.484+0000] {processor.py:826} INFO - Processing file /home/airflow/.local/lib/python3.7/site-packages/airflow/example_dags/example_skip_dag.py for tasks to queue
[2023-07-09T16:05:08.485+0000] {logging_mixin.py:149} INFO - [2023-07-09T16:05:08.485+0000] {dagbag.py:541} INFO - Filling up the DagBag from /home/airflow/.local/lib/python3.7/site-packages/airflow/example_dags/example_skip_dag.py
[2023-07-09T16:05:08.491+0000] {processor.py:836} INFO - DAG(s) dict_keys(['example_skip_dag']) retrieved from /home/airflow/.local/lib/python3.7/site-packages/airflow/example_dags/example_skip_dag.py
[2023-07-09T16:05:08.511+0000] {logging_mixin.py:149} INFO - [2023-07-09T16:05:08.511+0000] {dag.py:2726} INFO - Sync 1 DAGs
[2023-07-09T16:05:08.526+0000] {logging_mixin.py:149} INFO - [2023-07-09T16:05:08.526+0000] {dag.py:3490} INFO - Setting next_dagrun for example_skip_dag to 2023-07-08T16:05:08.526577+00:00, run_after=2023-07-09T16:05:08.526577+00:00
[2023-07-09T16:05:08.538+0000] {processor.py:179} INFO - Processing /home/airflow/.local/lib/python3.7/site-packages/airflow/example_dags/example_skip_dag.py took 0.058 seconds
[2023-07-09T16:05:39.177+0000] {processor.py:157} INFO - Started process (PID=648) to work on /home/airflow/.local/lib/python3.7/site-packages/airflow/example_dags/example_skip_dag.py
[2023-07-09T16:05:39.178+0000] {processor.py:826} INFO - Processing file /home/airflow/.local/lib/python3.7/site-packages/airflow/example_dags/example_skip_dag.py for tasks to queue
[2023-07-09T16:05:39.179+0000] {logging_mixin.py:149} INFO - [2023-07-09T16:05:39.179+0000] {dagbag.py:541} INFO - Filling up the DagBag from /home/airflow/.local/lib/python3.7/site-packages/airflow/example_dags/example_skip_dag.py
[2023-07-09T16:05:39.185+0000] {processor.py:836} INFO - DAG(s) dict_keys(['example_skip_dag']) retrieved from /home/airflow/.local/lib/python3.7/site-packages/airflow/example_dags/example_skip_dag.py
[2023-07-09T16:05:39.204+0000] {logging_mixin.py:149} INFO - [2023-07-09T16:05:39.204+0000] {dag.py:2726} INFO - Sync 1 DAGs
[2023-07-09T16:05:39.220+0000] {logging_mixin.py:149} INFO - [2023-07-09T16:05:39.220+0000] {dag.py:3490} INFO - Setting next_dagrun for example_skip_dag to 2023-07-08T16:05:39.220680+00:00, run_after=2023-07-09T16:05:39.220680+00:00
[2023-07-09T16:05:39.232+0000] {processor.py:179} INFO - Processing /home/airflow/.local/lib/python3.7/site-packages/airflow/example_dags/example_skip_dag.py took 0.058 seconds
[2023-07-09T16:06:09.669+0000] {processor.py:157} INFO - Started process (PID=709) to work on /home/airflow/.local/lib/python3.7/site-packages/airflow/example_dags/example_skip_dag.py
[2023-07-09T16:06:09.670+0000] {processor.py:826} INFO - Processing file /home/airflow/.local/lib/python3.7/site-packages/airflow/example_dags/example_skip_dag.py for tasks to queue
[2023-07-09T16:06:09.671+0000] {logging_mixin.py:149} INFO - [2023-07-09T16:06:09.671+0000] {dagbag.py:541} INFO - Filling up the DagBag from /home/airflow/.local/lib/python3.7/site-packages/airflow/example_dags/example_skip_dag.py
[2023-07-09T16:06:09.677+0000] {processor.py:836} INFO - DAG(s) dict_keys(['example_skip_dag']) retrieved from /home/airflow/.local/lib/python3.7/site-packages/airflow/example_dags/example_skip_dag.py
[2023-07-09T16:06:09.696+0000] {logging_mixin.py:149} INFO - [2023-07-09T16:06:09.696+0000] {dag.py:2726} INFO - Sync 1 DAGs
[2023-07-09T16:06:09.711+0000] {logging_mixin.py:149} INFO - [2023-07-09T16:06:09.711+0000] {dag.py:3490} INFO - Setting next_dagrun for example_skip_dag to 2023-07-08T16:06:09.711522+00:00, run_after=2023-07-09T16:06:09.711522+00:00
[2023-07-09T16:06:09.723+0000] {processor.py:179} INFO - Processing /home/airflow/.local/lib/python3.7/site-packages/airflow/example_dags/example_skip_dag.py took 0.057 seconds
[2023-07-09T16:06:39.986+0000] {processor.py:157} INFO - Started process (PID=770) to work on /home/airflow/.local/lib/python3.7/site-packages/airflow/example_dags/example_skip_dag.py
[2023-07-09T16:06:39.987+0000] {processor.py:826} INFO - Processing file /home/airflow/.local/lib/python3.7/site-packages/airflow/example_dags/example_skip_dag.py for tasks to queue
[2023-07-09T16:06:39.988+0000] {logging_mixin.py:149} INFO - [2023-07-09T16:06:39.988+0000] {dagbag.py:541} INFO - Filling up the DagBag from /home/airflow/.local/lib/python3.7/site-packages/airflow/example_dags/example_skip_dag.py
[2023-07-09T16:06:39.994+0000] {processor.py:836} INFO - DAG(s) dict_keys(['example_skip_dag']) retrieved from /home/airflow/.local/lib/python3.7/site-packages/airflow/example_dags/example_skip_dag.py
[2023-07-09T16:06:40.013+0000] {logging_mixin.py:149} INFO - [2023-07-09T16:06:40.013+0000] {dag.py:2726} INFO - Sync 1 DAGs
[2023-07-09T16:06:40.028+0000] {logging_mixin.py:149} INFO - [2023-07-09T16:06:40.028+0000] {dag.py:3490} INFO - Setting next_dagrun for example_skip_dag to 2023-07-08T16:06:40.028448+00:00, run_after=2023-07-09T16:06:40.028448+00:00
[2023-07-09T16:06:40.041+0000] {processor.py:179} INFO - Processing /home/airflow/.local/lib/python3.7/site-packages/airflow/example_dags/example_skip_dag.py took 0.058 seconds
[2023-07-09T16:07:10.271+0000] {processor.py:157} INFO - Started process (PID=831) to work on /home/airflow/.local/lib/python3.7/site-packages/airflow/example_dags/example_skip_dag.py
[2023-07-09T16:07:10.276+0000] {processor.py:826} INFO - Processing file /home/airflow/.local/lib/python3.7/site-packages/airflow/example_dags/example_skip_dag.py for tasks to queue
[2023-07-09T16:07:10.278+0000] {logging_mixin.py:149} INFO - [2023-07-09T16:07:10.277+0000] {dagbag.py:541} INFO - Filling up the DagBag from /home/airflow/.local/lib/python3.7/site-packages/airflow/example_dags/example_skip_dag.py
[2023-07-09T16:07:10.285+0000] {processor.py:836} INFO - DAG(s) dict_keys(['example_skip_dag']) retrieved from /home/airflow/.local/lib/python3.7/site-packages/airflow/example_dags/example_skip_dag.py
[2023-07-09T16:07:10.307+0000] {logging_mixin.py:149} INFO - [2023-07-09T16:07:10.307+0000] {dag.py:2726} INFO - Sync 1 DAGs
[2023-07-09T16:07:10.329+0000] {logging_mixin.py:149} INFO - [2023-07-09T16:07:10.329+0000] {dag.py:3490} INFO - Setting next_dagrun for example_skip_dag to 2023-07-08T16:07:10.329039+00:00, run_after=2023-07-09T16:07:10.329039+00:00
[2023-07-09T16:07:10.346+0000] {processor.py:179} INFO - Processing /home/airflow/.local/lib/python3.7/site-packages/airflow/example_dags/example_skip_dag.py took 0.081 seconds
[2023-07-09T16:07:40.896+0000] {processor.py:157} INFO - Started process (PID=892) to work on /home/airflow/.local/lib/python3.7/site-packages/airflow/example_dags/example_skip_dag.py
[2023-07-09T16:07:40.897+0000] {processor.py:826} INFO - Processing file /home/airflow/.local/lib/python3.7/site-packages/airflow/example_dags/example_skip_dag.py for tasks to queue
[2023-07-09T16:07:40.898+0000] {logging_mixin.py:149} INFO - [2023-07-09T16:07:40.898+0000] {dagbag.py:541} INFO - Filling up the DagBag from /home/airflow/.local/lib/python3.7/site-packages/airflow/example_dags/example_skip_dag.py
[2023-07-09T16:07:40.905+0000] {processor.py:836} INFO - DAG(s) dict_keys(['example_skip_dag']) retrieved from /home/airflow/.local/lib/python3.7/site-packages/airflow/example_dags/example_skip_dag.py
[2023-07-09T16:07:40.928+0000] {logging_mixin.py:149} INFO - [2023-07-09T16:07:40.927+0000] {dag.py:2726} INFO - Sync 1 DAGs
[2023-07-09T16:07:40.944+0000] {logging_mixin.py:149} INFO - [2023-07-09T16:07:40.944+0000] {dag.py:3490} INFO - Setting next_dagrun for example_skip_dag to 2023-07-08T16:07:40.944095+00:00, run_after=2023-07-09T16:07:40.944095+00:00
[2023-07-09T16:07:40.956+0000] {processor.py:179} INFO - Processing /home/airflow/.local/lib/python3.7/site-packages/airflow/example_dags/example_skip_dag.py took 0.063 seconds
[2023-07-09T16:08:11.201+0000] {processor.py:157} INFO - Started process (PID=953) to work on /home/airflow/.local/lib/python3.7/site-packages/airflow/example_dags/example_skip_dag.py
[2023-07-09T16:08:11.202+0000] {processor.py:826} INFO - Processing file /home/airflow/.local/lib/python3.7/site-packages/airflow/example_dags/example_skip_dag.py for tasks to queue
[2023-07-09T16:08:11.203+0000] {logging_mixin.py:149} INFO - [2023-07-09T16:08:11.203+0000] {dagbag.py:541} INFO - Filling up the DagBag from /home/airflow/.local/lib/python3.7/site-packages/airflow/example_dags/example_skip_dag.py
[2023-07-09T16:08:11.209+0000] {processor.py:836} INFO - DAG(s) dict_keys(['example_skip_dag']) retrieved from /home/airflow/.local/lib/python3.7/site-packages/airflow/example_dags/example_skip_dag.py
[2023-07-09T16:08:11.229+0000] {logging_mixin.py:149} INFO - [2023-07-09T16:08:11.229+0000] {dag.py:2726} INFO - Sync 1 DAGs
[2023-07-09T16:08:11.246+0000] {logging_mixin.py:149} INFO - [2023-07-09T16:08:11.246+0000] {dag.py:3490} INFO - Setting next_dagrun for example_skip_dag to 2023-07-08T16:08:11.245867+00:00, run_after=2023-07-09T16:08:11.245867+00:00
[2023-07-09T16:08:11.258+0000] {processor.py:179} INFO - Processing /home/airflow/.local/lib/python3.7/site-packages/airflow/example_dags/example_skip_dag.py took 0.060 seconds
[2023-07-09T16:08:41.992+0000] {processor.py:157} INFO - Started process (PID=1014) to work on /home/airflow/.local/lib/python3.7/site-packages/airflow/example_dags/example_skip_dag.py
[2023-07-09T16:08:41.994+0000] {processor.py:826} INFO - Processing file /home/airflow/.local/lib/python3.7/site-packages/airflow/example_dags/example_skip_dag.py for tasks to queue
[2023-07-09T16:08:41.996+0000] {logging_mixin.py:149} INFO - [2023-07-09T16:08:41.996+0000] {dagbag.py:541} INFO - Filling up the DagBag from /home/airflow/.local/lib/python3.7/site-packages/airflow/example_dags/example_skip_dag.py
[2023-07-09T16:08:42.004+0000] {processor.py:836} INFO - DAG(s) dict_keys(['example_skip_dag']) retrieved from /home/airflow/.local/lib/python3.7/site-packages/airflow/example_dags/example_skip_dag.py
[2023-07-09T16:08:42.025+0000] {logging_mixin.py:149} INFO - [2023-07-09T16:08:42.025+0000] {dag.py:2726} INFO - Sync 1 DAGs
[2023-07-09T16:08:42.042+0000] {logging_mixin.py:149} INFO - [2023-07-09T16:08:42.042+0000] {dag.py:3490} INFO - Setting next_dagrun for example_skip_dag to 2023-07-08T16:08:42.042477+00:00, run_after=2023-07-09T16:08:42.042477+00:00
[2023-07-09T16:08:42.055+0000] {processor.py:179} INFO - Processing /home/airflow/.local/lib/python3.7/site-packages/airflow/example_dags/example_skip_dag.py took 0.066 seconds
[2023-07-09T16:09:12.361+0000] {processor.py:157} INFO - Started process (PID=1075) to work on /home/airflow/.local/lib/python3.7/site-packages/airflow/example_dags/example_skip_dag.py
[2023-07-09T16:09:12.363+0000] {processor.py:826} INFO - Processing file /home/airflow/.local/lib/python3.7/site-packages/airflow/example_dags/example_skip_dag.py for tasks to queue
[2023-07-09T16:09:12.363+0000] {logging_mixin.py:149} INFO - [2023-07-09T16:09:12.363+0000] {dagbag.py:541} INFO - Filling up the DagBag from /home/airflow/.local/lib/python3.7/site-packages/airflow/example_dags/example_skip_dag.py
[2023-07-09T16:09:12.369+0000] {processor.py:836} INFO - DAG(s) dict_keys(['example_skip_dag']) retrieved from /home/airflow/.local/lib/python3.7/site-packages/airflow/example_dags/example_skip_dag.py
[2023-07-09T16:09:12.388+0000] {logging_mixin.py:149} INFO - [2023-07-09T16:09:12.388+0000] {dag.py:2726} INFO - Sync 1 DAGs
[2023-07-09T16:09:12.403+0000] {logging_mixin.py:149} INFO - [2023-07-09T16:09:12.403+0000] {dag.py:3490} INFO - Setting next_dagrun for example_skip_dag to 2023-07-08T16:09:12.403498+00:00, run_after=2023-07-09T16:09:12.403498+00:00
[2023-07-09T16:09:12.414+0000] {processor.py:179} INFO - Processing /home/airflow/.local/lib/python3.7/site-packages/airflow/example_dags/example_skip_dag.py took 0.055 seconds
[2023-07-09T16:09:42.728+0000] {processor.py:157} INFO - Started process (PID=1135) to work on /home/airflow/.local/lib/python3.7/site-packages/airflow/example_dags/example_skip_dag.py
[2023-07-09T16:09:42.729+0000] {processor.py:826} INFO - Processing file /home/airflow/.local/lib/python3.7/site-packages/airflow/example_dags/example_skip_dag.py for tasks to queue
[2023-07-09T16:09:42.730+0000] {logging_mixin.py:149} INFO - [2023-07-09T16:09:42.730+0000] {dagbag.py:541} INFO - Filling up the DagBag from /home/airflow/.local/lib/python3.7/site-packages/airflow/example_dags/example_skip_dag.py
[2023-07-09T16:09:42.736+0000] {processor.py:836} INFO - DAG(s) dict_keys(['example_skip_dag']) retrieved from /home/airflow/.local/lib/python3.7/site-packages/airflow/example_dags/example_skip_dag.py
[2023-07-09T16:09:42.755+0000] {logging_mixin.py:149} INFO - [2023-07-09T16:09:42.755+0000] {dag.py:2726} INFO - Sync 1 DAGs
[2023-07-09T16:09:42.770+0000] {logging_mixin.py:149} INFO - [2023-07-09T16:09:42.770+0000] {dag.py:3490} INFO - Setting next_dagrun for example_skip_dag to 2023-07-08T16:09:42.769843+00:00, run_after=2023-07-09T16:09:42.769843+00:00
[2023-07-09T16:09:42.780+0000] {processor.py:179} INFO - Processing /home/airflow/.local/lib/python3.7/site-packages/airflow/example_dags/example_skip_dag.py took 0.054 seconds
[2023-07-09T16:10:12.950+0000] {processor.py:157} INFO - Started process (PID=1196) to work on /home/airflow/.local/lib/python3.7/site-packages/airflow/example_dags/example_skip_dag.py
[2023-07-09T16:10:12.951+0000] {processor.py:826} INFO - Processing file /home/airflow/.local/lib/python3.7/site-packages/airflow/example_dags/example_skip_dag.py for tasks to queue
[2023-07-09T16:10:12.952+0000] {logging_mixin.py:149} INFO - [2023-07-09T16:10:12.952+0000] {dagbag.py:541} INFO - Filling up the DagBag from /home/airflow/.local/lib/python3.7/site-packages/airflow/example_dags/example_skip_dag.py
[2023-07-09T16:10:12.958+0000] {processor.py:836} INFO - DAG(s) dict_keys(['example_skip_dag']) retrieved from /home/airflow/.local/lib/python3.7/site-packages/airflow/example_dags/example_skip_dag.py
[2023-07-09T16:10:12.977+0000] {logging_mixin.py:149} INFO - [2023-07-09T16:10:12.977+0000] {dag.py:2726} INFO - Sync 1 DAGs
[2023-07-09T16:10:12.993+0000] {logging_mixin.py:149} INFO - [2023-07-09T16:10:12.993+0000] {dag.py:3490} INFO - Setting next_dagrun for example_skip_dag to 2023-07-08T16:10:12.993089+00:00, run_after=2023-07-09T16:10:12.993089+00:00
[2023-07-09T16:10:13.005+0000] {processor.py:179} INFO - Processing /home/airflow/.local/lib/python3.7/site-packages/airflow/example_dags/example_skip_dag.py took 0.058 seconds
[2023-07-09T16:10:43.400+0000] {processor.py:157} INFO - Started process (PID=1257) to work on /home/airflow/.local/lib/python3.7/site-packages/airflow/example_dags/example_skip_dag.py
[2023-07-09T16:10:43.401+0000] {processor.py:826} INFO - Processing file /home/airflow/.local/lib/python3.7/site-packages/airflow/example_dags/example_skip_dag.py for tasks to queue
[2023-07-09T16:10:43.402+0000] {logging_mixin.py:149} INFO - [2023-07-09T16:10:43.402+0000] {dagbag.py:541} INFO - Filling up the DagBag from /home/airflow/.local/lib/python3.7/site-packages/airflow/example_dags/example_skip_dag.py
[2023-07-09T16:10:43.412+0000] {processor.py:836} INFO - DAG(s) dict_keys(['example_skip_dag']) retrieved from /home/airflow/.local/lib/python3.7/site-packages/airflow/example_dags/example_skip_dag.py
[2023-07-09T16:10:43.435+0000] {logging_mixin.py:149} INFO - [2023-07-09T16:10:43.435+0000] {dag.py:2726} INFO - Sync 1 DAGs
[2023-07-09T16:10:43.452+0000] {logging_mixin.py:149} INFO - [2023-07-09T16:10:43.452+0000] {dag.py:3490} INFO - Setting next_dagrun for example_skip_dag to 2023-07-08T16:10:43.452059+00:00, run_after=2023-07-09T16:10:43.452059+00:00
[2023-07-09T16:10:43.464+0000] {processor.py:179} INFO - Processing /home/airflow/.local/lib/python3.7/site-packages/airflow/example_dags/example_skip_dag.py took 0.067 seconds
[2023-07-09T16:11:13.633+0000] {processor.py:157} INFO - Started process (PID=1319) to work on /home/airflow/.local/lib/python3.7/site-packages/airflow/example_dags/example_skip_dag.py
[2023-07-09T16:11:13.634+0000] {processor.py:826} INFO - Processing file /home/airflow/.local/lib/python3.7/site-packages/airflow/example_dags/example_skip_dag.py for tasks to queue
[2023-07-09T16:11:13.635+0000] {logging_mixin.py:149} INFO - [2023-07-09T16:11:13.635+0000] {dagbag.py:541} INFO - Filling up the DagBag from /home/airflow/.local/lib/python3.7/site-packages/airflow/example_dags/example_skip_dag.py
[2023-07-09T16:11:13.641+0000] {processor.py:836} INFO - DAG(s) dict_keys(['example_skip_dag']) retrieved from /home/airflow/.local/lib/python3.7/site-packages/airflow/example_dags/example_skip_dag.py
[2023-07-09T16:11:13.659+0000] {logging_mixin.py:149} INFO - [2023-07-09T16:11:13.659+0000] {dag.py:2726} INFO - Sync 1 DAGs
[2023-07-09T16:11:13.674+0000] {logging_mixin.py:149} INFO - [2023-07-09T16:11:13.674+0000] {dag.py:3490} INFO - Setting next_dagrun for example_skip_dag to 2023-07-08T16:11:13.674361+00:00, run_after=2023-07-09T16:11:13.674361+00:00
[2023-07-09T16:11:13.684+0000] {processor.py:179} INFO - Processing /home/airflow/.local/lib/python3.7/site-packages/airflow/example_dags/example_skip_dag.py took 0.054 seconds
[2023-07-09T16:11:44.176+0000] {processor.py:157} INFO - Started process (PID=1380) to work on /home/airflow/.local/lib/python3.7/site-packages/airflow/example_dags/example_skip_dag.py
[2023-07-09T16:11:44.178+0000] {processor.py:826} INFO - Processing file /home/airflow/.local/lib/python3.7/site-packages/airflow/example_dags/example_skip_dag.py for tasks to queue
[2023-07-09T16:11:44.178+0000] {logging_mixin.py:149} INFO - [2023-07-09T16:11:44.178+0000] {dagbag.py:541} INFO - Filling up the DagBag from /home/airflow/.local/lib/python3.7/site-packages/airflow/example_dags/example_skip_dag.py
[2023-07-09T16:11:44.185+0000] {processor.py:836} INFO - DAG(s) dict_keys(['example_skip_dag']) retrieved from /home/airflow/.local/lib/python3.7/site-packages/airflow/example_dags/example_skip_dag.py
[2023-07-09T16:11:44.205+0000] {logging_mixin.py:149} INFO - [2023-07-09T16:11:44.205+0000] {dag.py:2726} INFO - Sync 1 DAGs
[2023-07-09T16:11:44.222+0000] {logging_mixin.py:149} INFO - [2023-07-09T16:11:44.222+0000] {dag.py:3490} INFO - Setting next_dagrun for example_skip_dag to 2023-07-08T16:11:44.221899+00:00, run_after=2023-07-09T16:11:44.221899+00:00
[2023-07-09T16:11:44.235+0000] {processor.py:179} INFO - Processing /home/airflow/.local/lib/python3.7/site-packages/airflow/example_dags/example_skip_dag.py took 0.062 seconds
[2023-07-09T16:12:14.540+0000] {processor.py:157} INFO - Started process (PID=1441) to work on /home/airflow/.local/lib/python3.7/site-packages/airflow/example_dags/example_skip_dag.py
[2023-07-09T16:12:14.541+0000] {processor.py:826} INFO - Processing file /home/airflow/.local/lib/python3.7/site-packages/airflow/example_dags/example_skip_dag.py for tasks to queue
[2023-07-09T16:12:14.542+0000] {logging_mixin.py:149} INFO - [2023-07-09T16:12:14.542+0000] {dagbag.py:541} INFO - Filling up the DagBag from /home/airflow/.local/lib/python3.7/site-packages/airflow/example_dags/example_skip_dag.py
[2023-07-09T16:12:14.547+0000] {processor.py:836} INFO - DAG(s) dict_keys(['example_skip_dag']) retrieved from /home/airflow/.local/lib/python3.7/site-packages/airflow/example_dags/example_skip_dag.py
[2023-07-09T16:12:14.567+0000] {logging_mixin.py:149} INFO - [2023-07-09T16:12:14.567+0000] {dag.py:2726} INFO - Sync 1 DAGs
[2023-07-09T16:12:14.583+0000] {logging_mixin.py:149} INFO - [2023-07-09T16:12:14.583+0000] {dag.py:3490} INFO - Setting next_dagrun for example_skip_dag to 2023-07-08T16:12:14.583212+00:00, run_after=2023-07-09T16:12:14.583212+00:00
[2023-07-09T16:12:14.595+0000] {processor.py:179} INFO - Processing /home/airflow/.local/lib/python3.7/site-packages/airflow/example_dags/example_skip_dag.py took 0.058 seconds
[2023-07-09T16:12:44.799+0000] {processor.py:157} INFO - Started process (PID=1502) to work on /home/airflow/.local/lib/python3.7/site-packages/airflow/example_dags/example_skip_dag.py
[2023-07-09T16:12:44.800+0000] {processor.py:826} INFO - Processing file /home/airflow/.local/lib/python3.7/site-packages/airflow/example_dags/example_skip_dag.py for tasks to queue
[2023-07-09T16:12:44.801+0000] {logging_mixin.py:149} INFO - [2023-07-09T16:12:44.801+0000] {dagbag.py:541} INFO - Filling up the DagBag from /home/airflow/.local/lib/python3.7/site-packages/airflow/example_dags/example_skip_dag.py
[2023-07-09T16:12:44.806+0000] {processor.py:836} INFO - DAG(s) dict_keys(['example_skip_dag']) retrieved from /home/airflow/.local/lib/python3.7/site-packages/airflow/example_dags/example_skip_dag.py
[2023-07-09T16:12:44.826+0000] {logging_mixin.py:149} INFO - [2023-07-09T16:12:44.826+0000] {dag.py:2726} INFO - Sync 1 DAGs
[2023-07-09T16:12:44.841+0000] {logging_mixin.py:149} INFO - [2023-07-09T16:12:44.841+0000] {dag.py:3490} INFO - Setting next_dagrun for example_skip_dag to 2023-07-08T16:12:44.841614+00:00, run_after=2023-07-09T16:12:44.841614+00:00
[2023-07-09T16:12:44.854+0000] {processor.py:179} INFO - Processing /home/airflow/.local/lib/python3.7/site-packages/airflow/example_dags/example_skip_dag.py took 0.058 seconds
[2023-07-09T16:13:15.068+0000] {processor.py:157} INFO - Started process (PID=1563) to work on /home/airflow/.local/lib/python3.7/site-packages/airflow/example_dags/example_skip_dag.py
[2023-07-09T16:13:15.070+0000] {processor.py:826} INFO - Processing file /home/airflow/.local/lib/python3.7/site-packages/airflow/example_dags/example_skip_dag.py for tasks to queue
[2023-07-09T16:13:15.071+0000] {logging_mixin.py:149} INFO - [2023-07-09T16:13:15.071+0000] {dagbag.py:541} INFO - Filling up the DagBag from /home/airflow/.local/lib/python3.7/site-packages/airflow/example_dags/example_skip_dag.py
[2023-07-09T16:13:15.077+0000] {processor.py:836} INFO - DAG(s) dict_keys(['example_skip_dag']) retrieved from /home/airflow/.local/lib/python3.7/site-packages/airflow/example_dags/example_skip_dag.py
[2023-07-09T16:13:15.097+0000] {logging_mixin.py:149} INFO - [2023-07-09T16:13:15.097+0000] {dag.py:2726} INFO - Sync 1 DAGs
[2023-07-09T16:13:15.114+0000] {logging_mixin.py:149} INFO - [2023-07-09T16:13:15.114+0000] {dag.py:3490} INFO - Setting next_dagrun for example_skip_dag to 2023-07-08T16:13:15.114356+00:00, run_after=2023-07-09T16:13:15.114356+00:00
[2023-07-09T16:13:15.126+0000] {processor.py:179} INFO - Processing /home/airflow/.local/lib/python3.7/site-packages/airflow/example_dags/example_skip_dag.py took 0.061 seconds
[2023-07-09T16:13:45.481+0000] {processor.py:157} INFO - Started process (PID=1624) to work on /home/airflow/.local/lib/python3.7/site-packages/airflow/example_dags/example_skip_dag.py
[2023-07-09T16:13:45.482+0000] {processor.py:826} INFO - Processing file /home/airflow/.local/lib/python3.7/site-packages/airflow/example_dags/example_skip_dag.py for tasks to queue
[2023-07-09T16:13:45.483+0000] {logging_mixin.py:149} INFO - [2023-07-09T16:13:45.483+0000] {dagbag.py:541} INFO - Filling up the DagBag from /home/airflow/.local/lib/python3.7/site-packages/airflow/example_dags/example_skip_dag.py
[2023-07-09T16:13:45.489+0000] {processor.py:836} INFO - DAG(s) dict_keys(['example_skip_dag']) retrieved from /home/airflow/.local/lib/python3.7/site-packages/airflow/example_dags/example_skip_dag.py
[2023-07-09T16:13:45.510+0000] {logging_mixin.py:149} INFO - [2023-07-09T16:13:45.510+0000] {dag.py:2726} INFO - Sync 1 DAGs
[2023-07-09T16:13:45.526+0000] {logging_mixin.py:149} INFO - [2023-07-09T16:13:45.526+0000] {dag.py:3490} INFO - Setting next_dagrun for example_skip_dag to 2023-07-08T16:13:45.526361+00:00, run_after=2023-07-09T16:13:45.526361+00:00
[2023-07-09T16:13:45.538+0000] {processor.py:179} INFO - Processing /home/airflow/.local/lib/python3.7/site-packages/airflow/example_dags/example_skip_dag.py took 0.059 seconds
[2023-07-09T16:14:15.984+0000] {processor.py:157} INFO - Started process (PID=1685) to work on /home/airflow/.local/lib/python3.7/site-packages/airflow/example_dags/example_skip_dag.py
[2023-07-09T16:14:15.985+0000] {processor.py:826} INFO - Processing file /home/airflow/.local/lib/python3.7/site-packages/airflow/example_dags/example_skip_dag.py for tasks to queue
[2023-07-09T16:14:15.986+0000] {logging_mixin.py:149} INFO - [2023-07-09T16:14:15.986+0000] {dagbag.py:541} INFO - Filling up the DagBag from /home/airflow/.local/lib/python3.7/site-packages/airflow/example_dags/example_skip_dag.py
[2023-07-09T16:14:15.992+0000] {processor.py:836} INFO - DAG(s) dict_keys(['example_skip_dag']) retrieved from /home/airflow/.local/lib/python3.7/site-packages/airflow/example_dags/example_skip_dag.py
[2023-07-09T16:14:16.012+0000] {logging_mixin.py:149} INFO - [2023-07-09T16:14:16.012+0000] {dag.py:2726} INFO - Sync 1 DAGs
[2023-07-09T16:14:16.029+0000] {logging_mixin.py:149} INFO - [2023-07-09T16:14:16.029+0000] {dag.py:3490} INFO - Setting next_dagrun for example_skip_dag to 2023-07-08T16:14:16.029221+00:00, run_after=2023-07-09T16:14:16.029221+00:00
[2023-07-09T16:14:16.042+0000] {processor.py:179} INFO - Processing /home/airflow/.local/lib/python3.7/site-packages/airflow/example_dags/example_skip_dag.py took 0.061 seconds
[2023-07-09T16:14:46.586+0000] {processor.py:157} INFO - Started process (PID=1746) to work on /home/airflow/.local/lib/python3.7/site-packages/airflow/example_dags/example_skip_dag.py
[2023-07-09T16:14:46.587+0000] {processor.py:826} INFO - Processing file /home/airflow/.local/lib/python3.7/site-packages/airflow/example_dags/example_skip_dag.py for tasks to queue
[2023-07-09T16:14:46.588+0000] {logging_mixin.py:149} INFO - [2023-07-09T16:14:46.587+0000] {dagbag.py:541} INFO - Filling up the DagBag from /home/airflow/.local/lib/python3.7/site-packages/airflow/example_dags/example_skip_dag.py
[2023-07-09T16:14:46.593+0000] {processor.py:836} INFO - DAG(s) dict_keys(['example_skip_dag']) retrieved from /home/airflow/.local/lib/python3.7/site-packages/airflow/example_dags/example_skip_dag.py
[2023-07-09T16:14:46.613+0000] {logging_mixin.py:149} INFO - [2023-07-09T16:14:46.612+0000] {dag.py:2726} INFO - Sync 1 DAGs
[2023-07-09T16:14:46.630+0000] {logging_mixin.py:149} INFO - [2023-07-09T16:14:46.630+0000] {dag.py:3490} INFO - Setting next_dagrun for example_skip_dag to 2023-07-08T16:14:46.629799+00:00, run_after=2023-07-09T16:14:46.629799+00:00
[2023-07-09T16:14:46.642+0000] {processor.py:179} INFO - Processing /home/airflow/.local/lib/python3.7/site-packages/airflow/example_dags/example_skip_dag.py took 0.059 seconds
[2023-07-09T16:15:17.126+0000] {processor.py:157} INFO - Started process (PID=1807) to work on /home/airflow/.local/lib/python3.7/site-packages/airflow/example_dags/example_skip_dag.py
[2023-07-09T16:15:17.127+0000] {processor.py:826} INFO - Processing file /home/airflow/.local/lib/python3.7/site-packages/airflow/example_dags/example_skip_dag.py for tasks to queue
[2023-07-09T16:15:17.128+0000] {logging_mixin.py:149} INFO - [2023-07-09T16:15:17.128+0000] {dagbag.py:541} INFO - Filling up the DagBag from /home/airflow/.local/lib/python3.7/site-packages/airflow/example_dags/example_skip_dag.py
[2023-07-09T16:15:17.134+0000] {processor.py:836} INFO - DAG(s) dict_keys(['example_skip_dag']) retrieved from /home/airflow/.local/lib/python3.7/site-packages/airflow/example_dags/example_skip_dag.py
[2023-07-09T16:15:17.157+0000] {logging_mixin.py:149} INFO - [2023-07-09T16:15:17.157+0000] {dag.py:2726} INFO - Sync 1 DAGs
[2023-07-09T16:15:17.175+0000] {logging_mixin.py:149} INFO - [2023-07-09T16:15:17.175+0000] {dag.py:3490} INFO - Setting next_dagrun for example_skip_dag to 2023-07-08T16:15:17.175119+00:00, run_after=2023-07-09T16:15:17.175119+00:00
[2023-07-09T16:15:17.187+0000] {processor.py:179} INFO - Processing /home/airflow/.local/lib/python3.7/site-packages/airflow/example_dags/example_skip_dag.py took 0.064 seconds
[2023-07-09T16:15:47.735+0000] {processor.py:157} INFO - Started process (PID=1868) to work on /home/airflow/.local/lib/python3.7/site-packages/airflow/example_dags/example_skip_dag.py
[2023-07-09T16:15:47.736+0000] {processor.py:826} INFO - Processing file /home/airflow/.local/lib/python3.7/site-packages/airflow/example_dags/example_skip_dag.py for tasks to queue
[2023-07-09T16:15:47.736+0000] {logging_mixin.py:149} INFO - [2023-07-09T16:15:47.736+0000] {dagbag.py:541} INFO - Filling up the DagBag from /home/airflow/.local/lib/python3.7/site-packages/airflow/example_dags/example_skip_dag.py
[2023-07-09T16:15:47.742+0000] {processor.py:836} INFO - DAG(s) dict_keys(['example_skip_dag']) retrieved from /home/airflow/.local/lib/python3.7/site-packages/airflow/example_dags/example_skip_dag.py
[2023-07-09T16:15:47.761+0000] {logging_mixin.py:149} INFO - [2023-07-09T16:15:47.761+0000] {dag.py:2726} INFO - Sync 1 DAGs
[2023-07-09T16:15:47.777+0000] {logging_mixin.py:149} INFO - [2023-07-09T16:15:47.777+0000] {dag.py:3490} INFO - Setting next_dagrun for example_skip_dag to 2023-07-08T16:15:47.777128+00:00, run_after=2023-07-09T16:15:47.777128+00:00
[2023-07-09T16:15:47.790+0000] {processor.py:179} INFO - Processing /home/airflow/.local/lib/python3.7/site-packages/airflow/example_dags/example_skip_dag.py took 0.058 seconds
[2023-07-09T16:16:17.948+0000] {processor.py:157} INFO - Started process (PID=1929) to work on /home/airflow/.local/lib/python3.7/site-packages/airflow/example_dags/example_skip_dag.py
[2023-07-09T16:16:17.949+0000] {processor.py:826} INFO - Processing file /home/airflow/.local/lib/python3.7/site-packages/airflow/example_dags/example_skip_dag.py for tasks to queue
[2023-07-09T16:16:17.950+0000] {logging_mixin.py:149} INFO - [2023-07-09T16:16:17.950+0000] {dagbag.py:541} INFO - Filling up the DagBag from /home/airflow/.local/lib/python3.7/site-packages/airflow/example_dags/example_skip_dag.py
[2023-07-09T16:16:17.956+0000] {processor.py:836} INFO - DAG(s) dict_keys(['example_skip_dag']) retrieved from /home/airflow/.local/lib/python3.7/site-packages/airflow/example_dags/example_skip_dag.py
[2023-07-09T16:16:17.975+0000] {logging_mixin.py:149} INFO - [2023-07-09T16:16:17.975+0000] {dag.py:2726} INFO - Sync 1 DAGs
[2023-07-09T16:16:17.992+0000] {logging_mixin.py:149} INFO - [2023-07-09T16:16:17.992+0000] {dag.py:3490} INFO - Setting next_dagrun for example_skip_dag to 2023-07-08T16:16:17.991791+00:00, run_after=2023-07-09T16:16:17.991791+00:00
[2023-07-09T16:16:18.005+0000] {processor.py:179} INFO - Processing /home/airflow/.local/lib/python3.7/site-packages/airflow/example_dags/example_skip_dag.py took 0.059 seconds
[2023-07-09T16:16:48.254+0000] {processor.py:157} INFO - Started process (PID=1991) to work on /home/airflow/.local/lib/python3.7/site-packages/airflow/example_dags/example_skip_dag.py
[2023-07-09T16:16:48.255+0000] {processor.py:826} INFO - Processing file /home/airflow/.local/lib/python3.7/site-packages/airflow/example_dags/example_skip_dag.py for tasks to queue
[2023-07-09T16:16:48.256+0000] {logging_mixin.py:149} INFO - [2023-07-09T16:16:48.256+0000] {dagbag.py:541} INFO - Filling up the DagBag from /home/airflow/.local/lib/python3.7/site-packages/airflow/example_dags/example_skip_dag.py
[2023-07-09T16:16:48.262+0000] {processor.py:836} INFO - DAG(s) dict_keys(['example_skip_dag']) retrieved from /home/airflow/.local/lib/python3.7/site-packages/airflow/example_dags/example_skip_dag.py
[2023-07-09T16:16:48.281+0000] {logging_mixin.py:149} INFO - [2023-07-09T16:16:48.281+0000] {dag.py:2726} INFO - Sync 1 DAGs
[2023-07-09T16:16:48.298+0000] {logging_mixin.py:149} INFO - [2023-07-09T16:16:48.297+0000] {dag.py:3490} INFO - Setting next_dagrun for example_skip_dag to 2023-07-08T16:16:48.297785+00:00, run_after=2023-07-09T16:16:48.297785+00:00
[2023-07-09T16:16:48.309+0000] {processor.py:179} INFO - Processing /home/airflow/.local/lib/python3.7/site-packages/airflow/example_dags/example_skip_dag.py took 0.057 seconds
[2023-07-09T16:17:19.267+0000] {processor.py:157} INFO - Started process (PID=2052) to work on /home/airflow/.local/lib/python3.7/site-packages/airflow/example_dags/example_skip_dag.py
[2023-07-09T16:17:19.268+0000] {processor.py:826} INFO - Processing file /home/airflow/.local/lib/python3.7/site-packages/airflow/example_dags/example_skip_dag.py for tasks to queue
[2023-07-09T16:17:19.268+0000] {logging_mixin.py:149} INFO - [2023-07-09T16:17:19.268+0000] {dagbag.py:541} INFO - Filling up the DagBag from /home/airflow/.local/lib/python3.7/site-packages/airflow/example_dags/example_skip_dag.py
[2023-07-09T16:17:19.274+0000] {processor.py:836} INFO - DAG(s) dict_keys(['example_skip_dag']) retrieved from /home/airflow/.local/lib/python3.7/site-packages/airflow/example_dags/example_skip_dag.py
[2023-07-09T16:17:19.300+0000] {logging_mixin.py:149} INFO - [2023-07-09T16:17:19.300+0000] {dag.py:2726} INFO - Sync 1 DAGs
[2023-07-09T16:17:19.318+0000] {logging_mixin.py:149} INFO - [2023-07-09T16:17:19.318+0000] {dag.py:3490} INFO - Setting next_dagrun for example_skip_dag to 2023-07-08T16:17:19.318485+00:00, run_after=2023-07-09T16:17:19.318485+00:00
[2023-07-09T16:17:19.337+0000] {processor.py:179} INFO - Processing /home/airflow/.local/lib/python3.7/site-packages/airflow/example_dags/example_skip_dag.py took 0.073 seconds
[2023-07-09T16:17:50.032+0000] {processor.py:157} INFO - Started process (PID=2113) to work on /home/airflow/.local/lib/python3.7/site-packages/airflow/example_dags/example_skip_dag.py
[2023-07-09T16:17:50.033+0000] {processor.py:826} INFO - Processing file /home/airflow/.local/lib/python3.7/site-packages/airflow/example_dags/example_skip_dag.py for tasks to queue
[2023-07-09T16:17:50.034+0000] {logging_mixin.py:149} INFO - [2023-07-09T16:17:50.034+0000] {dagbag.py:541} INFO - Filling up the DagBag from /home/airflow/.local/lib/python3.7/site-packages/airflow/example_dags/example_skip_dag.py
[2023-07-09T16:17:50.041+0000] {processor.py:836} INFO - DAG(s) dict_keys(['example_skip_dag']) retrieved from /home/airflow/.local/lib/python3.7/site-packages/airflow/example_dags/example_skip_dag.py
[2023-07-09T16:17:50.064+0000] {logging_mixin.py:149} INFO - [2023-07-09T16:17:50.064+0000] {dag.py:2726} INFO - Sync 1 DAGs
[2023-07-09T16:17:50.083+0000] {logging_mixin.py:149} INFO - [2023-07-09T16:17:50.083+0000] {dag.py:3490} INFO - Setting next_dagrun for example_skip_dag to 2023-07-08T16:17:50.082988+00:00, run_after=2023-07-09T16:17:50.082988+00:00
[2023-07-09T16:17:50.097+0000] {processor.py:179} INFO - Processing /home/airflow/.local/lib/python3.7/site-packages/airflow/example_dags/example_skip_dag.py took 0.068 seconds
