[2023-07-09T16:00:37.754+0000] {processor.py:157} INFO - Started process (PID=66) to work on /home/airflow/.local/lib/python3.7/site-packages/airflow/example_dags/example_sensors.py
[2023-07-09T16:00:37.757+0000] {processor.py:826} INFO - Processing file /home/airflow/.local/lib/python3.7/site-packages/airflow/example_dags/example_sensors.py for tasks to queue
[2023-07-09T16:00:37.759+0000] {logging_mixin.py:149} INFO - [2023-07-09T16:00:37.758+0000] {dagbag.py:541} INFO - Filling up the DagBag from /home/airflow/.local/lib/python3.7/site-packages/airflow/example_dags/example_sensors.py
[2023-07-09T16:00:37.801+0000] {processor.py:836} INFO - DAG(s) dict_keys(['example_sensors']) retrieved from /home/airflow/.local/lib/python3.7/site-packages/airflow/example_dags/example_sensors.py
[2023-07-09T16:00:37.853+0000] {logging_mixin.py:149} INFO - [2023-07-09T16:00:37.853+0000] {dag.py:2726} INFO - Sync 1 DAGs
[2023-07-09T16:00:37.913+0000] {logging_mixin.py:149} INFO - [2023-07-09T16:00:37.913+0000] {dag.py:3490} INFO - Setting next_dagrun for example_sensors to None, run_after=None
[2023-07-09T16:00:37.968+0000] {processor.py:179} INFO - Processing /home/airflow/.local/lib/python3.7/site-packages/airflow/example_dags/example_sensors.py took 0.225 seconds
[2023-07-09T16:01:08.062+0000] {processor.py:157} INFO - Started process (PID=127) to work on /home/airflow/.local/lib/python3.7/site-packages/airflow/example_dags/example_sensors.py
[2023-07-09T16:01:08.064+0000] {processor.py:826} INFO - Processing file /home/airflow/.local/lib/python3.7/site-packages/airflow/example_dags/example_sensors.py for tasks to queue
[2023-07-09T16:01:08.065+0000] {logging_mixin.py:149} INFO - [2023-07-09T16:01:08.064+0000] {dagbag.py:541} INFO - Filling up the DagBag from /home/airflow/.local/lib/python3.7/site-packages/airflow/example_dags/example_sensors.py
[2023-07-09T16:01:08.072+0000] {processor.py:836} INFO - DAG(s) dict_keys(['example_sensors']) retrieved from /home/airflow/.local/lib/python3.7/site-packages/airflow/example_dags/example_sensors.py
[2023-07-09T16:01:08.093+0000] {logging_mixin.py:149} INFO - [2023-07-09T16:01:08.093+0000] {dag.py:2726} INFO - Sync 1 DAGs
[2023-07-09T16:01:08.108+0000] {logging_mixin.py:149} INFO - [2023-07-09T16:01:08.108+0000] {dag.py:3490} INFO - Setting next_dagrun for example_sensors to None, run_after=None
[2023-07-09T16:01:08.119+0000] {processor.py:179} INFO - Processing /home/airflow/.local/lib/python3.7/site-packages/airflow/example_dags/example_sensors.py took 0.060 seconds
[2023-07-09T16:01:38.156+0000] {processor.py:157} INFO - Started process (PID=187) to work on /home/airflow/.local/lib/python3.7/site-packages/airflow/example_dags/example_sensors.py
[2023-07-09T16:01:38.158+0000] {processor.py:826} INFO - Processing file /home/airflow/.local/lib/python3.7/site-packages/airflow/example_dags/example_sensors.py for tasks to queue
[2023-07-09T16:01:38.159+0000] {logging_mixin.py:149} INFO - [2023-07-09T16:01:38.159+0000] {dagbag.py:541} INFO - Filling up the DagBag from /home/airflow/.local/lib/python3.7/site-packages/airflow/example_dags/example_sensors.py
[2023-07-09T16:01:38.171+0000] {processor.py:836} INFO - DAG(s) dict_keys(['example_sensors']) retrieved from /home/airflow/.local/lib/python3.7/site-packages/airflow/example_dags/example_sensors.py
[2023-07-09T16:01:38.195+0000] {logging_mixin.py:149} INFO - [2023-07-09T16:01:38.195+0000] {dag.py:2726} INFO - Sync 1 DAGs
[2023-07-09T16:01:38.212+0000] {logging_mixin.py:149} INFO - [2023-07-09T16:01:38.212+0000] {dag.py:3490} INFO - Setting next_dagrun for example_sensors to None, run_after=None
[2023-07-09T16:01:38.224+0000] {processor.py:179} INFO - Processing /home/airflow/.local/lib/python3.7/site-packages/airflow/example_dags/example_sensors.py took 0.070 seconds
[2023-07-09T16:02:09.360+0000] {processor.py:157} INFO - Started process (PID=249) to work on /home/airflow/.local/lib/python3.7/site-packages/airflow/example_dags/example_sensors.py
[2023-07-09T16:02:09.362+0000] {processor.py:826} INFO - Processing file /home/airflow/.local/lib/python3.7/site-packages/airflow/example_dags/example_sensors.py for tasks to queue
[2023-07-09T16:02:09.363+0000] {logging_mixin.py:149} INFO - [2023-07-09T16:02:09.363+0000] {dagbag.py:541} INFO - Filling up the DagBag from /home/airflow/.local/lib/python3.7/site-packages/airflow/example_dags/example_sensors.py
[2023-07-09T16:02:09.370+0000] {processor.py:836} INFO - DAG(s) dict_keys(['example_sensors']) retrieved from /home/airflow/.local/lib/python3.7/site-packages/airflow/example_dags/example_sensors.py
[2023-07-09T16:02:09.391+0000] {logging_mixin.py:149} INFO - [2023-07-09T16:02:09.391+0000] {dag.py:2726} INFO - Sync 1 DAGs
[2023-07-09T16:02:09.406+0000] {logging_mixin.py:149} INFO - [2023-07-09T16:02:09.406+0000] {dag.py:3490} INFO - Setting next_dagrun for example_sensors to None, run_after=None
[2023-07-09T16:02:09.417+0000] {processor.py:179} INFO - Processing /home/airflow/.local/lib/python3.7/site-packages/airflow/example_dags/example_sensors.py took 0.060 seconds
[2023-07-09T16:02:39.891+0000] {processor.py:157} INFO - Started process (PID=310) to work on /home/airflow/.local/lib/python3.7/site-packages/airflow/example_dags/example_sensors.py
[2023-07-09T16:02:39.893+0000] {processor.py:826} INFO - Processing file /home/airflow/.local/lib/python3.7/site-packages/airflow/example_dags/example_sensors.py for tasks to queue
[2023-07-09T16:02:39.893+0000] {logging_mixin.py:149} INFO - [2023-07-09T16:02:39.893+0000] {dagbag.py:541} INFO - Filling up the DagBag from /home/airflow/.local/lib/python3.7/site-packages/airflow/example_dags/example_sensors.py
[2023-07-09T16:02:39.900+0000] {processor.py:836} INFO - DAG(s) dict_keys(['example_sensors']) retrieved from /home/airflow/.local/lib/python3.7/site-packages/airflow/example_dags/example_sensors.py
[2023-07-09T16:02:39.921+0000] {logging_mixin.py:149} INFO - [2023-07-09T16:02:39.921+0000] {dag.py:2726} INFO - Sync 1 DAGs
[2023-07-09T16:02:39.936+0000] {logging_mixin.py:149} INFO - [2023-07-09T16:02:39.936+0000] {dag.py:3490} INFO - Setting next_dagrun for example_sensors to None, run_after=None
[2023-07-09T16:02:39.948+0000] {processor.py:179} INFO - Processing /home/airflow/.local/lib/python3.7/site-packages/airflow/example_dags/example_sensors.py took 0.059 seconds
[2023-07-09T16:03:10.407+0000] {processor.py:157} INFO - Started process (PID=371) to work on /home/airflow/.local/lib/python3.7/site-packages/airflow/example_dags/example_sensors.py
[2023-07-09T16:03:10.409+0000] {processor.py:826} INFO - Processing file /home/airflow/.local/lib/python3.7/site-packages/airflow/example_dags/example_sensors.py for tasks to queue
[2023-07-09T16:03:10.409+0000] {logging_mixin.py:149} INFO - [2023-07-09T16:03:10.409+0000] {dagbag.py:541} INFO - Filling up the DagBag from /home/airflow/.local/lib/python3.7/site-packages/airflow/example_dags/example_sensors.py
[2023-07-09T16:03:10.417+0000] {processor.py:836} INFO - DAG(s) dict_keys(['example_sensors']) retrieved from /home/airflow/.local/lib/python3.7/site-packages/airflow/example_dags/example_sensors.py
[2023-07-09T16:03:10.439+0000] {logging_mixin.py:149} INFO - [2023-07-09T16:03:10.439+0000] {dag.py:2726} INFO - Sync 1 DAGs
[2023-07-09T16:03:10.454+0000] {logging_mixin.py:149} INFO - [2023-07-09T16:03:10.454+0000] {dag.py:3490} INFO - Setting next_dagrun for example_sensors to None, run_after=None
[2023-07-09T16:03:10.466+0000] {processor.py:179} INFO - Processing /home/airflow/.local/lib/python3.7/site-packages/airflow/example_dags/example_sensors.py took 0.061 seconds
[2023-07-09T16:03:40.953+0000] {processor.py:157} INFO - Started process (PID=432) to work on /home/airflow/.local/lib/python3.7/site-packages/airflow/example_dags/example_sensors.py
[2023-07-09T16:03:40.954+0000] {processor.py:826} INFO - Processing file /home/airflow/.local/lib/python3.7/site-packages/airflow/example_dags/example_sensors.py for tasks to queue
[2023-07-09T16:03:40.955+0000] {logging_mixin.py:149} INFO - [2023-07-09T16:03:40.955+0000] {dagbag.py:541} INFO - Filling up the DagBag from /home/airflow/.local/lib/python3.7/site-packages/airflow/example_dags/example_sensors.py
[2023-07-09T16:03:40.964+0000] {processor.py:836} INFO - DAG(s) dict_keys(['example_sensors']) retrieved from /home/airflow/.local/lib/python3.7/site-packages/airflow/example_dags/example_sensors.py
[2023-07-09T16:03:40.989+0000] {logging_mixin.py:149} INFO - [2023-07-09T16:03:40.989+0000] {dag.py:2726} INFO - Sync 1 DAGs
[2023-07-09T16:03:41.008+0000] {logging_mixin.py:149} INFO - [2023-07-09T16:03:41.008+0000] {dag.py:3490} INFO - Setting next_dagrun for example_sensors to None, run_after=None
[2023-07-09T16:03:41.019+0000] {processor.py:179} INFO - Processing /home/airflow/.local/lib/python3.7/site-packages/airflow/example_dags/example_sensors.py took 0.069 seconds
[2023-07-09T16:04:11.753+0000] {processor.py:157} INFO - Started process (PID=493) to work on /home/airflow/.local/lib/python3.7/site-packages/airflow/example_dags/example_sensors.py
[2023-07-09T16:04:11.754+0000] {processor.py:826} INFO - Processing file /home/airflow/.local/lib/python3.7/site-packages/airflow/example_dags/example_sensors.py for tasks to queue
[2023-07-09T16:04:11.755+0000] {logging_mixin.py:149} INFO - [2023-07-09T16:04:11.755+0000] {dagbag.py:541} INFO - Filling up the DagBag from /home/airflow/.local/lib/python3.7/site-packages/airflow/example_dags/example_sensors.py
[2023-07-09T16:04:11.764+0000] {processor.py:836} INFO - DAG(s) dict_keys(['example_sensors']) retrieved from /home/airflow/.local/lib/python3.7/site-packages/airflow/example_dags/example_sensors.py
[2023-07-09T16:04:11.785+0000] {logging_mixin.py:149} INFO - [2023-07-09T16:04:11.785+0000] {dag.py:2726} INFO - Sync 1 DAGs
[2023-07-09T16:04:11.801+0000] {logging_mixin.py:149} INFO - [2023-07-09T16:04:11.801+0000] {dag.py:3490} INFO - Setting next_dagrun for example_sensors to None, run_after=None
[2023-07-09T16:04:11.813+0000] {processor.py:179} INFO - Processing /home/airflow/.local/lib/python3.7/site-packages/airflow/example_dags/example_sensors.py took 0.063 seconds
[2023-07-09T16:04:42.401+0000] {processor.py:157} INFO - Started process (PID=554) to work on /home/airflow/.local/lib/python3.7/site-packages/airflow/example_dags/example_sensors.py
[2023-07-09T16:04:42.402+0000] {processor.py:826} INFO - Processing file /home/airflow/.local/lib/python3.7/site-packages/airflow/example_dags/example_sensors.py for tasks to queue
[2023-07-09T16:04:42.403+0000] {logging_mixin.py:149} INFO - [2023-07-09T16:04:42.403+0000] {dagbag.py:541} INFO - Filling up the DagBag from /home/airflow/.local/lib/python3.7/site-packages/airflow/example_dags/example_sensors.py
[2023-07-09T16:04:42.410+0000] {processor.py:836} INFO - DAG(s) dict_keys(['example_sensors']) retrieved from /home/airflow/.local/lib/python3.7/site-packages/airflow/example_dags/example_sensors.py
[2023-07-09T16:04:42.431+0000] {logging_mixin.py:149} INFO - [2023-07-09T16:04:42.431+0000] {dag.py:2726} INFO - Sync 1 DAGs
[2023-07-09T16:04:42.447+0000] {logging_mixin.py:149} INFO - [2023-07-09T16:04:42.447+0000] {dag.py:3490} INFO - Setting next_dagrun for example_sensors to None, run_after=None
[2023-07-09T16:04:42.458+0000] {processor.py:179} INFO - Processing /home/airflow/.local/lib/python3.7/site-packages/airflow/example_dags/example_sensors.py took 0.060 seconds
[2023-07-09T16:05:12.836+0000] {processor.py:157} INFO - Started process (PID=615) to work on /home/airflow/.local/lib/python3.7/site-packages/airflow/example_dags/example_sensors.py
[2023-07-09T16:05:12.838+0000] {processor.py:826} INFO - Processing file /home/airflow/.local/lib/python3.7/site-packages/airflow/example_dags/example_sensors.py for tasks to queue
[2023-07-09T16:05:12.839+0000] {logging_mixin.py:149} INFO - [2023-07-09T16:05:12.839+0000] {dagbag.py:541} INFO - Filling up the DagBag from /home/airflow/.local/lib/python3.7/site-packages/airflow/example_dags/example_sensors.py
[2023-07-09T16:05:12.849+0000] {processor.py:836} INFO - DAG(s) dict_keys(['example_sensors']) retrieved from /home/airflow/.local/lib/python3.7/site-packages/airflow/example_dags/example_sensors.py
[2023-07-09T16:05:12.873+0000] {logging_mixin.py:149} INFO - [2023-07-09T16:05:12.873+0000] {dag.py:2726} INFO - Sync 1 DAGs
[2023-07-09T16:05:12.891+0000] {logging_mixin.py:149} INFO - [2023-07-09T16:05:12.891+0000] {dag.py:3490} INFO - Setting next_dagrun for example_sensors to None, run_after=None
[2023-07-09T16:05:12.903+0000] {processor.py:179} INFO - Processing /home/airflow/.local/lib/python3.7/site-packages/airflow/example_dags/example_sensors.py took 0.072 seconds
[2023-07-09T16:05:43.391+0000] {processor.py:157} INFO - Started process (PID=676) to work on /home/airflow/.local/lib/python3.7/site-packages/airflow/example_dags/example_sensors.py
[2023-07-09T16:05:43.393+0000] {processor.py:826} INFO - Processing file /home/airflow/.local/lib/python3.7/site-packages/airflow/example_dags/example_sensors.py for tasks to queue
[2023-07-09T16:05:43.393+0000] {logging_mixin.py:149} INFO - [2023-07-09T16:05:43.393+0000] {dagbag.py:541} INFO - Filling up the DagBag from /home/airflow/.local/lib/python3.7/site-packages/airflow/example_dags/example_sensors.py
[2023-07-09T16:05:43.401+0000] {processor.py:836} INFO - DAG(s) dict_keys(['example_sensors']) retrieved from /home/airflow/.local/lib/python3.7/site-packages/airflow/example_dags/example_sensors.py
[2023-07-09T16:05:43.422+0000] {logging_mixin.py:149} INFO - [2023-07-09T16:05:43.422+0000] {dag.py:2726} INFO - Sync 1 DAGs
[2023-07-09T16:05:43.437+0000] {logging_mixin.py:149} INFO - [2023-07-09T16:05:43.437+0000] {dag.py:3490} INFO - Setting next_dagrun for example_sensors to None, run_after=None
[2023-07-09T16:05:43.449+0000] {processor.py:179} INFO - Processing /home/airflow/.local/lib/python3.7/site-packages/airflow/example_dags/example_sensors.py took 0.060 seconds
[2023-07-09T16:06:14.003+0000] {processor.py:157} INFO - Started process (PID=737) to work on /home/airflow/.local/lib/python3.7/site-packages/airflow/example_dags/example_sensors.py
[2023-07-09T16:06:14.004+0000] {processor.py:826} INFO - Processing file /home/airflow/.local/lib/python3.7/site-packages/airflow/example_dags/example_sensors.py for tasks to queue
[2023-07-09T16:06:14.005+0000] {logging_mixin.py:149} INFO - [2023-07-09T16:06:14.005+0000] {dagbag.py:541} INFO - Filling up the DagBag from /home/airflow/.local/lib/python3.7/site-packages/airflow/example_dags/example_sensors.py
[2023-07-09T16:06:14.013+0000] {processor.py:836} INFO - DAG(s) dict_keys(['example_sensors']) retrieved from /home/airflow/.local/lib/python3.7/site-packages/airflow/example_dags/example_sensors.py
[2023-07-09T16:06:14.044+0000] {logging_mixin.py:149} INFO - [2023-07-09T16:06:14.044+0000] {dag.py:2726} INFO - Sync 1 DAGs
[2023-07-09T16:06:14.061+0000] {logging_mixin.py:149} INFO - [2023-07-09T16:06:14.061+0000] {dag.py:3490} INFO - Setting next_dagrun for example_sensors to None, run_after=None
[2023-07-09T16:06:14.073+0000] {processor.py:179} INFO - Processing /home/airflow/.local/lib/python3.7/site-packages/airflow/example_dags/example_sensors.py took 0.074 seconds
[2023-07-09T16:06:44.299+0000] {processor.py:157} INFO - Started process (PID=798) to work on /home/airflow/.local/lib/python3.7/site-packages/airflow/example_dags/example_sensors.py
[2023-07-09T16:06:44.301+0000] {processor.py:826} INFO - Processing file /home/airflow/.local/lib/python3.7/site-packages/airflow/example_dags/example_sensors.py for tasks to queue
[2023-07-09T16:06:44.302+0000] {logging_mixin.py:149} INFO - [2023-07-09T16:06:44.302+0000] {dagbag.py:541} INFO - Filling up the DagBag from /home/airflow/.local/lib/python3.7/site-packages/airflow/example_dags/example_sensors.py
[2023-07-09T16:06:44.316+0000] {processor.py:836} INFO - DAG(s) dict_keys(['example_sensors']) retrieved from /home/airflow/.local/lib/python3.7/site-packages/airflow/example_dags/example_sensors.py
[2023-07-09T16:06:44.349+0000] {logging_mixin.py:149} INFO - [2023-07-09T16:06:44.349+0000] {dag.py:2726} INFO - Sync 1 DAGs
[2023-07-09T16:06:44.370+0000] {logging_mixin.py:149} INFO - [2023-07-09T16:06:44.370+0000] {dag.py:3490} INFO - Setting next_dagrun for example_sensors to None, run_after=None
[2023-07-09T16:06:44.387+0000] {processor.py:179} INFO - Processing /home/airflow/.local/lib/python3.7/site-packages/airflow/example_dags/example_sensors.py took 0.093 seconds
[2023-07-09T16:07:14.665+0000] {processor.py:157} INFO - Started process (PID=859) to work on /home/airflow/.local/lib/python3.7/site-packages/airflow/example_dags/example_sensors.py
[2023-07-09T16:07:14.666+0000] {processor.py:826} INFO - Processing file /home/airflow/.local/lib/python3.7/site-packages/airflow/example_dags/example_sensors.py for tasks to queue
[2023-07-09T16:07:14.667+0000] {logging_mixin.py:149} INFO - [2023-07-09T16:07:14.667+0000] {dagbag.py:541} INFO - Filling up the DagBag from /home/airflow/.local/lib/python3.7/site-packages/airflow/example_dags/example_sensors.py
[2023-07-09T16:07:14.674+0000] {processor.py:836} INFO - DAG(s) dict_keys(['example_sensors']) retrieved from /home/airflow/.local/lib/python3.7/site-packages/airflow/example_dags/example_sensors.py
[2023-07-09T16:07:14.699+0000] {logging_mixin.py:149} INFO - [2023-07-09T16:07:14.699+0000] {dag.py:2726} INFO - Sync 1 DAGs
[2023-07-09T16:07:14.719+0000] {logging_mixin.py:149} INFO - [2023-07-09T16:07:14.719+0000] {dag.py:3490} INFO - Setting next_dagrun for example_sensors to None, run_after=None
[2023-07-09T16:07:14.731+0000] {processor.py:179} INFO - Processing /home/airflow/.local/lib/python3.7/site-packages/airflow/example_dags/example_sensors.py took 0.069 seconds
[2023-07-09T16:07:45.124+0000] {processor.py:157} INFO - Started process (PID=919) to work on /home/airflow/.local/lib/python3.7/site-packages/airflow/example_dags/example_sensors.py
[2023-07-09T16:07:45.125+0000] {processor.py:826} INFO - Processing file /home/airflow/.local/lib/python3.7/site-packages/airflow/example_dags/example_sensors.py for tasks to queue
[2023-07-09T16:07:45.126+0000] {logging_mixin.py:149} INFO - [2023-07-09T16:07:45.126+0000] {dagbag.py:541} INFO - Filling up the DagBag from /home/airflow/.local/lib/python3.7/site-packages/airflow/example_dags/example_sensors.py
[2023-07-09T16:07:45.133+0000] {processor.py:836} INFO - DAG(s) dict_keys(['example_sensors']) retrieved from /home/airflow/.local/lib/python3.7/site-packages/airflow/example_dags/example_sensors.py
[2023-07-09T16:07:45.156+0000] {logging_mixin.py:149} INFO - [2023-07-09T16:07:45.156+0000] {dag.py:2726} INFO - Sync 1 DAGs
[2023-07-09T16:07:45.172+0000] {logging_mixin.py:149} INFO - [2023-07-09T16:07:45.172+0000] {dag.py:3490} INFO - Setting next_dagrun for example_sensors to None, run_after=None
[2023-07-09T16:07:45.184+0000] {processor.py:179} INFO - Processing /home/airflow/.local/lib/python3.7/site-packages/airflow/example_dags/example_sensors.py took 0.063 seconds
[2023-07-09T16:08:15.473+0000] {processor.py:157} INFO - Started process (PID=981) to work on /home/airflow/.local/lib/python3.7/site-packages/airflow/example_dags/example_sensors.py
[2023-07-09T16:08:15.474+0000] {processor.py:826} INFO - Processing file /home/airflow/.local/lib/python3.7/site-packages/airflow/example_dags/example_sensors.py for tasks to queue
[2023-07-09T16:08:15.475+0000] {logging_mixin.py:149} INFO - [2023-07-09T16:08:15.475+0000] {dagbag.py:541} INFO - Filling up the DagBag from /home/airflow/.local/lib/python3.7/site-packages/airflow/example_dags/example_sensors.py
[2023-07-09T16:08:15.483+0000] {processor.py:836} INFO - DAG(s) dict_keys(['example_sensors']) retrieved from /home/airflow/.local/lib/python3.7/site-packages/airflow/example_dags/example_sensors.py
[2023-07-09T16:08:15.513+0000] {logging_mixin.py:149} INFO - [2023-07-09T16:08:15.513+0000] {dag.py:2726} INFO - Sync 1 DAGs
[2023-07-09T16:08:15.531+0000] {logging_mixin.py:149} INFO - [2023-07-09T16:08:15.531+0000] {dag.py:3490} INFO - Setting next_dagrun for example_sensors to None, run_after=None
[2023-07-09T16:08:15.544+0000] {processor.py:179} INFO - Processing /home/airflow/.local/lib/python3.7/site-packages/airflow/example_dags/example_sensors.py took 0.074 seconds
[2023-07-09T16:08:46.382+0000] {processor.py:157} INFO - Started process (PID=1042) to work on /home/airflow/.local/lib/python3.7/site-packages/airflow/example_dags/example_sensors.py
[2023-07-09T16:08:46.383+0000] {processor.py:826} INFO - Processing file /home/airflow/.local/lib/python3.7/site-packages/airflow/example_dags/example_sensors.py for tasks to queue
[2023-07-09T16:08:46.384+0000] {logging_mixin.py:149} INFO - [2023-07-09T16:08:46.384+0000] {dagbag.py:541} INFO - Filling up the DagBag from /home/airflow/.local/lib/python3.7/site-packages/airflow/example_dags/example_sensors.py
[2023-07-09T16:08:46.391+0000] {processor.py:836} INFO - DAG(s) dict_keys(['example_sensors']) retrieved from /home/airflow/.local/lib/python3.7/site-packages/airflow/example_dags/example_sensors.py
[2023-07-09T16:08:46.414+0000] {logging_mixin.py:149} INFO - [2023-07-09T16:08:46.413+0000] {dag.py:2726} INFO - Sync 1 DAGs
[2023-07-09T16:08:46.429+0000] {logging_mixin.py:149} INFO - [2023-07-09T16:08:46.429+0000] {dag.py:3490} INFO - Setting next_dagrun for example_sensors to None, run_after=None
[2023-07-09T16:08:46.440+0000] {processor.py:179} INFO - Processing /home/airflow/.local/lib/python3.7/site-packages/airflow/example_dags/example_sensors.py took 0.061 seconds
[2023-07-09T16:09:16.824+0000] {processor.py:157} INFO - Started process (PID=1103) to work on /home/airflow/.local/lib/python3.7/site-packages/airflow/example_dags/example_sensors.py
[2023-07-09T16:09:16.826+0000] {processor.py:826} INFO - Processing file /home/airflow/.local/lib/python3.7/site-packages/airflow/example_dags/example_sensors.py for tasks to queue
[2023-07-09T16:09:16.827+0000] {logging_mixin.py:149} INFO - [2023-07-09T16:09:16.827+0000] {dagbag.py:541} INFO - Filling up the DagBag from /home/airflow/.local/lib/python3.7/site-packages/airflow/example_dags/example_sensors.py
[2023-07-09T16:09:16.834+0000] {processor.py:836} INFO - DAG(s) dict_keys(['example_sensors']) retrieved from /home/airflow/.local/lib/python3.7/site-packages/airflow/example_dags/example_sensors.py
[2023-07-09T16:09:16.857+0000] {logging_mixin.py:149} INFO - [2023-07-09T16:09:16.857+0000] {dag.py:2726} INFO - Sync 1 DAGs
[2023-07-09T16:09:16.874+0000] {logging_mixin.py:149} INFO - [2023-07-09T16:09:16.874+0000] {dag.py:3490} INFO - Setting next_dagrun for example_sensors to None, run_after=None
[2023-07-09T16:09:16.886+0000] {processor.py:179} INFO - Processing /home/airflow/.local/lib/python3.7/site-packages/airflow/example_dags/example_sensors.py took 0.065 seconds
[2023-07-09T16:09:47.027+0000] {processor.py:157} INFO - Started process (PID=1163) to work on /home/airflow/.local/lib/python3.7/site-packages/airflow/example_dags/example_sensors.py
[2023-07-09T16:09:47.029+0000] {processor.py:826} INFO - Processing file /home/airflow/.local/lib/python3.7/site-packages/airflow/example_dags/example_sensors.py for tasks to queue
[2023-07-09T16:09:47.030+0000] {logging_mixin.py:149} INFO - [2023-07-09T16:09:47.030+0000] {dagbag.py:541} INFO - Filling up the DagBag from /home/airflow/.local/lib/python3.7/site-packages/airflow/example_dags/example_sensors.py
[2023-07-09T16:09:47.039+0000] {processor.py:836} INFO - DAG(s) dict_keys(['example_sensors']) retrieved from /home/airflow/.local/lib/python3.7/site-packages/airflow/example_dags/example_sensors.py
[2023-07-09T16:09:47.061+0000] {logging_mixin.py:149} INFO - [2023-07-09T16:09:47.061+0000] {dag.py:2726} INFO - Sync 1 DAGs
[2023-07-09T16:09:47.079+0000] {logging_mixin.py:149} INFO - [2023-07-09T16:09:47.078+0000] {dag.py:3490} INFO - Setting next_dagrun for example_sensors to None, run_after=None
[2023-07-09T16:09:47.090+0000] {processor.py:179} INFO - Processing /home/airflow/.local/lib/python3.7/site-packages/airflow/example_dags/example_sensors.py took 0.067 seconds
[2023-07-09T16:10:17.402+0000] {processor.py:157} INFO - Started process (PID=1223) to work on /home/airflow/.local/lib/python3.7/site-packages/airflow/example_dags/example_sensors.py
[2023-07-09T16:10:17.404+0000] {processor.py:826} INFO - Processing file /home/airflow/.local/lib/python3.7/site-packages/airflow/example_dags/example_sensors.py for tasks to queue
[2023-07-09T16:10:17.405+0000] {logging_mixin.py:149} INFO - [2023-07-09T16:10:17.405+0000] {dagbag.py:541} INFO - Filling up the DagBag from /home/airflow/.local/lib/python3.7/site-packages/airflow/example_dags/example_sensors.py
[2023-07-09T16:10:17.414+0000] {processor.py:836} INFO - DAG(s) dict_keys(['example_sensors']) retrieved from /home/airflow/.local/lib/python3.7/site-packages/airflow/example_dags/example_sensors.py
[2023-07-09T16:10:17.441+0000] {logging_mixin.py:149} INFO - [2023-07-09T16:10:17.441+0000] {dag.py:2726} INFO - Sync 1 DAGs
[2023-07-09T16:10:17.460+0000] {logging_mixin.py:149} INFO - [2023-07-09T16:10:17.460+0000] {dag.py:3490} INFO - Setting next_dagrun for example_sensors to None, run_after=None
[2023-07-09T16:10:17.474+0000] {processor.py:179} INFO - Processing /home/airflow/.local/lib/python3.7/site-packages/airflow/example_dags/example_sensors.py took 0.076 seconds
[2023-07-09T16:10:47.747+0000] {processor.py:157} INFO - Started process (PID=1285) to work on /home/airflow/.local/lib/python3.7/site-packages/airflow/example_dags/example_sensors.py
[2023-07-09T16:10:47.748+0000] {processor.py:826} INFO - Processing file /home/airflow/.local/lib/python3.7/site-packages/airflow/example_dags/example_sensors.py for tasks to queue
[2023-07-09T16:10:47.749+0000] {logging_mixin.py:149} INFO - [2023-07-09T16:10:47.749+0000] {dagbag.py:541} INFO - Filling up the DagBag from /home/airflow/.local/lib/python3.7/site-packages/airflow/example_dags/example_sensors.py
[2023-07-09T16:10:47.757+0000] {processor.py:836} INFO - DAG(s) dict_keys(['example_sensors']) retrieved from /home/airflow/.local/lib/python3.7/site-packages/airflow/example_dags/example_sensors.py
[2023-07-09T16:10:47.781+0000] {logging_mixin.py:149} INFO - [2023-07-09T16:10:47.781+0000] {dag.py:2726} INFO - Sync 1 DAGs
[2023-07-09T16:10:47.798+0000] {logging_mixin.py:149} INFO - [2023-07-09T16:10:47.798+0000] {dag.py:3490} INFO - Setting next_dagrun for example_sensors to None, run_after=None
[2023-07-09T16:10:47.811+0000] {processor.py:179} INFO - Processing /home/airflow/.local/lib/python3.7/site-packages/airflow/example_dags/example_sensors.py took 0.067 seconds
[2023-07-09T16:11:18.029+0000] {processor.py:157} INFO - Started process (PID=1347) to work on /home/airflow/.local/lib/python3.7/site-packages/airflow/example_dags/example_sensors.py
[2023-07-09T16:11:18.030+0000] {processor.py:826} INFO - Processing file /home/airflow/.local/lib/python3.7/site-packages/airflow/example_dags/example_sensors.py for tasks to queue
[2023-07-09T16:11:18.031+0000] {logging_mixin.py:149} INFO - [2023-07-09T16:11:18.031+0000] {dagbag.py:541} INFO - Filling up the DagBag from /home/airflow/.local/lib/python3.7/site-packages/airflow/example_dags/example_sensors.py
[2023-07-09T16:11:18.039+0000] {processor.py:836} INFO - DAG(s) dict_keys(['example_sensors']) retrieved from /home/airflow/.local/lib/python3.7/site-packages/airflow/example_dags/example_sensors.py
[2023-07-09T16:11:18.060+0000] {logging_mixin.py:149} INFO - [2023-07-09T16:11:18.060+0000] {dag.py:2726} INFO - Sync 1 DAGs
[2023-07-09T16:11:18.075+0000] {logging_mixin.py:149} INFO - [2023-07-09T16:11:18.075+0000] {dag.py:3490} INFO - Setting next_dagrun for example_sensors to None, run_after=None
[2023-07-09T16:11:18.087+0000] {processor.py:179} INFO - Processing /home/airflow/.local/lib/python3.7/site-packages/airflow/example_dags/example_sensors.py took 0.060 seconds
[2023-07-09T16:11:48.512+0000] {processor.py:157} INFO - Started process (PID=1408) to work on /home/airflow/.local/lib/python3.7/site-packages/airflow/example_dags/example_sensors.py
[2023-07-09T16:11:48.514+0000] {processor.py:826} INFO - Processing file /home/airflow/.local/lib/python3.7/site-packages/airflow/example_dags/example_sensors.py for tasks to queue
[2023-07-09T16:11:48.515+0000] {logging_mixin.py:149} INFO - [2023-07-09T16:11:48.514+0000] {dagbag.py:541} INFO - Filling up the DagBag from /home/airflow/.local/lib/python3.7/site-packages/airflow/example_dags/example_sensors.py
[2023-07-09T16:11:48.522+0000] {processor.py:836} INFO - DAG(s) dict_keys(['example_sensors']) retrieved from /home/airflow/.local/lib/python3.7/site-packages/airflow/example_dags/example_sensors.py
[2023-07-09T16:11:48.545+0000] {logging_mixin.py:149} INFO - [2023-07-09T16:11:48.545+0000] {dag.py:2726} INFO - Sync 1 DAGs
[2023-07-09T16:11:48.569+0000] {logging_mixin.py:149} INFO - [2023-07-09T16:11:48.569+0000] {dag.py:3490} INFO - Setting next_dagrun for example_sensors to None, run_after=None
[2023-07-09T16:11:48.599+0000] {processor.py:179} INFO - Processing /home/airflow/.local/lib/python3.7/site-packages/airflow/example_dags/example_sensors.py took 0.089 seconds
[2023-07-09T16:12:18.931+0000] {processor.py:157} INFO - Started process (PID=1469) to work on /home/airflow/.local/lib/python3.7/site-packages/airflow/example_dags/example_sensors.py
[2023-07-09T16:12:18.933+0000] {processor.py:826} INFO - Processing file /home/airflow/.local/lib/python3.7/site-packages/airflow/example_dags/example_sensors.py for tasks to queue
[2023-07-09T16:12:18.934+0000] {logging_mixin.py:149} INFO - [2023-07-09T16:12:18.934+0000] {dagbag.py:541} INFO - Filling up the DagBag from /home/airflow/.local/lib/python3.7/site-packages/airflow/example_dags/example_sensors.py
[2023-07-09T16:12:18.943+0000] {processor.py:836} INFO - DAG(s) dict_keys(['example_sensors']) retrieved from /home/airflow/.local/lib/python3.7/site-packages/airflow/example_dags/example_sensors.py
[2023-07-09T16:12:18.969+0000] {logging_mixin.py:149} INFO - [2023-07-09T16:12:18.969+0000] {dag.py:2726} INFO - Sync 1 DAGs
[2023-07-09T16:12:18.985+0000] {logging_mixin.py:149} INFO - [2023-07-09T16:12:18.985+0000] {dag.py:3490} INFO - Setting next_dagrun for example_sensors to None, run_after=None
[2023-07-09T16:12:18.997+0000] {processor.py:179} INFO - Processing /home/airflow/.local/lib/python3.7/site-packages/airflow/example_dags/example_sensors.py took 0.070 seconds
[2023-07-09T16:12:49.176+0000] {processor.py:157} INFO - Started process (PID=1530) to work on /home/airflow/.local/lib/python3.7/site-packages/airflow/example_dags/example_sensors.py
[2023-07-09T16:12:49.178+0000] {processor.py:826} INFO - Processing file /home/airflow/.local/lib/python3.7/site-packages/airflow/example_dags/example_sensors.py for tasks to queue
[2023-07-09T16:12:49.179+0000] {logging_mixin.py:149} INFO - [2023-07-09T16:12:49.179+0000] {dagbag.py:541} INFO - Filling up the DagBag from /home/airflow/.local/lib/python3.7/site-packages/airflow/example_dags/example_sensors.py
[2023-07-09T16:12:49.186+0000] {processor.py:836} INFO - DAG(s) dict_keys(['example_sensors']) retrieved from /home/airflow/.local/lib/python3.7/site-packages/airflow/example_dags/example_sensors.py
[2023-07-09T16:12:49.208+0000] {logging_mixin.py:149} INFO - [2023-07-09T16:12:49.208+0000] {dag.py:2726} INFO - Sync 1 DAGs
[2023-07-09T16:12:49.223+0000] {logging_mixin.py:149} INFO - [2023-07-09T16:12:49.223+0000] {dag.py:3490} INFO - Setting next_dagrun for example_sensors to None, run_after=None
[2023-07-09T16:12:49.235+0000] {processor.py:179} INFO - Processing /home/airflow/.local/lib/python3.7/site-packages/airflow/example_dags/example_sensors.py took 0.062 seconds
[2023-07-09T16:13:19.642+0000] {processor.py:157} INFO - Started process (PID=1591) to work on /home/airflow/.local/lib/python3.7/site-packages/airflow/example_dags/example_sensors.py
[2023-07-09T16:13:19.645+0000] {processor.py:826} INFO - Processing file /home/airflow/.local/lib/python3.7/site-packages/airflow/example_dags/example_sensors.py for tasks to queue
[2023-07-09T16:13:19.647+0000] {logging_mixin.py:149} INFO - [2023-07-09T16:13:19.646+0000] {dagbag.py:541} INFO - Filling up the DagBag from /home/airflow/.local/lib/python3.7/site-packages/airflow/example_dags/example_sensors.py
[2023-07-09T16:13:19.655+0000] {processor.py:836} INFO - DAG(s) dict_keys(['example_sensors']) retrieved from /home/airflow/.local/lib/python3.7/site-packages/airflow/example_dags/example_sensors.py
[2023-07-09T16:13:19.679+0000] {logging_mixin.py:149} INFO - [2023-07-09T16:13:19.679+0000] {dag.py:2726} INFO - Sync 1 DAGs
[2023-07-09T16:13:19.697+0000] {logging_mixin.py:149} INFO - [2023-07-09T16:13:19.696+0000] {dag.py:3490} INFO - Setting next_dagrun for example_sensors to None, run_after=None
[2023-07-09T16:13:19.710+0000] {processor.py:179} INFO - Processing /home/airflow/.local/lib/python3.7/site-packages/airflow/example_dags/example_sensors.py took 0.071 seconds
[2023-07-09T16:13:49.805+0000] {processor.py:157} INFO - Started process (PID=1652) to work on /home/airflow/.local/lib/python3.7/site-packages/airflow/example_dags/example_sensors.py
[2023-07-09T16:13:49.806+0000] {processor.py:826} INFO - Processing file /home/airflow/.local/lib/python3.7/site-packages/airflow/example_dags/example_sensors.py for tasks to queue
[2023-07-09T16:13:49.807+0000] {logging_mixin.py:149} INFO - [2023-07-09T16:13:49.807+0000] {dagbag.py:541} INFO - Filling up the DagBag from /home/airflow/.local/lib/python3.7/site-packages/airflow/example_dags/example_sensors.py
[2023-07-09T16:13:49.814+0000] {processor.py:836} INFO - DAG(s) dict_keys(['example_sensors']) retrieved from /home/airflow/.local/lib/python3.7/site-packages/airflow/example_dags/example_sensors.py
[2023-07-09T16:13:49.836+0000] {logging_mixin.py:149} INFO - [2023-07-09T16:13:49.836+0000] {dag.py:2726} INFO - Sync 1 DAGs
[2023-07-09T16:13:49.851+0000] {logging_mixin.py:149} INFO - [2023-07-09T16:13:49.851+0000] {dag.py:3490} INFO - Setting next_dagrun for example_sensors to None, run_after=None
[2023-07-09T16:13:49.862+0000] {processor.py:179} INFO - Processing /home/airflow/.local/lib/python3.7/site-packages/airflow/example_dags/example_sensors.py took 0.060 seconds
[2023-07-09T16:14:20.280+0000] {processor.py:157} INFO - Started process (PID=1713) to work on /home/airflow/.local/lib/python3.7/site-packages/airflow/example_dags/example_sensors.py
[2023-07-09T16:14:20.281+0000] {processor.py:826} INFO - Processing file /home/airflow/.local/lib/python3.7/site-packages/airflow/example_dags/example_sensors.py for tasks to queue
[2023-07-09T16:14:20.282+0000] {logging_mixin.py:149} INFO - [2023-07-09T16:14:20.281+0000] {dagbag.py:541} INFO - Filling up the DagBag from /home/airflow/.local/lib/python3.7/site-packages/airflow/example_dags/example_sensors.py
[2023-07-09T16:14:20.289+0000] {processor.py:836} INFO - DAG(s) dict_keys(['example_sensors']) retrieved from /home/airflow/.local/lib/python3.7/site-packages/airflow/example_dags/example_sensors.py
[2023-07-09T16:14:20.311+0000] {logging_mixin.py:149} INFO - [2023-07-09T16:14:20.310+0000] {dag.py:2726} INFO - Sync 1 DAGs
[2023-07-09T16:14:20.326+0000] {logging_mixin.py:149} INFO - [2023-07-09T16:14:20.326+0000] {dag.py:3490} INFO - Setting next_dagrun for example_sensors to None, run_after=None
[2023-07-09T16:14:20.337+0000] {processor.py:179} INFO - Processing /home/airflow/.local/lib/python3.7/site-packages/airflow/example_dags/example_sensors.py took 0.060 seconds
[2023-07-09T16:14:50.897+0000] {processor.py:157} INFO - Started process (PID=1774) to work on /home/airflow/.local/lib/python3.7/site-packages/airflow/example_dags/example_sensors.py
[2023-07-09T16:14:50.899+0000] {processor.py:826} INFO - Processing file /home/airflow/.local/lib/python3.7/site-packages/airflow/example_dags/example_sensors.py for tasks to queue
[2023-07-09T16:14:50.900+0000] {logging_mixin.py:149} INFO - [2023-07-09T16:14:50.900+0000] {dagbag.py:541} INFO - Filling up the DagBag from /home/airflow/.local/lib/python3.7/site-packages/airflow/example_dags/example_sensors.py
[2023-07-09T16:14:50.911+0000] {processor.py:836} INFO - DAG(s) dict_keys(['example_sensors']) retrieved from /home/airflow/.local/lib/python3.7/site-packages/airflow/example_dags/example_sensors.py
[2023-07-09T16:14:50.935+0000] {logging_mixin.py:149} INFO - [2023-07-09T16:14:50.934+0000] {dag.py:2726} INFO - Sync 1 DAGs
[2023-07-09T16:14:50.950+0000] {logging_mixin.py:149} INFO - [2023-07-09T16:14:50.950+0000] {dag.py:3490} INFO - Setting next_dagrun for example_sensors to None, run_after=None
[2023-07-09T16:14:50.962+0000] {processor.py:179} INFO - Processing /home/airflow/.local/lib/python3.7/site-packages/airflow/example_dags/example_sensors.py took 0.069 seconds
[2023-07-09T16:15:21.501+0000] {processor.py:157} INFO - Started process (PID=1835) to work on /home/airflow/.local/lib/python3.7/site-packages/airflow/example_dags/example_sensors.py
[2023-07-09T16:15:21.503+0000] {processor.py:826} INFO - Processing file /home/airflow/.local/lib/python3.7/site-packages/airflow/example_dags/example_sensors.py for tasks to queue
[2023-07-09T16:15:21.503+0000] {logging_mixin.py:149} INFO - [2023-07-09T16:15:21.503+0000] {dagbag.py:541} INFO - Filling up the DagBag from /home/airflow/.local/lib/python3.7/site-packages/airflow/example_dags/example_sensors.py
[2023-07-09T16:15:21.511+0000] {processor.py:836} INFO - DAG(s) dict_keys(['example_sensors']) retrieved from /home/airflow/.local/lib/python3.7/site-packages/airflow/example_dags/example_sensors.py
[2023-07-09T16:15:21.532+0000] {logging_mixin.py:149} INFO - [2023-07-09T16:15:21.532+0000] {dag.py:2726} INFO - Sync 1 DAGs
[2023-07-09T16:15:21.548+0000] {logging_mixin.py:149} INFO - [2023-07-09T16:15:21.548+0000] {dag.py:3490} INFO - Setting next_dagrun for example_sensors to None, run_after=None
[2023-07-09T16:15:21.559+0000] {processor.py:179} INFO - Processing /home/airflow/.local/lib/python3.7/site-packages/airflow/example_dags/example_sensors.py took 0.060 seconds
[2023-07-09T16:15:52.290+0000] {processor.py:157} INFO - Started process (PID=1896) to work on /home/airflow/.local/lib/python3.7/site-packages/airflow/example_dags/example_sensors.py
[2023-07-09T16:15:52.291+0000] {processor.py:826} INFO - Processing file /home/airflow/.local/lib/python3.7/site-packages/airflow/example_dags/example_sensors.py for tasks to queue
[2023-07-09T16:15:52.292+0000] {logging_mixin.py:149} INFO - [2023-07-09T16:15:52.292+0000] {dagbag.py:541} INFO - Filling up the DagBag from /home/airflow/.local/lib/python3.7/site-packages/airflow/example_dags/example_sensors.py
[2023-07-09T16:15:52.299+0000] {processor.py:836} INFO - DAG(s) dict_keys(['example_sensors']) retrieved from /home/airflow/.local/lib/python3.7/site-packages/airflow/example_dags/example_sensors.py
[2023-07-09T16:15:52.319+0000] {logging_mixin.py:149} INFO - [2023-07-09T16:15:52.319+0000] {dag.py:2726} INFO - Sync 1 DAGs
[2023-07-09T16:15:52.335+0000] {logging_mixin.py:149} INFO - [2023-07-09T16:15:52.335+0000] {dag.py:3490} INFO - Setting next_dagrun for example_sensors to None, run_after=None
[2023-07-09T16:15:52.346+0000] {processor.py:179} INFO - Processing /home/airflow/.local/lib/python3.7/site-packages/airflow/example_dags/example_sensors.py took 0.059 seconds
[2023-07-09T16:16:23.342+0000] {processor.py:157} INFO - Started process (PID=1957) to work on /home/airflow/.local/lib/python3.7/site-packages/airflow/example_dags/example_sensors.py
[2023-07-09T16:16:23.343+0000] {processor.py:826} INFO - Processing file /home/airflow/.local/lib/python3.7/site-packages/airflow/example_dags/example_sensors.py for tasks to queue
[2023-07-09T16:16:23.344+0000] {logging_mixin.py:149} INFO - [2023-07-09T16:16:23.344+0000] {dagbag.py:541} INFO - Filling up the DagBag from /home/airflow/.local/lib/python3.7/site-packages/airflow/example_dags/example_sensors.py
[2023-07-09T16:16:23.351+0000] {processor.py:836} INFO - DAG(s) dict_keys(['example_sensors']) retrieved from /home/airflow/.local/lib/python3.7/site-packages/airflow/example_dags/example_sensors.py
[2023-07-09T16:16:23.371+0000] {logging_mixin.py:149} INFO - [2023-07-09T16:16:23.371+0000] {dag.py:2726} INFO - Sync 1 DAGs
[2023-07-09T16:16:23.390+0000] {logging_mixin.py:149} INFO - [2023-07-09T16:16:23.390+0000] {dag.py:3490} INFO - Setting next_dagrun for example_sensors to None, run_after=None
[2023-07-09T16:16:23.401+0000] {processor.py:179} INFO - Processing /home/airflow/.local/lib/python3.7/site-packages/airflow/example_dags/example_sensors.py took 0.062 seconds
[2023-07-09T16:16:53.774+0000] {processor.py:157} INFO - Started process (PID=2019) to work on /home/airflow/.local/lib/python3.7/site-packages/airflow/example_dags/example_sensors.py
[2023-07-09T16:16:53.775+0000] {processor.py:826} INFO - Processing file /home/airflow/.local/lib/python3.7/site-packages/airflow/example_dags/example_sensors.py for tasks to queue
[2023-07-09T16:16:53.776+0000] {logging_mixin.py:149} INFO - [2023-07-09T16:16:53.776+0000] {dagbag.py:541} INFO - Filling up the DagBag from /home/airflow/.local/lib/python3.7/site-packages/airflow/example_dags/example_sensors.py
[2023-07-09T16:16:53.785+0000] {processor.py:836} INFO - DAG(s) dict_keys(['example_sensors']) retrieved from /home/airflow/.local/lib/python3.7/site-packages/airflow/example_dags/example_sensors.py
[2023-07-09T16:16:53.809+0000] {logging_mixin.py:149} INFO - [2023-07-09T16:16:53.809+0000] {dag.py:2726} INFO - Sync 1 DAGs
[2023-07-09T16:16:53.823+0000] {logging_mixin.py:149} INFO - [2023-07-09T16:16:53.823+0000] {dag.py:3490} INFO - Setting next_dagrun for example_sensors to None, run_after=None
[2023-07-09T16:16:53.833+0000] {processor.py:179} INFO - Processing /home/airflow/.local/lib/python3.7/site-packages/airflow/example_dags/example_sensors.py took 0.062 seconds
[2023-07-09T16:17:24.827+0000] {processor.py:157} INFO - Started process (PID=2080) to work on /home/airflow/.local/lib/python3.7/site-packages/airflow/example_dags/example_sensors.py
[2023-07-09T16:17:24.829+0000] {processor.py:826} INFO - Processing file /home/airflow/.local/lib/python3.7/site-packages/airflow/example_dags/example_sensors.py for tasks to queue
[2023-07-09T16:17:24.830+0000] {logging_mixin.py:149} INFO - [2023-07-09T16:17:24.830+0000] {dagbag.py:541} INFO - Filling up the DagBag from /home/airflow/.local/lib/python3.7/site-packages/airflow/example_dags/example_sensors.py
[2023-07-09T16:17:24.838+0000] {processor.py:836} INFO - DAG(s) dict_keys(['example_sensors']) retrieved from /home/airflow/.local/lib/python3.7/site-packages/airflow/example_dags/example_sensors.py
[2023-07-09T16:17:24.864+0000] {logging_mixin.py:149} INFO - [2023-07-09T16:17:24.864+0000] {dag.py:2726} INFO - Sync 1 DAGs
[2023-07-09T16:17:24.888+0000] {logging_mixin.py:149} INFO - [2023-07-09T16:17:24.888+0000] {dag.py:3490} INFO - Setting next_dagrun for example_sensors to None, run_after=None
[2023-07-09T16:17:24.905+0000] {processor.py:179} INFO - Processing /home/airflow/.local/lib/python3.7/site-packages/airflow/example_dags/example_sensors.py took 0.081 seconds
[2023-07-09T16:17:55.458+0000] {processor.py:157} INFO - Started process (PID=2141) to work on /home/airflow/.local/lib/python3.7/site-packages/airflow/example_dags/example_sensors.py
[2023-07-09T16:17:55.460+0000] {processor.py:826} INFO - Processing file /home/airflow/.local/lib/python3.7/site-packages/airflow/example_dags/example_sensors.py for tasks to queue
[2023-07-09T16:17:55.460+0000] {logging_mixin.py:149} INFO - [2023-07-09T16:17:55.460+0000] {dagbag.py:541} INFO - Filling up the DagBag from /home/airflow/.local/lib/python3.7/site-packages/airflow/example_dags/example_sensors.py
[2023-07-09T16:17:55.469+0000] {processor.py:836} INFO - DAG(s) dict_keys(['example_sensors']) retrieved from /home/airflow/.local/lib/python3.7/site-packages/airflow/example_dags/example_sensors.py
[2023-07-09T16:17:55.497+0000] {logging_mixin.py:149} INFO - [2023-07-09T16:17:55.497+0000] {dag.py:2726} INFO - Sync 1 DAGs
[2023-07-09T16:17:55.523+0000] {logging_mixin.py:149} INFO - [2023-07-09T16:17:55.523+0000] {dag.py:3490} INFO - Setting next_dagrun for example_sensors to None, run_after=None
[2023-07-09T16:17:55.542+0000] {processor.py:179} INFO - Processing /home/airflow/.local/lib/python3.7/site-packages/airflow/example_dags/example_sensors.py took 0.088 seconds
