[2023-07-09T16:00:39.053+0000] {processor.py:157} INFO - Started process (PID=73) to work on /home/airflow/.local/lib/python3.7/site-packages/airflow/example_dags/tutorial.py
[2023-07-09T16:00:39.055+0000] {processor.py:826} INFO - Processing file /home/airflow/.local/lib/python3.7/site-packages/airflow/example_dags/tutorial.py for tasks to queue
[2023-07-09T16:00:39.057+0000] {logging_mixin.py:149} INFO - [2023-07-09T16:00:39.057+0000] {dagbag.py:541} INFO - Filling up the DagBag from /home/airflow/.local/lib/python3.7/site-packages/airflow/example_dags/tutorial.py
[2023-07-09T16:00:39.094+0000] {processor.py:836} INFO - DAG(s) dict_keys(['tutorial']) retrieved from /home/airflow/.local/lib/python3.7/site-packages/airflow/example_dags/tutorial.py
[2023-07-09T16:00:39.152+0000] {logging_mixin.py:149} INFO - [2023-07-09T16:00:39.152+0000] {dag.py:2726} INFO - Sync 1 DAGs
[2023-07-09T16:00:39.208+0000] {logging_mixin.py:149} INFO - [2023-07-09T16:00:39.207+0000] {dag.py:3490} INFO - Setting next_dagrun for tutorial to 2023-07-08T16:00:39.207539+00:00, run_after=2023-07-09T16:00:39.207539+00:00
[2023-07-09T16:00:39.260+0000] {processor.py:179} INFO - Processing /home/airflow/.local/lib/python3.7/site-packages/airflow/example_dags/tutorial.py took 0.221 seconds
[2023-07-09T16:01:09.569+0000] {processor.py:157} INFO - Started process (PID=134) to work on /home/airflow/.local/lib/python3.7/site-packages/airflow/example_dags/tutorial.py
[2023-07-09T16:01:09.571+0000] {processor.py:826} INFO - Processing file /home/airflow/.local/lib/python3.7/site-packages/airflow/example_dags/tutorial.py for tasks to queue
[2023-07-09T16:01:09.572+0000] {logging_mixin.py:149} INFO - [2023-07-09T16:01:09.572+0000] {dagbag.py:541} INFO - Filling up the DagBag from /home/airflow/.local/lib/python3.7/site-packages/airflow/example_dags/tutorial.py
[2023-07-09T16:01:09.578+0000] {processor.py:836} INFO - DAG(s) dict_keys(['tutorial']) retrieved from /home/airflow/.local/lib/python3.7/site-packages/airflow/example_dags/tutorial.py
[2023-07-09T16:01:09.599+0000] {logging_mixin.py:149} INFO - [2023-07-09T16:01:09.599+0000] {dag.py:2726} INFO - Sync 1 DAGs
[2023-07-09T16:01:09.618+0000] {logging_mixin.py:149} INFO - [2023-07-09T16:01:09.617+0000] {dag.py:3490} INFO - Setting next_dagrun for tutorial to 2023-07-08T16:01:09.617732+00:00, run_after=2023-07-09T16:01:09.617732+00:00
[2023-07-09T16:01:09.633+0000] {processor.py:179} INFO - Processing /home/airflow/.local/lib/python3.7/site-packages/airflow/example_dags/tutorial.py took 0.067 seconds
[2023-07-09T16:01:39.786+0000] {processor.py:157} INFO - Started process (PID=195) to work on /home/airflow/.local/lib/python3.7/site-packages/airflow/example_dags/tutorial.py
[2023-07-09T16:01:39.787+0000] {processor.py:826} INFO - Processing file /home/airflow/.local/lib/python3.7/site-packages/airflow/example_dags/tutorial.py for tasks to queue
[2023-07-09T16:01:39.789+0000] {logging_mixin.py:149} INFO - [2023-07-09T16:01:39.788+0000] {dagbag.py:541} INFO - Filling up the DagBag from /home/airflow/.local/lib/python3.7/site-packages/airflow/example_dags/tutorial.py
[2023-07-09T16:01:39.796+0000] {processor.py:836} INFO - DAG(s) dict_keys(['tutorial']) retrieved from /home/airflow/.local/lib/python3.7/site-packages/airflow/example_dags/tutorial.py
[2023-07-09T16:01:39.816+0000] {logging_mixin.py:149} INFO - [2023-07-09T16:01:39.816+0000] {dag.py:2726} INFO - Sync 1 DAGs
[2023-07-09T16:01:39.833+0000] {logging_mixin.py:149} INFO - [2023-07-09T16:01:39.833+0000] {dag.py:3490} INFO - Setting next_dagrun for tutorial to 2023-07-08T16:01:39.833459+00:00, run_after=2023-07-09T16:01:39.833459+00:00
[2023-07-09T16:01:39.848+0000] {processor.py:179} INFO - Processing /home/airflow/.local/lib/python3.7/site-packages/airflow/example_dags/tutorial.py took 0.066 seconds
[2023-07-09T16:02:10.776+0000] {processor.py:157} INFO - Started process (PID=256) to work on /home/airflow/.local/lib/python3.7/site-packages/airflow/example_dags/tutorial.py
[2023-07-09T16:02:10.777+0000] {processor.py:826} INFO - Processing file /home/airflow/.local/lib/python3.7/site-packages/airflow/example_dags/tutorial.py for tasks to queue
[2023-07-09T16:02:10.778+0000] {logging_mixin.py:149} INFO - [2023-07-09T16:02:10.778+0000] {dagbag.py:541} INFO - Filling up the DagBag from /home/airflow/.local/lib/python3.7/site-packages/airflow/example_dags/tutorial.py
[2023-07-09T16:02:10.784+0000] {processor.py:836} INFO - DAG(s) dict_keys(['tutorial']) retrieved from /home/airflow/.local/lib/python3.7/site-packages/airflow/example_dags/tutorial.py
[2023-07-09T16:02:10.802+0000] {logging_mixin.py:149} INFO - [2023-07-09T16:02:10.802+0000] {dag.py:2726} INFO - Sync 1 DAGs
[2023-07-09T16:02:10.819+0000] {logging_mixin.py:149} INFO - [2023-07-09T16:02:10.819+0000] {dag.py:3490} INFO - Setting next_dagrun for tutorial to 2023-07-08T16:02:10.819198+00:00, run_after=2023-07-09T16:02:10.819198+00:00
[2023-07-09T16:02:10.831+0000] {processor.py:179} INFO - Processing /home/airflow/.local/lib/python3.7/site-packages/airflow/example_dags/tutorial.py took 0.058 seconds
[2023-07-09T16:02:41.304+0000] {processor.py:157} INFO - Started process (PID=317) to work on /home/airflow/.local/lib/python3.7/site-packages/airflow/example_dags/tutorial.py
[2023-07-09T16:02:41.305+0000] {processor.py:826} INFO - Processing file /home/airflow/.local/lib/python3.7/site-packages/airflow/example_dags/tutorial.py for tasks to queue
[2023-07-09T16:02:41.306+0000] {logging_mixin.py:149} INFO - [2023-07-09T16:02:41.306+0000] {dagbag.py:541} INFO - Filling up the DagBag from /home/airflow/.local/lib/python3.7/site-packages/airflow/example_dags/tutorial.py
[2023-07-09T16:02:41.311+0000] {processor.py:836} INFO - DAG(s) dict_keys(['tutorial']) retrieved from /home/airflow/.local/lib/python3.7/site-packages/airflow/example_dags/tutorial.py
[2023-07-09T16:02:41.329+0000] {logging_mixin.py:149} INFO - [2023-07-09T16:02:41.329+0000] {dag.py:2726} INFO - Sync 1 DAGs
[2023-07-09T16:02:41.345+0000] {logging_mixin.py:149} INFO - [2023-07-09T16:02:41.345+0000] {dag.py:3490} INFO - Setting next_dagrun for tutorial to 2023-07-08T16:02:41.344881+00:00, run_after=2023-07-09T16:02:41.344881+00:00
[2023-07-09T16:02:41.357+0000] {processor.py:179} INFO - Processing /home/airflow/.local/lib/python3.7/site-packages/airflow/example_dags/tutorial.py took 0.056 seconds
[2023-07-09T16:03:11.916+0000] {processor.py:157} INFO - Started process (PID=378) to work on /home/airflow/.local/lib/python3.7/site-packages/airflow/example_dags/tutorial.py
[2023-07-09T16:03:11.917+0000] {processor.py:826} INFO - Processing file /home/airflow/.local/lib/python3.7/site-packages/airflow/example_dags/tutorial.py for tasks to queue
[2023-07-09T16:03:11.918+0000] {logging_mixin.py:149} INFO - [2023-07-09T16:03:11.918+0000] {dagbag.py:541} INFO - Filling up the DagBag from /home/airflow/.local/lib/python3.7/site-packages/airflow/example_dags/tutorial.py
[2023-07-09T16:03:11.923+0000] {processor.py:836} INFO - DAG(s) dict_keys(['tutorial']) retrieved from /home/airflow/.local/lib/python3.7/site-packages/airflow/example_dags/tutorial.py
[2023-07-09T16:03:11.942+0000] {logging_mixin.py:149} INFO - [2023-07-09T16:03:11.941+0000] {dag.py:2726} INFO - Sync 1 DAGs
[2023-07-09T16:03:11.958+0000] {logging_mixin.py:149} INFO - [2023-07-09T16:03:11.958+0000] {dag.py:3490} INFO - Setting next_dagrun for tutorial to 2023-07-08T16:03:11.958199+00:00, run_after=2023-07-09T16:03:11.958199+00:00
[2023-07-09T16:03:11.970+0000] {processor.py:179} INFO - Processing /home/airflow/.local/lib/python3.7/site-packages/airflow/example_dags/tutorial.py took 0.057 seconds
[2023-07-09T16:03:42.474+0000] {processor.py:157} INFO - Started process (PID=439) to work on /home/airflow/.local/lib/python3.7/site-packages/airflow/example_dags/tutorial.py
[2023-07-09T16:03:42.475+0000] {processor.py:826} INFO - Processing file /home/airflow/.local/lib/python3.7/site-packages/airflow/example_dags/tutorial.py for tasks to queue
[2023-07-09T16:03:42.476+0000] {logging_mixin.py:149} INFO - [2023-07-09T16:03:42.476+0000] {dagbag.py:541} INFO - Filling up the DagBag from /home/airflow/.local/lib/python3.7/site-packages/airflow/example_dags/tutorial.py
[2023-07-09T16:03:42.482+0000] {processor.py:836} INFO - DAG(s) dict_keys(['tutorial']) retrieved from /home/airflow/.local/lib/python3.7/site-packages/airflow/example_dags/tutorial.py
[2023-07-09T16:03:42.500+0000] {logging_mixin.py:149} INFO - [2023-07-09T16:03:42.500+0000] {dag.py:2726} INFO - Sync 1 DAGs
[2023-07-09T16:03:42.516+0000] {logging_mixin.py:149} INFO - [2023-07-09T16:03:42.516+0000] {dag.py:3490} INFO - Setting next_dagrun for tutorial to 2023-07-08T16:03:42.516444+00:00, run_after=2023-07-09T16:03:42.516444+00:00
[2023-07-09T16:03:42.529+0000] {processor.py:179} INFO - Processing /home/airflow/.local/lib/python3.7/site-packages/airflow/example_dags/tutorial.py took 0.057 seconds
[2023-07-09T16:04:13.263+0000] {processor.py:157} INFO - Started process (PID=500) to work on /home/airflow/.local/lib/python3.7/site-packages/airflow/example_dags/tutorial.py
[2023-07-09T16:04:13.264+0000] {processor.py:826} INFO - Processing file /home/airflow/.local/lib/python3.7/site-packages/airflow/example_dags/tutorial.py for tasks to queue
[2023-07-09T16:04:13.265+0000] {logging_mixin.py:149} INFO - [2023-07-09T16:04:13.265+0000] {dagbag.py:541} INFO - Filling up the DagBag from /home/airflow/.local/lib/python3.7/site-packages/airflow/example_dags/tutorial.py
[2023-07-09T16:04:13.270+0000] {processor.py:836} INFO - DAG(s) dict_keys(['tutorial']) retrieved from /home/airflow/.local/lib/python3.7/site-packages/airflow/example_dags/tutorial.py
[2023-07-09T16:04:13.289+0000] {logging_mixin.py:149} INFO - [2023-07-09T16:04:13.289+0000] {dag.py:2726} INFO - Sync 1 DAGs
[2023-07-09T16:04:13.305+0000] {logging_mixin.py:149} INFO - [2023-07-09T16:04:13.304+0000] {dag.py:3490} INFO - Setting next_dagrun for tutorial to 2023-07-08T16:04:13.304733+00:00, run_after=2023-07-09T16:04:13.304733+00:00
[2023-07-09T16:04:13.317+0000] {processor.py:179} INFO - Processing /home/airflow/.local/lib/python3.7/site-packages/airflow/example_dags/tutorial.py took 0.056 seconds
[2023-07-09T16:04:43.943+0000] {processor.py:157} INFO - Started process (PID=561) to work on /home/airflow/.local/lib/python3.7/site-packages/airflow/example_dags/tutorial.py
[2023-07-09T16:04:43.944+0000] {processor.py:826} INFO - Processing file /home/airflow/.local/lib/python3.7/site-packages/airflow/example_dags/tutorial.py for tasks to queue
[2023-07-09T16:04:43.945+0000] {logging_mixin.py:149} INFO - [2023-07-09T16:04:43.945+0000] {dagbag.py:541} INFO - Filling up the DagBag from /home/airflow/.local/lib/python3.7/site-packages/airflow/example_dags/tutorial.py
[2023-07-09T16:04:43.950+0000] {processor.py:836} INFO - DAG(s) dict_keys(['tutorial']) retrieved from /home/airflow/.local/lib/python3.7/site-packages/airflow/example_dags/tutorial.py
[2023-07-09T16:04:43.968+0000] {logging_mixin.py:149} INFO - [2023-07-09T16:04:43.968+0000] {dag.py:2726} INFO - Sync 1 DAGs
[2023-07-09T16:04:43.985+0000] {logging_mixin.py:149} INFO - [2023-07-09T16:04:43.985+0000] {dag.py:3490} INFO - Setting next_dagrun for tutorial to 2023-07-08T16:04:43.985117+00:00, run_after=2023-07-09T16:04:43.985117+00:00
[2023-07-09T16:04:43.997+0000] {processor.py:179} INFO - Processing /home/airflow/.local/lib/python3.7/site-packages/airflow/example_dags/tutorial.py took 0.057 seconds
[2023-07-09T16:05:14.375+0000] {processor.py:157} INFO - Started process (PID=622) to work on /home/airflow/.local/lib/python3.7/site-packages/airflow/example_dags/tutorial.py
[2023-07-09T16:05:14.377+0000] {processor.py:826} INFO - Processing file /home/airflow/.local/lib/python3.7/site-packages/airflow/example_dags/tutorial.py for tasks to queue
[2023-07-09T16:05:14.377+0000] {logging_mixin.py:149} INFO - [2023-07-09T16:05:14.377+0000] {dagbag.py:541} INFO - Filling up the DagBag from /home/airflow/.local/lib/python3.7/site-packages/airflow/example_dags/tutorial.py
[2023-07-09T16:05:14.382+0000] {processor.py:836} INFO - DAG(s) dict_keys(['tutorial']) retrieved from /home/airflow/.local/lib/python3.7/site-packages/airflow/example_dags/tutorial.py
[2023-07-09T16:05:14.400+0000] {logging_mixin.py:149} INFO - [2023-07-09T16:05:14.400+0000] {dag.py:2726} INFO - Sync 1 DAGs
[2023-07-09T16:05:14.417+0000] {logging_mixin.py:149} INFO - [2023-07-09T16:05:14.417+0000] {dag.py:3490} INFO - Setting next_dagrun for tutorial to 2023-07-08T16:05:14.416894+00:00, run_after=2023-07-09T16:05:14.416894+00:00
[2023-07-09T16:05:14.429+0000] {processor.py:179} INFO - Processing /home/airflow/.local/lib/python3.7/site-packages/airflow/example_dags/tutorial.py took 0.056 seconds
[2023-07-09T16:05:44.835+0000] {processor.py:157} INFO - Started process (PID=683) to work on /home/airflow/.local/lib/python3.7/site-packages/airflow/example_dags/tutorial.py
[2023-07-09T16:05:44.837+0000] {processor.py:826} INFO - Processing file /home/airflow/.local/lib/python3.7/site-packages/airflow/example_dags/tutorial.py for tasks to queue
[2023-07-09T16:05:44.837+0000] {logging_mixin.py:149} INFO - [2023-07-09T16:05:44.837+0000] {dagbag.py:541} INFO - Filling up the DagBag from /home/airflow/.local/lib/python3.7/site-packages/airflow/example_dags/tutorial.py
[2023-07-09T16:05:44.843+0000] {processor.py:836} INFO - DAG(s) dict_keys(['tutorial']) retrieved from /home/airflow/.local/lib/python3.7/site-packages/airflow/example_dags/tutorial.py
[2023-07-09T16:05:44.863+0000] {logging_mixin.py:149} INFO - [2023-07-09T16:05:44.863+0000] {dag.py:2726} INFO - Sync 1 DAGs
[2023-07-09T16:05:44.880+0000] {logging_mixin.py:149} INFO - [2023-07-09T16:05:44.880+0000] {dag.py:3490} INFO - Setting next_dagrun for tutorial to 2023-07-08T16:05:44.880301+00:00, run_after=2023-07-09T16:05:44.880301+00:00
[2023-07-09T16:05:44.893+0000] {processor.py:179} INFO - Processing /home/airflow/.local/lib/python3.7/site-packages/airflow/example_dags/tutorial.py took 0.061 seconds
[2023-07-09T16:06:15.515+0000] {processor.py:157} INFO - Started process (PID=744) to work on /home/airflow/.local/lib/python3.7/site-packages/airflow/example_dags/tutorial.py
[2023-07-09T16:06:15.517+0000] {processor.py:826} INFO - Processing file /home/airflow/.local/lib/python3.7/site-packages/airflow/example_dags/tutorial.py for tasks to queue
[2023-07-09T16:06:15.518+0000] {logging_mixin.py:149} INFO - [2023-07-09T16:06:15.518+0000] {dagbag.py:541} INFO - Filling up the DagBag from /home/airflow/.local/lib/python3.7/site-packages/airflow/example_dags/tutorial.py
[2023-07-09T16:06:15.523+0000] {processor.py:836} INFO - DAG(s) dict_keys(['tutorial']) retrieved from /home/airflow/.local/lib/python3.7/site-packages/airflow/example_dags/tutorial.py
[2023-07-09T16:06:15.541+0000] {logging_mixin.py:149} INFO - [2023-07-09T16:06:15.541+0000] {dag.py:2726} INFO - Sync 1 DAGs
[2023-07-09T16:06:15.558+0000] {logging_mixin.py:149} INFO - [2023-07-09T16:06:15.557+0000] {dag.py:3490} INFO - Setting next_dagrun for tutorial to 2023-07-08T16:06:15.557764+00:00, run_after=2023-07-09T16:06:15.557764+00:00
[2023-07-09T16:06:15.570+0000] {processor.py:179} INFO - Processing /home/airflow/.local/lib/python3.7/site-packages/airflow/example_dags/tutorial.py took 0.057 seconds
[2023-07-09T16:06:45.853+0000] {processor.py:157} INFO - Started process (PID=805) to work on /home/airflow/.local/lib/python3.7/site-packages/airflow/example_dags/tutorial.py
[2023-07-09T16:06:45.855+0000] {processor.py:826} INFO - Processing file /home/airflow/.local/lib/python3.7/site-packages/airflow/example_dags/tutorial.py for tasks to queue
[2023-07-09T16:06:45.855+0000] {logging_mixin.py:149} INFO - [2023-07-09T16:06:45.855+0000] {dagbag.py:541} INFO - Filling up the DagBag from /home/airflow/.local/lib/python3.7/site-packages/airflow/example_dags/tutorial.py
[2023-07-09T16:06:45.861+0000] {processor.py:836} INFO - DAG(s) dict_keys(['tutorial']) retrieved from /home/airflow/.local/lib/python3.7/site-packages/airflow/example_dags/tutorial.py
[2023-07-09T16:06:45.879+0000] {logging_mixin.py:149} INFO - [2023-07-09T16:06:45.878+0000] {dag.py:2726} INFO - Sync 1 DAGs
[2023-07-09T16:06:45.895+0000] {logging_mixin.py:149} INFO - [2023-07-09T16:06:45.894+0000] {dag.py:3490} INFO - Setting next_dagrun for tutorial to 2023-07-08T16:06:45.894709+00:00, run_after=2023-07-09T16:06:45.894709+00:00
[2023-07-09T16:06:45.908+0000] {processor.py:179} INFO - Processing /home/airflow/.local/lib/python3.7/site-packages/airflow/example_dags/tutorial.py took 0.057 seconds
[2023-07-09T16:07:16.453+0000] {processor.py:157} INFO - Started process (PID=866) to work on /home/airflow/.local/lib/python3.7/site-packages/airflow/example_dags/tutorial.py
[2023-07-09T16:07:16.455+0000] {processor.py:826} INFO - Processing file /home/airflow/.local/lib/python3.7/site-packages/airflow/example_dags/tutorial.py for tasks to queue
[2023-07-09T16:07:16.456+0000] {logging_mixin.py:149} INFO - [2023-07-09T16:07:16.456+0000] {dagbag.py:541} INFO - Filling up the DagBag from /home/airflow/.local/lib/python3.7/site-packages/airflow/example_dags/tutorial.py
[2023-07-09T16:07:16.463+0000] {processor.py:836} INFO - DAG(s) dict_keys(['tutorial']) retrieved from /home/airflow/.local/lib/python3.7/site-packages/airflow/example_dags/tutorial.py
[2023-07-09T16:07:16.486+0000] {logging_mixin.py:149} INFO - [2023-07-09T16:07:16.485+0000] {dag.py:2726} INFO - Sync 1 DAGs
[2023-07-09T16:07:16.506+0000] {logging_mixin.py:149} INFO - [2023-07-09T16:07:16.506+0000] {dag.py:3490} INFO - Setting next_dagrun for tutorial to 2023-07-08T16:07:16.505734+00:00, run_after=2023-07-09T16:07:16.505734+00:00
[2023-07-09T16:07:16.528+0000] {processor.py:179} INFO - Processing /home/airflow/.local/lib/python3.7/site-packages/airflow/example_dags/tutorial.py took 0.080 seconds
[2023-07-09T16:07:46.632+0000] {processor.py:157} INFO - Started process (PID=927) to work on /home/airflow/.local/lib/python3.7/site-packages/airflow/example_dags/tutorial.py
[2023-07-09T16:07:46.634+0000] {processor.py:826} INFO - Processing file /home/airflow/.local/lib/python3.7/site-packages/airflow/example_dags/tutorial.py for tasks to queue
[2023-07-09T16:07:46.635+0000] {logging_mixin.py:149} INFO - [2023-07-09T16:07:46.635+0000] {dagbag.py:541} INFO - Filling up the DagBag from /home/airflow/.local/lib/python3.7/site-packages/airflow/example_dags/tutorial.py
[2023-07-09T16:07:46.641+0000] {processor.py:836} INFO - DAG(s) dict_keys(['tutorial']) retrieved from /home/airflow/.local/lib/python3.7/site-packages/airflow/example_dags/tutorial.py
[2023-07-09T16:07:46.662+0000] {logging_mixin.py:149} INFO - [2023-07-09T16:07:46.662+0000] {dag.py:2726} INFO - Sync 1 DAGs
[2023-07-09T16:07:46.679+0000] {logging_mixin.py:149} INFO - [2023-07-09T16:07:46.679+0000] {dag.py:3490} INFO - Setting next_dagrun for tutorial to 2023-07-08T16:07:46.679048+00:00, run_after=2023-07-09T16:07:46.679048+00:00
[2023-07-09T16:07:46.693+0000] {processor.py:179} INFO - Processing /home/airflow/.local/lib/python3.7/site-packages/airflow/example_dags/tutorial.py took 0.064 seconds
[2023-07-09T16:08:16.994+0000] {processor.py:157} INFO - Started process (PID=988) to work on /home/airflow/.local/lib/python3.7/site-packages/airflow/example_dags/tutorial.py
[2023-07-09T16:08:16.996+0000] {processor.py:826} INFO - Processing file /home/airflow/.local/lib/python3.7/site-packages/airflow/example_dags/tutorial.py for tasks to queue
[2023-07-09T16:08:16.996+0000] {logging_mixin.py:149} INFO - [2023-07-09T16:08:16.996+0000] {dagbag.py:541} INFO - Filling up the DagBag from /home/airflow/.local/lib/python3.7/site-packages/airflow/example_dags/tutorial.py
[2023-07-09T16:08:17.001+0000] {processor.py:836} INFO - DAG(s) dict_keys(['tutorial']) retrieved from /home/airflow/.local/lib/python3.7/site-packages/airflow/example_dags/tutorial.py
[2023-07-09T16:08:17.020+0000] {logging_mixin.py:149} INFO - [2023-07-09T16:08:17.020+0000] {dag.py:2726} INFO - Sync 1 DAGs
[2023-07-09T16:08:17.037+0000] {logging_mixin.py:149} INFO - [2023-07-09T16:08:17.037+0000] {dag.py:3490} INFO - Setting next_dagrun for tutorial to 2023-07-08T16:08:17.037493+00:00, run_after=2023-07-09T16:08:17.037493+00:00
[2023-07-09T16:08:17.051+0000] {processor.py:179} INFO - Processing /home/airflow/.local/lib/python3.7/site-packages/airflow/example_dags/tutorial.py took 0.060 seconds
[2023-07-09T16:08:47.910+0000] {processor.py:157} INFO - Started process (PID=1049) to work on /home/airflow/.local/lib/python3.7/site-packages/airflow/example_dags/tutorial.py
[2023-07-09T16:08:47.912+0000] {processor.py:826} INFO - Processing file /home/airflow/.local/lib/python3.7/site-packages/airflow/example_dags/tutorial.py for tasks to queue
[2023-07-09T16:08:47.912+0000] {logging_mixin.py:149} INFO - [2023-07-09T16:08:47.912+0000] {dagbag.py:541} INFO - Filling up the DagBag from /home/airflow/.local/lib/python3.7/site-packages/airflow/example_dags/tutorial.py
[2023-07-09T16:08:47.917+0000] {processor.py:836} INFO - DAG(s) dict_keys(['tutorial']) retrieved from /home/airflow/.local/lib/python3.7/site-packages/airflow/example_dags/tutorial.py
[2023-07-09T16:08:47.936+0000] {logging_mixin.py:149} INFO - [2023-07-09T16:08:47.936+0000] {dag.py:2726} INFO - Sync 1 DAGs
[2023-07-09T16:08:47.953+0000] {logging_mixin.py:149} INFO - [2023-07-09T16:08:47.953+0000] {dag.py:3490} INFO - Setting next_dagrun for tutorial to 2023-07-08T16:08:47.953000+00:00, run_after=2023-07-09T16:08:47.953000+00:00
[2023-07-09T16:08:47.971+0000] {processor.py:179} INFO - Processing /home/airflow/.local/lib/python3.7/site-packages/airflow/example_dags/tutorial.py took 0.064 seconds
[2023-07-09T16:09:18.248+0000] {processor.py:157} INFO - Started process (PID=1110) to work on /home/airflow/.local/lib/python3.7/site-packages/airflow/example_dags/tutorial.py
[2023-07-09T16:09:18.249+0000] {processor.py:826} INFO - Processing file /home/airflow/.local/lib/python3.7/site-packages/airflow/example_dags/tutorial.py for tasks to queue
[2023-07-09T16:09:18.250+0000] {logging_mixin.py:149} INFO - [2023-07-09T16:09:18.250+0000] {dagbag.py:541} INFO - Filling up the DagBag from /home/airflow/.local/lib/python3.7/site-packages/airflow/example_dags/tutorial.py
[2023-07-09T16:09:18.255+0000] {processor.py:836} INFO - DAG(s) dict_keys(['tutorial']) retrieved from /home/airflow/.local/lib/python3.7/site-packages/airflow/example_dags/tutorial.py
[2023-07-09T16:09:18.273+0000] {logging_mixin.py:149} INFO - [2023-07-09T16:09:18.273+0000] {dag.py:2726} INFO - Sync 1 DAGs
[2023-07-09T16:09:18.290+0000] {logging_mixin.py:149} INFO - [2023-07-09T16:09:18.290+0000] {dag.py:3490} INFO - Setting next_dagrun for tutorial to 2023-07-08T16:09:18.289904+00:00, run_after=2023-07-09T16:09:18.289904+00:00
[2023-07-09T16:09:18.302+0000] {processor.py:179} INFO - Processing /home/airflow/.local/lib/python3.7/site-packages/airflow/example_dags/tutorial.py took 0.057 seconds
[2023-07-09T16:09:48.533+0000] {processor.py:157} INFO - Started process (PID=1170) to work on /home/airflow/.local/lib/python3.7/site-packages/airflow/example_dags/tutorial.py
[2023-07-09T16:09:48.534+0000] {processor.py:826} INFO - Processing file /home/airflow/.local/lib/python3.7/site-packages/airflow/example_dags/tutorial.py for tasks to queue
[2023-07-09T16:09:48.535+0000] {logging_mixin.py:149} INFO - [2023-07-09T16:09:48.535+0000] {dagbag.py:541} INFO - Filling up the DagBag from /home/airflow/.local/lib/python3.7/site-packages/airflow/example_dags/tutorial.py
[2023-07-09T16:09:48.540+0000] {processor.py:836} INFO - DAG(s) dict_keys(['tutorial']) retrieved from /home/airflow/.local/lib/python3.7/site-packages/airflow/example_dags/tutorial.py
[2023-07-09T16:09:48.560+0000] {logging_mixin.py:149} INFO - [2023-07-09T16:09:48.560+0000] {dag.py:2726} INFO - Sync 1 DAGs
[2023-07-09T16:09:48.584+0000] {logging_mixin.py:149} INFO - [2023-07-09T16:09:48.584+0000] {dag.py:3490} INFO - Setting next_dagrun for tutorial to 2023-07-08T16:09:48.583725+00:00, run_after=2023-07-09T16:09:48.583725+00:00
[2023-07-09T16:09:48.602+0000] {processor.py:179} INFO - Processing /home/airflow/.local/lib/python3.7/site-packages/airflow/example_dags/tutorial.py took 0.072 seconds
[2023-07-09T16:10:19.028+0000] {processor.py:157} INFO - Started process (PID=1231) to work on /home/airflow/.local/lib/python3.7/site-packages/airflow/example_dags/tutorial.py
[2023-07-09T16:10:19.029+0000] {processor.py:826} INFO - Processing file /home/airflow/.local/lib/python3.7/site-packages/airflow/example_dags/tutorial.py for tasks to queue
[2023-07-09T16:10:19.030+0000] {logging_mixin.py:149} INFO - [2023-07-09T16:10:19.030+0000] {dagbag.py:541} INFO - Filling up the DagBag from /home/airflow/.local/lib/python3.7/site-packages/airflow/example_dags/tutorial.py
[2023-07-09T16:10:19.035+0000] {processor.py:836} INFO - DAG(s) dict_keys(['tutorial']) retrieved from /home/airflow/.local/lib/python3.7/site-packages/airflow/example_dags/tutorial.py
[2023-07-09T16:10:19.054+0000] {logging_mixin.py:149} INFO - [2023-07-09T16:10:19.054+0000] {dag.py:2726} INFO - Sync 1 DAGs
[2023-07-09T16:10:19.069+0000] {logging_mixin.py:149} INFO - [2023-07-09T16:10:19.069+0000] {dag.py:3490} INFO - Setting next_dagrun for tutorial to 2023-07-08T16:10:19.068839+00:00, run_after=2023-07-09T16:10:19.068839+00:00
[2023-07-09T16:10:19.079+0000] {processor.py:179} INFO - Processing /home/airflow/.local/lib/python3.7/site-packages/airflow/example_dags/tutorial.py took 0.053 seconds
[2023-07-09T16:10:49.286+0000] {processor.py:157} INFO - Started process (PID=1292) to work on /home/airflow/.local/lib/python3.7/site-packages/airflow/example_dags/tutorial.py
[2023-07-09T16:10:49.287+0000] {processor.py:826} INFO - Processing file /home/airflow/.local/lib/python3.7/site-packages/airflow/example_dags/tutorial.py for tasks to queue
[2023-07-09T16:10:49.288+0000] {logging_mixin.py:149} INFO - [2023-07-09T16:10:49.288+0000] {dagbag.py:541} INFO - Filling up the DagBag from /home/airflow/.local/lib/python3.7/site-packages/airflow/example_dags/tutorial.py
[2023-07-09T16:10:49.293+0000] {processor.py:836} INFO - DAG(s) dict_keys(['tutorial']) retrieved from /home/airflow/.local/lib/python3.7/site-packages/airflow/example_dags/tutorial.py
[2023-07-09T16:10:49.311+0000] {logging_mixin.py:149} INFO - [2023-07-09T16:10:49.311+0000] {dag.py:2726} INFO - Sync 1 DAGs
[2023-07-09T16:10:49.327+0000] {logging_mixin.py:149} INFO - [2023-07-09T16:10:49.327+0000] {dag.py:3490} INFO - Setting next_dagrun for tutorial to 2023-07-08T16:10:49.327078+00:00, run_after=2023-07-09T16:10:49.327078+00:00
[2023-07-09T16:10:49.339+0000] {processor.py:179} INFO - Processing /home/airflow/.local/lib/python3.7/site-packages/airflow/example_dags/tutorial.py took 0.056 seconds
[2023-07-09T16:11:19.678+0000] {processor.py:157} INFO - Started process (PID=1354) to work on /home/airflow/.local/lib/python3.7/site-packages/airflow/example_dags/tutorial.py
[2023-07-09T16:11:19.680+0000] {processor.py:826} INFO - Processing file /home/airflow/.local/lib/python3.7/site-packages/airflow/example_dags/tutorial.py for tasks to queue
[2023-07-09T16:11:19.681+0000] {logging_mixin.py:149} INFO - [2023-07-09T16:11:19.681+0000] {dagbag.py:541} INFO - Filling up the DagBag from /home/airflow/.local/lib/python3.7/site-packages/airflow/example_dags/tutorial.py
[2023-07-09T16:11:19.688+0000] {processor.py:836} INFO - DAG(s) dict_keys(['tutorial']) retrieved from /home/airflow/.local/lib/python3.7/site-packages/airflow/example_dags/tutorial.py
[2023-07-09T16:11:19.717+0000] {logging_mixin.py:149} INFO - [2023-07-09T16:11:19.717+0000] {dag.py:2726} INFO - Sync 1 DAGs
[2023-07-09T16:11:19.736+0000] {logging_mixin.py:149} INFO - [2023-07-09T16:11:19.736+0000] {dag.py:3490} INFO - Setting next_dagrun for tutorial to 2023-07-08T16:11:19.736484+00:00, run_after=2023-07-09T16:11:19.736484+00:00
[2023-07-09T16:11:19.753+0000] {processor.py:179} INFO - Processing /home/airflow/.local/lib/python3.7/site-packages/airflow/example_dags/tutorial.py took 0.078 seconds
[2023-07-09T16:11:50.136+0000] {processor.py:157} INFO - Started process (PID=1415) to work on /home/airflow/.local/lib/python3.7/site-packages/airflow/example_dags/tutorial.py
[2023-07-09T16:11:50.138+0000] {processor.py:826} INFO - Processing file /home/airflow/.local/lib/python3.7/site-packages/airflow/example_dags/tutorial.py for tasks to queue
[2023-07-09T16:11:50.139+0000] {logging_mixin.py:149} INFO - [2023-07-09T16:11:50.139+0000] {dagbag.py:541} INFO - Filling up the DagBag from /home/airflow/.local/lib/python3.7/site-packages/airflow/example_dags/tutorial.py
[2023-07-09T16:11:50.146+0000] {processor.py:836} INFO - DAG(s) dict_keys(['tutorial']) retrieved from /home/airflow/.local/lib/python3.7/site-packages/airflow/example_dags/tutorial.py
[2023-07-09T16:11:50.172+0000] {logging_mixin.py:149} INFO - [2023-07-09T16:11:50.172+0000] {dag.py:2726} INFO - Sync 1 DAGs
[2023-07-09T16:11:50.192+0000] {logging_mixin.py:149} INFO - [2023-07-09T16:11:50.191+0000] {dag.py:3490} INFO - Setting next_dagrun for tutorial to 2023-07-08T16:11:50.191685+00:00, run_after=2023-07-09T16:11:50.191685+00:00
[2023-07-09T16:11:50.208+0000] {processor.py:179} INFO - Processing /home/airflow/.local/lib/python3.7/site-packages/airflow/example_dags/tutorial.py took 0.075 seconds
[2023-07-09T16:12:20.457+0000] {processor.py:157} INFO - Started process (PID=1476) to work on /home/airflow/.local/lib/python3.7/site-packages/airflow/example_dags/tutorial.py
[2023-07-09T16:12:20.459+0000] {processor.py:826} INFO - Processing file /home/airflow/.local/lib/python3.7/site-packages/airflow/example_dags/tutorial.py for tasks to queue
[2023-07-09T16:12:20.459+0000] {logging_mixin.py:149} INFO - [2023-07-09T16:12:20.459+0000] {dagbag.py:541} INFO - Filling up the DagBag from /home/airflow/.local/lib/python3.7/site-packages/airflow/example_dags/tutorial.py
[2023-07-09T16:12:20.465+0000] {processor.py:836} INFO - DAG(s) dict_keys(['tutorial']) retrieved from /home/airflow/.local/lib/python3.7/site-packages/airflow/example_dags/tutorial.py
[2023-07-09T16:12:20.483+0000] {logging_mixin.py:149} INFO - [2023-07-09T16:12:20.483+0000] {dag.py:2726} INFO - Sync 1 DAGs
[2023-07-09T16:12:20.499+0000] {logging_mixin.py:149} INFO - [2023-07-09T16:12:20.499+0000] {dag.py:3490} INFO - Setting next_dagrun for tutorial to 2023-07-08T16:12:20.499316+00:00, run_after=2023-07-09T16:12:20.499316+00:00
[2023-07-09T16:12:20.511+0000] {processor.py:179} INFO - Processing /home/airflow/.local/lib/python3.7/site-packages/airflow/example_dags/tutorial.py took 0.056 seconds
[2023-07-09T16:12:50.672+0000] {processor.py:157} INFO - Started process (PID=1537) to work on /home/airflow/.local/lib/python3.7/site-packages/airflow/example_dags/tutorial.py
[2023-07-09T16:12:50.674+0000] {processor.py:826} INFO - Processing file /home/airflow/.local/lib/python3.7/site-packages/airflow/example_dags/tutorial.py for tasks to queue
[2023-07-09T16:12:50.674+0000] {logging_mixin.py:149} INFO - [2023-07-09T16:12:50.674+0000] {dagbag.py:541} INFO - Filling up the DagBag from /home/airflow/.local/lib/python3.7/site-packages/airflow/example_dags/tutorial.py
[2023-07-09T16:12:50.680+0000] {processor.py:836} INFO - DAG(s) dict_keys(['tutorial']) retrieved from /home/airflow/.local/lib/python3.7/site-packages/airflow/example_dags/tutorial.py
[2023-07-09T16:12:50.698+0000] {logging_mixin.py:149} INFO - [2023-07-09T16:12:50.698+0000] {dag.py:2726} INFO - Sync 1 DAGs
[2023-07-09T16:12:50.714+0000] {logging_mixin.py:149} INFO - [2023-07-09T16:12:50.714+0000] {dag.py:3490} INFO - Setting next_dagrun for tutorial to 2023-07-08T16:12:50.714475+00:00, run_after=2023-07-09T16:12:50.714475+00:00
[2023-07-09T16:12:50.727+0000] {processor.py:179} INFO - Processing /home/airflow/.local/lib/python3.7/site-packages/airflow/example_dags/tutorial.py took 0.058 seconds
[2023-07-09T16:13:21.158+0000] {processor.py:157} INFO - Started process (PID=1598) to work on /home/airflow/.local/lib/python3.7/site-packages/airflow/example_dags/tutorial.py
[2023-07-09T16:13:21.160+0000] {processor.py:826} INFO - Processing file /home/airflow/.local/lib/python3.7/site-packages/airflow/example_dags/tutorial.py for tasks to queue
[2023-07-09T16:13:21.161+0000] {logging_mixin.py:149} INFO - [2023-07-09T16:13:21.161+0000] {dagbag.py:541} INFO - Filling up the DagBag from /home/airflow/.local/lib/python3.7/site-packages/airflow/example_dags/tutorial.py
[2023-07-09T16:13:21.166+0000] {processor.py:836} INFO - DAG(s) dict_keys(['tutorial']) retrieved from /home/airflow/.local/lib/python3.7/site-packages/airflow/example_dags/tutorial.py
[2023-07-09T16:13:21.185+0000] {logging_mixin.py:149} INFO - [2023-07-09T16:13:21.185+0000] {dag.py:2726} INFO - Sync 1 DAGs
[2023-07-09T16:13:21.202+0000] {logging_mixin.py:149} INFO - [2023-07-09T16:13:21.202+0000] {dag.py:3490} INFO - Setting next_dagrun for tutorial to 2023-07-08T16:13:21.202604+00:00, run_after=2023-07-09T16:13:21.202604+00:00
[2023-07-09T16:13:21.215+0000] {processor.py:179} INFO - Processing /home/airflow/.local/lib/python3.7/site-packages/airflow/example_dags/tutorial.py took 0.060 seconds
[2023-07-09T16:13:52.216+0000] {processor.py:157} INFO - Started process (PID=1659) to work on /home/airflow/.local/lib/python3.7/site-packages/airflow/example_dags/tutorial.py
[2023-07-09T16:13:52.218+0000] {processor.py:826} INFO - Processing file /home/airflow/.local/lib/python3.7/site-packages/airflow/example_dags/tutorial.py for tasks to queue
[2023-07-09T16:13:52.218+0000] {logging_mixin.py:149} INFO - [2023-07-09T16:13:52.218+0000] {dagbag.py:541} INFO - Filling up the DagBag from /home/airflow/.local/lib/python3.7/site-packages/airflow/example_dags/tutorial.py
[2023-07-09T16:13:52.224+0000] {processor.py:836} INFO - DAG(s) dict_keys(['tutorial']) retrieved from /home/airflow/.local/lib/python3.7/site-packages/airflow/example_dags/tutorial.py
[2023-07-09T16:13:52.244+0000] {logging_mixin.py:149} INFO - [2023-07-09T16:13:52.244+0000] {dag.py:2726} INFO - Sync 1 DAGs
[2023-07-09T16:13:52.261+0000] {logging_mixin.py:149} INFO - [2023-07-09T16:13:52.261+0000] {dag.py:3490} INFO - Setting next_dagrun for tutorial to 2023-07-08T16:13:52.260923+00:00, run_after=2023-07-09T16:13:52.260923+00:00
[2023-07-09T16:13:52.272+0000] {processor.py:179} INFO - Processing /home/airflow/.local/lib/python3.7/site-packages/airflow/example_dags/tutorial.py took 0.059 seconds
[2023-07-09T16:14:22.684+0000] {processor.py:157} INFO - Started process (PID=1720) to work on /home/airflow/.local/lib/python3.7/site-packages/airflow/example_dags/tutorial.py
[2023-07-09T16:14:22.686+0000] {processor.py:826} INFO - Processing file /home/airflow/.local/lib/python3.7/site-packages/airflow/example_dags/tutorial.py for tasks to queue
[2023-07-09T16:14:22.690+0000] {logging_mixin.py:149} INFO - [2023-07-09T16:14:22.690+0000] {dagbag.py:541} INFO - Filling up the DagBag from /home/airflow/.local/lib/python3.7/site-packages/airflow/example_dags/tutorial.py
[2023-07-09T16:14:22.697+0000] {processor.py:836} INFO - DAG(s) dict_keys(['tutorial']) retrieved from /home/airflow/.local/lib/python3.7/site-packages/airflow/example_dags/tutorial.py
[2023-07-09T16:14:22.716+0000] {logging_mixin.py:149} INFO - [2023-07-09T16:14:22.716+0000] {dag.py:2726} INFO - Sync 1 DAGs
[2023-07-09T16:14:22.735+0000] {logging_mixin.py:149} INFO - [2023-07-09T16:14:22.735+0000] {dag.py:3490} INFO - Setting next_dagrun for tutorial to 2023-07-08T16:14:22.734943+00:00, run_after=2023-07-09T16:14:22.734943+00:00
[2023-07-09T16:14:22.746+0000] {processor.py:179} INFO - Processing /home/airflow/.local/lib/python3.7/site-packages/airflow/example_dags/tutorial.py took 0.066 seconds
[2023-07-09T16:14:53.317+0000] {processor.py:157} INFO - Started process (PID=1781) to work on /home/airflow/.local/lib/python3.7/site-packages/airflow/example_dags/tutorial.py
[2023-07-09T16:14:53.318+0000] {processor.py:826} INFO - Processing file /home/airflow/.local/lib/python3.7/site-packages/airflow/example_dags/tutorial.py for tasks to queue
[2023-07-09T16:14:53.319+0000] {logging_mixin.py:149} INFO - [2023-07-09T16:14:53.319+0000] {dagbag.py:541} INFO - Filling up the DagBag from /home/airflow/.local/lib/python3.7/site-packages/airflow/example_dags/tutorial.py
[2023-07-09T16:14:53.324+0000] {processor.py:836} INFO - DAG(s) dict_keys(['tutorial']) retrieved from /home/airflow/.local/lib/python3.7/site-packages/airflow/example_dags/tutorial.py
[2023-07-09T16:14:53.343+0000] {logging_mixin.py:149} INFO - [2023-07-09T16:14:53.343+0000] {dag.py:2726} INFO - Sync 1 DAGs
[2023-07-09T16:14:53.360+0000] {logging_mixin.py:149} INFO - [2023-07-09T16:14:53.360+0000] {dag.py:3490} INFO - Setting next_dagrun for tutorial to 2023-07-08T16:14:53.360151+00:00, run_after=2023-07-09T16:14:53.360151+00:00
[2023-07-09T16:14:53.372+0000] {processor.py:179} INFO - Processing /home/airflow/.local/lib/python3.7/site-packages/airflow/example_dags/tutorial.py took 0.058 seconds
[2023-07-09T16:15:23.891+0000] {processor.py:157} INFO - Started process (PID=1842) to work on /home/airflow/.local/lib/python3.7/site-packages/airflow/example_dags/tutorial.py
[2023-07-09T16:15:23.892+0000] {processor.py:826} INFO - Processing file /home/airflow/.local/lib/python3.7/site-packages/airflow/example_dags/tutorial.py for tasks to queue
[2023-07-09T16:15:23.893+0000] {logging_mixin.py:149} INFO - [2023-07-09T16:15:23.893+0000] {dagbag.py:541} INFO - Filling up the DagBag from /home/airflow/.local/lib/python3.7/site-packages/airflow/example_dags/tutorial.py
[2023-07-09T16:15:23.898+0000] {processor.py:836} INFO - DAG(s) dict_keys(['tutorial']) retrieved from /home/airflow/.local/lib/python3.7/site-packages/airflow/example_dags/tutorial.py
[2023-07-09T16:15:23.917+0000] {logging_mixin.py:149} INFO - [2023-07-09T16:15:23.917+0000] {dag.py:2726} INFO - Sync 1 DAGs
[2023-07-09T16:15:23.934+0000] {logging_mixin.py:149} INFO - [2023-07-09T16:15:23.934+0000] {dag.py:3490} INFO - Setting next_dagrun for tutorial to 2023-07-08T16:15:23.934025+00:00, run_after=2023-07-09T16:15:23.934025+00:00
[2023-07-09T16:15:23.946+0000] {processor.py:179} INFO - Processing /home/airflow/.local/lib/python3.7/site-packages/airflow/example_dags/tutorial.py took 0.057 seconds
[2023-07-09T16:15:54.736+0000] {processor.py:157} INFO - Started process (PID=1903) to work on /home/airflow/.local/lib/python3.7/site-packages/airflow/example_dags/tutorial.py
[2023-07-09T16:15:54.737+0000] {processor.py:826} INFO - Processing file /home/airflow/.local/lib/python3.7/site-packages/airflow/example_dags/tutorial.py for tasks to queue
[2023-07-09T16:15:54.738+0000] {logging_mixin.py:149} INFO - [2023-07-09T16:15:54.738+0000] {dagbag.py:541} INFO - Filling up the DagBag from /home/airflow/.local/lib/python3.7/site-packages/airflow/example_dags/tutorial.py
[2023-07-09T16:15:54.744+0000] {processor.py:836} INFO - DAG(s) dict_keys(['tutorial']) retrieved from /home/airflow/.local/lib/python3.7/site-packages/airflow/example_dags/tutorial.py
[2023-07-09T16:15:54.764+0000] {logging_mixin.py:149} INFO - [2023-07-09T16:15:54.764+0000] {dag.py:2726} INFO - Sync 1 DAGs
[2023-07-09T16:15:54.781+0000] {logging_mixin.py:149} INFO - [2023-07-09T16:15:54.781+0000] {dag.py:3490} INFO - Setting next_dagrun for tutorial to 2023-07-08T16:15:54.781417+00:00, run_after=2023-07-09T16:15:54.781417+00:00
[2023-07-09T16:15:54.793+0000] {processor.py:179} INFO - Processing /home/airflow/.local/lib/python3.7/site-packages/airflow/example_dags/tutorial.py took 0.060 seconds
[2023-07-09T16:16:25.700+0000] {processor.py:157} INFO - Started process (PID=1964) to work on /home/airflow/.local/lib/python3.7/site-packages/airflow/example_dags/tutorial.py
[2023-07-09T16:16:25.701+0000] {processor.py:826} INFO - Processing file /home/airflow/.local/lib/python3.7/site-packages/airflow/example_dags/tutorial.py for tasks to queue
[2023-07-09T16:16:25.702+0000] {logging_mixin.py:149} INFO - [2023-07-09T16:16:25.702+0000] {dagbag.py:541} INFO - Filling up the DagBag from /home/airflow/.local/lib/python3.7/site-packages/airflow/example_dags/tutorial.py
[2023-07-09T16:16:25.709+0000] {processor.py:836} INFO - DAG(s) dict_keys(['tutorial']) retrieved from /home/airflow/.local/lib/python3.7/site-packages/airflow/example_dags/tutorial.py
[2023-07-09T16:16:25.732+0000] {logging_mixin.py:149} INFO - [2023-07-09T16:16:25.732+0000] {dag.py:2726} INFO - Sync 1 DAGs
[2023-07-09T16:16:25.750+0000] {logging_mixin.py:149} INFO - [2023-07-09T16:16:25.750+0000] {dag.py:3490} INFO - Setting next_dagrun for tutorial to 2023-07-08T16:16:25.750647+00:00, run_after=2023-07-09T16:16:25.750647+00:00
[2023-07-09T16:16:25.762+0000] {processor.py:179} INFO - Processing /home/airflow/.local/lib/python3.7/site-packages/airflow/example_dags/tutorial.py took 0.065 seconds
[2023-07-09T16:16:56.215+0000] {processor.py:157} INFO - Started process (PID=2026) to work on /home/airflow/.local/lib/python3.7/site-packages/airflow/example_dags/tutorial.py
[2023-07-09T16:16:56.217+0000] {processor.py:826} INFO - Processing file /home/airflow/.local/lib/python3.7/site-packages/airflow/example_dags/tutorial.py for tasks to queue
[2023-07-09T16:16:56.218+0000] {logging_mixin.py:149} INFO - [2023-07-09T16:16:56.218+0000] {dagbag.py:541} INFO - Filling up the DagBag from /home/airflow/.local/lib/python3.7/site-packages/airflow/example_dags/tutorial.py
[2023-07-09T16:16:56.224+0000] {processor.py:836} INFO - DAG(s) dict_keys(['tutorial']) retrieved from /home/airflow/.local/lib/python3.7/site-packages/airflow/example_dags/tutorial.py
[2023-07-09T16:16:56.247+0000] {logging_mixin.py:149} INFO - [2023-07-09T16:16:56.246+0000] {dag.py:2726} INFO - Sync 1 DAGs
[2023-07-09T16:16:56.264+0000] {logging_mixin.py:149} INFO - [2023-07-09T16:16:56.264+0000] {dag.py:3490} INFO - Setting next_dagrun for tutorial to 2023-07-08T16:16:56.264469+00:00, run_after=2023-07-09T16:16:56.264469+00:00
[2023-07-09T16:16:56.277+0000] {processor.py:179} INFO - Processing /home/airflow/.local/lib/python3.7/site-packages/airflow/example_dags/tutorial.py took 0.064 seconds
[2023-07-09T16:17:26.386+0000] {processor.py:157} INFO - Started process (PID=2087) to work on /home/airflow/.local/lib/python3.7/site-packages/airflow/example_dags/tutorial.py
[2023-07-09T16:17:26.388+0000] {processor.py:826} INFO - Processing file /home/airflow/.local/lib/python3.7/site-packages/airflow/example_dags/tutorial.py for tasks to queue
[2023-07-09T16:17:26.389+0000] {logging_mixin.py:149} INFO - [2023-07-09T16:17:26.389+0000] {dagbag.py:541} INFO - Filling up the DagBag from /home/airflow/.local/lib/python3.7/site-packages/airflow/example_dags/tutorial.py
[2023-07-09T16:17:26.397+0000] {processor.py:836} INFO - DAG(s) dict_keys(['tutorial']) retrieved from /home/airflow/.local/lib/python3.7/site-packages/airflow/example_dags/tutorial.py
[2023-07-09T16:17:26.423+0000] {logging_mixin.py:149} INFO - [2023-07-09T16:17:26.423+0000] {dag.py:2726} INFO - Sync 1 DAGs
[2023-07-09T16:17:26.456+0000] {logging_mixin.py:149} INFO - [2023-07-09T16:17:26.456+0000] {dag.py:3490} INFO - Setting next_dagrun for tutorial to 2023-07-08T16:17:26.455334+00:00, run_after=2023-07-09T16:17:26.455334+00:00
[2023-07-09T16:17:26.484+0000] {processor.py:179} INFO - Processing /home/airflow/.local/lib/python3.7/site-packages/airflow/example_dags/tutorial.py took 0.101 seconds
[2023-07-09T16:17:56.905+0000] {processor.py:157} INFO - Started process (PID=2147) to work on /home/airflow/.local/lib/python3.7/site-packages/airflow/example_dags/tutorial.py
[2023-07-09T16:17:56.906+0000] {processor.py:826} INFO - Processing file /home/airflow/.local/lib/python3.7/site-packages/airflow/example_dags/tutorial.py for tasks to queue
[2023-07-09T16:17:56.907+0000] {logging_mixin.py:149} INFO - [2023-07-09T16:17:56.907+0000] {dagbag.py:541} INFO - Filling up the DagBag from /home/airflow/.local/lib/python3.7/site-packages/airflow/example_dags/tutorial.py
[2023-07-09T16:17:56.913+0000] {processor.py:836} INFO - DAG(s) dict_keys(['tutorial']) retrieved from /home/airflow/.local/lib/python3.7/site-packages/airflow/example_dags/tutorial.py
[2023-07-09T16:17:56.932+0000] {logging_mixin.py:149} INFO - [2023-07-09T16:17:56.932+0000] {dag.py:2726} INFO - Sync 1 DAGs
[2023-07-09T16:17:56.949+0000] {logging_mixin.py:149} INFO - [2023-07-09T16:17:56.948+0000] {dag.py:3490} INFO - Setting next_dagrun for tutorial to 2023-07-08T16:17:56.948710+00:00, run_after=2023-07-09T16:17:56.948710+00:00
[2023-07-09T16:17:56.961+0000] {processor.py:179} INFO - Processing /home/airflow/.local/lib/python3.7/site-packages/airflow/example_dags/tutorial.py took 0.060 seconds
