[2023-07-09T16:00:35.682+0000] {processor.py:157} INFO - Started process (PID=51) to work on /home/airflow/.local/lib/python3.7/site-packages/airflow/example_dags/tutorial_dag.py
[2023-07-09T16:00:35.683+0000] {processor.py:826} INFO - Processing file /home/airflow/.local/lib/python3.7/site-packages/airflow/example_dags/tutorial_dag.py for tasks to queue
[2023-07-09T16:00:35.685+0000] {logging_mixin.py:149} INFO - [2023-07-09T16:00:35.685+0000] {dagbag.py:541} INFO - Filling up the DagBag from /home/airflow/.local/lib/python3.7/site-packages/airflow/example_dags/tutorial_dag.py
[2023-07-09T16:00:35.696+0000] {processor.py:836} INFO - DAG(s) dict_keys(['tutorial_dag']) retrieved from /home/airflow/.local/lib/python3.7/site-packages/airflow/example_dags/tutorial_dag.py
[2023-07-09T16:00:35.713+0000] {logging_mixin.py:149} INFO - [2023-07-09T16:00:35.713+0000] {dag.py:2726} INFO - Sync 1 DAGs
[2023-07-09T16:00:35.749+0000] {logging_mixin.py:149} INFO - [2023-07-09T16:00:35.749+0000] {dag.py:3490} INFO - Setting next_dagrun for tutorial_dag to None, run_after=None
[2023-07-09T16:00:35.808+0000] {processor.py:179} INFO - Processing /home/airflow/.local/lib/python3.7/site-packages/airflow/example_dags/tutorial_dag.py took 0.129 seconds
[2023-07-09T16:01:06.369+0000] {processor.py:157} INFO - Started process (PID=112) to work on /home/airflow/.local/lib/python3.7/site-packages/airflow/example_dags/tutorial_dag.py
[2023-07-09T16:01:06.370+0000] {processor.py:826} INFO - Processing file /home/airflow/.local/lib/python3.7/site-packages/airflow/example_dags/tutorial_dag.py for tasks to queue
[2023-07-09T16:01:06.371+0000] {logging_mixin.py:149} INFO - [2023-07-09T16:01:06.371+0000] {dagbag.py:541} INFO - Filling up the DagBag from /home/airflow/.local/lib/python3.7/site-packages/airflow/example_dags/tutorial_dag.py
[2023-07-09T16:01:06.377+0000] {processor.py:836} INFO - DAG(s) dict_keys(['tutorial_dag']) retrieved from /home/airflow/.local/lib/python3.7/site-packages/airflow/example_dags/tutorial_dag.py
[2023-07-09T16:01:06.401+0000] {logging_mixin.py:149} INFO - [2023-07-09T16:01:06.401+0000] {dag.py:2726} INFO - Sync 1 DAGs
[2023-07-09T16:01:06.426+0000] {logging_mixin.py:149} INFO - [2023-07-09T16:01:06.426+0000] {dag.py:3490} INFO - Setting next_dagrun for tutorial_dag to None, run_after=None
[2023-07-09T16:01:06.440+0000] {processor.py:179} INFO - Processing /home/airflow/.local/lib/python3.7/site-packages/airflow/example_dags/tutorial_dag.py took 0.075 seconds
[2023-07-09T16:01:37.566+0000] {processor.py:157} INFO - Started process (PID=173) to work on /home/airflow/.local/lib/python3.7/site-packages/airflow/example_dags/tutorial_dag.py
[2023-07-09T16:01:37.568+0000] {processor.py:826} INFO - Processing file /home/airflow/.local/lib/python3.7/site-packages/airflow/example_dags/tutorial_dag.py for tasks to queue
[2023-07-09T16:01:37.569+0000] {logging_mixin.py:149} INFO - [2023-07-09T16:01:37.569+0000] {dagbag.py:541} INFO - Filling up the DagBag from /home/airflow/.local/lib/python3.7/site-packages/airflow/example_dags/tutorial_dag.py
[2023-07-09T16:01:37.575+0000] {processor.py:836} INFO - DAG(s) dict_keys(['tutorial_dag']) retrieved from /home/airflow/.local/lib/python3.7/site-packages/airflow/example_dags/tutorial_dag.py
[2023-07-09T16:01:37.599+0000] {logging_mixin.py:149} INFO - [2023-07-09T16:01:37.599+0000] {dag.py:2726} INFO - Sync 1 DAGs
[2023-07-09T16:01:37.616+0000] {logging_mixin.py:149} INFO - [2023-07-09T16:01:37.616+0000] {dag.py:3490} INFO - Setting next_dagrun for tutorial_dag to None, run_after=None
[2023-07-09T16:01:37.627+0000] {processor.py:179} INFO - Processing /home/airflow/.local/lib/python3.7/site-packages/airflow/example_dags/tutorial_dag.py took 0.064 seconds
[2023-07-09T16:02:08.701+0000] {processor.py:157} INFO - Started process (PID=234) to work on /home/airflow/.local/lib/python3.7/site-packages/airflow/example_dags/tutorial_dag.py
[2023-07-09T16:02:08.702+0000] {processor.py:826} INFO - Processing file /home/airflow/.local/lib/python3.7/site-packages/airflow/example_dags/tutorial_dag.py for tasks to queue
[2023-07-09T16:02:08.703+0000] {logging_mixin.py:149} INFO - [2023-07-09T16:02:08.703+0000] {dagbag.py:541} INFO - Filling up the DagBag from /home/airflow/.local/lib/python3.7/site-packages/airflow/example_dags/tutorial_dag.py
[2023-07-09T16:02:08.708+0000] {processor.py:836} INFO - DAG(s) dict_keys(['tutorial_dag']) retrieved from /home/airflow/.local/lib/python3.7/site-packages/airflow/example_dags/tutorial_dag.py
[2023-07-09T16:02:08.733+0000] {logging_mixin.py:149} INFO - [2023-07-09T16:02:08.732+0000] {dag.py:2726} INFO - Sync 1 DAGs
[2023-07-09T16:02:08.753+0000] {logging_mixin.py:149} INFO - [2023-07-09T16:02:08.752+0000] {dag.py:3490} INFO - Setting next_dagrun for tutorial_dag to None, run_after=None
[2023-07-09T16:02:08.765+0000] {processor.py:179} INFO - Processing /home/airflow/.local/lib/python3.7/site-packages/airflow/example_dags/tutorial_dag.py took 0.067 seconds
[2023-07-09T16:02:39.235+0000] {processor.py:157} INFO - Started process (PID=295) to work on /home/airflow/.local/lib/python3.7/site-packages/airflow/example_dags/tutorial_dag.py
[2023-07-09T16:02:39.237+0000] {processor.py:826} INFO - Processing file /home/airflow/.local/lib/python3.7/site-packages/airflow/example_dags/tutorial_dag.py for tasks to queue
[2023-07-09T16:02:39.238+0000] {logging_mixin.py:149} INFO - [2023-07-09T16:02:39.237+0000] {dagbag.py:541} INFO - Filling up the DagBag from /home/airflow/.local/lib/python3.7/site-packages/airflow/example_dags/tutorial_dag.py
[2023-07-09T16:02:39.241+0000] {processor.py:836} INFO - DAG(s) dict_keys(['tutorial_dag']) retrieved from /home/airflow/.local/lib/python3.7/site-packages/airflow/example_dags/tutorial_dag.py
[2023-07-09T16:02:39.263+0000] {logging_mixin.py:149} INFO - [2023-07-09T16:02:39.262+0000] {dag.py:2726} INFO - Sync 1 DAGs
[2023-07-09T16:02:39.280+0000] {logging_mixin.py:149} INFO - [2023-07-09T16:02:39.279+0000] {dag.py:3490} INFO - Setting next_dagrun for tutorial_dag to None, run_after=None
[2023-07-09T16:02:39.291+0000] {processor.py:179} INFO - Processing /home/airflow/.local/lib/python3.7/site-packages/airflow/example_dags/tutorial_dag.py took 0.059 seconds
[2023-07-09T16:03:09.808+0000] {processor.py:157} INFO - Started process (PID=356) to work on /home/airflow/.local/lib/python3.7/site-packages/airflow/example_dags/tutorial_dag.py
[2023-07-09T16:03:09.810+0000] {processor.py:826} INFO - Processing file /home/airflow/.local/lib/python3.7/site-packages/airflow/example_dags/tutorial_dag.py for tasks to queue
[2023-07-09T16:03:09.811+0000] {logging_mixin.py:149} INFO - [2023-07-09T16:03:09.811+0000] {dagbag.py:541} INFO - Filling up the DagBag from /home/airflow/.local/lib/python3.7/site-packages/airflow/example_dags/tutorial_dag.py
[2023-07-09T16:03:09.815+0000] {processor.py:836} INFO - DAG(s) dict_keys(['tutorial_dag']) retrieved from /home/airflow/.local/lib/python3.7/site-packages/airflow/example_dags/tutorial_dag.py
[2023-07-09T16:03:09.836+0000] {logging_mixin.py:149} INFO - [2023-07-09T16:03:09.836+0000] {dag.py:2726} INFO - Sync 1 DAGs
[2023-07-09T16:03:09.854+0000] {logging_mixin.py:149} INFO - [2023-07-09T16:03:09.854+0000] {dag.py:3490} INFO - Setting next_dagrun for tutorial_dag to None, run_after=None
[2023-07-09T16:03:09.867+0000] {processor.py:179} INFO - Processing /home/airflow/.local/lib/python3.7/site-packages/airflow/example_dags/tutorial_dag.py took 0.062 seconds
[2023-07-09T16:03:40.333+0000] {processor.py:157} INFO - Started process (PID=417) to work on /home/airflow/.local/lib/python3.7/site-packages/airflow/example_dags/tutorial_dag.py
[2023-07-09T16:03:40.334+0000] {processor.py:826} INFO - Processing file /home/airflow/.local/lib/python3.7/site-packages/airflow/example_dags/tutorial_dag.py for tasks to queue
[2023-07-09T16:03:40.335+0000] {logging_mixin.py:149} INFO - [2023-07-09T16:03:40.335+0000] {dagbag.py:541} INFO - Filling up the DagBag from /home/airflow/.local/lib/python3.7/site-packages/airflow/example_dags/tutorial_dag.py
[2023-07-09T16:03:40.339+0000] {processor.py:836} INFO - DAG(s) dict_keys(['tutorial_dag']) retrieved from /home/airflow/.local/lib/python3.7/site-packages/airflow/example_dags/tutorial_dag.py
[2023-07-09T16:03:40.362+0000] {logging_mixin.py:149} INFO - [2023-07-09T16:03:40.361+0000] {dag.py:2726} INFO - Sync 1 DAGs
[2023-07-09T16:03:40.379+0000] {logging_mixin.py:149} INFO - [2023-07-09T16:03:40.379+0000] {dag.py:3490} INFO - Setting next_dagrun for tutorial_dag to None, run_after=None
[2023-07-09T16:03:40.392+0000] {processor.py:179} INFO - Processing /home/airflow/.local/lib/python3.7/site-packages/airflow/example_dags/tutorial_dag.py took 0.062 seconds
[2023-07-09T16:04:11.091+0000] {processor.py:157} INFO - Started process (PID=478) to work on /home/airflow/.local/lib/python3.7/site-packages/airflow/example_dags/tutorial_dag.py
[2023-07-09T16:04:11.092+0000] {processor.py:826} INFO - Processing file /home/airflow/.local/lib/python3.7/site-packages/airflow/example_dags/tutorial_dag.py for tasks to queue
[2023-07-09T16:04:11.093+0000] {logging_mixin.py:149} INFO - [2023-07-09T16:04:11.093+0000] {dagbag.py:541} INFO - Filling up the DagBag from /home/airflow/.local/lib/python3.7/site-packages/airflow/example_dags/tutorial_dag.py
[2023-07-09T16:04:11.100+0000] {processor.py:836} INFO - DAG(s) dict_keys(['tutorial_dag']) retrieved from /home/airflow/.local/lib/python3.7/site-packages/airflow/example_dags/tutorial_dag.py
[2023-07-09T16:04:11.122+0000] {logging_mixin.py:149} INFO - [2023-07-09T16:04:11.122+0000] {dag.py:2726} INFO - Sync 1 DAGs
[2023-07-09T16:04:11.139+0000] {logging_mixin.py:149} INFO - [2023-07-09T16:04:11.139+0000] {dag.py:3490} INFO - Setting next_dagrun for tutorial_dag to None, run_after=None
[2023-07-09T16:04:11.157+0000] {processor.py:179} INFO - Processing /home/airflow/.local/lib/python3.7/site-packages/airflow/example_dags/tutorial_dag.py took 0.071 seconds
[2023-07-09T16:04:41.796+0000] {processor.py:157} INFO - Started process (PID=539) to work on /home/airflow/.local/lib/python3.7/site-packages/airflow/example_dags/tutorial_dag.py
[2023-07-09T16:04:41.797+0000] {processor.py:826} INFO - Processing file /home/airflow/.local/lib/python3.7/site-packages/airflow/example_dags/tutorial_dag.py for tasks to queue
[2023-07-09T16:04:41.798+0000] {logging_mixin.py:149} INFO - [2023-07-09T16:04:41.798+0000] {dagbag.py:541} INFO - Filling up the DagBag from /home/airflow/.local/lib/python3.7/site-packages/airflow/example_dags/tutorial_dag.py
[2023-07-09T16:04:41.802+0000] {processor.py:836} INFO - DAG(s) dict_keys(['tutorial_dag']) retrieved from /home/airflow/.local/lib/python3.7/site-packages/airflow/example_dags/tutorial_dag.py
[2023-07-09T16:04:41.824+0000] {logging_mixin.py:149} INFO - [2023-07-09T16:04:41.823+0000] {dag.py:2726} INFO - Sync 1 DAGs
[2023-07-09T16:04:41.840+0000] {logging_mixin.py:149} INFO - [2023-07-09T16:04:41.840+0000] {dag.py:3490} INFO - Setting next_dagrun for tutorial_dag to None, run_after=None
[2023-07-09T16:04:41.852+0000] {processor.py:179} INFO - Processing /home/airflow/.local/lib/python3.7/site-packages/airflow/example_dags/tutorial_dag.py took 0.059 seconds
[2023-07-09T16:05:12.236+0000] {processor.py:157} INFO - Started process (PID=600) to work on /home/airflow/.local/lib/python3.7/site-packages/airflow/example_dags/tutorial_dag.py
[2023-07-09T16:05:12.238+0000] {processor.py:826} INFO - Processing file /home/airflow/.local/lib/python3.7/site-packages/airflow/example_dags/tutorial_dag.py for tasks to queue
[2023-07-09T16:05:12.239+0000] {logging_mixin.py:149} INFO - [2023-07-09T16:05:12.239+0000] {dagbag.py:541} INFO - Filling up the DagBag from /home/airflow/.local/lib/python3.7/site-packages/airflow/example_dags/tutorial_dag.py
[2023-07-09T16:05:12.244+0000] {processor.py:836} INFO - DAG(s) dict_keys(['tutorial_dag']) retrieved from /home/airflow/.local/lib/python3.7/site-packages/airflow/example_dags/tutorial_dag.py
[2023-07-09T16:05:12.265+0000] {logging_mixin.py:149} INFO - [2023-07-09T16:05:12.265+0000] {dag.py:2726} INFO - Sync 1 DAGs
[2023-07-09T16:05:12.282+0000] {logging_mixin.py:149} INFO - [2023-07-09T16:05:12.282+0000] {dag.py:3490} INFO - Setting next_dagrun for tutorial_dag to None, run_after=None
[2023-07-09T16:05:12.295+0000] {processor.py:179} INFO - Processing /home/airflow/.local/lib/python3.7/site-packages/airflow/example_dags/tutorial_dag.py took 0.062 seconds
[2023-07-09T16:05:42.800+0000] {processor.py:157} INFO - Started process (PID=661) to work on /home/airflow/.local/lib/python3.7/site-packages/airflow/example_dags/tutorial_dag.py
[2023-07-09T16:05:42.802+0000] {processor.py:826} INFO - Processing file /home/airflow/.local/lib/python3.7/site-packages/airflow/example_dags/tutorial_dag.py for tasks to queue
[2023-07-09T16:05:42.802+0000] {logging_mixin.py:149} INFO - [2023-07-09T16:05:42.802+0000] {dagbag.py:541} INFO - Filling up the DagBag from /home/airflow/.local/lib/python3.7/site-packages/airflow/example_dags/tutorial_dag.py
[2023-07-09T16:05:42.809+0000] {processor.py:836} INFO - DAG(s) dict_keys(['tutorial_dag']) retrieved from /home/airflow/.local/lib/python3.7/site-packages/airflow/example_dags/tutorial_dag.py
[2023-07-09T16:05:42.832+0000] {logging_mixin.py:149} INFO - [2023-07-09T16:05:42.832+0000] {dag.py:2726} INFO - Sync 1 DAGs
[2023-07-09T16:05:42.849+0000] {logging_mixin.py:149} INFO - [2023-07-09T16:05:42.849+0000] {dag.py:3490} INFO - Setting next_dagrun for tutorial_dag to None, run_after=None
[2023-07-09T16:05:42.861+0000] {processor.py:179} INFO - Processing /home/airflow/.local/lib/python3.7/site-packages/airflow/example_dags/tutorial_dag.py took 0.063 seconds
[2023-07-09T16:06:13.371+0000] {processor.py:157} INFO - Started process (PID=722) to work on /home/airflow/.local/lib/python3.7/site-packages/airflow/example_dags/tutorial_dag.py
[2023-07-09T16:06:13.372+0000] {processor.py:826} INFO - Processing file /home/airflow/.local/lib/python3.7/site-packages/airflow/example_dags/tutorial_dag.py for tasks to queue
[2023-07-09T16:06:13.373+0000] {logging_mixin.py:149} INFO - [2023-07-09T16:06:13.373+0000] {dagbag.py:541} INFO - Filling up the DagBag from /home/airflow/.local/lib/python3.7/site-packages/airflow/example_dags/tutorial_dag.py
[2023-07-09T16:06:13.377+0000] {processor.py:836} INFO - DAG(s) dict_keys(['tutorial_dag']) retrieved from /home/airflow/.local/lib/python3.7/site-packages/airflow/example_dags/tutorial_dag.py
[2023-07-09T16:06:13.398+0000] {logging_mixin.py:149} INFO - [2023-07-09T16:06:13.398+0000] {dag.py:2726} INFO - Sync 1 DAGs
[2023-07-09T16:06:13.414+0000] {logging_mixin.py:149} INFO - [2023-07-09T16:06:13.413+0000] {dag.py:3490} INFO - Setting next_dagrun for tutorial_dag to None, run_after=None
[2023-07-09T16:06:13.425+0000] {processor.py:179} INFO - Processing /home/airflow/.local/lib/python3.7/site-packages/airflow/example_dags/tutorial_dag.py took 0.058 seconds
[2023-07-09T16:06:43.528+0000] {processor.py:157} INFO - Started process (PID=783) to work on /home/airflow/.local/lib/python3.7/site-packages/airflow/example_dags/tutorial_dag.py
[2023-07-09T16:06:43.529+0000] {processor.py:826} INFO - Processing file /home/airflow/.local/lib/python3.7/site-packages/airflow/example_dags/tutorial_dag.py for tasks to queue
[2023-07-09T16:06:43.530+0000] {logging_mixin.py:149} INFO - [2023-07-09T16:06:43.530+0000] {dagbag.py:541} INFO - Filling up the DagBag from /home/airflow/.local/lib/python3.7/site-packages/airflow/example_dags/tutorial_dag.py
[2023-07-09T16:06:43.535+0000] {processor.py:836} INFO - DAG(s) dict_keys(['tutorial_dag']) retrieved from /home/airflow/.local/lib/python3.7/site-packages/airflow/example_dags/tutorial_dag.py
[2023-07-09T16:06:43.557+0000] {logging_mixin.py:149} INFO - [2023-07-09T16:06:43.557+0000] {dag.py:2726} INFO - Sync 1 DAGs
[2023-07-09T16:06:43.576+0000] {logging_mixin.py:149} INFO - [2023-07-09T16:06:43.576+0000] {dag.py:3490} INFO - Setting next_dagrun for tutorial_dag to None, run_after=None
[2023-07-09T16:06:43.591+0000] {processor.py:179} INFO - Processing /home/airflow/.local/lib/python3.7/site-packages/airflow/example_dags/tutorial_dag.py took 0.067 seconds
[2023-07-09T16:07:14.061+0000] {processor.py:157} INFO - Started process (PID=844) to work on /home/airflow/.local/lib/python3.7/site-packages/airflow/example_dags/tutorial_dag.py
[2023-07-09T16:07:14.064+0000] {processor.py:826} INFO - Processing file /home/airflow/.local/lib/python3.7/site-packages/airflow/example_dags/tutorial_dag.py for tasks to queue
[2023-07-09T16:07:14.065+0000] {logging_mixin.py:149} INFO - [2023-07-09T16:07:14.064+0000] {dagbag.py:541} INFO - Filling up the DagBag from /home/airflow/.local/lib/python3.7/site-packages/airflow/example_dags/tutorial_dag.py
[2023-07-09T16:07:14.069+0000] {processor.py:836} INFO - DAG(s) dict_keys(['tutorial_dag']) retrieved from /home/airflow/.local/lib/python3.7/site-packages/airflow/example_dags/tutorial_dag.py
[2023-07-09T16:07:14.090+0000] {logging_mixin.py:149} INFO - [2023-07-09T16:07:14.090+0000] {dag.py:2726} INFO - Sync 1 DAGs
[2023-07-09T16:07:14.107+0000] {logging_mixin.py:149} INFO - [2023-07-09T16:07:14.107+0000] {dag.py:3490} INFO - Setting next_dagrun for tutorial_dag to None, run_after=None
[2023-07-09T16:07:14.119+0000] {processor.py:179} INFO - Processing /home/airflow/.local/lib/python3.7/site-packages/airflow/example_dags/tutorial_dag.py took 0.061 seconds
[2023-07-09T16:07:44.561+0000] {processor.py:157} INFO - Started process (PID=905) to work on /home/airflow/.local/lib/python3.7/site-packages/airflow/example_dags/tutorial_dag.py
[2023-07-09T16:07:44.562+0000] {processor.py:826} INFO - Processing file /home/airflow/.local/lib/python3.7/site-packages/airflow/example_dags/tutorial_dag.py for tasks to queue
[2023-07-09T16:07:44.563+0000] {logging_mixin.py:149} INFO - [2023-07-09T16:07:44.563+0000] {dagbag.py:541} INFO - Filling up the DagBag from /home/airflow/.local/lib/python3.7/site-packages/airflow/example_dags/tutorial_dag.py
[2023-07-09T16:07:44.567+0000] {processor.py:836} INFO - DAG(s) dict_keys(['tutorial_dag']) retrieved from /home/airflow/.local/lib/python3.7/site-packages/airflow/example_dags/tutorial_dag.py
[2023-07-09T16:07:44.587+0000] {logging_mixin.py:149} INFO - [2023-07-09T16:07:44.587+0000] {dag.py:2726} INFO - Sync 1 DAGs
[2023-07-09T16:07:44.604+0000] {logging_mixin.py:149} INFO - [2023-07-09T16:07:44.604+0000] {dag.py:3490} INFO - Setting next_dagrun for tutorial_dag to None, run_after=None
[2023-07-09T16:07:44.617+0000] {processor.py:179} INFO - Processing /home/airflow/.local/lib/python3.7/site-packages/airflow/example_dags/tutorial_dag.py took 0.059 seconds
[2023-07-09T16:08:14.854+0000] {processor.py:157} INFO - Started process (PID=966) to work on /home/airflow/.local/lib/python3.7/site-packages/airflow/example_dags/tutorial_dag.py
[2023-07-09T16:08:14.855+0000] {processor.py:826} INFO - Processing file /home/airflow/.local/lib/python3.7/site-packages/airflow/example_dags/tutorial_dag.py for tasks to queue
[2023-07-09T16:08:14.856+0000] {logging_mixin.py:149} INFO - [2023-07-09T16:08:14.856+0000] {dagbag.py:541} INFO - Filling up the DagBag from /home/airflow/.local/lib/python3.7/site-packages/airflow/example_dags/tutorial_dag.py
[2023-07-09T16:08:14.860+0000] {processor.py:836} INFO - DAG(s) dict_keys(['tutorial_dag']) retrieved from /home/airflow/.local/lib/python3.7/site-packages/airflow/example_dags/tutorial_dag.py
[2023-07-09T16:08:14.881+0000] {logging_mixin.py:149} INFO - [2023-07-09T16:08:14.881+0000] {dag.py:2726} INFO - Sync 1 DAGs
[2023-07-09T16:08:14.898+0000] {logging_mixin.py:149} INFO - [2023-07-09T16:08:14.898+0000] {dag.py:3490} INFO - Setting next_dagrun for tutorial_dag to None, run_after=None
[2023-07-09T16:08:14.910+0000] {processor.py:179} INFO - Processing /home/airflow/.local/lib/python3.7/site-packages/airflow/example_dags/tutorial_dag.py took 0.059 seconds
[2023-07-09T16:08:45.737+0000] {processor.py:157} INFO - Started process (PID=1027) to work on /home/airflow/.local/lib/python3.7/site-packages/airflow/example_dags/tutorial_dag.py
[2023-07-09T16:08:45.738+0000] {processor.py:826} INFO - Processing file /home/airflow/.local/lib/python3.7/site-packages/airflow/example_dags/tutorial_dag.py for tasks to queue
[2023-07-09T16:08:45.739+0000] {logging_mixin.py:149} INFO - [2023-07-09T16:08:45.739+0000] {dagbag.py:541} INFO - Filling up the DagBag from /home/airflow/.local/lib/python3.7/site-packages/airflow/example_dags/tutorial_dag.py
[2023-07-09T16:08:45.744+0000] {processor.py:836} INFO - DAG(s) dict_keys(['tutorial_dag']) retrieved from /home/airflow/.local/lib/python3.7/site-packages/airflow/example_dags/tutorial_dag.py
[2023-07-09T16:08:45.766+0000] {logging_mixin.py:149} INFO - [2023-07-09T16:08:45.766+0000] {dag.py:2726} INFO - Sync 1 DAGs
[2023-07-09T16:08:45.785+0000] {logging_mixin.py:149} INFO - [2023-07-09T16:08:45.785+0000] {dag.py:3490} INFO - Setting next_dagrun for tutorial_dag to None, run_after=None
[2023-07-09T16:08:45.797+0000] {processor.py:179} INFO - Processing /home/airflow/.local/lib/python3.7/site-packages/airflow/example_dags/tutorial_dag.py took 0.063 seconds
[2023-07-09T16:09:15.911+0000] {processor.py:157} INFO - Started process (PID=1088) to work on /home/airflow/.local/lib/python3.7/site-packages/airflow/example_dags/tutorial_dag.py
[2023-07-09T16:09:15.912+0000] {processor.py:826} INFO - Processing file /home/airflow/.local/lib/python3.7/site-packages/airflow/example_dags/tutorial_dag.py for tasks to queue
[2023-07-09T16:09:15.913+0000] {logging_mixin.py:149} INFO - [2023-07-09T16:09:15.913+0000] {dagbag.py:541} INFO - Filling up the DagBag from /home/airflow/.local/lib/python3.7/site-packages/airflow/example_dags/tutorial_dag.py
[2023-07-09T16:09:15.917+0000] {processor.py:836} INFO - DAG(s) dict_keys(['tutorial_dag']) retrieved from /home/airflow/.local/lib/python3.7/site-packages/airflow/example_dags/tutorial_dag.py
[2023-07-09T16:09:15.939+0000] {logging_mixin.py:149} INFO - [2023-07-09T16:09:15.938+0000] {dag.py:2726} INFO - Sync 1 DAGs
[2023-07-09T16:09:15.959+0000] {logging_mixin.py:149} INFO - [2023-07-09T16:09:15.959+0000] {dag.py:3490} INFO - Setting next_dagrun for tutorial_dag to None, run_after=None
[2023-07-09T16:09:15.973+0000] {processor.py:179} INFO - Processing /home/airflow/.local/lib/python3.7/site-packages/airflow/example_dags/tutorial_dag.py took 0.066 seconds
[2023-07-09T16:09:46.321+0000] {processor.py:157} INFO - Started process (PID=1147) to work on /home/airflow/.local/lib/python3.7/site-packages/airflow/example_dags/tutorial_dag.py
[2023-07-09T16:09:46.322+0000] {processor.py:826} INFO - Processing file /home/airflow/.local/lib/python3.7/site-packages/airflow/example_dags/tutorial_dag.py for tasks to queue
[2023-07-09T16:09:46.323+0000] {logging_mixin.py:149} INFO - [2023-07-09T16:09:46.323+0000] {dagbag.py:541} INFO - Filling up the DagBag from /home/airflow/.local/lib/python3.7/site-packages/airflow/example_dags/tutorial_dag.py
[2023-07-09T16:09:46.327+0000] {processor.py:836} INFO - DAG(s) dict_keys(['tutorial_dag']) retrieved from /home/airflow/.local/lib/python3.7/site-packages/airflow/example_dags/tutorial_dag.py
[2023-07-09T16:09:46.349+0000] {logging_mixin.py:149} INFO - [2023-07-09T16:09:46.349+0000] {dag.py:2726} INFO - Sync 1 DAGs
[2023-07-09T16:09:46.365+0000] {logging_mixin.py:149} INFO - [2023-07-09T16:09:46.365+0000] {dag.py:3490} INFO - Setting next_dagrun for tutorial_dag to None, run_after=None
[2023-07-09T16:09:46.377+0000] {processor.py:179} INFO - Processing /home/airflow/.local/lib/python3.7/site-packages/airflow/example_dags/tutorial_dag.py took 0.059 seconds
[2023-07-09T16:10:16.453+0000] {processor.py:157} INFO - Started process (PID=1208) to work on /home/airflow/.local/lib/python3.7/site-packages/airflow/example_dags/tutorial_dag.py
[2023-07-09T16:10:16.455+0000] {processor.py:826} INFO - Processing file /home/airflow/.local/lib/python3.7/site-packages/airflow/example_dags/tutorial_dag.py for tasks to queue
[2023-07-09T16:10:16.456+0000] {logging_mixin.py:149} INFO - [2023-07-09T16:10:16.456+0000] {dagbag.py:541} INFO - Filling up the DagBag from /home/airflow/.local/lib/python3.7/site-packages/airflow/example_dags/tutorial_dag.py
[2023-07-09T16:10:16.461+0000] {processor.py:836} INFO - DAG(s) dict_keys(['tutorial_dag']) retrieved from /home/airflow/.local/lib/python3.7/site-packages/airflow/example_dags/tutorial_dag.py
[2023-07-09T16:10:16.485+0000] {logging_mixin.py:149} INFO - [2023-07-09T16:10:16.484+0000] {dag.py:2726} INFO - Sync 1 DAGs
[2023-07-09T16:10:16.506+0000] {logging_mixin.py:149} INFO - [2023-07-09T16:10:16.506+0000] {dag.py:3490} INFO - Setting next_dagrun for tutorial_dag to None, run_after=None
[2023-07-09T16:10:16.520+0000] {processor.py:179} INFO - Processing /home/airflow/.local/lib/python3.7/site-packages/airflow/example_dags/tutorial_dag.py took 0.069 seconds
[2023-07-09T16:10:46.930+0000] {processor.py:157} INFO - Started process (PID=1269) to work on /home/airflow/.local/lib/python3.7/site-packages/airflow/example_dags/tutorial_dag.py
[2023-07-09T16:10:46.932+0000] {processor.py:826} INFO - Processing file /home/airflow/.local/lib/python3.7/site-packages/airflow/example_dags/tutorial_dag.py for tasks to queue
[2023-07-09T16:10:46.933+0000] {logging_mixin.py:149} INFO - [2023-07-09T16:10:46.933+0000] {dagbag.py:541} INFO - Filling up the DagBag from /home/airflow/.local/lib/python3.7/site-packages/airflow/example_dags/tutorial_dag.py
[2023-07-09T16:10:46.937+0000] {processor.py:836} INFO - DAG(s) dict_keys(['tutorial_dag']) retrieved from /home/airflow/.local/lib/python3.7/site-packages/airflow/example_dags/tutorial_dag.py
[2023-07-09T16:10:46.956+0000] {logging_mixin.py:149} INFO - [2023-07-09T16:10:46.956+0000] {dag.py:2726} INFO - Sync 1 DAGs
[2023-07-09T16:10:46.973+0000] {logging_mixin.py:149} INFO - [2023-07-09T16:10:46.973+0000] {dag.py:3490} INFO - Setting next_dagrun for tutorial_dag to None, run_after=None
[2023-07-09T16:10:46.984+0000] {processor.py:179} INFO - Processing /home/airflow/.local/lib/python3.7/site-packages/airflow/example_dags/tutorial_dag.py took 0.057 seconds
[2023-07-09T16:11:17.186+0000] {processor.py:157} INFO - Started process (PID=1331) to work on /home/airflow/.local/lib/python3.7/site-packages/airflow/example_dags/tutorial_dag.py
[2023-07-09T16:11:17.188+0000] {processor.py:826} INFO - Processing file /home/airflow/.local/lib/python3.7/site-packages/airflow/example_dags/tutorial_dag.py for tasks to queue
[2023-07-09T16:11:17.189+0000] {logging_mixin.py:149} INFO - [2023-07-09T16:11:17.189+0000] {dagbag.py:541} INFO - Filling up the DagBag from /home/airflow/.local/lib/python3.7/site-packages/airflow/example_dags/tutorial_dag.py
[2023-07-09T16:11:17.193+0000] {processor.py:836} INFO - DAG(s) dict_keys(['tutorial_dag']) retrieved from /home/airflow/.local/lib/python3.7/site-packages/airflow/example_dags/tutorial_dag.py
[2023-07-09T16:11:17.213+0000] {logging_mixin.py:149} INFO - [2023-07-09T16:11:17.213+0000] {dag.py:2726} INFO - Sync 1 DAGs
[2023-07-09T16:11:17.230+0000] {logging_mixin.py:149} INFO - [2023-07-09T16:11:17.230+0000] {dag.py:3490} INFO - Setting next_dagrun for tutorial_dag to None, run_after=None
[2023-07-09T16:11:17.241+0000] {processor.py:179} INFO - Processing /home/airflow/.local/lib/python3.7/site-packages/airflow/example_dags/tutorial_dag.py took 0.058 seconds
[2023-07-09T16:11:47.683+0000] {processor.py:157} INFO - Started process (PID=1392) to work on /home/airflow/.local/lib/python3.7/site-packages/airflow/example_dags/tutorial_dag.py
[2023-07-09T16:11:47.685+0000] {processor.py:826} INFO - Processing file /home/airflow/.local/lib/python3.7/site-packages/airflow/example_dags/tutorial_dag.py for tasks to queue
[2023-07-09T16:11:47.686+0000] {logging_mixin.py:149} INFO - [2023-07-09T16:11:47.686+0000] {dagbag.py:541} INFO - Filling up the DagBag from /home/airflow/.local/lib/python3.7/site-packages/airflow/example_dags/tutorial_dag.py
[2023-07-09T16:11:47.690+0000] {processor.py:836} INFO - DAG(s) dict_keys(['tutorial_dag']) retrieved from /home/airflow/.local/lib/python3.7/site-packages/airflow/example_dags/tutorial_dag.py
[2023-07-09T16:11:47.713+0000] {logging_mixin.py:149} INFO - [2023-07-09T16:11:47.713+0000] {dag.py:2726} INFO - Sync 1 DAGs
[2023-07-09T16:11:47.731+0000] {logging_mixin.py:149} INFO - [2023-07-09T16:11:47.731+0000] {dag.py:3490} INFO - Setting next_dagrun for tutorial_dag to None, run_after=None
[2023-07-09T16:11:47.744+0000] {processor.py:179} INFO - Processing /home/airflow/.local/lib/python3.7/site-packages/airflow/example_dags/tutorial_dag.py took 0.065 seconds
[2023-07-09T16:12:18.083+0000] {processor.py:157} INFO - Started process (PID=1453) to work on /home/airflow/.local/lib/python3.7/site-packages/airflow/example_dags/tutorial_dag.py
[2023-07-09T16:12:18.084+0000] {processor.py:826} INFO - Processing file /home/airflow/.local/lib/python3.7/site-packages/airflow/example_dags/tutorial_dag.py for tasks to queue
[2023-07-09T16:12:18.085+0000] {logging_mixin.py:149} INFO - [2023-07-09T16:12:18.085+0000] {dagbag.py:541} INFO - Filling up the DagBag from /home/airflow/.local/lib/python3.7/site-packages/airflow/example_dags/tutorial_dag.py
[2023-07-09T16:12:18.089+0000] {processor.py:836} INFO - DAG(s) dict_keys(['tutorial_dag']) retrieved from /home/airflow/.local/lib/python3.7/site-packages/airflow/example_dags/tutorial_dag.py
[2023-07-09T16:12:18.109+0000] {logging_mixin.py:149} INFO - [2023-07-09T16:12:18.109+0000] {dag.py:2726} INFO - Sync 1 DAGs
[2023-07-09T16:12:18.126+0000] {logging_mixin.py:149} INFO - [2023-07-09T16:12:18.126+0000] {dag.py:3490} INFO - Setting next_dagrun for tutorial_dag to None, run_after=None
[2023-07-09T16:12:18.137+0000] {processor.py:179} INFO - Processing /home/airflow/.local/lib/python3.7/site-packages/airflow/example_dags/tutorial_dag.py took 0.057 seconds
[2023-07-09T16:12:48.326+0000] {processor.py:157} INFO - Started process (PID=1514) to work on /home/airflow/.local/lib/python3.7/site-packages/airflow/example_dags/tutorial_dag.py
[2023-07-09T16:12:48.327+0000] {processor.py:826} INFO - Processing file /home/airflow/.local/lib/python3.7/site-packages/airflow/example_dags/tutorial_dag.py for tasks to queue
[2023-07-09T16:12:48.328+0000] {logging_mixin.py:149} INFO - [2023-07-09T16:12:48.328+0000] {dagbag.py:541} INFO - Filling up the DagBag from /home/airflow/.local/lib/python3.7/site-packages/airflow/example_dags/tutorial_dag.py
[2023-07-09T16:12:48.332+0000] {processor.py:836} INFO - DAG(s) dict_keys(['tutorial_dag']) retrieved from /home/airflow/.local/lib/python3.7/site-packages/airflow/example_dags/tutorial_dag.py
[2023-07-09T16:12:48.353+0000] {logging_mixin.py:149} INFO - [2023-07-09T16:12:48.352+0000] {dag.py:2726} INFO - Sync 1 DAGs
[2023-07-09T16:12:48.372+0000] {logging_mixin.py:149} INFO - [2023-07-09T16:12:48.372+0000] {dag.py:3490} INFO - Setting next_dagrun for tutorial_dag to None, run_after=None
[2023-07-09T16:12:48.383+0000] {processor.py:179} INFO - Processing /home/airflow/.local/lib/python3.7/site-packages/airflow/example_dags/tutorial_dag.py took 0.059 seconds
[2023-07-09T16:13:18.581+0000] {processor.py:157} INFO - Started process (PID=1575) to work on /home/airflow/.local/lib/python3.7/site-packages/airflow/example_dags/tutorial_dag.py
[2023-07-09T16:13:18.582+0000] {processor.py:826} INFO - Processing file /home/airflow/.local/lib/python3.7/site-packages/airflow/example_dags/tutorial_dag.py for tasks to queue
[2023-07-09T16:13:18.583+0000] {logging_mixin.py:149} INFO - [2023-07-09T16:13:18.583+0000] {dagbag.py:541} INFO - Filling up the DagBag from /home/airflow/.local/lib/python3.7/site-packages/airflow/example_dags/tutorial_dag.py
[2023-07-09T16:13:18.588+0000] {processor.py:836} INFO - DAG(s) dict_keys(['tutorial_dag']) retrieved from /home/airflow/.local/lib/python3.7/site-packages/airflow/example_dags/tutorial_dag.py
[2023-07-09T16:13:18.609+0000] {logging_mixin.py:149} INFO - [2023-07-09T16:13:18.609+0000] {dag.py:2726} INFO - Sync 1 DAGs
[2023-07-09T16:13:18.628+0000] {logging_mixin.py:149} INFO - [2023-07-09T16:13:18.628+0000] {dag.py:3490} INFO - Setting next_dagrun for tutorial_dag to None, run_after=None
[2023-07-09T16:13:18.640+0000] {processor.py:179} INFO - Processing /home/airflow/.local/lib/python3.7/site-packages/airflow/example_dags/tutorial_dag.py took 0.063 seconds
[2023-07-09T16:13:49.007+0000] {processor.py:157} INFO - Started process (PID=1636) to work on /home/airflow/.local/lib/python3.7/site-packages/airflow/example_dags/tutorial_dag.py
[2023-07-09T16:13:49.008+0000] {processor.py:826} INFO - Processing file /home/airflow/.local/lib/python3.7/site-packages/airflow/example_dags/tutorial_dag.py for tasks to queue
[2023-07-09T16:13:49.010+0000] {logging_mixin.py:149} INFO - [2023-07-09T16:13:49.010+0000] {dagbag.py:541} INFO - Filling up the DagBag from /home/airflow/.local/lib/python3.7/site-packages/airflow/example_dags/tutorial_dag.py
[2023-07-09T16:13:49.015+0000] {processor.py:836} INFO - DAG(s) dict_keys(['tutorial_dag']) retrieved from /home/airflow/.local/lib/python3.7/site-packages/airflow/example_dags/tutorial_dag.py
[2023-07-09T16:13:49.047+0000] {logging_mixin.py:149} INFO - [2023-07-09T16:13:49.046+0000] {dag.py:2726} INFO - Sync 1 DAGs
[2023-07-09T16:13:49.063+0000] {logging_mixin.py:149} INFO - [2023-07-09T16:13:49.063+0000] {dag.py:3490} INFO - Setting next_dagrun for tutorial_dag to None, run_after=None
[2023-07-09T16:13:49.076+0000] {processor.py:179} INFO - Processing /home/airflow/.local/lib/python3.7/site-packages/airflow/example_dags/tutorial_dag.py took 0.072 seconds
[2023-07-09T16:14:19.504+0000] {processor.py:157} INFO - Started process (PID=1697) to work on /home/airflow/.local/lib/python3.7/site-packages/airflow/example_dags/tutorial_dag.py
[2023-07-09T16:14:19.505+0000] {processor.py:826} INFO - Processing file /home/airflow/.local/lib/python3.7/site-packages/airflow/example_dags/tutorial_dag.py for tasks to queue
[2023-07-09T16:14:19.506+0000] {logging_mixin.py:149} INFO - [2023-07-09T16:14:19.506+0000] {dagbag.py:541} INFO - Filling up the DagBag from /home/airflow/.local/lib/python3.7/site-packages/airflow/example_dags/tutorial_dag.py
[2023-07-09T16:14:19.510+0000] {processor.py:836} INFO - DAG(s) dict_keys(['tutorial_dag']) retrieved from /home/airflow/.local/lib/python3.7/site-packages/airflow/example_dags/tutorial_dag.py
[2023-07-09T16:14:19.530+0000] {logging_mixin.py:149} INFO - [2023-07-09T16:14:19.530+0000] {dag.py:2726} INFO - Sync 1 DAGs
[2023-07-09T16:14:19.547+0000] {logging_mixin.py:149} INFO - [2023-07-09T16:14:19.546+0000] {dag.py:3490} INFO - Setting next_dagrun for tutorial_dag to None, run_after=None
[2023-07-09T16:14:19.557+0000] {processor.py:179} INFO - Processing /home/airflow/.local/lib/python3.7/site-packages/airflow/example_dags/tutorial_dag.py took 0.056 seconds
[2023-07-09T16:14:50.115+0000] {processor.py:157} INFO - Started process (PID=1758) to work on /home/airflow/.local/lib/python3.7/site-packages/airflow/example_dags/tutorial_dag.py
[2023-07-09T16:14:50.117+0000] {processor.py:826} INFO - Processing file /home/airflow/.local/lib/python3.7/site-packages/airflow/example_dags/tutorial_dag.py for tasks to queue
[2023-07-09T16:14:50.117+0000] {logging_mixin.py:149} INFO - [2023-07-09T16:14:50.117+0000] {dagbag.py:541} INFO - Filling up the DagBag from /home/airflow/.local/lib/python3.7/site-packages/airflow/example_dags/tutorial_dag.py
[2023-07-09T16:14:50.121+0000] {processor.py:836} INFO - DAG(s) dict_keys(['tutorial_dag']) retrieved from /home/airflow/.local/lib/python3.7/site-packages/airflow/example_dags/tutorial_dag.py
[2023-07-09T16:14:50.145+0000] {logging_mixin.py:149} INFO - [2023-07-09T16:14:50.145+0000] {dag.py:2726} INFO - Sync 1 DAGs
[2023-07-09T16:14:50.161+0000] {logging_mixin.py:149} INFO - [2023-07-09T16:14:50.161+0000] {dag.py:3490} INFO - Setting next_dagrun for tutorial_dag to None, run_after=None
[2023-07-09T16:14:50.172+0000] {processor.py:179} INFO - Processing /home/airflow/.local/lib/python3.7/site-packages/airflow/example_dags/tutorial_dag.py took 0.060 seconds
[2023-07-09T16:15:20.695+0000] {processor.py:157} INFO - Started process (PID=1819) to work on /home/airflow/.local/lib/python3.7/site-packages/airflow/example_dags/tutorial_dag.py
[2023-07-09T16:15:20.696+0000] {processor.py:826} INFO - Processing file /home/airflow/.local/lib/python3.7/site-packages/airflow/example_dags/tutorial_dag.py for tasks to queue
[2023-07-09T16:15:20.697+0000] {logging_mixin.py:149} INFO - [2023-07-09T16:15:20.697+0000] {dagbag.py:541} INFO - Filling up the DagBag from /home/airflow/.local/lib/python3.7/site-packages/airflow/example_dags/tutorial_dag.py
[2023-07-09T16:15:20.701+0000] {processor.py:836} INFO - DAG(s) dict_keys(['tutorial_dag']) retrieved from /home/airflow/.local/lib/python3.7/site-packages/airflow/example_dags/tutorial_dag.py
[2023-07-09T16:15:20.721+0000] {logging_mixin.py:149} INFO - [2023-07-09T16:15:20.721+0000] {dag.py:2726} INFO - Sync 1 DAGs
[2023-07-09T16:15:20.738+0000] {logging_mixin.py:149} INFO - [2023-07-09T16:15:20.738+0000] {dag.py:3490} INFO - Setting next_dagrun for tutorial_dag to None, run_after=None
[2023-07-09T16:15:20.749+0000] {processor.py:179} INFO - Processing /home/airflow/.local/lib/python3.7/site-packages/airflow/example_dags/tutorial_dag.py took 0.057 seconds
[2023-07-09T16:15:51.331+0000] {processor.py:157} INFO - Started process (PID=1880) to work on /home/airflow/.local/lib/python3.7/site-packages/airflow/example_dags/tutorial_dag.py
[2023-07-09T16:15:51.333+0000] {processor.py:826} INFO - Processing file /home/airflow/.local/lib/python3.7/site-packages/airflow/example_dags/tutorial_dag.py for tasks to queue
[2023-07-09T16:15:51.333+0000] {logging_mixin.py:149} INFO - [2023-07-09T16:15:51.333+0000] {dagbag.py:541} INFO - Filling up the DagBag from /home/airflow/.local/lib/python3.7/site-packages/airflow/example_dags/tutorial_dag.py
[2023-07-09T16:15:51.337+0000] {processor.py:836} INFO - DAG(s) dict_keys(['tutorial_dag']) retrieved from /home/airflow/.local/lib/python3.7/site-packages/airflow/example_dags/tutorial_dag.py
[2023-07-09T16:15:51.357+0000] {logging_mixin.py:149} INFO - [2023-07-09T16:15:51.357+0000] {dag.py:2726} INFO - Sync 1 DAGs
[2023-07-09T16:15:51.374+0000] {logging_mixin.py:149} INFO - [2023-07-09T16:15:51.374+0000] {dag.py:3490} INFO - Setting next_dagrun for tutorial_dag to None, run_after=None
[2023-07-09T16:15:51.385+0000] {processor.py:179} INFO - Processing /home/airflow/.local/lib/python3.7/site-packages/airflow/example_dags/tutorial_dag.py took 0.057 seconds
[2023-07-09T16:16:21.487+0000] {processor.py:157} INFO - Started process (PID=1941) to work on /home/airflow/.local/lib/python3.7/site-packages/airflow/example_dags/tutorial_dag.py
[2023-07-09T16:16:21.489+0000] {processor.py:826} INFO - Processing file /home/airflow/.local/lib/python3.7/site-packages/airflow/example_dags/tutorial_dag.py for tasks to queue
[2023-07-09T16:16:21.489+0000] {logging_mixin.py:149} INFO - [2023-07-09T16:16:21.489+0000] {dagbag.py:541} INFO - Filling up the DagBag from /home/airflow/.local/lib/python3.7/site-packages/airflow/example_dags/tutorial_dag.py
[2023-07-09T16:16:21.493+0000] {processor.py:836} INFO - DAG(s) dict_keys(['tutorial_dag']) retrieved from /home/airflow/.local/lib/python3.7/site-packages/airflow/example_dags/tutorial_dag.py
[2023-07-09T16:16:21.513+0000] {logging_mixin.py:149} INFO - [2023-07-09T16:16:21.513+0000] {dag.py:2726} INFO - Sync 1 DAGs
[2023-07-09T16:16:21.530+0000] {logging_mixin.py:149} INFO - [2023-07-09T16:16:21.530+0000] {dag.py:3490} INFO - Setting next_dagrun for tutorial_dag to None, run_after=None
[2023-07-09T16:16:21.541+0000] {processor.py:179} INFO - Processing /home/airflow/.local/lib/python3.7/site-packages/airflow/example_dags/tutorial_dag.py took 0.056 seconds
[2023-07-09T16:16:51.765+0000] {processor.py:157} INFO - Started process (PID=2003) to work on /home/airflow/.local/lib/python3.7/site-packages/airflow/example_dags/tutorial_dag.py
[2023-07-09T16:16:51.767+0000] {processor.py:826} INFO - Processing file /home/airflow/.local/lib/python3.7/site-packages/airflow/example_dags/tutorial_dag.py for tasks to queue
[2023-07-09T16:16:51.768+0000] {logging_mixin.py:149} INFO - [2023-07-09T16:16:51.768+0000] {dagbag.py:541} INFO - Filling up the DagBag from /home/airflow/.local/lib/python3.7/site-packages/airflow/example_dags/tutorial_dag.py
[2023-07-09T16:16:51.772+0000] {processor.py:836} INFO - DAG(s) dict_keys(['tutorial_dag']) retrieved from /home/airflow/.local/lib/python3.7/site-packages/airflow/example_dags/tutorial_dag.py
[2023-07-09T16:16:51.792+0000] {logging_mixin.py:149} INFO - [2023-07-09T16:16:51.792+0000] {dag.py:2726} INFO - Sync 1 DAGs
[2023-07-09T16:16:51.808+0000] {logging_mixin.py:149} INFO - [2023-07-09T16:16:51.808+0000] {dag.py:3490} INFO - Setting next_dagrun for tutorial_dag to None, run_after=None
[2023-07-09T16:16:51.820+0000] {processor.py:179} INFO - Processing /home/airflow/.local/lib/python3.7/site-packages/airflow/example_dags/tutorial_dag.py took 0.057 seconds
[2023-07-09T16:17:22.890+0000] {processor.py:157} INFO - Started process (PID=2064) to work on /home/airflow/.local/lib/python3.7/site-packages/airflow/example_dags/tutorial_dag.py
[2023-07-09T16:17:22.891+0000] {processor.py:826} INFO - Processing file /home/airflow/.local/lib/python3.7/site-packages/airflow/example_dags/tutorial_dag.py for tasks to queue
[2023-07-09T16:17:22.892+0000] {logging_mixin.py:149} INFO - [2023-07-09T16:17:22.892+0000] {dagbag.py:541} INFO - Filling up the DagBag from /home/airflow/.local/lib/python3.7/site-packages/airflow/example_dags/tutorial_dag.py
[2023-07-09T16:17:22.897+0000] {processor.py:836} INFO - DAG(s) dict_keys(['tutorial_dag']) retrieved from /home/airflow/.local/lib/python3.7/site-packages/airflow/example_dags/tutorial_dag.py
[2023-07-09T16:17:22.918+0000] {logging_mixin.py:149} INFO - [2023-07-09T16:17:22.918+0000] {dag.py:2726} INFO - Sync 1 DAGs
[2023-07-09T16:17:22.936+0000] {logging_mixin.py:149} INFO - [2023-07-09T16:17:22.936+0000] {dag.py:3490} INFO - Setting next_dagrun for tutorial_dag to None, run_after=None
[2023-07-09T16:17:22.948+0000] {processor.py:179} INFO - Processing /home/airflow/.local/lib/python3.7/site-packages/airflow/example_dags/tutorial_dag.py took 0.060 seconds
[2023-07-09T16:17:53.590+0000] {processor.py:157} INFO - Started process (PID=2125) to work on /home/airflow/.local/lib/python3.7/site-packages/airflow/example_dags/tutorial_dag.py
[2023-07-09T16:17:53.591+0000] {processor.py:826} INFO - Processing file /home/airflow/.local/lib/python3.7/site-packages/airflow/example_dags/tutorial_dag.py for tasks to queue
[2023-07-09T16:17:53.592+0000] {logging_mixin.py:149} INFO - [2023-07-09T16:17:53.592+0000] {dagbag.py:541} INFO - Filling up the DagBag from /home/airflow/.local/lib/python3.7/site-packages/airflow/example_dags/tutorial_dag.py
[2023-07-09T16:17:53.596+0000] {processor.py:836} INFO - DAG(s) dict_keys(['tutorial_dag']) retrieved from /home/airflow/.local/lib/python3.7/site-packages/airflow/example_dags/tutorial_dag.py
[2023-07-09T16:17:53.617+0000] {logging_mixin.py:149} INFO - [2023-07-09T16:17:53.617+0000] {dag.py:2726} INFO - Sync 1 DAGs
[2023-07-09T16:17:53.634+0000] {logging_mixin.py:149} INFO - [2023-07-09T16:17:53.634+0000] {dag.py:3490} INFO - Setting next_dagrun for tutorial_dag to None, run_after=None
[2023-07-09T16:17:53.647+0000] {processor.py:179} INFO - Processing /home/airflow/.local/lib/python3.7/site-packages/airflow/example_dags/tutorial_dag.py took 0.060 seconds
