[2023-07-10T15:36:47.947+0000] {processor.py:157} INFO - Started process (PID=34) to work on /home/airflow/.local/lib/python3.7/site-packages/airflow/example_dags/example_dynamic_task_mapping_with_no_taskflow_operators.py
[2023-07-10T15:36:47.949+0000] {processor.py:826} INFO - Processing file /home/airflow/.local/lib/python3.7/site-packages/airflow/example_dags/example_dynamic_task_mapping_with_no_taskflow_operators.py for tasks to queue
[2023-07-10T15:36:47.951+0000] {logging_mixin.py:149} INFO - [2023-07-10T15:36:47.951+0000] {dagbag.py:541} INFO - Filling up the DagBag from /home/airflow/.local/lib/python3.7/site-packages/airflow/example_dags/example_dynamic_task_mapping_with_no_taskflow_operators.py
[2023-07-10T15:36:47.973+0000] {processor.py:836} INFO - DAG(s) dict_keys(['example_dynamic_task_mapping_with_no_taskflow_operators']) retrieved from /home/airflow/.local/lib/python3.7/site-packages/airflow/example_dags/example_dynamic_task_mapping_with_no_taskflow_operators.py
[2023-07-10T15:36:48.013+0000] {logging_mixin.py:149} INFO - [2023-07-10T15:36:48.013+0000] {dag.py:2726} INFO - Sync 1 DAGs
[2023-07-10T15:36:48.172+0000] {logging_mixin.py:149} INFO - [2023-07-10T15:36:48.172+0000] {dag.py:3490} INFO - Setting next_dagrun for example_dynamic_task_mapping_with_no_taskflow_operators to 2023-07-09T15:36:48.172590+00:00, run_after=2023-07-10T15:36:48.172590+00:00
[2023-07-10T15:36:48.186+0000] {processor.py:179} INFO - Processing /home/airflow/.local/lib/python3.7/site-packages/airflow/example_dags/example_dynamic_task_mapping_with_no_taskflow_operators.py took 0.242 seconds
[2023-07-10T15:37:18.522+0000] {processor.py:157} INFO - Started process (PID=95) to work on /home/airflow/.local/lib/python3.7/site-packages/airflow/example_dags/example_dynamic_task_mapping_with_no_taskflow_operators.py
[2023-07-10T15:37:18.523+0000] {processor.py:826} INFO - Processing file /home/airflow/.local/lib/python3.7/site-packages/airflow/example_dags/example_dynamic_task_mapping_with_no_taskflow_operators.py for tasks to queue
[2023-07-10T15:37:18.524+0000] {logging_mixin.py:149} INFO - [2023-07-10T15:37:18.524+0000] {dagbag.py:541} INFO - Filling up the DagBag from /home/airflow/.local/lib/python3.7/site-packages/airflow/example_dags/example_dynamic_task_mapping_with_no_taskflow_operators.py
[2023-07-10T15:37:18.529+0000] {processor.py:836} INFO - DAG(s) dict_keys(['example_dynamic_task_mapping_with_no_taskflow_operators']) retrieved from /home/airflow/.local/lib/python3.7/site-packages/airflow/example_dags/example_dynamic_task_mapping_with_no_taskflow_operators.py
[2023-07-10T15:37:18.548+0000] {logging_mixin.py:149} INFO - [2023-07-10T15:37:18.548+0000] {dag.py:2726} INFO - Sync 1 DAGs
[2023-07-10T15:37:18.563+0000] {logging_mixin.py:149} INFO - [2023-07-10T15:37:18.563+0000] {dag.py:3490} INFO - Setting next_dagrun for example_dynamic_task_mapping_with_no_taskflow_operators to 2023-07-09T15:37:18.562962+00:00, run_after=2023-07-10T15:37:18.562962+00:00
[2023-07-10T15:37:18.574+0000] {processor.py:179} INFO - Processing /home/airflow/.local/lib/python3.7/site-packages/airflow/example_dags/example_dynamic_task_mapping_with_no_taskflow_operators.py took 0.055 seconds
[2023-07-10T15:37:48.949+0000] {processor.py:157} INFO - Started process (PID=156) to work on /home/airflow/.local/lib/python3.7/site-packages/airflow/example_dags/example_dynamic_task_mapping_with_no_taskflow_operators.py
[2023-07-10T15:37:48.951+0000] {processor.py:826} INFO - Processing file /home/airflow/.local/lib/python3.7/site-packages/airflow/example_dags/example_dynamic_task_mapping_with_no_taskflow_operators.py for tasks to queue
[2023-07-10T15:37:48.952+0000] {logging_mixin.py:149} INFO - [2023-07-10T15:37:48.952+0000] {dagbag.py:541} INFO - Filling up the DagBag from /home/airflow/.local/lib/python3.7/site-packages/airflow/example_dags/example_dynamic_task_mapping_with_no_taskflow_operators.py
[2023-07-10T15:37:48.958+0000] {processor.py:836} INFO - DAG(s) dict_keys(['example_dynamic_task_mapping_with_no_taskflow_operators']) retrieved from /home/airflow/.local/lib/python3.7/site-packages/airflow/example_dags/example_dynamic_task_mapping_with_no_taskflow_operators.py
[2023-07-10T15:37:48.976+0000] {logging_mixin.py:149} INFO - [2023-07-10T15:37:48.975+0000] {dag.py:2726} INFO - Sync 1 DAGs
[2023-07-10T15:37:48.991+0000] {logging_mixin.py:149} INFO - [2023-07-10T15:37:48.991+0000] {dag.py:3490} INFO - Setting next_dagrun for example_dynamic_task_mapping_with_no_taskflow_operators to 2023-07-09T15:37:48.990812+00:00, run_after=2023-07-10T15:37:48.990812+00:00
[2023-07-10T15:37:49.002+0000] {processor.py:179} INFO - Processing /home/airflow/.local/lib/python3.7/site-packages/airflow/example_dags/example_dynamic_task_mapping_with_no_taskflow_operators.py took 0.056 seconds
