[2023-07-10T15:36:50.541+0000] {processor.py:157} INFO - Started process (PID=46) to work on /home/airflow/.local/lib/python3.7/site-packages/airflow/example_dags/example_dynamic_task_mapping.py
[2023-07-10T15:36:50.544+0000] {processor.py:826} INFO - Processing file /home/airflow/.local/lib/python3.7/site-packages/airflow/example_dags/example_dynamic_task_mapping.py for tasks to queue
[2023-07-10T15:36:50.545+0000] {logging_mixin.py:149} INFO - [2023-07-10T15:36:50.545+0000] {dagbag.py:541} INFO - Filling up the DagBag from /home/airflow/.local/lib/python3.7/site-packages/airflow/example_dags/example_dynamic_task_mapping.py
[2023-07-10T15:36:50.575+0000] {processor.py:836} INFO - DAG(s) dict_keys(['example_dynamic_task_mapping']) retrieved from /home/airflow/.local/lib/python3.7/site-packages/airflow/example_dags/example_dynamic_task_mapping.py
[2023-07-10T15:36:50.639+0000] {logging_mixin.py:149} INFO - [2023-07-10T15:36:50.639+0000] {dag.py:2726} INFO - Sync 1 DAGs
[2023-07-10T15:36:50.857+0000] {logging_mixin.py:149} INFO - [2023-07-10T15:36:50.857+0000] {dag.py:3490} INFO - Setting next_dagrun for example_dynamic_task_mapping to 2022-03-04T00:00:00+00:00, run_after=2022-03-05T00:00:00+00:00
[2023-07-10T15:36:50.882+0000] {processor.py:179} INFO - Processing /home/airflow/.local/lib/python3.7/site-packages/airflow/example_dags/example_dynamic_task_mapping.py took 0.344 seconds
[2023-07-10T15:37:21.137+0000] {processor.py:157} INFO - Started process (PID=107) to work on /home/airflow/.local/lib/python3.7/site-packages/airflow/example_dags/example_dynamic_task_mapping.py
[2023-07-10T15:37:21.138+0000] {processor.py:826} INFO - Processing file /home/airflow/.local/lib/python3.7/site-packages/airflow/example_dags/example_dynamic_task_mapping.py for tasks to queue
[2023-07-10T15:37:21.139+0000] {logging_mixin.py:149} INFO - [2023-07-10T15:37:21.139+0000] {dagbag.py:541} INFO - Filling up the DagBag from /home/airflow/.local/lib/python3.7/site-packages/airflow/example_dags/example_dynamic_task_mapping.py
[2023-07-10T15:37:21.144+0000] {processor.py:836} INFO - DAG(s) dict_keys(['example_dynamic_task_mapping']) retrieved from /home/airflow/.local/lib/python3.7/site-packages/airflow/example_dags/example_dynamic_task_mapping.py
[2023-07-10T15:37:21.162+0000] {logging_mixin.py:149} INFO - [2023-07-10T15:37:21.162+0000] {dag.py:2726} INFO - Sync 1 DAGs
[2023-07-10T15:37:21.178+0000] {logging_mixin.py:149} INFO - [2023-07-10T15:37:21.178+0000] {dag.py:3490} INFO - Setting next_dagrun for example_dynamic_task_mapping to 2022-03-04T00:00:00+00:00, run_after=2022-03-05T00:00:00+00:00
[2023-07-10T15:37:21.188+0000] {processor.py:179} INFO - Processing /home/airflow/.local/lib/python3.7/site-packages/airflow/example_dags/example_dynamic_task_mapping.py took 0.054 seconds
[2023-07-10T15:37:51.589+0000] {processor.py:157} INFO - Started process (PID=168) to work on /home/airflow/.local/lib/python3.7/site-packages/airflow/example_dags/example_dynamic_task_mapping.py
[2023-07-10T15:37:51.591+0000] {processor.py:826} INFO - Processing file /home/airflow/.local/lib/python3.7/site-packages/airflow/example_dags/example_dynamic_task_mapping.py for tasks to queue
[2023-07-10T15:37:51.591+0000] {logging_mixin.py:149} INFO - [2023-07-10T15:37:51.591+0000] {dagbag.py:541} INFO - Filling up the DagBag from /home/airflow/.local/lib/python3.7/site-packages/airflow/example_dags/example_dynamic_task_mapping.py
[2023-07-10T15:37:51.597+0000] {processor.py:836} INFO - DAG(s) dict_keys(['example_dynamic_task_mapping']) retrieved from /home/airflow/.local/lib/python3.7/site-packages/airflow/example_dags/example_dynamic_task_mapping.py
[2023-07-10T15:37:51.616+0000] {logging_mixin.py:149} INFO - [2023-07-10T15:37:51.616+0000] {dag.py:2726} INFO - Sync 1 DAGs
[2023-07-10T15:37:51.635+0000] {logging_mixin.py:149} INFO - [2023-07-10T15:37:51.635+0000] {dag.py:3490} INFO - Setting next_dagrun for example_dynamic_task_mapping to 2022-03-04T00:00:00+00:00, run_after=2022-03-05T00:00:00+00:00
[2023-07-10T15:37:51.645+0000] {processor.py:179} INFO - Processing /home/airflow/.local/lib/python3.7/site-packages/airflow/example_dags/example_dynamic_task_mapping.py took 0.058 seconds
