[2023-07-10T15:36:50.844+0000] {processor.py:157} INFO - Started process (PID=47) to work on /home/airflow/.local/lib/python3.7/site-packages/airflow/example_dags/example_latest_only_with_trigger.py
[2023-07-10T15:36:50.846+0000] {processor.py:826} INFO - Processing file /home/airflow/.local/lib/python3.7/site-packages/airflow/example_dags/example_latest_only_with_trigger.py for tasks to queue
[2023-07-10T15:36:50.848+0000] {logging_mixin.py:149} INFO - [2023-07-10T15:36:50.848+0000] {dagbag.py:541} INFO - Filling up the DagBag from /home/airflow/.local/lib/python3.7/site-packages/airflow/example_dags/example_latest_only_with_trigger.py
[2023-07-10T15:36:50.858+0000] {processor.py:836} INFO - DAG(s) dict_keys(['latest_only_with_trigger']) retrieved from /home/airflow/.local/lib/python3.7/site-packages/airflow/example_dags/example_latest_only_with_trigger.py
[2023-07-10T15:36:50.906+0000] {logging_mixin.py:149} INFO - [2023-07-10T15:36:50.906+0000] {dag.py:2726} INFO - Sync 1 DAGs
[2023-07-10T15:36:51.125+0000] {logging_mixin.py:149} INFO - [2023-07-10T15:36:51.124+0000] {dag.py:3490} INFO - Setting next_dagrun for latest_only_with_trigger to 2023-07-10T11:36:51.124654+00:00, run_after=2023-07-10T15:36:51.124654+00:00
[2023-07-10T15:36:51.168+0000] {processor.py:179} INFO - Processing /home/airflow/.local/lib/python3.7/site-packages/airflow/example_dags/example_latest_only_with_trigger.py took 0.330 seconds
[2023-07-10T15:37:22.221+0000] {processor.py:157} INFO - Started process (PID=108) to work on /home/airflow/.local/lib/python3.7/site-packages/airflow/example_dags/example_latest_only_with_trigger.py
[2023-07-10T15:37:22.224+0000] {processor.py:826} INFO - Processing file /home/airflow/.local/lib/python3.7/site-packages/airflow/example_dags/example_latest_only_with_trigger.py for tasks to queue
[2023-07-10T15:37:22.225+0000] {logging_mixin.py:149} INFO - [2023-07-10T15:37:22.225+0000] {dagbag.py:541} INFO - Filling up the DagBag from /home/airflow/.local/lib/python3.7/site-packages/airflow/example_dags/example_latest_only_with_trigger.py
[2023-07-10T15:37:22.233+0000] {processor.py:836} INFO - DAG(s) dict_keys(['latest_only_with_trigger']) retrieved from /home/airflow/.local/lib/python3.7/site-packages/airflow/example_dags/example_latest_only_with_trigger.py
[2023-07-10T15:37:22.259+0000] {logging_mixin.py:149} INFO - [2023-07-10T15:37:22.259+0000] {dag.py:2726} INFO - Sync 1 DAGs
[2023-07-10T15:37:22.277+0000] {logging_mixin.py:149} INFO - [2023-07-10T15:37:22.277+0000] {dag.py:3490} INFO - Setting next_dagrun for latest_only_with_trigger to 2023-07-10T11:37:22.277406+00:00, run_after=2023-07-10T15:37:22.277406+00:00
[2023-07-10T15:37:22.288+0000] {processor.py:179} INFO - Processing /home/airflow/.local/lib/python3.7/site-packages/airflow/example_dags/example_latest_only_with_trigger.py took 0.072 seconds
[2023-07-10T15:37:52.671+0000] {processor.py:157} INFO - Started process (PID=169) to work on /home/airflow/.local/lib/python3.7/site-packages/airflow/example_dags/example_latest_only_with_trigger.py
[2023-07-10T15:37:52.673+0000] {processor.py:826} INFO - Processing file /home/airflow/.local/lib/python3.7/site-packages/airflow/example_dags/example_latest_only_with_trigger.py for tasks to queue
[2023-07-10T15:37:52.674+0000] {logging_mixin.py:149} INFO - [2023-07-10T15:37:52.674+0000] {dagbag.py:541} INFO - Filling up the DagBag from /home/airflow/.local/lib/python3.7/site-packages/airflow/example_dags/example_latest_only_with_trigger.py
[2023-07-10T15:37:52.682+0000] {processor.py:836} INFO - DAG(s) dict_keys(['latest_only_with_trigger']) retrieved from /home/airflow/.local/lib/python3.7/site-packages/airflow/example_dags/example_latest_only_with_trigger.py
[2023-07-10T15:37:52.708+0000] {logging_mixin.py:149} INFO - [2023-07-10T15:37:52.708+0000] {dag.py:2726} INFO - Sync 1 DAGs
[2023-07-10T15:37:52.726+0000] {logging_mixin.py:149} INFO - [2023-07-10T15:37:52.726+0000] {dag.py:3490} INFO - Setting next_dagrun for latest_only_with_trigger to 2023-07-10T11:37:52.726050+00:00, run_after=2023-07-10T15:37:52.726050+00:00
[2023-07-10T15:37:52.738+0000] {processor.py:179} INFO - Processing /home/airflow/.local/lib/python3.7/site-packages/airflow/example_dags/example_latest_only_with_trigger.py took 0.072 seconds
