[2023-07-10T15:36:49.124+0000] {processor.py:157} INFO - Started process (PID=41) to work on /home/airflow/.local/lib/python3.7/site-packages/airflow/example_dags/example_branch_datetime_operator.py
[2023-07-10T15:36:49.126+0000] {processor.py:826} INFO - Processing file /home/airflow/.local/lib/python3.7/site-packages/airflow/example_dags/example_branch_datetime_operator.py for tasks to queue
[2023-07-10T15:36:49.128+0000] {logging_mixin.py:149} INFO - [2023-07-10T15:36:49.128+0000] {dagbag.py:541} INFO - Filling up the DagBag from /home/airflow/.local/lib/python3.7/site-packages/airflow/example_dags/example_branch_datetime_operator.py
[2023-07-10T15:36:49.144+0000] {processor.py:836} INFO - DAG(s) dict_keys(['example_branch_datetime_operator_3', 'example_branch_datetime_operator_2', 'example_branch_datetime_operator']) retrieved from /home/airflow/.local/lib/python3.7/site-packages/airflow/example_dags/example_branch_datetime_operator.py
[2023-07-10T15:36:49.214+0000] {logging_mixin.py:149} INFO - [2023-07-10T15:36:49.214+0000] {dag.py:2726} INFO - Sync 3 DAGs
[2023-07-10T15:36:49.432+0000] {logging_mixin.py:149} INFO - [2023-07-10T15:36:49.432+0000] {dag.py:3490} INFO - Setting next_dagrun for example_branch_datetime_operator to 2023-07-09T00:00:00+00:00, run_after=2023-07-10T00:00:00+00:00
[2023-07-10T15:36:49.445+0000] {logging_mixin.py:149} INFO - [2023-07-10T15:36:49.445+0000] {dag.py:3490} INFO - Setting next_dagrun for example_branch_datetime_operator_2 to 2023-07-09T00:00:00+00:00, run_after=2023-07-10T00:00:00+00:00
[2023-07-10T15:36:49.453+0000] {logging_mixin.py:149} INFO - [2023-07-10T15:36:49.453+0000] {dag.py:3490} INFO - Setting next_dagrun for example_branch_datetime_operator_3 to 2023-07-09T00:00:00+00:00, run_after=2023-07-10T00:00:00+00:00
[2023-07-10T15:36:49.473+0000] {processor.py:179} INFO - Processing /home/airflow/.local/lib/python3.7/site-packages/airflow/example_dags/example_branch_datetime_operator.py took 0.355 seconds
[2023-07-10T15:37:19.839+0000] {processor.py:157} INFO - Started process (PID=101) to work on /home/airflow/.local/lib/python3.7/site-packages/airflow/example_dags/example_branch_datetime_operator.py
[2023-07-10T15:37:19.841+0000] {processor.py:826} INFO - Processing file /home/airflow/.local/lib/python3.7/site-packages/airflow/example_dags/example_branch_datetime_operator.py for tasks to queue
[2023-07-10T15:37:19.841+0000] {logging_mixin.py:149} INFO - [2023-07-10T15:37:19.841+0000] {dagbag.py:541} INFO - Filling up the DagBag from /home/airflow/.local/lib/python3.7/site-packages/airflow/example_dags/example_branch_datetime_operator.py
[2023-07-10T15:37:19.847+0000] {processor.py:836} INFO - DAG(s) dict_keys(['example_branch_datetime_operator_3', 'example_branch_datetime_operator_2', 'example_branch_datetime_operator']) retrieved from /home/airflow/.local/lib/python3.7/site-packages/airflow/example_dags/example_branch_datetime_operator.py
[2023-07-10T15:37:19.869+0000] {logging_mixin.py:149} INFO - [2023-07-10T15:37:19.868+0000] {dag.py:2726} INFO - Sync 3 DAGs
[2023-07-10T15:37:19.884+0000] {logging_mixin.py:149} INFO - [2023-07-10T15:37:19.884+0000] {dag.py:3490} INFO - Setting next_dagrun for example_branch_datetime_operator to 2023-07-09T00:00:00+00:00, run_after=2023-07-10T00:00:00+00:00
[2023-07-10T15:37:19.887+0000] {logging_mixin.py:149} INFO - [2023-07-10T15:37:19.887+0000] {dag.py:3490} INFO - Setting next_dagrun for example_branch_datetime_operator_2 to 2023-07-09T00:00:00+00:00, run_after=2023-07-10T00:00:00+00:00
[2023-07-10T15:37:19.889+0000] {logging_mixin.py:149} INFO - [2023-07-10T15:37:19.889+0000] {dag.py:3490} INFO - Setting next_dagrun for example_branch_datetime_operator_3 to 2023-07-09T00:00:00+00:00, run_after=2023-07-10T00:00:00+00:00
[2023-07-10T15:37:19.899+0000] {processor.py:179} INFO - Processing /home/airflow/.local/lib/python3.7/site-packages/airflow/example_dags/example_branch_datetime_operator.py took 0.062 seconds
[2023-07-10T15:37:50.231+0000] {processor.py:157} INFO - Started process (PID=162) to work on /home/airflow/.local/lib/python3.7/site-packages/airflow/example_dags/example_branch_datetime_operator.py
[2023-07-10T15:37:50.232+0000] {processor.py:826} INFO - Processing file /home/airflow/.local/lib/python3.7/site-packages/airflow/example_dags/example_branch_datetime_operator.py for tasks to queue
[2023-07-10T15:37:50.233+0000] {logging_mixin.py:149} INFO - [2023-07-10T15:37:50.233+0000] {dagbag.py:541} INFO - Filling up the DagBag from /home/airflow/.local/lib/python3.7/site-packages/airflow/example_dags/example_branch_datetime_operator.py
[2023-07-10T15:37:50.240+0000] {processor.py:836} INFO - DAG(s) dict_keys(['example_branch_datetime_operator_2', 'example_branch_datetime_operator', 'example_branch_datetime_operator_3']) retrieved from /home/airflow/.local/lib/python3.7/site-packages/airflow/example_dags/example_branch_datetime_operator.py
[2023-07-10T15:37:50.263+0000] {logging_mixin.py:149} INFO - [2023-07-10T15:37:50.263+0000] {dag.py:2726} INFO - Sync 3 DAGs
[2023-07-10T15:37:50.278+0000] {logging_mixin.py:149} INFO - [2023-07-10T15:37:50.278+0000] {dag.py:3490} INFO - Setting next_dagrun for example_branch_datetime_operator to 2023-07-09T00:00:00+00:00, run_after=2023-07-10T00:00:00+00:00
[2023-07-10T15:37:50.281+0000] {logging_mixin.py:149} INFO - [2023-07-10T15:37:50.281+0000] {dag.py:3490} INFO - Setting next_dagrun for example_branch_datetime_operator_2 to 2023-07-09T00:00:00+00:00, run_after=2023-07-10T00:00:00+00:00
[2023-07-10T15:37:50.283+0000] {logging_mixin.py:149} INFO - [2023-07-10T15:37:50.283+0000] {dag.py:3490} INFO - Setting next_dagrun for example_branch_datetime_operator_3 to 2023-07-09T00:00:00+00:00, run_after=2023-07-10T00:00:00+00:00
[2023-07-10T15:37:50.291+0000] {processor.py:179} INFO - Processing /home/airflow/.local/lib/python3.7/site-packages/airflow/example_dags/example_branch_datetime_operator.py took 0.063 seconds
