[2023-07-10T15:36:51.718+0000] {processor.py:157} INFO - Started process (PID=52) to work on /home/airflow/.local/lib/python3.7/site-packages/airflow/example_dags/example_bash_operator.py
[2023-07-10T15:36:51.720+0000] {processor.py:826} INFO - Processing file /home/airflow/.local/lib/python3.7/site-packages/airflow/example_dags/example_bash_operator.py for tasks to queue
[2023-07-10T15:36:51.721+0000] {logging_mixin.py:149} INFO - [2023-07-10T15:36:51.721+0000] {dagbag.py:541} INFO - Filling up the DagBag from /home/airflow/.local/lib/python3.7/site-packages/airflow/example_dags/example_bash_operator.py
[2023-07-10T15:36:51.739+0000] {processor.py:836} INFO - DAG(s) dict_keys(['example_bash_operator']) retrieved from /home/airflow/.local/lib/python3.7/site-packages/airflow/example_dags/example_bash_operator.py
[2023-07-10T15:36:51.928+0000] {logging_mixin.py:149} INFO - [2023-07-10T15:36:51.928+0000] {dag.py:2726} INFO - Sync 1 DAGs
[2023-07-10T15:36:51.945+0000] {logging_mixin.py:149} INFO - [2023-07-10T15:36:51.945+0000] {dag.py:3490} INFO - Setting next_dagrun for example_bash_operator to 2023-07-09T00:00:00+00:00, run_after=2023-07-10T00:00:00+00:00
[2023-07-10T15:36:51.956+0000] {processor.py:179} INFO - Processing /home/airflow/.local/lib/python3.7/site-packages/airflow/example_dags/example_bash_operator.py took 0.242 seconds
[2023-07-10T15:37:22.420+0000] {processor.py:157} INFO - Started process (PID=113) to work on /home/airflow/.local/lib/python3.7/site-packages/airflow/example_dags/example_bash_operator.py
[2023-07-10T15:37:22.421+0000] {processor.py:826} INFO - Processing file /home/airflow/.local/lib/python3.7/site-packages/airflow/example_dags/example_bash_operator.py for tasks to queue
[2023-07-10T15:37:22.422+0000] {logging_mixin.py:149} INFO - [2023-07-10T15:37:22.422+0000] {dagbag.py:541} INFO - Filling up the DagBag from /home/airflow/.local/lib/python3.7/site-packages/airflow/example_dags/example_bash_operator.py
[2023-07-10T15:37:22.431+0000] {processor.py:836} INFO - DAG(s) dict_keys(['example_bash_operator']) retrieved from /home/airflow/.local/lib/python3.7/site-packages/airflow/example_dags/example_bash_operator.py
[2023-07-10T15:37:22.456+0000] {logging_mixin.py:149} INFO - [2023-07-10T15:37:22.455+0000] {dag.py:2726} INFO - Sync 1 DAGs
[2023-07-10T15:37:22.471+0000] {logging_mixin.py:149} INFO - [2023-07-10T15:37:22.471+0000] {dag.py:3490} INFO - Setting next_dagrun for example_bash_operator to 2023-07-09T00:00:00+00:00, run_after=2023-07-10T00:00:00+00:00
[2023-07-10T15:37:22.484+0000] {processor.py:179} INFO - Processing /home/airflow/.local/lib/python3.7/site-packages/airflow/example_dags/example_bash_operator.py took 0.067 seconds
[2023-07-10T15:37:52.865+0000] {processor.py:157} INFO - Started process (PID=174) to work on /home/airflow/.local/lib/python3.7/site-packages/airflow/example_dags/example_bash_operator.py
[2023-07-10T15:37:52.866+0000] {processor.py:826} INFO - Processing file /home/airflow/.local/lib/python3.7/site-packages/airflow/example_dags/example_bash_operator.py for tasks to queue
[2023-07-10T15:37:52.867+0000] {logging_mixin.py:149} INFO - [2023-07-10T15:37:52.867+0000] {dagbag.py:541} INFO - Filling up the DagBag from /home/airflow/.local/lib/python3.7/site-packages/airflow/example_dags/example_bash_operator.py
[2023-07-10T15:37:52.876+0000] {processor.py:836} INFO - DAG(s) dict_keys(['example_bash_operator']) retrieved from /home/airflow/.local/lib/python3.7/site-packages/airflow/example_dags/example_bash_operator.py
[2023-07-10T15:37:52.899+0000] {logging_mixin.py:149} INFO - [2023-07-10T15:37:52.899+0000] {dag.py:2726} INFO - Sync 1 DAGs
[2023-07-10T15:37:52.915+0000] {logging_mixin.py:149} INFO - [2023-07-10T15:37:52.915+0000] {dag.py:3490} INFO - Setting next_dagrun for example_bash_operator to 2023-07-09T00:00:00+00:00, run_after=2023-07-10T00:00:00+00:00
[2023-07-10T15:37:52.925+0000] {processor.py:179} INFO - Processing /home/airflow/.local/lib/python3.7/site-packages/airflow/example_dags/example_bash_operator.py took 0.062 seconds
