[2023-07-10T15:36:49.984+0000] {processor.py:157} INFO - Started process (PID=44) to work on /home/airflow/.local/lib/python3.7/site-packages/airflow/example_dags/example_python_operator.py
[2023-07-10T15:36:49.986+0000] {processor.py:826} INFO - Processing file /home/airflow/.local/lib/python3.7/site-packages/airflow/example_dags/example_python_operator.py for tasks to queue
[2023-07-10T15:36:49.988+0000] {logging_mixin.py:149} INFO - [2023-07-10T15:36:49.987+0000] {dagbag.py:541} INFO - Filling up the DagBag from /home/airflow/.local/lib/python3.7/site-packages/airflow/example_dags/example_python_operator.py
[2023-07-10T15:36:50.010+0000] {processor.py:836} INFO - DAG(s) dict_keys(['example_python_operator']) retrieved from /home/airflow/.local/lib/python3.7/site-packages/airflow/example_dags/example_python_operator.py
[2023-07-10T15:36:50.439+0000] {logging_mixin.py:149} INFO - [2023-07-10T15:36:50.439+0000] {dag.py:2726} INFO - Sync 1 DAGs
[2023-07-10T15:36:50.460+0000] {logging_mixin.py:149} INFO - [2023-07-10T15:36:50.460+0000] {dag.py:3490} INFO - Setting next_dagrun for example_python_operator to None, run_after=None
[2023-07-10T15:36:50.478+0000] {processor.py:179} INFO - Processing /home/airflow/.local/lib/python3.7/site-packages/airflow/example_dags/example_python_operator.py took 0.499 seconds
[2023-07-10T15:37:21.046+0000] {processor.py:157} INFO - Started process (PID=105) to work on /home/airflow/.local/lib/python3.7/site-packages/airflow/example_dags/example_python_operator.py
[2023-07-10T15:37:21.047+0000] {processor.py:826} INFO - Processing file /home/airflow/.local/lib/python3.7/site-packages/airflow/example_dags/example_python_operator.py for tasks to queue
[2023-07-10T15:37:21.048+0000] {logging_mixin.py:149} INFO - [2023-07-10T15:37:21.048+0000] {dagbag.py:541} INFO - Filling up the DagBag from /home/airflow/.local/lib/python3.7/site-packages/airflow/example_dags/example_python_operator.py
[2023-07-10T15:37:21.055+0000] {processor.py:836} INFO - DAG(s) dict_keys(['example_python_operator']) retrieved from /home/airflow/.local/lib/python3.7/site-packages/airflow/example_dags/example_python_operator.py
[2023-07-10T15:37:21.077+0000] {logging_mixin.py:149} INFO - [2023-07-10T15:37:21.077+0000] {dag.py:2726} INFO - Sync 1 DAGs
[2023-07-10T15:37:21.101+0000] {logging_mixin.py:149} INFO - [2023-07-10T15:37:21.101+0000] {dag.py:3490} INFO - Setting next_dagrun for example_python_operator to None, run_after=None
[2023-07-10T15:37:21.114+0000] {processor.py:179} INFO - Processing /home/airflow/.local/lib/python3.7/site-packages/airflow/example_dags/example_python_operator.py took 0.071 seconds
[2023-07-10T15:37:51.507+0000] {processor.py:157} INFO - Started process (PID=166) to work on /home/airflow/.local/lib/python3.7/site-packages/airflow/example_dags/example_python_operator.py
[2023-07-10T15:37:51.508+0000] {processor.py:826} INFO - Processing file /home/airflow/.local/lib/python3.7/site-packages/airflow/example_dags/example_python_operator.py for tasks to queue
[2023-07-10T15:37:51.509+0000] {logging_mixin.py:149} INFO - [2023-07-10T15:37:51.509+0000] {dagbag.py:541} INFO - Filling up the DagBag from /home/airflow/.local/lib/python3.7/site-packages/airflow/example_dags/example_python_operator.py
[2023-07-10T15:37:51.516+0000] {processor.py:836} INFO - DAG(s) dict_keys(['example_python_operator']) retrieved from /home/airflow/.local/lib/python3.7/site-packages/airflow/example_dags/example_python_operator.py
[2023-07-10T15:37:51.538+0000] {logging_mixin.py:149} INFO - [2023-07-10T15:37:51.538+0000] {dag.py:2726} INFO - Sync 1 DAGs
[2023-07-10T15:37:51.556+0000] {logging_mixin.py:149} INFO - [2023-07-10T15:37:51.556+0000] {dag.py:3490} INFO - Setting next_dagrun for example_python_operator to None, run_after=None
[2023-07-10T15:37:51.568+0000] {processor.py:179} INFO - Processing /home/airflow/.local/lib/python3.7/site-packages/airflow/example_dags/example_python_operator.py took 0.064 seconds
