[2023-07-10T15:36:53.682+0000] {processor.py:157} INFO - Started process (PID=66) to work on /home/airflow/.local/lib/python3.7/site-packages/airflow/example_dags/example_branch_python_dop_operator_3.py
[2023-07-10T15:36:53.683+0000] {processor.py:826} INFO - Processing file /home/airflow/.local/lib/python3.7/site-packages/airflow/example_dags/example_branch_python_dop_operator_3.py for tasks to queue
[2023-07-10T15:36:53.684+0000] {logging_mixin.py:149} INFO - [2023-07-10T15:36:53.684+0000] {dagbag.py:541} INFO - Filling up the DagBag from /home/airflow/.local/lib/python3.7/site-packages/airflow/example_dags/example_branch_python_dop_operator_3.py
[2023-07-10T15:36:53.693+0000] {processor.py:836} INFO - DAG(s) dict_keys(['example_branch_dop_operator_v3']) retrieved from /home/airflow/.local/lib/python3.7/site-packages/airflow/example_dags/example_branch_python_dop_operator_3.py
[2023-07-10T15:36:53.855+0000] {logging_mixin.py:149} INFO - [2023-07-10T15:36:53.855+0000] {dag.py:2726} INFO - Sync 1 DAGs
[2023-07-10T15:36:53.877+0000] {logging_mixin.py:149} INFO - [2023-07-10T15:36:53.877+0000] {dag.py:3490} INFO - Setting next_dagrun for example_branch_dop_operator_v3 to 2023-07-10T15:35:00+00:00, run_after=2023-07-10T15:36:00+00:00
[2023-07-10T15:36:53.890+0000] {processor.py:179} INFO - Processing /home/airflow/.local/lib/python3.7/site-packages/airflow/example_dags/example_branch_python_dop_operator_3.py took 0.212 seconds
[2023-07-10T15:37:24.033+0000] {processor.py:157} INFO - Started process (PID=127) to work on /home/airflow/.local/lib/python3.7/site-packages/airflow/example_dags/example_branch_python_dop_operator_3.py
[2023-07-10T15:37:24.034+0000] {processor.py:826} INFO - Processing file /home/airflow/.local/lib/python3.7/site-packages/airflow/example_dags/example_branch_python_dop_operator_3.py for tasks to queue
[2023-07-10T15:37:24.034+0000] {logging_mixin.py:149} INFO - [2023-07-10T15:37:24.034+0000] {dagbag.py:541} INFO - Filling up the DagBag from /home/airflow/.local/lib/python3.7/site-packages/airflow/example_dags/example_branch_python_dop_operator_3.py
[2023-07-10T15:37:24.041+0000] {processor.py:836} INFO - DAG(s) dict_keys(['example_branch_dop_operator_v3']) retrieved from /home/airflow/.local/lib/python3.7/site-packages/airflow/example_dags/example_branch_python_dop_operator_3.py
[2023-07-10T15:37:24.062+0000] {logging_mixin.py:149} INFO - [2023-07-10T15:37:24.062+0000] {dag.py:2726} INFO - Sync 1 DAGs
[2023-07-10T15:37:24.078+0000] {logging_mixin.py:149} INFO - [2023-07-10T15:37:24.078+0000] {dag.py:3490} INFO - Setting next_dagrun for example_branch_dop_operator_v3 to 2023-07-10T15:36:00+00:00, run_after=2023-07-10T15:37:00+00:00
[2023-07-10T15:37:24.088+0000] {processor.py:179} INFO - Processing /home/airflow/.local/lib/python3.7/site-packages/airflow/example_dags/example_branch_python_dop_operator_3.py took 0.058 seconds
[2023-07-10T15:37:54.571+0000] {processor.py:157} INFO - Started process (PID=188) to work on /home/airflow/.local/lib/python3.7/site-packages/airflow/example_dags/example_branch_python_dop_operator_3.py
[2023-07-10T15:37:54.572+0000] {processor.py:826} INFO - Processing file /home/airflow/.local/lib/python3.7/site-packages/airflow/example_dags/example_branch_python_dop_operator_3.py for tasks to queue
[2023-07-10T15:37:54.573+0000] {logging_mixin.py:149} INFO - [2023-07-10T15:37:54.573+0000] {dagbag.py:541} INFO - Filling up the DagBag from /home/airflow/.local/lib/python3.7/site-packages/airflow/example_dags/example_branch_python_dop_operator_3.py
[2023-07-10T15:37:54.579+0000] {processor.py:836} INFO - DAG(s) dict_keys(['example_branch_dop_operator_v3']) retrieved from /home/airflow/.local/lib/python3.7/site-packages/airflow/example_dags/example_branch_python_dop_operator_3.py
[2023-07-10T15:37:54.598+0000] {logging_mixin.py:149} INFO - [2023-07-10T15:37:54.598+0000] {dag.py:2726} INFO - Sync 1 DAGs
[2023-07-10T15:37:54.617+0000] {logging_mixin.py:149} INFO - [2023-07-10T15:37:54.617+0000] {dag.py:3490} INFO - Setting next_dagrun for example_branch_dop_operator_v3 to 2023-07-10T15:36:00+00:00, run_after=2023-07-10T15:37:00+00:00
[2023-07-10T15:37:54.629+0000] {processor.py:179} INFO - Processing /home/airflow/.local/lib/python3.7/site-packages/airflow/example_dags/example_branch_python_dop_operator_3.py took 0.061 seconds
