[2023-07-10T15:36:48.561+0000] {processor.py:157} INFO - Started process (PID=37) to work on /home/airflow/.local/lib/python3.7/site-packages/airflow/example_dags/example_skip_dag.py
[2023-07-10T15:36:48.563+0000] {processor.py:826} INFO - Processing file /home/airflow/.local/lib/python3.7/site-packages/airflow/example_dags/example_skip_dag.py for tasks to queue
[2023-07-10T15:36:48.564+0000] {logging_mixin.py:149} INFO - [2023-07-10T15:36:48.564+0000] {dagbag.py:541} INFO - Filling up the DagBag from /home/airflow/.local/lib/python3.7/site-packages/airflow/example_dags/example_skip_dag.py
[2023-07-10T15:36:48.574+0000] {processor.py:836} INFO - DAG(s) dict_keys(['example_skip_dag']) retrieved from /home/airflow/.local/lib/python3.7/site-packages/airflow/example_dags/example_skip_dag.py
[2023-07-10T15:36:48.606+0000] {logging_mixin.py:149} INFO - [2023-07-10T15:36:48.606+0000] {dag.py:2726} INFO - Sync 1 DAGs
[2023-07-10T15:36:48.808+0000] {logging_mixin.py:149} INFO - [2023-07-10T15:36:48.808+0000] {dag.py:3490} INFO - Setting next_dagrun for example_skip_dag to 2023-07-09T15:36:48.808426+00:00, run_after=2023-07-10T15:36:48.808426+00:00
[2023-07-10T15:36:48.851+0000] {processor.py:179} INFO - Processing /home/airflow/.local/lib/python3.7/site-packages/airflow/example_dags/example_skip_dag.py took 0.292 seconds
[2023-07-10T15:37:19.710+0000] {processor.py:157} INFO - Started process (PID=98) to work on /home/airflow/.local/lib/python3.7/site-packages/airflow/example_dags/example_skip_dag.py
[2023-07-10T15:37:19.712+0000] {processor.py:826} INFO - Processing file /home/airflow/.local/lib/python3.7/site-packages/airflow/example_dags/example_skip_dag.py for tasks to queue
[2023-07-10T15:37:19.713+0000] {logging_mixin.py:149} INFO - [2023-07-10T15:37:19.713+0000] {dagbag.py:541} INFO - Filling up the DagBag from /home/airflow/.local/lib/python3.7/site-packages/airflow/example_dags/example_skip_dag.py
[2023-07-10T15:37:19.723+0000] {processor.py:836} INFO - DAG(s) dict_keys(['example_skip_dag']) retrieved from /home/airflow/.local/lib/python3.7/site-packages/airflow/example_dags/example_skip_dag.py
[2023-07-10T15:37:19.751+0000] {logging_mixin.py:149} INFO - [2023-07-10T15:37:19.751+0000] {dag.py:2726} INFO - Sync 1 DAGs
[2023-07-10T15:37:19.774+0000] {logging_mixin.py:149} INFO - [2023-07-10T15:37:19.774+0000] {dag.py:3490} INFO - Setting next_dagrun for example_skip_dag to 2023-07-09T15:37:19.773959+00:00, run_after=2023-07-10T15:37:19.773959+00:00
[2023-07-10T15:37:19.787+0000] {processor.py:179} INFO - Processing /home/airflow/.local/lib/python3.7/site-packages/airflow/example_dags/example_skip_dag.py took 0.083 seconds
[2023-07-10T15:37:50.141+0000] {processor.py:157} INFO - Started process (PID=159) to work on /home/airflow/.local/lib/python3.7/site-packages/airflow/example_dags/example_skip_dag.py
[2023-07-10T15:37:50.143+0000] {processor.py:826} INFO - Processing file /home/airflow/.local/lib/python3.7/site-packages/airflow/example_dags/example_skip_dag.py for tasks to queue
[2023-07-10T15:37:50.144+0000] {logging_mixin.py:149} INFO - [2023-07-10T15:37:50.144+0000] {dagbag.py:541} INFO - Filling up the DagBag from /home/airflow/.local/lib/python3.7/site-packages/airflow/example_dags/example_skip_dag.py
[2023-07-10T15:37:50.154+0000] {processor.py:836} INFO - DAG(s) dict_keys(['example_skip_dag']) retrieved from /home/airflow/.local/lib/python3.7/site-packages/airflow/example_dags/example_skip_dag.py
[2023-07-10T15:37:50.179+0000] {logging_mixin.py:149} INFO - [2023-07-10T15:37:50.179+0000] {dag.py:2726} INFO - Sync 1 DAGs
[2023-07-10T15:37:50.195+0000] {logging_mixin.py:149} INFO - [2023-07-10T15:37:50.195+0000] {dag.py:3490} INFO - Setting next_dagrun for example_skip_dag to 2023-07-09T15:37:50.195562+00:00, run_after=2023-07-10T15:37:50.195562+00:00
[2023-07-10T15:37:50.207+0000] {processor.py:179} INFO - Processing /home/airflow/.local/lib/python3.7/site-packages/airflow/example_dags/example_skip_dag.py took 0.071 seconds
