[2023-07-10T15:36:51.934+0000] {processor.py:157} INFO - Started process (PID=53) to work on /home/airflow/.local/lib/python3.7/site-packages/airflow/example_dags/example_params_trigger_ui.py
[2023-07-10T15:36:51.936+0000] {processor.py:826} INFO - Processing file /home/airflow/.local/lib/python3.7/site-packages/airflow/example_dags/example_params_trigger_ui.py for tasks to queue
[2023-07-10T15:36:51.937+0000] {logging_mixin.py:149} INFO - [2023-07-10T15:36:51.937+0000] {dagbag.py:541} INFO - Filling up the DagBag from /home/airflow/.local/lib/python3.7/site-packages/airflow/example_dags/example_params_trigger_ui.py
[2023-07-10T15:36:51.956+0000] {processor.py:836} INFO - DAG(s) dict_keys(['example_params_trigger_ui']) retrieved from /home/airflow/.local/lib/python3.7/site-packages/airflow/example_dags/example_params_trigger_ui.py
[2023-07-10T15:36:52.239+0000] {logging_mixin.py:149} INFO - [2023-07-10T15:36:52.239+0000] {dag.py:2726} INFO - Sync 1 DAGs
[2023-07-10T15:36:52.274+0000] {logging_mixin.py:149} INFO - [2023-07-10T15:36:52.274+0000] {dag.py:3490} INFO - Setting next_dagrun for example_params_trigger_ui to None, run_after=None
[2023-07-10T15:36:52.294+0000] {processor.py:179} INFO - Processing /home/airflow/.local/lib/python3.7/site-packages/airflow/example_dags/example_params_trigger_ui.py took 0.363 seconds
[2023-07-10T15:37:22.432+0000] {processor.py:157} INFO - Started process (PID=114) to work on /home/airflow/.local/lib/python3.7/site-packages/airflow/example_dags/example_params_trigger_ui.py
[2023-07-10T15:37:22.434+0000] {processor.py:826} INFO - Processing file /home/airflow/.local/lib/python3.7/site-packages/airflow/example_dags/example_params_trigger_ui.py for tasks to queue
[2023-07-10T15:37:22.434+0000] {logging_mixin.py:149} INFO - [2023-07-10T15:37:22.434+0000] {dagbag.py:541} INFO - Filling up the DagBag from /home/airflow/.local/lib/python3.7/site-packages/airflow/example_dags/example_params_trigger_ui.py
[2023-07-10T15:37:22.449+0000] {processor.py:836} INFO - DAG(s) dict_keys(['example_params_trigger_ui']) retrieved from /home/airflow/.local/lib/python3.7/site-packages/airflow/example_dags/example_params_trigger_ui.py
[2023-07-10T15:37:22.499+0000] {logging_mixin.py:149} INFO - [2023-07-10T15:37:22.498+0000] {dag.py:2726} INFO - Sync 1 DAGs
[2023-07-10T15:37:22.515+0000] {logging_mixin.py:149} INFO - [2023-07-10T15:37:22.515+0000] {dag.py:3490} INFO - Setting next_dagrun for example_params_trigger_ui to None, run_after=None
[2023-07-10T15:37:22.526+0000] {processor.py:179} INFO - Processing /home/airflow/.local/lib/python3.7/site-packages/airflow/example_dags/example_params_trigger_ui.py took 0.096 seconds
[2023-07-10T15:37:52.876+0000] {processor.py:157} INFO - Started process (PID=175) to work on /home/airflow/.local/lib/python3.7/site-packages/airflow/example_dags/example_params_trigger_ui.py
[2023-07-10T15:37:52.877+0000] {processor.py:826} INFO - Processing file /home/airflow/.local/lib/python3.7/site-packages/airflow/example_dags/example_params_trigger_ui.py for tasks to queue
[2023-07-10T15:37:52.878+0000] {logging_mixin.py:149} INFO - [2023-07-10T15:37:52.878+0000] {dagbag.py:541} INFO - Filling up the DagBag from /home/airflow/.local/lib/python3.7/site-packages/airflow/example_dags/example_params_trigger_ui.py
[2023-07-10T15:37:52.892+0000] {processor.py:836} INFO - DAG(s) dict_keys(['example_params_trigger_ui']) retrieved from /home/airflow/.local/lib/python3.7/site-packages/airflow/example_dags/example_params_trigger_ui.py
[2023-07-10T15:37:52.938+0000] {logging_mixin.py:149} INFO - [2023-07-10T15:37:52.938+0000] {dag.py:2726} INFO - Sync 1 DAGs
[2023-07-10T15:37:52.953+0000] {logging_mixin.py:149} INFO - [2023-07-10T15:37:52.953+0000] {dag.py:3490} INFO - Setting next_dagrun for example_params_trigger_ui to None, run_after=None
[2023-07-10T15:37:52.966+0000] {processor.py:179} INFO - Processing /home/airflow/.local/lib/python3.7/site-packages/airflow/example_dags/example_params_trigger_ui.py took 0.092 seconds
