[2023-07-10T15:36:47.392+0000] {processor.py:157} INFO - Started process (PID=32) to work on /home/airflow/.local/lib/python3.7/site-packages/airflow/example_dags/example_external_task_marker_dag.py
[2023-07-10T15:36:47.395+0000] {processor.py:826} INFO - Processing file /home/airflow/.local/lib/python3.7/site-packages/airflow/example_dags/example_external_task_marker_dag.py for tasks to queue
[2023-07-10T15:36:47.490+0000] {logging_mixin.py:149} INFO - [2023-07-10T15:36:47.490+0000] {dagbag.py:541} INFO - Filling up the DagBag from /home/airflow/.local/lib/python3.7/site-packages/airflow/example_dags/example_external_task_marker_dag.py
[2023-07-10T15:36:47.517+0000] {processor.py:836} INFO - DAG(s) dict_keys(['example_external_task_marker_parent', 'example_external_task_marker_child']) retrieved from /home/airflow/.local/lib/python3.7/site-packages/airflow/example_dags/example_external_task_marker_dag.py
[2023-07-10T15:36:47.874+0000] {logging_mixin.py:149} INFO - [2023-07-10T15:36:47.874+0000] {dag.py:2726} INFO - Sync 2 DAGs
[2023-07-10T15:36:47.890+0000] {logging_mixin.py:149} INFO - [2023-07-10T15:36:47.890+0000] {dag.py:3490} INFO - Setting next_dagrun for example_external_task_marker_child to None, run_after=None
[2023-07-10T15:36:47.893+0000] {logging_mixin.py:149} INFO - [2023-07-10T15:36:47.893+0000] {dag.py:3490} INFO - Setting next_dagrun for example_external_task_marker_parent to None, run_after=None
[2023-07-10T15:36:47.907+0000] {processor.py:179} INFO - Processing /home/airflow/.local/lib/python3.7/site-packages/airflow/example_dags/example_external_task_marker_dag.py took 0.520 seconds
[2023-07-10T15:37:18.409+0000] {processor.py:157} INFO - Started process (PID=93) to work on /home/airflow/.local/lib/python3.7/site-packages/airflow/example_dags/example_external_task_marker_dag.py
[2023-07-10T15:37:18.410+0000] {processor.py:826} INFO - Processing file /home/airflow/.local/lib/python3.7/site-packages/airflow/example_dags/example_external_task_marker_dag.py for tasks to queue
[2023-07-10T15:37:18.411+0000] {logging_mixin.py:149} INFO - [2023-07-10T15:37:18.411+0000] {dagbag.py:541} INFO - Filling up the DagBag from /home/airflow/.local/lib/python3.7/site-packages/airflow/example_dags/example_external_task_marker_dag.py
[2023-07-10T15:37:18.420+0000] {processor.py:836} INFO - DAG(s) dict_keys(['example_external_task_marker_parent', 'example_external_task_marker_child']) retrieved from /home/airflow/.local/lib/python3.7/site-packages/airflow/example_dags/example_external_task_marker_dag.py
[2023-07-10T15:37:18.460+0000] {logging_mixin.py:149} INFO - [2023-07-10T15:37:18.460+0000] {dag.py:2726} INFO - Sync 2 DAGs
[2023-07-10T15:37:18.478+0000] {logging_mixin.py:149} INFO - [2023-07-10T15:37:18.478+0000] {dag.py:3490} INFO - Setting next_dagrun for example_external_task_marker_child to None, run_after=None
[2023-07-10T15:37:18.480+0000] {logging_mixin.py:149} INFO - [2023-07-10T15:37:18.480+0000] {dag.py:3490} INFO - Setting next_dagrun for example_external_task_marker_parent to None, run_after=None
[2023-07-10T15:37:18.490+0000] {processor.py:179} INFO - Processing /home/airflow/.local/lib/python3.7/site-packages/airflow/example_dags/example_external_task_marker_dag.py took 0.086 seconds
[2023-07-10T15:37:48.832+0000] {processor.py:157} INFO - Started process (PID=154) to work on /home/airflow/.local/lib/python3.7/site-packages/airflow/example_dags/example_external_task_marker_dag.py
[2023-07-10T15:37:48.833+0000] {processor.py:826} INFO - Processing file /home/airflow/.local/lib/python3.7/site-packages/airflow/example_dags/example_external_task_marker_dag.py for tasks to queue
[2023-07-10T15:37:48.834+0000] {logging_mixin.py:149} INFO - [2023-07-10T15:37:48.834+0000] {dagbag.py:541} INFO - Filling up the DagBag from /home/airflow/.local/lib/python3.7/site-packages/airflow/example_dags/example_external_task_marker_dag.py
[2023-07-10T15:37:48.841+0000] {processor.py:836} INFO - DAG(s) dict_keys(['example_external_task_marker_parent', 'example_external_task_marker_child']) retrieved from /home/airflow/.local/lib/python3.7/site-packages/airflow/example_dags/example_external_task_marker_dag.py
[2023-07-10T15:37:48.889+0000] {logging_mixin.py:149} INFO - [2023-07-10T15:37:48.889+0000] {dag.py:2726} INFO - Sync 2 DAGs
[2023-07-10T15:37:48.907+0000] {logging_mixin.py:149} INFO - [2023-07-10T15:37:48.907+0000] {dag.py:3490} INFO - Setting next_dagrun for example_external_task_marker_child to None, run_after=None
[2023-07-10T15:37:48.910+0000] {logging_mixin.py:149} INFO - [2023-07-10T15:37:48.910+0000] {dag.py:3490} INFO - Setting next_dagrun for example_external_task_marker_parent to None, run_after=None
[2023-07-10T15:37:48.920+0000] {processor.py:179} INFO - Processing /home/airflow/.local/lib/python3.7/site-packages/airflow/example_dags/example_external_task_marker_dag.py took 0.092 seconds
