[2023-07-10T15:36:48.241+0000] {processor.py:157} INFO - Started process (PID=35) to work on /home/airflow/.local/lib/python3.7/site-packages/airflow/example_dags/example_xcomargs.py
[2023-07-10T15:36:48.243+0000] {processor.py:826} INFO - Processing file /home/airflow/.local/lib/python3.7/site-packages/airflow/example_dags/example_xcomargs.py for tasks to queue
[2023-07-10T15:36:48.245+0000] {logging_mixin.py:149} INFO - [2023-07-10T15:36:48.245+0000] {dagbag.py:541} INFO - Filling up the DagBag from /home/airflow/.local/lib/python3.7/site-packages/airflow/example_dags/example_xcomargs.py
[2023-07-10T15:36:48.257+0000] {processor.py:836} INFO - DAG(s) dict_keys(['example_xcom_args_with_operators', 'example_xcom_args']) retrieved from /home/airflow/.local/lib/python3.7/site-packages/airflow/example_dags/example_xcomargs.py
[2023-07-10T15:36:48.307+0000] {logging_mixin.py:149} INFO - [2023-07-10T15:36:48.307+0000] {dag.py:2726} INFO - Sync 2 DAGs
[2023-07-10T15:36:48.461+0000] {logging_mixin.py:149} INFO - [2023-07-10T15:36:48.461+0000] {dag.py:3490} INFO - Setting next_dagrun for example_xcom_args to None, run_after=None
[2023-07-10T15:36:48.468+0000] {logging_mixin.py:149} INFO - [2023-07-10T15:36:48.468+0000] {dag.py:3490} INFO - Setting next_dagrun for example_xcom_args_with_operators to None, run_after=None
[2023-07-10T15:36:48.506+0000] {processor.py:179} INFO - Processing /home/airflow/.local/lib/python3.7/site-packages/airflow/example_dags/example_xcomargs.py took 0.268 seconds
[2023-07-10T15:37:18.595+0000] {processor.py:157} INFO - Started process (PID=96) to work on /home/airflow/.local/lib/python3.7/site-packages/airflow/example_dags/example_xcomargs.py
[2023-07-10T15:37:18.596+0000] {processor.py:826} INFO - Processing file /home/airflow/.local/lib/python3.7/site-packages/airflow/example_dags/example_xcomargs.py for tasks to queue
[2023-07-10T15:37:18.597+0000] {logging_mixin.py:149} INFO - [2023-07-10T15:37:18.597+0000] {dagbag.py:541} INFO - Filling up the DagBag from /home/airflow/.local/lib/python3.7/site-packages/airflow/example_dags/example_xcomargs.py
[2023-07-10T15:37:18.602+0000] {processor.py:836} INFO - DAG(s) dict_keys(['example_xcom_args_with_operators', 'example_xcom_args']) retrieved from /home/airflow/.local/lib/python3.7/site-packages/airflow/example_dags/example_xcomargs.py
[2023-07-10T15:37:18.625+0000] {logging_mixin.py:149} INFO - [2023-07-10T15:37:18.625+0000] {dag.py:2726} INFO - Sync 2 DAGs
[2023-07-10T15:37:18.640+0000] {logging_mixin.py:149} INFO - [2023-07-10T15:37:18.640+0000] {dag.py:3490} INFO - Setting next_dagrun for example_xcom_args to None, run_after=None
[2023-07-10T15:37:18.643+0000] {logging_mixin.py:149} INFO - [2023-07-10T15:37:18.643+0000] {dag.py:3490} INFO - Setting next_dagrun for example_xcom_args_with_operators to None, run_after=None
[2023-07-10T15:37:18.654+0000] {processor.py:179} INFO - Processing /home/airflow/.local/lib/python3.7/site-packages/airflow/example_dags/example_xcomargs.py took 0.062 seconds
[2023-07-10T15:37:49.023+0000] {processor.py:157} INFO - Started process (PID=157) to work on /home/airflow/.local/lib/python3.7/site-packages/airflow/example_dags/example_xcomargs.py
[2023-07-10T15:37:49.024+0000] {processor.py:826} INFO - Processing file /home/airflow/.local/lib/python3.7/site-packages/airflow/example_dags/example_xcomargs.py for tasks to queue
[2023-07-10T15:37:49.025+0000] {logging_mixin.py:149} INFO - [2023-07-10T15:37:49.025+0000] {dagbag.py:541} INFO - Filling up the DagBag from /home/airflow/.local/lib/python3.7/site-packages/airflow/example_dags/example_xcomargs.py
[2023-07-10T15:37:49.031+0000] {processor.py:836} INFO - DAG(s) dict_keys(['example_xcom_args_with_operators', 'example_xcom_args']) retrieved from /home/airflow/.local/lib/python3.7/site-packages/airflow/example_dags/example_xcomargs.py
[2023-07-10T15:37:49.052+0000] {logging_mixin.py:149} INFO - [2023-07-10T15:37:49.052+0000] {dag.py:2726} INFO - Sync 2 DAGs
[2023-07-10T15:37:49.075+0000] {logging_mixin.py:149} INFO - [2023-07-10T15:37:49.075+0000] {dag.py:3490} INFO - Setting next_dagrun for example_xcom_args to None, run_after=None
[2023-07-10T15:37:49.078+0000] {logging_mixin.py:149} INFO - [2023-07-10T15:37:49.078+0000] {dag.py:3490} INFO - Setting next_dagrun for example_xcom_args_with_operators to None, run_after=None
[2023-07-10T15:37:49.088+0000] {processor.py:179} INFO - Processing /home/airflow/.local/lib/python3.7/site-packages/airflow/example_dags/example_xcomargs.py took 0.069 seconds
