[2023-07-10T15:36:53.382+0000] {processor.py:157} INFO - Started process (PID=63) to work on /home/airflow/.local/lib/python3.7/site-packages/airflow/example_dags/example_branch_operator.py
[2023-07-10T15:36:53.384+0000] {processor.py:826} INFO - Processing file /home/airflow/.local/lib/python3.7/site-packages/airflow/example_dags/example_branch_operator.py for tasks to queue
[2023-07-10T15:36:53.385+0000] {logging_mixin.py:149} INFO - [2023-07-10T15:36:53.384+0000] {dagbag.py:541} INFO - Filling up the DagBag from /home/airflow/.local/lib/python3.7/site-packages/airflow/example_dags/example_branch_operator.py
[2023-07-10T15:36:53.394+0000] {processor.py:836} INFO - DAG(s) dict_keys(['example_branch_operator']) retrieved from /home/airflow/.local/lib/python3.7/site-packages/airflow/example_dags/example_branch_operator.py
[2023-07-10T15:36:53.518+0000] {logging_mixin.py:149} INFO - [2023-07-10T15:36:53.518+0000] {dag.py:2726} INFO - Sync 1 DAGs
[2023-07-10T15:36:53.539+0000] {logging_mixin.py:149} INFO - [2023-07-10T15:36:53.539+0000] {dag.py:3490} INFO - Setting next_dagrun for example_branch_operator to 2023-07-09T00:00:00+00:00, run_after=2023-07-10T00:00:00+00:00
[2023-07-10T15:36:53.553+0000] {processor.py:179} INFO - Processing /home/airflow/.local/lib/python3.7/site-packages/airflow/example_dags/example_branch_operator.py took 0.174 seconds
[2023-07-10T15:37:23.873+0000] {processor.py:157} INFO - Started process (PID=124) to work on /home/airflow/.local/lib/python3.7/site-packages/airflow/example_dags/example_branch_operator.py
[2023-07-10T15:37:23.874+0000] {processor.py:826} INFO - Processing file /home/airflow/.local/lib/python3.7/site-packages/airflow/example_dags/example_branch_operator.py for tasks to queue
[2023-07-10T15:37:23.875+0000] {logging_mixin.py:149} INFO - [2023-07-10T15:37:23.875+0000] {dagbag.py:541} INFO - Filling up the DagBag from /home/airflow/.local/lib/python3.7/site-packages/airflow/example_dags/example_branch_operator.py
[2023-07-10T15:37:23.882+0000] {processor.py:836} INFO - DAG(s) dict_keys(['example_branch_operator']) retrieved from /home/airflow/.local/lib/python3.7/site-packages/airflow/example_dags/example_branch_operator.py
[2023-07-10T15:37:23.907+0000] {logging_mixin.py:149} INFO - [2023-07-10T15:37:23.907+0000] {dag.py:2726} INFO - Sync 1 DAGs
[2023-07-10T15:37:23.923+0000] {logging_mixin.py:149} INFO - [2023-07-10T15:37:23.923+0000] {dag.py:3490} INFO - Setting next_dagrun for example_branch_operator to 2023-07-09T00:00:00+00:00, run_after=2023-07-10T00:00:00+00:00
[2023-07-10T15:37:23.934+0000] {processor.py:179} INFO - Processing /home/airflow/.local/lib/python3.7/site-packages/airflow/example_dags/example_branch_operator.py took 0.064 seconds
[2023-07-10T15:37:54.421+0000] {processor.py:157} INFO - Started process (PID=185) to work on /home/airflow/.local/lib/python3.7/site-packages/airflow/example_dags/example_branch_operator.py
[2023-07-10T15:37:54.422+0000] {processor.py:826} INFO - Processing file /home/airflow/.local/lib/python3.7/site-packages/airflow/example_dags/example_branch_operator.py for tasks to queue
[2023-07-10T15:37:54.423+0000] {logging_mixin.py:149} INFO - [2023-07-10T15:37:54.422+0000] {dagbag.py:541} INFO - Filling up the DagBag from /home/airflow/.local/lib/python3.7/site-packages/airflow/example_dags/example_branch_operator.py
[2023-07-10T15:37:54.429+0000] {processor.py:836} INFO - DAG(s) dict_keys(['example_branch_operator']) retrieved from /home/airflow/.local/lib/python3.7/site-packages/airflow/example_dags/example_branch_operator.py
[2023-07-10T15:37:54.447+0000] {logging_mixin.py:149} INFO - [2023-07-10T15:37:54.447+0000] {dag.py:2726} INFO - Sync 1 DAGs
[2023-07-10T15:37:54.462+0000] {logging_mixin.py:149} INFO - [2023-07-10T15:37:54.462+0000] {dag.py:3490} INFO - Setting next_dagrun for example_branch_operator to 2023-07-09T00:00:00+00:00, run_after=2023-07-10T00:00:00+00:00
[2023-07-10T15:37:54.472+0000] {processor.py:179} INFO - Processing /home/airflow/.local/lib/python3.7/site-packages/airflow/example_dags/example_branch_operator.py took 0.054 seconds
