[2023-07-10T15:36:52.673+0000] {processor.py:157} INFO - Started process (PID=58) to work on /home/airflow/.local/lib/python3.7/site-packages/airflow/example_dags/example_latest_only.py
[2023-07-10T15:36:52.675+0000] {processor.py:826} INFO - Processing file /home/airflow/.local/lib/python3.7/site-packages/airflow/example_dags/example_latest_only.py for tasks to queue
[2023-07-10T15:36:52.675+0000] {logging_mixin.py:149} INFO - [2023-07-10T15:36:52.675+0000] {dagbag.py:541} INFO - Filling up the DagBag from /home/airflow/.local/lib/python3.7/site-packages/airflow/example_dags/example_latest_only.py
[2023-07-10T15:36:52.683+0000] {processor.py:836} INFO - DAG(s) dict_keys(['latest_only']) retrieved from /home/airflow/.local/lib/python3.7/site-packages/airflow/example_dags/example_latest_only.py
[2023-07-10T15:36:52.723+0000] {logging_mixin.py:149} INFO - [2023-07-10T15:36:52.722+0000] {dag.py:2726} INFO - Sync 1 DAGs
[2023-07-10T15:36:52.850+0000] {logging_mixin.py:149} INFO - [2023-07-10T15:36:52.850+0000] {dag.py:3490} INFO - Setting next_dagrun for latest_only to 2023-07-10T11:36:52.850142+00:00, run_after=2023-07-10T15:36:52.850142+00:00
[2023-07-10T15:36:52.869+0000] {processor.py:179} INFO - Processing /home/airflow/.local/lib/python3.7/site-packages/airflow/example_dags/example_latest_only.py took 0.199 seconds
[2023-07-10T15:37:23.666+0000] {processor.py:157} INFO - Started process (PID=119) to work on /home/airflow/.local/lib/python3.7/site-packages/airflow/example_dags/example_latest_only.py
[2023-07-10T15:37:23.667+0000] {processor.py:826} INFO - Processing file /home/airflow/.local/lib/python3.7/site-packages/airflow/example_dags/example_latest_only.py for tasks to queue
[2023-07-10T15:37:23.668+0000] {logging_mixin.py:149} INFO - [2023-07-10T15:37:23.668+0000] {dagbag.py:541} INFO - Filling up the DagBag from /home/airflow/.local/lib/python3.7/site-packages/airflow/example_dags/example_latest_only.py
[2023-07-10T15:37:23.672+0000] {processor.py:836} INFO - DAG(s) dict_keys(['latest_only']) retrieved from /home/airflow/.local/lib/python3.7/site-packages/airflow/example_dags/example_latest_only.py
[2023-07-10T15:37:23.690+0000] {logging_mixin.py:149} INFO - [2023-07-10T15:37:23.690+0000] {dag.py:2726} INFO - Sync 1 DAGs
[2023-07-10T15:37:23.705+0000] {logging_mixin.py:149} INFO - [2023-07-10T15:37:23.705+0000] {dag.py:3490} INFO - Setting next_dagrun for latest_only to 2023-07-10T11:37:23.705355+00:00, run_after=2023-07-10T15:37:23.705355+00:00
[2023-07-10T15:37:23.716+0000] {processor.py:179} INFO - Processing /home/airflow/.local/lib/python3.7/site-packages/airflow/example_dags/example_latest_only.py took 0.053 seconds
[2023-07-10T15:37:54.116+0000] {processor.py:157} INFO - Started process (PID=180) to work on /home/airflow/.local/lib/python3.7/site-packages/airflow/example_dags/example_latest_only.py
[2023-07-10T15:37:54.120+0000] {processor.py:826} INFO - Processing file /home/airflow/.local/lib/python3.7/site-packages/airflow/example_dags/example_latest_only.py for tasks to queue
[2023-07-10T15:37:54.123+0000] {logging_mixin.py:149} INFO - [2023-07-10T15:37:54.123+0000] {dagbag.py:541} INFO - Filling up the DagBag from /home/airflow/.local/lib/python3.7/site-packages/airflow/example_dags/example_latest_only.py
[2023-07-10T15:37:54.128+0000] {processor.py:836} INFO - DAG(s) dict_keys(['latest_only']) retrieved from /home/airflow/.local/lib/python3.7/site-packages/airflow/example_dags/example_latest_only.py
[2023-07-10T15:37:54.147+0000] {logging_mixin.py:149} INFO - [2023-07-10T15:37:54.147+0000] {dag.py:2726} INFO - Sync 1 DAGs
[2023-07-10T15:37:54.165+0000] {logging_mixin.py:149} INFO - [2023-07-10T15:37:54.164+0000] {dag.py:3490} INFO - Setting next_dagrun for latest_only to 2023-07-10T11:37:54.164772+00:00, run_after=2023-07-10T15:37:54.164772+00:00
[2023-07-10T15:37:54.176+0000] {processor.py:179} INFO - Processing /home/airflow/.local/lib/python3.7/site-packages/airflow/example_dags/example_latest_only.py took 0.062 seconds
