[2023-07-10T15:36:51.591+0000] {processor.py:157} INFO - Started process (PID=50) to work on /home/airflow/.local/lib/python3.7/site-packages/airflow/example_dags/tutorial_dag.py
[2023-07-10T15:36:51.593+0000] {processor.py:826} INFO - Processing file /home/airflow/.local/lib/python3.7/site-packages/airflow/example_dags/tutorial_dag.py for tasks to queue
[2023-07-10T15:36:51.595+0000] {logging_mixin.py:149} INFO - [2023-07-10T15:36:51.595+0000] {dagbag.py:541} INFO - Filling up the DagBag from /home/airflow/.local/lib/python3.7/site-packages/airflow/example_dags/tutorial_dag.py
[2023-07-10T15:36:51.623+0000] {processor.py:836} INFO - DAG(s) dict_keys(['tutorial_dag']) retrieved from /home/airflow/.local/lib/python3.7/site-packages/airflow/example_dags/tutorial_dag.py
[2023-07-10T15:36:51.705+0000] {logging_mixin.py:149} INFO - [2023-07-10T15:36:51.705+0000] {dag.py:2726} INFO - Sync 1 DAGs
[2023-07-10T15:36:51.854+0000] {logging_mixin.py:149} INFO - [2023-07-10T15:36:51.853+0000] {dag.py:3490} INFO - Setting next_dagrun for tutorial_dag to None, run_after=None
[2023-07-10T15:36:51.879+0000] {processor.py:179} INFO - Processing /home/airflow/.local/lib/python3.7/site-packages/airflow/example_dags/tutorial_dag.py took 0.293 seconds
[2023-07-10T15:37:22.356+0000] {processor.py:157} INFO - Started process (PID=111) to work on /home/airflow/.local/lib/python3.7/site-packages/airflow/example_dags/tutorial_dag.py
[2023-07-10T15:37:22.357+0000] {processor.py:826} INFO - Processing file /home/airflow/.local/lib/python3.7/site-packages/airflow/example_dags/tutorial_dag.py for tasks to queue
[2023-07-10T15:37:22.358+0000] {logging_mixin.py:149} INFO - [2023-07-10T15:37:22.358+0000] {dagbag.py:541} INFO - Filling up the DagBag from /home/airflow/.local/lib/python3.7/site-packages/airflow/example_dags/tutorial_dag.py
[2023-07-10T15:37:22.362+0000] {processor.py:836} INFO - DAG(s) dict_keys(['tutorial_dag']) retrieved from /home/airflow/.local/lib/python3.7/site-packages/airflow/example_dags/tutorial_dag.py
[2023-07-10T15:37:22.382+0000] {logging_mixin.py:149} INFO - [2023-07-10T15:37:22.381+0000] {dag.py:2726} INFO - Sync 1 DAGs
[2023-07-10T15:37:22.397+0000] {logging_mixin.py:149} INFO - [2023-07-10T15:37:22.397+0000] {dag.py:3490} INFO - Setting next_dagrun for tutorial_dag to None, run_after=None
[2023-07-10T15:37:22.409+0000] {processor.py:179} INFO - Processing /home/airflow/.local/lib/python3.7/site-packages/airflow/example_dags/tutorial_dag.py took 0.056 seconds
[2023-07-10T15:37:52.801+0000] {processor.py:157} INFO - Started process (PID=172) to work on /home/airflow/.local/lib/python3.7/site-packages/airflow/example_dags/tutorial_dag.py
[2023-07-10T15:37:52.802+0000] {processor.py:826} INFO - Processing file /home/airflow/.local/lib/python3.7/site-packages/airflow/example_dags/tutorial_dag.py for tasks to queue
[2023-07-10T15:37:52.803+0000] {logging_mixin.py:149} INFO - [2023-07-10T15:37:52.803+0000] {dagbag.py:541} INFO - Filling up the DagBag from /home/airflow/.local/lib/python3.7/site-packages/airflow/example_dags/tutorial_dag.py
[2023-07-10T15:37:52.807+0000] {processor.py:836} INFO - DAG(s) dict_keys(['tutorial_dag']) retrieved from /home/airflow/.local/lib/python3.7/site-packages/airflow/example_dags/tutorial_dag.py
[2023-07-10T15:37:52.826+0000] {logging_mixin.py:149} INFO - [2023-07-10T15:37:52.826+0000] {dag.py:2726} INFO - Sync 1 DAGs
[2023-07-10T15:37:52.842+0000] {logging_mixin.py:149} INFO - [2023-07-10T15:37:52.842+0000] {dag.py:3490} INFO - Setting next_dagrun for tutorial_dag to None, run_after=None
[2023-07-10T15:37:52.854+0000] {processor.py:179} INFO - Processing /home/airflow/.local/lib/python3.7/site-packages/airflow/example_dags/tutorial_dag.py took 0.056 seconds
